x	rho	u	v	p	e	uMax
-0.4995	1.01027	-0.0113016	-0.0999649	0.724632	1.79316	0.100602
-0.4985	1.01692	-0.0155823	-0.0998959	0.731329	1.7979	0.101104
-0.4975	1.01967	-0.0160818	-0.0998358	0.734103	1.79985	0.101123
-0.4965	1.02124	-0.0162237	-0.099795	0.735674	1.80094	0.101105
-0.4955	1.02216	-0.0163107	-0.0997716	0.736604	1.80158	0.101096
-0.4945	1.02271	-0.0163647	-0.0997588	0.737154	1.80195	0.101092
-0.4935	1.02304	-0.0163996	-0.0997505	0.737482	1.80217	0.10109
-0.4925	1.02325	-0.0164237	-0.0997436	0.737679	1.8023	0.101087
-0.4915	1.02337	-0.0164418	-0.0997376	0.737799	1.80238	0.101084
-0.4905	1.02345	-0.0164562	-0.0997342	0.737873	1.80242	0.101083
-0.4895	1.0235	-0.0164683	-0.0997338	0.737919	1.80245	0.101084
-0.4885	1.02353	-0.0164792	-0.0997352	0.73795	1.80246	0.101087
-0.4875	1.02355	-0.0164895	-0.0997373	0.737971	1.80247	0.101091
-0.4865	1.02357	-0.0164992	-0.0997395	0.737986	1.80248	0.101095
-0.4855	1.02358	-0.0165087	-0.0997416	0.737998	1.80248	0.101099
-0.4845	1.0236	-0.0165179	-0.0997437	0.738007	1.80249	0.101102
-0.4835	1.02361	-0.0165271	-0.0997456	0.738016	1.80249	0.101106
-0.4825	1.02361	-0.0165361	-0.0997474	0.738024	1.80249	0.101109
-0.4815	1.02362	-0.0165451	-0.0997491	0.738031	1.8025	0.101112
-0.4805	1.02363	-0.0165541	-0.0997506	0.738038	1.8025	0.101115
-0.4795	1.02364	-0.0165631	-0.0997519	0.738045	1.80251	0.101118
-0.4785	1.02364	-0.016572	-0.0997531	0.738052	1.80251	0.10112
-0.4775	1.02365	-0.016581	-0.0997542	0.738058	1.80251	0.101123
-0.4765	1.02366	-0.0165899	-0.0997551	0.738065	1.80252	0.101125
-0.4755	1.02367	-0.0165988	-0.0997558	0.738071	1.80252	0.101127
-0.4745	1.02367	-0.0166076	-0.0997565	0.738078	1.80253	0.101129
-0.4735	1.02368	-0.0166165	-0.099757	0.738084	1.80253	0.101131
-0.4725	1.02368	-0.0166253	-0.0997574	0.73809	1.80253	0.101133
-0.4715	1.02369	-0.0166342	-0.0997577	0.738096	1.80254	0.101135
-0.4705	1.0237	-0.016643	-0.0997578	0.738102	1.80254	0.101137
-0.4695	1.0237	-0.0166518	-0.0997579	0.738108	1.80254	0.101138
-0.4685	1.02371	-0.0166605	-0.0997578	0.738114	1.80255	0.101139
-0.4675	1.02371	-0.0166693	-0.0997576	0.73812	1.80255	0.101141
-0.4665	1.02372	-0.016678	-0.0997573	0.738125	1.80256	0.101142
-0.4655	1.02373	-0.0166868	-0.099757	0.738131	1.80256	0.101143
-0.4645	1.02373	-0.0166955	-0.0997565	0.738137	1.80256	0.101144
-0.4635	1.02374	-0.0167042	-0.0997559	0.738142	1.80257	0.101145
-0.4625	1.02374	-0.0167129	-0.0997552	0.738148	1.80257	0.101146
-0.4615	1.02375	-0.0167215	-0.0997544	0.738154	1.80258	0.101146
-0.4605	1.02375	-0.0167302	-0.0997535	0.738159	1.80258	0.101147
-0.4595	1.02376	-0.0167388	-0.0997526	0.738164	1.80258	0.101147
-0.4585	1.02376	-0.0167474	-0.0997515	0.73817	1.80259	0.101148
-0.4575	1.02377	-0.0167561	-0.0997503	0.738175	1.80259	0.101148
-0.4565	1.02378	-0.0167647	-0.099749	0.738181	1.80259	0.101148
-0.4555	1.02378	-0.0167732	-0.0997476	0.738186	1.8026	0.101148
-0.4545	1.02379	-0.0167818	-0.0997461	0.738191	1.8026	0.101148
-0.4535	1.02379	-0.0167904	-0.0997445	0.738196	1.8026	0.101148
-0.4525	1.0238	-0.0167989	-0.0997428	0.738202	1.80261	0.101148
-0.4515	1.0238	-0.0168074	-0.099741	0.738207	1.80261	0.101147
-0.4505	1.02381	-0.0168159	-0.099739	0.738212	1.80262	0.101147
-0.4495	1.02381	-0.0168244	-0.099737	0.738217	1.80262	0.101146
-0.4485	1.02382	-0.0168329	-0.0997348	0.738222	1.80262	0.101145
-0.4475	1.02382	-0.0168414	-0.0997326	0.738227	1.80263	0.101145
-0.4465	1.02383	-0.0168498	-0.0997302	0.738232	1.80263	0.101144
-0.4455	1.02383	-0.0168583	-0.0997277	0.738237	1.80263	0.101143
-0.4445	1.02384	-0.0168667	-0.099725	0.738242	1.80264	0.101141
-0.4435	1.02384	-0.0168751	-0.0997223	0.738247	1.80264	0.10114
-0.4425	1.02385	-0.0168835	-0.0997194	0.738252	1.80264	0.101139
-0.4415	1.02385	-0.0168919	-0.0997164	0.738256	1.80265	0.101137
-0.4405	1.02386	-0.0169003	-0.0997133	0.738261	1.80265	0.101135
-0.4395	1.02386	-0.0169087	-0.09971	0.738266	1.80265	0.101133
-0.4385	1.02387	-0.016917	-0.0997066	0.738271	1.80266	0.101132
-0.4375	1.02387	-0.0169254	-0.099703	0.738276	1.80266	0.101129
-0.4365	1.02387	-0.0169337	-0.0996993	0.73828	1.80266	0.101127
-0.4355	1.02388	-0.016942	-0.0996955	0.738285	1.80267	0.101125
-0.4345	1.02388	-0.0169503	-0.0996915	0.73829	1.80267	0.101122
-0.4335	1.02389	-0.0169586	-0.0996874	0.738294	1.80267	0.10112
-0.4325	1.02389	-0.0169669	-0.0996831	0.738299	1.80267	0.101117
-0.4315	1.0239	-0.0169752	-0.0996787	0.738303	1.80268	0.101114
-0.4305	1.0239	-0.0169834	-0.0996741	0.738308	1.80268	0.101111
-0.4295	1.02391	-0.0169917	-0.0996694	0.738312	1.80268	0.101107
-0.4285	1.02391	-0.0169999	-0.0996645	0.738317	1.80269	0.101104
-0.4275	1.02392	-0.0170082	-0.0996594	0.738321	1.80269	0.1011
-0.4265	1.02392	-0.0170164	-0.0996542	0.738326	1.80269	0.101097
-0.4255	1.02392	-0.0170246	-0.0996488	0.73833	1.8027	0.101093
-0.4245	1.02393	-0.0170328	-0.0996432	0.738334	1.8027	0.101088
-0.4235	1.02393	-0.017041	-0.0996374	0.738339	1.8027	0.101084
-0.4225	1.02394	-0.0170492	-0.0996315	0.738343	1.80271	0.10108
-0.4215	1.02394	-0.0170573	-0.0996254	0.738347	1.80271	0.101075
-0.4205	1.02395	-0.0170655	-0.0996191	0.738351	1.80271	0.10107
-0.4195	1.02395	-0.0170737	-0.0996126	0.738356	1.80271	0.101065
-0.4185	1.02395	-0.0170818	-0.0996059	0.73836	1.80272	0.10106
-0.4175	1.02396	-0.0170899	-0.0995991	0.738364	1.80272	0.101055
-0.4165	1.02396	-0.0170981	-0.099592	0.738368	1.80272	0.101049
-0.4155	1.02397	-0.0171062	-0.0995847	0.738372	1.80273	0.101043
-0.4145	1.02397	-0.0171143	-0.0995773	0.738376	1.80273	0.101037
-0.4135	1.02397	-0.0171224	-0.0995696	0.73838	1.80273	0.101031
-0.4125	1.02398	-0.0171305	-0.0995617	0.738384	1.80273	0.101025
-0.4115	1.02398	-0.0171386	-0.0995536	0.738388	1.80274	0.101018
-0.4105	1.02399	-0.0171466	-0.0995453	0.738392	1.80274	0.101011
-0.4095	1.02399	-0.0171547	-0.0995367	0.738396	1.80274	0.101004
-0.4085	1.02399	-0.0171628	-0.0995279	0.7384	1.80274	0.100997
-0.4075	1.024	-0.0171708	-0.0995189	0.738404	1.80275	0.100989
-0.4065	1.024	-0.0171788	-0.0995097	0.738407	1.80275	0.100982
-0.4055	1.02401	-0.0171869	-0.0995002	0.738411	1.80275	0.100974
-0.4045	1.02401	-0.0171949	-0.0994905	0.738415	1.80276	0.100965
-0.4035	1.02401	-0.0172029	-0.0994805	0.738419	1.80276	0.100957
-0.4025	1.02402	-0.0172109	-0.0994703	0.738423	1.80276	0.100948
-0.4015	1.02402	-0.0172189	-0.0994599	0.738426	1.80276	0.100939
-0.4005	1.02402	-0.0172269	-0.0994491	0.73843	1.80277	0.10093
-0.3995	1.02403	-0.0172349	-0.0994382	0.738434	1.80277	0.100921
-0.3985	1.02403	-0.0172429	-0.0994269	0.738437	1.80277	0.100911
-0.3975	1.02403	-0.0172509	-0.0994154	0.738441	1.80277	0.100901
-0.3965	1.02404	-0.0172589	-0.0994036	0.738444	1.80278	0.100891
-0.3955	1.02404	-0.0172668	-0.0993915	0.738448	1.80278	0.10088
-0.3945	1.02404	-0.0172748	-0.0993792	0.738451	1.80278	0.100869
-0.3935	1.02405	-0.0172828	-0.0993665	0.738455	1.80278	0.100858
-0.3925	1.02405	-0.0172907	-0.0993536	0.738458	1.80279	0.100847
-0.3915	1.02405	-0.0172987	-0.0993404	0.738462	1.80279	0.100835
-0.3905	1.02406	-0.0173066	-0.0993268	0.738465	1.80279	0.100823
-0.3895	1.02406	-0.0173145	-0.099313	0.738468	1.80279	0.100811
-0.3885	1.02406	-0.0173225	-0.0992988	0.738472	1.8028	0.100798
-0.3875	1.02407	-0.0173304	-0.0992843	0.738475	1.8028	0.100786
-0.3865	1.02407	-0.0173383	-0.0992696	0.738478	1.8028	0.100772
-0.3855	1.02407	-0.0173462	-0.0992544	0.738481	1.8028	0.100759
-0.3845	1.02408	-0.0173541	-0.099239	0.738485	1.80281	0.100745
-0.3835	1.02408	-0.017362	-0.0992232	0.738488	1.80281	0.100731
-0.3825	1.02408	-0.0173699	-0.0992071	0.738491	1.80281	0.100716
-0.3815	1.02409	-0.0173778	-0.0991906	0.738494	1.80281	0.100701
-0.3805	1.02409	-0.0173857	-0.0991737	0.738497	1.80282	0.100686
-0.3795	1.02409	-0.0173936	-0.0991565	0.7385	1.80282	0.100671
-0.3785	1.02409	-0.0174015	-0.099139	0.738503	1.80282	0.100655
-0.3775	1.0241	-0.0174093	-0.0991211	0.738507	1.80282	0.100638
-0.3765	1.0241	-0.0174172	-0.0991028	0.73851	1.80283	0.100622
-0.3755	1.0241	-0.0174251	-0.0990841	0.738512	1.80283	0.100605
-0.3745	1.02411	-0.0174329	-0.099065	0.738515	1.80283	0.100587
-0.3735	1.02411	-0.0174408	-0.0990455	0.738518	1.80283	0.100569
-0.3725	1.02411	-0.0174486	-0.0990257	0.738521	1.80284	0.100551
-0.3715	1.02411	-0.0174565	-0.0990054	0.738524	1.80284	0.100533
-0.3705	1.02412	-0.0174643	-0.0989847	0.738527	1.80284	0.100514
-0.3695	1.02412	-0.0174722	-0.0989636	0.73853	1.80284	0.100494
-0.3685	1.02412	-0.01748	-0.0989421	0.738533	1.80285	0.100474
-0.3675	1.02412	-0.0174879	-0.0989201	0.738535	1.80285	0.100454
-0.3665	1.02413	-0.0174957	-0.0988977	0.738538	1.80285	0.100433
-0.3655	1.02413	-0.0175035	-0.0988749	0.738541	1.80285	0.100412
-0.3645	1.02413	-0.0175113	-0.0988516	0.738543	1.80286	0.100391
-0.3635	1.02413	-0.0175192	-0.0988279	0.738546	1.80286	0.100369
-0.3625	1.02413	-0.017527	-0.0988037	0.738549	1.80286	0.100346
-0.3615	1.02414	-0.0175348	-0.098779	0.738551	1.80286	0.100323
-0.3605	1.02414	-0.0175426	-0.0987539	0.738554	1.80287	0.1003
-0.3595	1.02414	-0.0175504	-0.0987283	0.738557	1.80287	0.100276
-0.3585	1.02414	-0.0175582	-0.0987021	0.738559	1.80287	0.100252
-0.3575	1.02414	-0.017566	-0.0986755	0.738562	1.80287	0.100227
-0.3565	1.02415	-0.0175738	-0.0986484	0.738564	1.80288	0.100202
-0.3555	1.02415	-0.0175816	-0.0986208	0.738567	1.80288	0.100176
-0.3545	1.02415	-0.0175894	-0.0985926	0.738569	1.80288	0.100149
-0.3535	1.02415	-0.0175972	-0.0985639	0.738571	1.80288	0.100122
-0.3525	1.02415	-0.017605	-0.0985347	0.738574	1.80289	0.100095
-0.3515	1.02416	-0.0176128	-0.098505	0.738576	1.80289	0.100067
-0.3505	1.02416	-0.0176206	-0.0984747	0.738578	1.80289	0.100039
-0.3495	1.02416	-0.0176284	-0.0984438	0.738581	1.80289	0.10001
-0.3485	1.02416	-0.0176362	-0.0984124	0.738583	1.8029	0.0999802
-0.3475	1.02416	-0.0176439	-0.0983804	0.738585	1.8029	0.09995
-0.3465	1.02416	-0.0176517	-0.0983478	0.738587	1.8029	0.0999194
-0.3455	1.02416	-0.0176595	-0.0983147	0.738589	1.80291	0.0998881
-0.3445	1.02417	-0.0176673	-0.0982809	0.738592	1.80291	0.0998562
-0.3435	1.02417	-0.017675	-0.0982466	0.738594	1.80292	0.0998238
-0.3425	1.02417	-0.0176828	-0.0982116	0.738596	1.80292	0.0997908
-0.3415	1.02417	-0.0176905	-0.098176	0.738598	1.80292	0.0997571
-0.3405	1.02417	-0.0176983	-0.0981398	0.7386	1.80293	0.0997228
-0.3395	1.02417	-0.017706	-0.0981029	0.738602	1.80293	0.099688
-0.3385	1.02417	-0.0177138	-0.0980654	0.738604	1.80293	0.0996524
-0.3375	1.02417	-0.0177215	-0.0980273	0.738606	1.80294	0.0996163
-0.3365	1.02417	-0.0177293	-0.0979885	0.738608	1.80294	0.0995795
-0.3355	1.02417	-0.017737	-0.097949	0.73861	1.80295	0.099542
-0.3345	1.02417	-0.0177447	-0.0979088	0.738612	1.80295	0.0995038
-0.3335	1.02417	-0.0177524	-0.097868	0.738614	1.80296	0.099465
-0.3325	1.02417	-0.0177602	-0.0978264	0.738616	1.80296	0.0994255
-0.3315	1.02417	-0.0177679	-0.0977842	0.738618	1.80297	0.0993853
-0.3305	1.02417	-0.0177756	-0.0977412	0.73862	1.80297	0.0993444
-0.3295	1.02417	-0.0177833	-0.0976975	0.738621	1.80297	0.0993028
-0.3285	1.02417	-0.017791	-0.0976531	0.738623	1.80298	0.0992605
-0.3275	1.02417	-0.0177987	-0.0976079	0.738625	1.80298	0.0992174
-0.3265	1.02417	-0.0178063	-0.097562	0.738627	1.80299	0.0991736
-0.3255	1.02417	-0.017814	-0.0975153	0.738628	1.80299	0.099129
-0.3245	1.02417	-0.0178217	-0.0974678	0.73863	1.803	0.0990837
-0.3235	1.02417	-0.0178294	-0.0974196	0.738632	1.803	0.0990377
-0.3225	1.02417	-0.017837	-0.0973705	0.738633	1.80301	0.0989908
-0.3215	1.02417	-0.0178447	-0.0973207	0.738635	1.80302	0.0989432
-0.3205	1.02416	-0.0178523	-0.0972701	0.738637	1.80302	0.0988947
-0.3195	1.02416	-0.0178599	-0.0972186	0.738638	1.80303	0.0988455
-0.3185	1.02416	-0.0178675	-0.0971663	0.73864	1.80304	0.0987955
-0.3175	1.02416	-0.0178752	-0.0971132	0.738641	1.80304	0.0987446
-0.3165	1.02416	-0.0178828	-0.0970592	0.738643	1.80305	0.0986929
-0.3155	1.02416	-0.0178904	-0.0970044	0.738644	1.80306	0.0986404
-0.3145	1.02415	-0.0178979	-0.0969487	0.738646	1.80306	0.098587
-0.3135	1.02415	-0.0179055	-0.0968921	0.738647	1.80307	0.0985327
-0.3125	1.02415	-0.0179131	-0.0968347	0.738649	1.80308	0.0984776
-0.3115	1.02415	-0.0179206	-0.0967763	0.73865	1.80309	0.0984215
-0.3105	1.02414	-0.0179282	-0.096717	0.738652	1.8031	0.0983646
-0.3095	1.02414	-0.0179357	-0.0966568	0.738653	1.80311	0.0983068
-0.3085	1.02414	-0.0179432	-0.0965957	0.738654	1.80312	0.0982481
-0.3075	1.02413	-0.0179507	-0.0965336	0.738656	1.80313	0.0981884
-0.3065	1.02413	-0.0179582	-0.0964706	0.738657	1.80314	0.0981278
-0.3055	1.02412	-0.0179656	-0.0964066	0.738658	1.80315	0.0980663
-0.3045	1.02412	-0.0179731	-0.0963417	0.73866	1.80316	0.0980038
-0.3035	1.02412	-0.0179805	-0.0962757	0.738661	1.80317	0.0979404
-0.3025	1.02411	-0.0179879	-0.0962088	0.738662	1.80318	0.0978759
-0.3015	1.02411	-0.0179953	-0.0961409	0.738663	1.80319	0.0978105
-0.3005	1.0241	-0.0180027	-0.0960719	0.738665	1.8032	0.0977441
-0.2995	1.0241	-0.01801	-0.0960019	0.738666	1.80322	0.0976767
-0.2985	1.02409	-0.0180173	-0.0959309	0.738667	1.80323	0.0976082
-0.2975	1.02408	-0.0180247	-0.0958588	0.738668	1.80324	0.0975387
-0.2965	1.02408	-0.0180319	-0.0957857	0.738669	1.80326	0.0974682
-0.2955	1.02407	-0.0180392	-0.0957115	0.738671	1.80327	0.0973966
-0.2945	1.02406	-0.0180464	-0.0956362	0.738672	1.80329	0.097324
-0.2935	1.02406	-0.0180536	-0.0955599	0.738673	1.8033	0.0972503
-0.2925	1.02405	-0.0180608	-0.0954824	0.738674	1.80332	0.0971755
-0.2915	1.02404	-0.018068	-0.0954038	0.738675	1.80334	0.0970996
-0.2905	1.02403	-0.0180751	-0.0953241	0.738676	1.80335	0.0970226
-0.2895	1.02402	-0.0180822	-0.0952432	0.738677	1.80337	0.0969445
-0.2885	1.02401	-0.0180892	-0.0951612	0.738678	1.80339	0.0968652
-0.2875	1.024	-0.0180963	-0.095078	0.738679	1.80341	0.0967849
-0.2865	1.02399	-0.0181032	-0.0949937	0.73868	1.80343	0.0967033
-0.2855	1.02398	-0.0181102	-0.0949082	0.738681	1.80345	0.0966206
-0.2845	1.02397	-0.0181171	-0.0948215	0.738682	1.80347	0.0965367
-0.2835	1.02396	-0.018124	-0.0947335	0.738683	1.80349	0.0964516
-0.2825	1.02395	-0.0181308	-0.0946444	0.738684	1.80352	0.0963654
-0.2815	1.02394	-0.0181376	-0.094554	0.738685	1.80354	0.0962779
-0.2805	1.02393	-0.0181444	-0.0944624	0.738686	1.80357	0.0961892
-0.2795	1.02391	-0.0181511	-0.0943695	0.738687	1.80359	0.0960993
-0.2785	1.0239	-0.0181577	-0.0942754	0.738688	1.80362	0.0960081
-0.2775	1.02388	-0.0181643	-0.09418	0.738689	1.80365	0.0959157
-0.2765	1.02387	-0.0181709	-0.0940833	0.73869	1.80367	0.095822
-0.2755	1.02385	-0.0181774	-0.0939853	0.738691	1.8037	0.095727
-0.2745	1.02384	-0.0181838	-0.093886	0.738692	1.80373	0.0956307
-0.2735	1.02382	-0.0181902	-0.0937854	0.738693	1.80377	0.0955331
-0.2725	1.0238	-0.0181965	-0.0936834	0.738694	1.8038	0.0954343
-0.2715	1.02379	-0.0182028	-0.0935801	0.738695	1.80383	0.0953341
-0.2705	1.02377	-0.018209	-0.0934755	0.738696	1.80387	0.0952325
-0.2695	1.02375	-0.0182152	-0.0933694	0.738697	1.8039	0.0951296
-0.2685	1.02373	-0.0182212	-0.093262	0.738698	1.80394	0.0950253
-0.2675	1.02371	-0.0182272	-0.0931532	0.738699	1.80398	0.0949197
-0.2665	1.02369	-0.0182332	-0.093043	0.7387	1.80402	0.0948127
-0.2655	1.02366	-0.018239	-0.0929314	0.738701	1.80406	0.0947043
-0.2645	1.02364	-0.0182448	-0.0928183	0.738702	1.80411	0.0945945
-0.2635	1.02362	-0.0182505	-0.0927038	0.738703	1.80415	0.0944832
-0.2625	1.02359	-0.0182561	-0.0925879	0.738703	1.8042	0.0943706
-0.2615	1.02357	-0.0182617	-0.0924705	0.738704	1.80424	0.0942565
-0.2605	1.02354	-0.0182671	-0.0923516	0.738705	1.80429	0.0941409
-0.2595	1.02351	-0.0182725	-0.0922313	0.738706	1.80434	0.0940239
-0.2585	1.02348	-0.0182777	-0.0921094	0.738707	1.8044	0.0939054
-0.2575	1.02345	-0.0182829	-0.091986	0.738708	1.80445	0.0937854
-0.2565	1.02342	-0.0182879	-0.0918611	0.738709	1.80451	0.0936639
-0.2555	1.02339	-0.0182929	-0.0917347	0.73871	1.80457	0.0935408
-0.2545	1.02336	-0.0182977	-0.0916068	0.738711	1.80463	0.0934163
-0.2535	1.02332	-0.0183025	-0.0914772	0.738712	1.80469	0.0932902
-0.2525	1.02329	-0.0183071	-0.0913462	0.738713	1.80475	0.0931626
-0.2515	1.02325	-0.0183116	-0.0912135	0.738715	1.80482	0.0930334
-0.2505	1.02321	-0.018316	-0.0910792	0.738716	1.80489	0.0929027
-0.2495	1.02317	-0.0183202	-0.0909434	0.738717	1.80496	0.0927703
-0.2485	1.02313	-0.0183244	-0.0908059	0.738718	1.80504	0.0926364
-0.2475	1.02309	-0.0183284	-0.0906669	0.738719	1.80511	0.0925009
-0.2465	1.02305	-0.0183322	-0.0905262	0.73872	1.80519	0.0923637
-0.2455	1.02301	-0.0183359	-0.0903838	0.738721	1.80527	0.0922249
-0.2445	1.02296	-0.0183395	-0.0902398	0.738723	1.80536	0.0920845
-0.2435	1.02291	-0.0183429	-0.0900941	0.738724	1.80544	0.0919424
-0.2425	1.02286	-0.0183462	-0.0899467	0.738725	1.80553	0.0917987
-0.2415	1.02281	-0.0183493	-0.0897977	0.738726	1.80562	0.0916533
-0.2405	1.02276	-0.0183522	-0.089647	0.738728	1.80572	0.0915062
-0.2395	1.02271	-0.018355	-0.0894945	0.738729	1.80582	0.0913574
-0.2385	1.02265	-0.0183576	-0.0893403	0.73873	1.80592	0.0912069
-0.2375	1.02259	-0.01836	-0.0891844	0.738732	1.80603	0.0910547
-0.2365	1.02253	-0.0183623	-0.0890268	0.738733	1.80613	0.0909007
-0.2355	1.02247	-0.0183643	-0.0888674	0.738735	1.80625	0.090745
-0.2345	1.02241	-0.0183662	-0.0887062	0.738736	1.80636	0.0905876
-0.2335	1.02234	-0.0183678	-0.0885433	0.738738	1.80648	0.0904284
-0.2325	1.02228	-0.0183692	-0.0883785	0.738739	1.8066	0.0902674
-0.2315	1.02221	-0.0183705	-0.088212	0.738741	1.80673	0.0901046
-0.2305	1.02213	-0.0183716	-0.0880437	0.738742	1.80686	0.08994
-0.2295	1.02206	-0.0183723	-0.0878736	0.738744	1.807	0.0897737
-0.2285	1.02198	-0.0183729	-0.0877016	0.738746	1.80714	0.0896055
-0.2275	1.0219	-0.0183732	-0.0875278	0.738748	1.80728	0.0894354
-0.2265	1.02182	-0.0183733	-0.0873522	0.738749	1.80743	0.0892636
-0.2255	1.02174	-0.0183731	-0.0871747	0.738751	1.80758	0.0890899
-0.2245	1.02165	-0.0183727	-0.0869954	0.738753	1.80774	0.0889143
-0.2235	1.02156	-0.018372	-0.0868142	0.738755	1.8079	0.0887369
-0.2225	1.02147	-0.0183711	-0.0866311	0.738757	1.80807	0.0885575
-0.2215	1.02138	-0.0183698	-0.0864461	0.738759	1.80825	0.0883763
-0.2205	1.02128	-0.0183683	-0.0862592	0.738761	1.80842	0.0881932
-0.2195	1.02118	-0.0183665	-0.0860704	0.738764	1.80861	0.0880082
-0.2185	1.02107	-0.0183644	-0.0858797	0.738766	1.8088	0.0878212
-0.2175	1.02097	-0.018362	-0.085687	0.738768	1.80899	0.0876324
-0.2165	1.02086	-0.0183593	-0.0854924	0.738771	1.80919	0.0874415
-0.2155	1.02074	-0.0183562	-0.0852959	0.738773	1.8094	0.0872488
-0.2145	1.02063	-0.0183528	-0.0850975	0.738775	1.80961	0.087054
-0.2135	1.0205	-0.0183491	-0.084897	0.738778	1.80983	0.0868573
-0.2125	1.02038	-0.018345	-0.0846946	0.738781	1.81006	0.0866586
-0.2115	1.02025	-0.0183406	-0.0844903	0.738783	1.8103	0.086458
-0.2105	1.02012	-0.0183358	-0.0842839	0.738786	1.81054	0.0862553
-0.2095	1.01999	-0.0183307	-0.0840755	0.738789	1.81078	0.0860506
-0.2085	1.01985	-0.0183251	-0.0838652	0.738792	1.81104	0.0858439
-0.2075	1.0197	-0.0183192	-0.0836528	0.738795	1.8113	0.0856352
-0.2065	1.01955	-0.0183128	-0.0834385	0.738798	1.81157	0.0854244
-0.2055	1.0194	-0.0183061	-0.0832221	0.738801	1.81185	0.0852116
-0.2045	1.01925	-0.0182989	-0.0830036	0.738804	1.81214	0.0849968
-0.2035	1.01908	-0.0182913	-0.0827832	0.738808	1.81243	0.0847799
-0.2025	1.01892	-0.0182832	-0.0825607	0.738811	1.81273	0.0845609
-0.2015	1.01875	-0.0182747	-0.0823361	0.738815	1.81305	0.0843398
-0.2005	1.01857	-0.0182658	-0.0821095	0.738818	1.81337	0.0841167
-0.1995	1.01839	-0.0182563	-0.0818809	0.738822	1.8137	0.0838914
-0.1985	1.01821	-0.0182464	-0.0816501	0.738826	1.81404	0.083664
-0.1975	1.01802	-0.018236	-0.0814173	0.73883	1.81439	0.0834346
-0.1965	1.01782	-0.0182251	-0.0811824	0.738834	1.81475	0.083203
-0.1955	1.01762	-0.0182136	-0.0809454	0.738838	1.81512	0.0829693
-0.1945	1.01741	-0.0182016	-0.0807064	0.738842	1.8155	0.0827334
-0.1935	1.0172	-0.0181891	-0.0804652	0.738846	1.81589	0.0824954
-0.1925	1.01698	-0.0181761	-0.080222	0.738851	1.81629	0.0822553
-0.1915	1.01675	-0.0181624	-0.0799766	0.738855	1.8167	0.082013
-0.1905	1.01652	-0.0181482	-0.0797291	0.73886	1.81713	0.0817685
-0.1895	1.01628	-0.0181334	-0.0794795	0.738864	1.81757	0.0815219
-0.1885	1.01604	-0.018118	-0.0792278	0.738869	1.81802	0.081273
-0.1875	1.01579	-0.018102	-0.078974	0.738874	1.81848	0.081022
-0.1865	1.01553	-0.0180854	-0.078718	0.738879	1.81895	0.0807688
-0.1855	1.01526	-0.0180681	-0.0784599	0.738884	1.81944	0.0805134
-0.1845	1.01499	-0.0180501	-0.0781997	0.738889	1.81994	0.0802558
-0.1835	1.01471	-0.0180315	-0.0779373	0.738895	1.82045	0.079996
-0.1825	1.01443	-0.0180123	-0.0776728	0.7389	1.82098	0.0797339
-0.1815	1.01413	-0.0179923	-0.0774061	0.738906	1.82152	0.0794697
-0.1805	1.01383	-0.0179716	-0.0771373	0.738912	1.82208	0.0792032
-0.1795	1.01352	-0.0179502	-0.0768664	0.738918	1.82265	0.0789344
-0.1785	1.0132	-0.0179281	-0.0765932	0.738924	1.82324	0.0786635
-0.1775	1.01287	-0.0179052	-0.076318	0.73893	1.82384	0.0783902
-0.1765	1.01254	-0.0178815	-0.0760405	0.738936	1.82446	0.0781147
-0.1755	1.0122	-0.0178571	-0.075761	0.738942	1.8251	0.077837
-0.1745	1.01184	-0.0178319	-0.0754792	0.738949	1.82575	0.077557
-0.1735	1.01148	-0.0178058	-0.0751953	0.738956	1.82642	0.0772747
-0.1725	1.01111	-0.017779	-0.0749092	0.738962	1.8271	0.0769902
-0.1715	1.01073	-0.0177513	-0.074621	0.738969	1.82781	0.0767033
-0.1705	1.01034	-0.0177227	-0.0743306	0.738976	1.82853	0.0764142
-0.1695	1.00994	-0.0176933	-0.074038	0.738984	1.82927	0.0761228
-0.1685	1.00953	-0.017663	-0.0737433	0.738991	1.83003	0.0758291
-0.1675	1.00911	-0.0176318	-0.0734463	0.738998	1.83081	0.0755331
-0.1665	1.00868	-0.0175997	-0.0731473	0.739006	1.83161	0.0752348
-0.1655	1.00824	-0.0175667	-0.072846	0.739014	1.83243	0.0749342
-0.1645	1.00779	-0.0175327	-0.0725426	0.739022	1.83327	0.0746313
-0.1635	1.00733	-0.0174978	-0.072237	0.73903	1.83413	0.0743261
-0.1625	1.00686	-0.0174619	-0.0719293	0.739038	1.83501	0.0740185
-0.1615	1.00637	-0.017425	-0.0716194	0.739046	1.83592	0.0737087
-0.1605	1.00587	-0.0173871	-0.0713073	0.739054	1.83685	0.0733965
-0.1595	1.00537	-0.0173482	-0.0709931	0.739063	1.8378	0.073082
-0.1585	1.00485	-0.0173082	-0.0706767	0.739072	1.83877	0.0727652
-0.1575	1.00431	-0.0172672	-0.0703581	0.73908	1.83976	0.072446
-0.1565	1.00377	-0.0172251	-0.0700374	0.739089	1.84078	0.0721245
-0.1555	1.00321	-0.0171819	-0.0697146	0.739098	1.84183	0.0718007
-0.1545	1.00264	-0.0171377	-0.0693896	0.739108	1.8429	0.0714746
-0.1535	1.00206	-0.0170923	-0.0690624	0.739117	1.84399	0.0711461
-0.1525	1.00146	-0.0170458	-0.0687331	0.739126	1.84511	0.0708153
-0.1515	1.00085	-0.0169982	-0.0684017	0.739136	1.84626	0.0704821
-0.1505	1.00023	-0.0169494	-0.0680681	0.739146	1.84744	0.0701466
-0.1495	0.999595	-0.0168994	-0.0677324	0.739155	1.84864	0.0698088
-0.1485	0.998945	-0.0168483	-0.0673945	0.739165	1.84986	0.0694686
-0.1475	0.99828	-0.0167959	-0.0670546	0.739175	1.85112	0.0691261
-0.1465	0.997601	-0.0167423	-0.0667125	0.739186	1.85241	0.0687812
-0.1455	0.996908	-0.0166875	-0.0663683	0.739196	1.85372	0.0684341
-0.1445	0.9962	-0.0166315	-0.0660219	0.739206	1.85506	0.0680845
-0.1435	0.995477	-0.0165742	-0.0656735	0.739217	1.85644	0.0677327
-0.1425	0.994739	-0.0165156	-0.065323	0.739227	1.85784	0.0673785
-0.1415	0.993986	-0.0164558	-0.0649704	0.739238	1.85928	0.0670219
-0.1405	0.993217	-0.0163947	-0.0646156	0.739249	1.86074	0.0666631
-0.1395	0.992433	-0.0163322	-0.0642588	0.739259	1.86224	0.0663019
-0.1385	0.991633	-0.0162685	-0.0639	0.73927	1.86377	0.0659384
-0.1375	0.990817	-0.0162034	-0.063539	0.739281	1.86533	0.0655725
-0.1365	0.989985	-0.016137	-0.063176	0.739292	1.86693	0.0652044
-0.1355	0.989137	-0.0160692	-0.0628109	0.739304	1.86856	0.0648339
-0.1345	0.988273	-0.016	-0.0624438	0.739315	1.87022	0.0644611
-0.1335	0.987392	-0.0159295	-0.0620746	0.739326	1.87192	0.064086
-0.1325	0.986495	-0.0158577	-0.0617034	0.739337	1.87365	0.0637086
-0.1315	0.985581	-0.0157844	-0.0613302	0.739349	1.87541	0.0633288
-0.1305	0.98465	-0.0157097	-0.060955	0.73936	1.87721	0.0629468
-0.1295	0.983702	-0.0156337	-0.0605777	0.739371	1.87905	0.0625625
-0.1285	0.982738	-0.0155562	-0.0601984	0.739383	1.88093	0.0621759
-0.1275	0.981756	-0.0154773	-0.0598172	0.739394	1.88284	0.0617871
-0.1265	0.980757	-0.015397	-0.0594339	0.739405	1.88478	0.0613959
-0.1255	0.979741	-0.0153153	-0.0590487	0.739417	1.88677	0.0610025
-0.1245	0.978708	-0.0152321	-0.0586615	0.739428	1.88879	0.0606068
-0.1235	0.977657	-0.0151476	-0.0582724	0.73944	1.89085	0.060209
-0.1225	0.976589	-0.0150616	-0.0578813	0.739451	1.89294	0.0598088
-0.1215	0.975503	-0.0149741	-0.0574882	0.739462	1.89508	0.0594064
-0.1205	0.9744	-0.0148852	-0.0570933	0.739473	1.89725	0.0590018
-0.1195	0.97328	-0.0147949	-0.0566964	0.739484	1.89946	0.058595
-0.1185	0.972142	-0.0147032	-0.0562976	0.739496	1.90172	0.0581859
-0.1175	0.970987	-0.01461	-0.0558969	0.739507	1.90401	0.0577747
-0.1165	0.969814	-0.0145154	-0.0554944	0.739517	1.90634	0.0573613
-0.1155	0.968624	-0.0144193	-0.0550899	0.739528	1.90871	0.0569457
-0.1145	0.967417	-0.0143219	-0.0546836	0.739539	1.91112	0.056528
-0.1135	0.966193	-0.014223	-0.0542754	0.739549	1.91357	0.0561081
-0.1125	0.964951	-0.0141227	-0.0538654	0.73956	1.91605	0.0556861
-0.1115	0.963693	-0.014021	-0.0534536	0.73957	1.91858	0.0552619
-0.1105	0.962417	-0.0139179	-0.05304	0.73958	1.92115	0.0548356
-0.1095	0.961125	-0.0138135	-0.0526245	0.73959	1.92376	0.0544073
-0.1085	0.959816	-0.0137076	-0.0522073	0.7396	1.92641	0.0539768
-0.1075	0.95849	-0.0136004	-0.0517882	0.73961	1.9291	0.0535443
-0.1065	0.957148	-0.0134918	-0.0513674	0.739619	1.93183	0.0531097
-0.1055	0.95579	-0.0133819	-0.0509449	0.739628	1.9346	0.0526731
-0.1045	0.954416	-0.0132707	-0.0505206	0.739637	1.93741	0.0522345
-0.1035	0.953026	-0.0131582	-0.0500946	0.739646	1.94026	0.0517939
-0.1025	0.95162	-0.0130444	-0.0496669	0.739655	1.94315	0.0513513
-0.1015	0.950199	-0.0129293	-0.0492374	0.739663	1.94607	0.0509067
-0.1005	0.948763	-0.0128129	-0.0488063	0.739671	1.94904	0.0504601
-0.0995	0.947312	-0.0126953	-0.0483735	0.739678	1.95205	0.0500117
-0.0985	0.945846	-0.0125765	-0.047939	0.739686	1.95509	0.0495613
-0.0975	0.944366	-0.0124565	-0.0475029	0.739693	1.95817	0.049109
-0.0965	0.942872	-0.0123353	-0.0470652	0.7397	1.9613	0.0486548
-0.0955	0.941364	-0.012213	-0.0466259	0.739706	1.96445	0.0481988
-0.0945	0.939842	-0.0120895	-0.0461849	0.739713	1.96765	0.047741
-0.0935	0.938308	-0.011965	-0.0457424	0.739718	1.97088	0.0472813
-0.0925	0.93676	-0.0118393	-0.0452983	0.739724	1.97415	0.0468199
-0.0915	0.935201	-0.0117127	-0.0448526	0.739729	1.97746	0.0463567
-0.0905	0.933629	-0.011585	-0.0444054	0.739734	1.9808	0.0458917
-0.0895	0.932045	-0.0114563	-0.0439566	0.739738	1.98418	0.045425
-0.0885	0.93045	-0.0113267	-0.0435064	0.739743	1.98759	0.0449566
-0.0875	0.928844	-0.0111961	-0.0430546	0.739746	1.99104	0.0444865
-0.0865	0.927228	-0.0110646	-0.0426014	0.73975	1.99452	0.0440148
-0.0855	0.925602	-0.0109323	-0.0421467	0.739753	1.99803	0.0435414
-0.0845	0.923965	-0.0107991	-0.0416905	0.739755	2.00158	0.0430665
-0.0835	0.92232	-0.0106652	-0.0412329	0.739757	2.00515	0.0425899
-0.0825	0.920666	-0.0105304	-0.0407739	0.739759	2.00876	0.0421118
-0.0815	0.919003	-0.010395	-0.0403135	0.73976	2.0124	0.0416321
-0.0805	0.917332	-0.0102588	-0.0398517	0.739761	2.01607	0.0411509
-0.0795	0.915654	-0.010122	-0.0393885	0.739762	2.01976	0.0406683
-0.0785	0.913969	-0.00998453	-0.038924	0.739762	2.02349	0.0401842
-0.0775	0.912277	-0.0098465	-0.0384581	0.739761	2.02724	0.0396986
-0.0765	0.910579	-0.00970793	-0.037991	0.739761	2.03102	0.0392117
-0.0755	0.908875	-0.00956883	-0.0375225	0.739759	2.03482	0.0387234
-0.0745	0.907167	-0.00942927	-0.0370527	0.739758	2.03865	0.0382337
-0.0735	0.905453	-0.00928927	-0.0365816	0.739756	2.0425	0.0377426
-0.0725	0.903735	-0.00914887	-0.0361093	0.739753	2.04638	0.0372503
-0.0715	0.902013	-0.00900812	-0.0356358	0.739751	2.05028	0.0367567
-0.0705	0.900287	-0.00886704	-0.035161	0.739747	2.0542	0.0362619
-0.0695	0.898559	-0.00872568	-0.0346851	0.739744	2.05814	0.0357658
-0.0685	0.896829	-0.00858409	-0.0342079	0.73974	2.0621	0.0352685
-0.0675	0.895097	-0.00844229	-0.0337295	0.739735	2.06607	0.03477
-0.0665	0.893367	-0.00830032	-0.03325	0.73973	2.07006	0.0342704
-0.0655	0.891636	-0.00815825	-0.0327693	0.739724	2.07406	0.0337696
-0.0645	0.889906	-0.0080162	-0.0322875	0.739717	2.07808	0.0332677
-0.0635	0.888176	-0.00787418	-0.0318046	0.739711	2.08211	0.0327648
-0.0625	0.886443	-0.00773213	-0.0313205	0.739705	2.08616	0.0322608
-0.0615	0.884708	-0.00759006	-0.0308354	0.739698	2.09023	0.0317558
-0.0605	0.882968	-0.00744798	-0.0303492	0.739692	2.09433	0.0312498
-0.0595	0.881224	-0.00730596	-0.029862	0.739684	2.09846	0.0307427
-0.0585	0.879475	-0.00716405	-0.0293738	0.739676	2.10261	0.0302348
-0.0575	0.877727	-0.00702229	-0.0288845	0.739668	2.10677	0.0297259
-0.0565	0.875981	-0.00688067	-0.0283942	0.739659	2.11094	0.029216
-0.0555	0.874242	-0.00673925	-0.0279029	0.739652	2.11512	0.0287053
-0.0545	0.872509	-0.00659806	-0.0274106	0.739644	2.1193	0.0281936
-0.0535	0.870784	-0.0064571	-0.0269173	0.739636	2.12348	0.027681
-0.0525	0.869067	-0.0063164	-0.026423	0.739629	2.12765	0.0271675
-0.0515	0.867359	-0.00617601	-0.0259277	0.73962	2.13182	0.0266531
-0.0505	0.865659	-0.00603596	-0.0254313	0.739612	2.13598	0.0261378
-0.0495	0.863966	-0.00589629	-0.024934	0.739602	2.14014	0.0256216
-0.0485	0.862279	-0.00575699	-0.0244357	0.739591	2.14429	0.0251047
-0.0475	0.860597	-0.00561819	-0.0239364	0.739578	2.14845	0.0245869
-0.0465	0.858916	-0.00548013	-0.0234362	0.739563	2.15261	0.0240684
-0.0455	0.857238	-0.00534298	-0.0229353	0.739547	2.15677	0.0235494
-0.0445	0.85556	-0.00520683	-0.0224336	0.73953	2.16095	0.0230299
-0.0435	0.853883	-0.00507142	-0.0219315	0.739514	2.16515	0.0225102
-0.0425	0.85221	-0.00493648	-0.021429	0.739499	2.16936	0.0219903
-0.0415	0.85054	-0.0048024	-0.0209262	0.739484	2.17357	0.0214702
-0.0405	0.848876	-0.00466925	-0.020423	0.739469	2.17779	0.02095
-0.0395	0.847217	-0.004537	-0.0199196	0.739454	2.18201	0.0204298
-0.0385	0.845567	-0.00440578	-0.0194161	0.739439	2.18622	0.0199097
-0.0375	0.843927	-0.00427574	-0.0189124	0.739423	2.19042	0.0193897
-0.0365	0.842298	-0.00414683	-0.0184086	0.739407	2.19461	0.0188699
-0.0355	0.840684	-0.00401905	-0.0179046	0.73939	2.19877	0.0183502
-0.0345	0.839086	-0.00389246	-0.0174006	0.739372	2.20291	0.0178306
-0.0335	0.837508	-0.00376712	-0.0168964	0.739355	2.20701	0.0173113
-0.0325	0.835953	-0.00364307	-0.0163923	0.739337	2.21106	0.0167922
-0.0315	0.834422	-0.00352033	-0.0158882	0.739319	2.21506	0.0162735
-0.0305	0.832919	-0.00339892	-0.015384	0.739301	2.21901	0.015755
-0.0295	0.831448	-0.00327886	-0.01488	0.739284	2.22288	0.0152369
-0.0285	0.83001	-0.00316016	-0.0143759	0.739267	2.22668	0.0147192
-0.0275	0.828608	-0.00304283	-0.013872	0.739249	2.23039	0.0142018
-0.0265	0.827246	-0.00292685	-0.0133681	0.739233	2.23402	0.0136847
-0.0255	0.825926	-0.00281222	-0.0128642	0.739217	2.23754	0.013168
-0.0245	0.82465	-0.00269892	-0.0123605	0.739201	2.24095	0.0126517
-0.0235	0.823421	-0.00258694	-0.0118568	0.739186	2.24425	0.0121358
-0.0225	0.822241	-0.00247624	-0.0113532	0.739171	2.24743	0.0116201
-0.0215	0.821111	-0.00236679	-0.0108497	0.739157	2.25048	0.0111049
-0.0205	0.820034	-0.00225855	-0.0103462	0.739143	2.25339	0.0105899
-0.0195	0.819011	-0.00215148	-0.00984282	0.739131	2.25617	0.0100752
-0.0185	0.818044	-0.00204554	-0.00933941	0.739119	2.2588	0.0095608
-0.0175	0.817133	-0.00194067	-0.00883602	0.739107	2.26128	0.00904662
-0.0165	0.816279	-0.00183681	-0.0083326	0.739097	2.26361	0.00853265
-0.0155	0.815484	-0.0017339	-0.00782914	0.739087	2.26579	0.00801884
-0.0145	0.814748	-0.00163188	-0.00732561	0.739079	2.26781	0.00750517
-0.0135	0.81407	-0.00153066	-0.00682197	0.739071	2.26968	0.00699158
-0.0125	0.813452	-0.00143018	-0.00631818	0.739064	2.27138	0.00647803
-0.0115	0.812892	-0.00133033	-0.0058142	0.739059	2.27293	0.00596446
-0.0105	0.812391	-0.00123102	-0.00530999	0.739056	2.27432	0.00545082
-0.0095	0.811947	-0.00113215	-0.00480549	0.739054	2.27556	0.00493706
-0.0085	0.81156	-0.0010336	-0.00430064	0.739053	2.27665	0.0044231
-0.0075	0.811227	-0.000935262	-0.00379533	0.739055	2.27758	0.00390886
-0.0065	0.810948	-0.000837007	-0.00328947	0.739058	2.27838	0.00339429
-0.0055	0.810719	-0.000738722	-0.00278298	0.739062	2.27903	0.00287935
-0.0045	0.810538	-0.000640311	-0.0022757	0.739067	2.27956	0.00236407
-0.0035	0.8104	-0.000541701	-0.00176755	0.739072	2.27996	0.0018487
-0.0025	0.810301	-0.000442843	-0.00125849	0.739077	2.28025	0.00133414
-0.0015	0.810236	-0.000343706	-0.000748337	0.739081	2.28045	0.000823494
-0.0005	0.810199	-0.000244032	-0.000236096	0.739084	2.28056	0.000339548
0.0005	0.810183	-0.000143381	0.000279129	0.739085	2.28061	0.000313801
0.0015	0.81018	-4.26307e-05	0.000794797	0.739085	2.28062	0.000795939
0.0025	0.810186	5.63664e-05	0.0013062	0.739082	2.28059	0.00130742
0.0035	0.810211	0.000152982	0.00181104	0.739068	2.28048	0.00181749
0.0045	0.810293	0.000247327	0.00231038	0.739045	2.28018	0.00232358
0.0055	0.81047	0.000341458	0.00280878	0.739028	2.27963	0.00282946
0.0065	0.810751	0.000437876	0.0033087	0.739024	2.27883	0.00333755
0.0075	0.811126	0.000534643	0.00381041	0.739032	2.2778	0.00384774
0.0085	0.811586	0.000631347	0.00431308	0.739047	2.27655	0.00435905
0.0095	0.812121	0.000728673	0.00481618	0.739065	2.27511	0.00487099
0.0105	0.812726	0.000827006	0.00531956	0.739082	2.27346	0.00538347
0.0115	0.813395	0.000926398	0.00582322	0.739097	2.27164	0.00589644
0.0125	0.814124	0.00102683	0.00632712	0.739111	2.26965	0.0064099
0.0135	0.81491	0.00112828	0.00683128	0.739125	2.2675	0.00692382
0.0145	0.815749	0.00123077	0.00733568	0.739138	2.26521	0.00743821
0.0155	0.816638	0.0013343	0.00784033	0.739152	2.26279	0.00795306
0.0165	0.817575	0.00143892	0.00834524	0.739167	2.26024	0.00846838
0.0175	0.818555	0.00154466	0.00885039	0.739183	2.25758	0.00898418
0.0185	0.819578	0.00165157	0.00935579	0.739199	2.25482	0.00950045
0.0195	0.820639	0.00175967	0.00986142	0.739215	2.25195	0.0100172
0.0205	0.821738	0.001869	0.0103673	0.739233	2.24899	0.0105344
0.0215	0.822872	0.00197957	0.0108733	0.73925	2.24595	0.011052
0.0225	0.82404	0.00209141	0.0113795	0.739268	2.24282	0.0115701
0.0235	0.825241	0.00220451	0.0118859	0.739286	2.23961	0.0120886
0.0245	0.826474	0.00231888	0.0123924	0.739305	2.23632	0.0126075
0.0255	0.827738	0.00243452	0.012899	0.739323	2.23296	0.0131267
0.0265	0.829031	0.00255142	0.0134056	0.739342	2.22954	0.0136462
0.0275	0.830353	0.00266958	0.0139122	0.73936	2.22604	0.0141661
0.0285	0.831703	0.00278897	0.0144189	0.739379	2.22249	0.0146861
0.0295	0.83308	0.00290959	0.0149254	0.739398	2.21887	0.0152064
0.0305	0.834482	0.00303141	0.0154318	0.739417	2.2152	0.0157268
0.0315	0.835908	0.00315441	0.0159381	0.739435	2.21147	0.0162473
0.0325	0.837358	0.00327857	0.0164442	0.739454	2.2077	0.0167679
0.0335	0.83883	0.00340385	0.0169501	0.739472	2.20388	0.0172885
0.0345	0.840323	0.00353023	0.0174557	0.73949	2.20002	0.0178091
0.0355	0.841834	0.00365766	0.017961	0.739508	2.19612	0.0183296
0.0365	0.843364	0.00378612	0.0184659	0.739525	2.19219	0.01885
0.0375	0.844911	0.00391555	0.0189704	0.739542	2.18822	0.0193703
0.0385	0.846474	0.00404592	0.0194745	0.739559	2.18423	0.0198904
0.0395	0.848051	0.00417722	0.0199782	0.739575	2.18022	0.0204102
0.0405	0.849643	0.00430944	0.0204814	0.739591	2.17618	0.0209298
0.0415	0.851247	0.00444248	0.020984	0.739608	2.17213	0.0214491
0.0425	0.852863	0.00457631	0.0214861	0.739624	2.16806	0.021968
0.0435	0.85449	0.00471091	0.0219875	0.73964	2.16398	0.0224865
0.0445	0.856128	0.00484625	0.0224882	0.739656	2.15989	0.0230045
0.0455	0.857775	0.00498231	0.0229883	0.739672	2.15578	0.023522
0.0465	0.859432	0.00511902	0.0234876	0.739687	2.15167	0.024039
0.0475	0.861097	0.00525637	0.0239862	0.739702	2.14756	0.0245554
0.0485	0.862771	0.00539432	0.024484	0.739716	2.14343	0.0250712
0.0495	0.864452	0.00553282	0.024981	0.73973	2.1393	0.0255864
0.0505	0.86614	0.00567183	0.0254773	0.739744	2.13518	0.026101
0.0515	0.867835	0.00581133	0.0259727	0.739758	2.13104	0.0266149
0.0525	0.869535	0.00595127	0.0264672	0.739771	2.12691	0.027128
0.0535	0.871242	0.00609162	0.0269608	0.739784	2.12279	0.0276405
0.0545	0.872953	0.00623234	0.0274536	0.739796	2.11866	0.0281521
0.0555	0.87467	0.0063734	0.0279454	0.739808	2.11454	0.028663
0.0565	0.87639	0.00651476	0.0284363	0.73982	2.11042	0.0291731
0.0575	0.878114	0.00665635	0.0289263	0.739832	2.10631	0.0296823
0.0585	0.879841	0.00679812	0.0294153	0.739843	2.10221	0.0301906
0.0595	0.881571	0.00694006	0.0299033	0.739854	2.09811	0.0306981
0.0605	0.883302	0.00708215	0.0303903	0.739864	2.09403	0.0312046
0.0615	0.885036	0.00722434	0.0308762	0.739874	2.08996	0.0317101
0.0625	0.88677	0.00736659	0.0313611	0.739884	2.0859	0.0322146
0.0635	0.888505	0.00750887	0.0318449	0.739893	2.08185	0.0327182
0.0645	0.890241	0.00765114	0.0323275	0.739903	2.07782	0.0332206
0.0655	0.891976	0.00779339	0.0328091	0.739911	2.0738	0.033722
0.0665	0.893711	0.00793561	0.0332896	0.73992	2.0698	0.0342224
0.0675	0.895445	0.00807774	0.0337689	0.739927	2.06581	0.0347216
0.0685	0.897177	0.00821969	0.0342471	0.739934	2.06184	0.0352197
0.0695	0.898908	0.00836143	0.034724	0.739941	2.05789	0.0357166
0.0705	0.900636	0.00850292	0.0351998	0.739947	2.05396	0.0362123
0.0715	0.902361	0.00864411	0.0356744	0.739953	2.05005	0.0367067
0.0725	0.904083	0.00878497	0.0361478	0.739958	2.04616	0.0371999
0.0735	0.905801	0.00892546	0.0366199	0.739963	2.04229	0.0376919
0.0745	0.907515	0.00906553	0.0370907	0.739968	2.03844	0.0381825
0.0755	0.909224	0.00920516	0.0375603	0.739972	2.03462	0.0386718
0.0765	0.910928	0.0093443	0.0380285	0.739975	2.03083	0.0391597
0.0775	0.912626	0.00948291	0.0384955	0.739978	2.02706	0.0396463
0.0785	0.914318	0.00962096	0.0389611	0.739981	2.02332	0.0401314
0.0795	0.916003	0.0097584	0.0394254	0.739983	2.0196	0.0406151
0.0805	0.917681	0.0098952	0.0398883	0.739985	2.01591	0.0410974
0.0815	0.919351	0.0100313	0.0403499	0.739987	2.01225	0.0415781
0.0825	0.921013	0.0101667	0.0408101	0.739988	2.00862	0.0420574
0.0835	0.922667	0.0103014	0.0412688	0.739988	2.00502	0.0425351
0.0845	0.924312	0.0104353	0.0417261	0.739988	2.00146	0.0430112
0.0855	0.925948	0.0105684	0.042182	0.739988	1.99792	0.0434858
0.0865	0.927574	0.0107006	0.0426364	0.739988	1.99442	0.0439587
0.0875	0.929189	0.0108319	0.0430894	0.739987	1.99095	0.04443
0.0885	0.930794	0.0109623	0.0435408	0.739985	1.98751	0.0448996
0.0895	0.932388	0.0110918	0.0439908	0.739983	1.98411	0.0453676
0.0905	0.933971	0.0112203	0.0444392	0.739981	1.98074	0.0458338
0.0915	0.935542	0.0113478	0.0448861	0.739979	1.97741	0.0462983
0.0925	0.937101	0.0114743	0.0453315	0.739976	1.97411	0.0467611
0.0935	0.938647	0.0115997	0.0457753	0.739972	1.97085	0.0472221
0.0945	0.940181	0.011724	0.0462175	0.739969	1.96762	0.0476813
0.0955	0.941701	0.0118472	0.0466581	0.739965	1.96444	0.0481387
0.0965	0.943208	0.0119692	0.0470971	0.73996	1.96129	0.0485942
0.0975	0.944701	0.0120901	0.0475345	0.739956	1.95817	0.0490479
0.0985	0.94618	0.0122098	0.0479702	0.739951	1.9551	0.0494997
0.0995	0.947645	0.0123283	0.0484043	0.739946	1.95206	0.0499496
0.1005	0.949095	0.0124455	0.0488368	0.73994	1.94907	0.0503976
0.1015	0.95053	0.0125616	0.0492675	0.739934	1.94611	0.0508437
0.1025	0.95195	0.0126763	0.0496966	0.739928	1.94319	0.0512878
0.1035	0.953355	0.0127897	0.050124	0.739922	1.94031	0.05173
0.1045	0.954744	0.0129019	0.0505496	0.739915	1.93747	0.0521701
0.1055	0.956117	0.0130127	0.0509735	0.739908	1.93467	0.0526083
0.1065	0.957474	0.0131222	0.0513957	0.739901	1.93191	0.0530444
0.1075	0.958815	0.0132303	0.0518161	0.739894	1.92919	0.0534785
0.1085	0.96014	0.0133371	0.0522347	0.739886	1.92651	0.0539105
0.1095	0.961448	0.0134425	0.0526516	0.739879	1.92387	0.0543405
0.1105	0.962739	0.0135465	0.0530667	0.739871	1.92127	0.0547684
0.1115	0.964014	0.0136491	0.0534799	0.739863	1.9187	0.0551942
0.1125	0.965272	0.0137503	0.0538914	0.739855	1.91618	0.0556179
0.1135	0.966512	0.0138501	0.054301	0.739846	1.9137	0.0560395
0.1145	0.967736	0.0139485	0.0547087	0.739838	1.91126	0.0564589
0.1155	0.968942	0.0140454	0.0551146	0.739829	1.90886	0.0568762
0.1165	0.970132	0.0141409	0.0555187	0.73982	1.90649	0.0572913
0.1175	0.971304	0.014235	0.0559209	0.739812	1.90417	0.0577042
0.1185	0.972458	0.0143276	0.0563211	0.739803	1.90189	0.058115
0.1195	0.973596	0.0144188	0.0567195	0.739794	1.89964	0.0585236
0.1205	0.974716	0.0145086	0.057116	0.739784	1.89744	0.0589299
0.1215	0.975818	0.0145969	0.0575106	0.739775	1.89527	0.0593341
0.1225	0.976904	0.0146838	0.0579032	0.739766	1.89314	0.059736
0.1235	0.977972	0.0147692	0.0582939	0.739757	1.89105	0.0601358
0.1245	0.979022	0.0148532	0.0586827	0.739747	1.88899	0.0605333
0.1255	0.980056	0.0149357	0.0590695	0.739738	1.88698	0.0609285
0.1265	0.981072	0.0150168	0.0594543	0.739728	1.885	0.0613214
0.1275	0.982071	0.0150965	0.0598371	0.739719	1.88306	0.0617121
0.1285	0.983053	0.0151748	0.060218	0.73971	1.88115	0.0621006
0.1295	0.984017	0.0152516	0.0605969	0.7397	1.87929	0.0624867
0.1305	0.984965	0.015327	0.0609738	0.739691	1.87745	0.0628706
0.1315	0.985896	0.015401	0.0613486	0.739681	1.87566	0.0632522
0.1325	0.986811	0.0154736	0.0617215	0.739672	1.8739	0.0636315
0.1335	0.987708	0.0155449	0.0620923	0.739663	1.87217	0.0640085
0.1345	0.988589	0.0156147	0.0624611	0.739653	1.87048	0.0643833
0.1355	0.989454	0.0156832	0.0628278	0.739644	1.86882	0.0647557
0.1365	0.990303	0.0157503	0.0631925	0.739635	1.86719	0.0651258
0.1375	0.991135	0.015816	0.0635552	0.739626	1.8656	0.0654935
0.1385	0.991952	0.0158804	0.0639157	0.739616	1.86404	0.065859
0.1395	0.992752	0.0159435	0.0642743	0.739607	1.86252	0.0662222
0.1405	0.993537	0.0160052	0.0646307	0.739598	1.86102	0.066583
0.1415	0.994307	0.0160657	0.0649851	0.739589	1.85956	0.0669415
0.1425	0.995061	0.0161248	0.0653373	0.739581	1.85813	0.0672977
0.1435	0.9958	0.0161826	0.0656875	0.739572	1.85673	0.0676515
0.1445	0.996524	0.0162392	0.0660356	0.739563	1.85536	0.068003
0.1455	0.997233	0.0162946	0.0663816	0.739555	1.85402	0.0683522
0.1465	0.997928	0.0163486	0.0667254	0.739546	1.85271	0.0686991
0.1475	0.998608	0.0164015	0.0670672	0.739538	1.85142	0.0690436
0.1485	0.999273	0.0164531	0.0674068	0.73953	1.85017	0.0693858
0.1495	0.999925	0.0165035	0.0677444	0.739521	1.84894	0.0697256
0.1505	1.00056	0.0165528	0.0680798	0.739513	1.84774	0.0700632
0.1515	1.00119	0.0166008	0.068413	0.739505	1.84657	0.0703984
0.1525	1.0018	0.0166477	0.0687441	0.739497	1.84543	0.0707312
0.1535	1.00239	0.0166935	0.0690731	0.73949	1.84431	0.0710617
0.1545	1.00298	0.0167381	0.0694	0.739482	1.84321	0.0713899
0.1555	1.00355	0.0167816	0.0697247	0.739475	1.84215	0.0717158
0.1565	1.00411	0.016824	0.0700473	0.739467	1.8411	0.0720393
0.1575	1.00465	0.0168653	0.0703677	0.73946	1.84009	0.0723606
0.1585	1.00519	0.0169056	0.0706859	0.739453	1.83909	0.0726794
0.1595	1.00571	0.0169448	0.0710021	0.739446	1.83812	0.072996
0.1605	1.00622	0.0169829	0.071316	0.739439	1.83717	0.0733103
0.1615	1.00672	0.0170201	0.0716278	0.739432	1.83625	0.0736222
0.1625	1.0072	0.0170562	0.0719374	0.739425	1.83534	0.0739318
0.1635	1.00768	0.0170913	0.0722449	0.739419	1.83446	0.0742391
0.1645	1.00814	0.0171255	0.0725502	0.739413	1.8336	0.0745441
0.1655	1.0086	0.0171587	0.0728534	0.739406	1.83276	0.0748468
0.1665	1.00904	0.0171909	0.0731544	0.7394	1.83194	0.0751471
0.1675	1.00947	0.0172223	0.0734532	0.739394	1.83115	0.0754452
0.1685	1.00989	0.0172527	0.0737499	0.739388	1.83037	0.075741
0.1695	1.0103	0.0172822	0.0740444	0.739382	1.82961	0.0760345
0.1705	1.0107	0.0173108	0.0743367	0.739377	1.82887	0.0763257
0.1715	1.01109	0.0173385	0.0746269	0.739371	1.82815	0.0766146
0.1725	1.01148	0.0173655	0.0749149	0.739366	1.82744	0.0769013
0.1735	1.01185	0.0173915	0.0752008	0.739361	1.82676	0.0771856
0.1745	1.01221	0.0174167	0.0754845	0.739355	1.82609	0.0774677
0.1755	1.01257	0.0174412	0.075766	0.73935	1.82544	0.0777476
0.1765	1.01291	0.0174648	0.0760454	0.739345	1.8248	0.0780251
0.1775	1.01325	0.0174877	0.0763226	0.739341	1.82418	0.0783005
0.1785	1.01358	0.0175098	0.0765977	0.739336	1.82358	0.0785735
0.1795	1.0139	0.0175311	0.0768706	0.739331	1.82299	0.0788443
0.1805	1.01421	0.0175517	0.0771414	0.739327	1.82242	0.0791129
0.1815	1.01451	0.0175716	0.07741	0.739323	1.82187	0.0793793
0.1825	1.01481	0.0175907	0.0776765	0.739318	1.82132	0.0796434
0.1835	1.0151	0.0176092	0.0779408	0.739314	1.8208	0.0799053
0.1845	1.01538	0.017627	0.078203	0.73931	1.82028	0.080165
0.1855	1.01565	0.0176441	0.0784631	0.739306	1.81978	0.0804224
0.1865	1.01592	0.0176606	0.078721	0.739302	1.8193	0.0806777
0.1875	1.01618	0.0176764	0.0789768	0.739299	1.81882	0.0809308
0.1885	1.01643	0.0176916	0.0792305	0.739295	1.81836	0.0811817
0.1895	1.01668	0.0177062	0.079482	0.739292	1.81791	0.0814304
0.1905	1.01692	0.0177202	0.0797315	0.739288	1.81747	0.0816769
0.1915	1.01715	0.0177336	0.0799788	0.739285	1.81705	0.0819213
0.1925	1.01738	0.0177464	0.080224	0.739282	1.81664	0.0821634
0.1935	1.0176	0.0177587	0.0804672	0.739279	1.81623	0.0824035
0.1945	1.01781	0.0177704	0.0807082	0.739276	1.81584	0.0826414
0.1955	1.01802	0.0177815	0.0809471	0.739273	1.81546	0.0828771
0.1965	1.01823	0.0177922	0.081184	0.73927	1.81509	0.0831107
0.1975	1.01842	0.0178023	0.0814187	0.739267	1.81473	0.0833422
0.1985	1.01862	0.0178119	0.0816514	0.739265	1.81438	0.0835716
0.1995	1.0188	0.017821	0.081882	0.739262	1.81404	0.0837989
0.2005	1.01899	0.0178296	0.0821106	0.73926	1.81371	0.084024
0.2015	1.01916	0.0178378	0.082337	0.739257	1.81339	0.0842471
0.2025	1.01934	0.0178454	0.0825615	0.739255	1.81308	0.0844681
0.2035	1.0195	0.0178527	0.0827839	0.739253	1.81278	0.084687
0.2045	1.01967	0.0178595	0.0830042	0.739251	1.81248	0.0849038
0.2055	1.01982	0.0178658	0.0832225	0.739249	1.8122	0.0851186
0.2065	1.01998	0.0178718	0.0834388	0.739247	1.81192	0.0853314
0.2075	1.02013	0.0178773	0.0836531	0.739245	1.81165	0.085542
0.2085	1.02027	0.0178824	0.0838654	0.739243	1.81139	0.0857507
0.2095	1.02041	0.0178872	0.0840756	0.739241	1.81113	0.0859573
0.2105	1.02055	0.0178915	0.0842839	0.739239	1.81088	0.086162
0.2115	1.02068	0.0178955	0.0844902	0.739238	1.81064	0.0863646
0.2125	1.02081	0.0178991	0.0846945	0.739236	1.81041	0.0865652
0.2135	1.02094	0.0179024	0.0848968	0.739235	1.81018	0.0867638
0.2145	1.02106	0.0179053	0.0850971	0.739233	1.80996	0.0869604
0.2155	1.02118	0.0179078	0.0852955	0.739232	1.80975	0.0871551
0.2165	1.02129	0.0179101	0.085492	0.739231	1.80954	0.0873478
0.2175	1.02141	0.017912	0.0856865	0.739229	1.80934	0.0875386
0.2185	1.02151	0.0179136	0.085879	0.739228	1.80915	0.0877275
0.2195	1.02162	0.0179149	0.0860697	0.739227	1.80896	0.0879144
0.2205	1.02172	0.0179159	0.0862584	0.739226	1.80877	0.0880993
0.2215	1.02182	0.0179166	0.0864452	0.739225	1.8086	0.0882824
0.2225	1.02192	0.017917	0.0866302	0.739224	1.80842	0.0884636
0.2235	1.02201	0.0179172	0.0868132	0.739223	1.80826	0.0886429
0.2245	1.0221	0.017917	0.0869944	0.739222	1.80809	0.0888203
0.2255	1.02219	0.0179167	0.0871737	0.739221	1.80793	0.0889958
0.2265	1.02227	0.017916	0.0873511	0.73922	1.80778	0.0891695
0.2275	1.02236	0.0179151	0.0875267	0.739219	1.80763	0.0893413
0.2285	1.02244	0.017914	0.0877004	0.739218	1.80749	0.0895113
0.2295	1.02252	0.0179126	0.0878723	0.739217	1.80735	0.0896794
0.2305	1.02259	0.0179111	0.0880424	0.739217	1.80722	0.0898458
0.2315	1.02266	0.0179093	0.0882107	0.739216	1.80708	0.0900103
0.2325	1.02274	0.0179072	0.0883771	0.739215	1.80696	0.0901731
0.2335	1.0228	0.017905	0.0885418	0.739215	1.80683	0.090334
0.2345	1.02287	0.0179025	0.0887047	0.739214	1.80672	0.0904932
0.2355	1.02294	0.0178999	0.0888658	0.739214	1.8066	0.0906507
0.2365	1.023	0.0178971	0.0890252	0.739213	1.80649	0.0908063
0.2375	1.02306	0.017894	0.0891828	0.739213	1.80638	0.0909603
0.2385	1.02312	0.0178908	0.0893387	0.739212	1.80627	0.0911125
0.2395	1.02317	0.0178875	0.0894928	0.739212	1.80617	0.0912629
0.2405	1.02323	0.0178839	0.0896452	0.739211	1.80607	0.0914117
0.2415	1.02328	0.0178802	0.0897959	0.739211	1.80598	0.0915588
0.2425	1.02333	0.0178763	0.089945	0.739211	1.80589	0.0917042
0.2435	1.02338	0.0178723	0.0900923	0.73921	1.8058	0.0918479
0.2445	1.02343	0.0178681	0.0902379	0.73921	1.80571	0.09199
0.2455	1.02348	0.0178637	0.0903819	0.73921	1.80563	0.0921304
0.2465	1.02353	0.0178592	0.0905243	0.739209	1.80555	0.0922691
0.2475	1.02357	0.0178546	0.090665	0.739209	1.80547	0.0924063
0.2485	1.02361	0.0178499	0.090804	0.739209	1.80539	0.0925418
0.2495	1.02365	0.017845	0.0909415	0.739208	1.80532	0.0926757
0.2505	1.02369	0.0178399	0.0910773	0.739208	1.80525	0.0928081
0.2515	1.02373	0.0178348	0.0912115	0.739208	1.80518	0.0929388
0.2525	1.02377	0.0178295	0.0913441	0.739208	1.80511	0.093068
0.2535	1.02381	0.0178242	0.0914752	0.739207	1.80505	0.0931956
0.2545	1.02384	0.0178187	0.0916047	0.739207	1.80498	0.0933216
0.2555	1.02388	0.0178131	0.0917327	0.739207	1.80492	0.0934462
0.2565	1.02391	0.0178074	0.0918591	0.739207	1.80487	0.0935692
0.2575	1.02394	0.0178016	0.0919839	0.739207	1.80481	0.0936907
0.2585	1.02397	0.0177957	0.0921073	0.739206	1.80476	0.0938107
0.2595	1.024	0.0177897	0.0922291	0.739206	1.8047	0.0939292
0.2605	1.02403	0.0177836	0.0923495	0.739206	1.80465	0.0940462
0.2615	1.02406	0.0177774	0.0924684	0.739206	1.8046	0.0941617
0.2625	1.02408	0.0177711	0.0925858	0.739206	1.80456	0.0942758
0.2635	1.02411	0.0177648	0.0927017	0.739205	1.80451	0.0943885
0.2645	1.02413	0.0177584	0.0928162	0.739205	1.80447	0.0944997
0.2655	1.02416	0.0177519	0.0929292	0.739205	1.80442	0.0946096
0.2665	1.02418	0.0177453	0.0930408	0.739205	1.80438	0.094718
0.2675	1.0242	0.0177386	0.093151	0.739205	1.80434	0.094825
0.2685	1.02422	0.0177319	0.0932598	0.739204	1.8043	0.0949306
0.2695	1.02425	0.0177251	0.0933673	0.739204	1.80427	0.0950349
0.2705	1.02427	0.0177183	0.0934733	0.739204	1.80423	0.0951377
0.2715	1.02429	0.0177113	0.0935779	0.739204	1.80419	0.0952393
0.2725	1.0243	0.0177044	0.0936813	0.739204	1.80416	0.0953395
0.2735	1.02432	0.0176973	0.0937832	0.739203	1.80413	0.0954384
0.2745	1.02434	0.0176902	0.0938838	0.739203	1.8041	0.095536
0.2755	1.02436	0.0176831	0.0939831	0.739203	1.80407	0.0956322
0.2765	1.02437	0.0176759	0.0940811	0.739203	1.80404	0.0957272
0.2775	1.02439	0.0176686	0.0941778	0.739202	1.80401	0.0958209
0.2785	1.0244	0.0176613	0.0942732	0.739202	1.80398	0.0959133
0.2795	1.02442	0.017654	0.0943674	0.739202	1.80396	0.0960045
0.2805	1.02443	0.0176466	0.0944603	0.739202	1.80393	0.0960944
0.2815	1.02445	0.0176392	0.0945519	0.739201	1.80391	0.0961831
0.2825	1.02446	0.0176317	0.0946422	0.739201	1.80388	0.0962706
0.2835	1.02447	0.0176242	0.0947314	0.739201	1.80386	0.0963569
0.2845	1.02448	0.0176166	0.0948193	0.7392	1.80384	0.096442
0.2855	1.02449	0.017609	0.0949061	0.7392	1.80382	0.0965258
0.2865	1.02451	0.0176014	0.0949916	0.7392	1.8038	0.0966086
0.2875	1.02452	0.0175938	0.0950759	0.739199	1.80378	0.0966901
0.2885	1.02453	0.0175861	0.0951591	0.739199	1.80376	0.0967705
0.2895	1.02454	0.0175784	0.0952411	0.739198	1.80374	0.0968497
0.2905	1.02455	0.0175706	0.095322	0.739198	1.80372	0.0969279
0.2915	1.02456	0.0175628	0.0954017	0.739198	1.8037	0.0970049
0.2925	1.02456	0.017555	0.0954803	0.739197	1.80369	0.0970808
0.2935	1.02457	0.0175472	0.0955578	0.739197	1.80367	0.0971556
0.2945	1.02458	0.0175394	0.0956342	0.739196	1.80366	0.0972293
0.2955	1.02459	0.0175315	0.0957095	0.739196	1.80364	0.0973019
0.2965	1.0246	0.0175236	0.0957837	0.739195	1.80363	0.0973735
0.2975	1.0246	0.0175157	0.0958569	0.739194	1.80361	0.097444
0.2985	1.02461	0.0175077	0.095929	0.739194	1.8036	0.0975135
0.2995	1.02462	0.0174998	0.096	0.739193	1.80359	0.097582
0.3005	1.02462	0.0174918	0.09607	0.739193	1.80357	0.0976494
0.3015	1.02463	0.0174838	0.096139	0.739192	1.80356	0.0977158
0.3025	1.02463	0.0174758	0.0962069	0.739191	1.80355	0.0977813
0.3035	1.02464	0.0174677	0.0962739	0.739191	1.80354	0.0978457
0.3045	1.02464	0.0174597	0.0963398	0.73919	1.80353	0.0979092
0.3055	1.02465	0.0174516	0.0964048	0.739189	1.80352	0.0979717
0.3065	1.02465	0.0174435	0.0964688	0.739189	1.80351	0.0980332
0.3075	1.02466	0.0174355	0.0965318	0.739188	1.8035	0.0980938
0.3085	1.02466	0.0174274	0.0965939	0.739187	1.80349	0.0981535
0.3095	1.02467	0.0174193	0.0966551	0.739186	1.80348	0.0982122
0.3105	1.02467	0.0174111	0.0967153	0.739186	1.80347	0.09827
0.3115	1.02467	0.017403	0.0967746	0.739185	1.80346	0.0983269
0.3125	1.02468	0.0173949	0.096833	0.739184	1.80346	0.098383
0.3135	1.02468	0.0173867	0.0968905	0.739183	1.80345	0.0984381
0.3145	1.02468	0.0173785	0.0969471	0.739182	1.80344	0.0984924
0.3155	1.02469	0.0173704	0.0970028	0.739181	1.80343	0.0985458
0.3165	1.02469	0.0173622	0.0970577	0.73918	1.80343	0.0985984
0.3175	1.02469	0.017354	0.0971117	0.739179	1.80342	0.0986501
0.3185	1.02469	0.0173458	0.0971648	0.739178	1.80341	0.098701
0.3195	1.0247	0.0173376	0.0972171	0.739177	1.80341	0.098751
0.3205	1.0247	0.0173294	0.0972686	0.739176	1.8034	0.0988003
0.3215	1.0247	0.0173212	0.0973193	0.739175	1.80339	0.0988487
0.3225	1.0247	0.017313	0.0973692	0.739174	1.80339	0.0988964
0.3235	1.0247	0.0173048	0.0974182	0.739173	1.80338	0.0989432
0.3245	1.0247	0.0172965	0.0974665	0.739172	1.80338	0.0989893
0.3255	1.02471	0.0172883	0.097514	0.73917	1.80337	0.0990346
0.3265	1.02471	0.0172801	0.0975607	0.739169	1.80337	0.0990792
0.3275	1.02471	0.0172718	0.0976066	0.739168	1.80336	0.099123
0.3285	1.02471	0.0172636	0.0976519	0.739167	1.80336	0.0991661
0.3295	1.02471	0.0172554	0.0976963	0.739165	1.80335	0.0992085
0.3305	1.02471	0.0172471	0.0977401	0.739164	1.80335	0.0992501
0.3315	1.02471	0.0172389	0.0977831	0.739163	1.80335	0.099291
0.3325	1.02471	0.0172306	0.0978254	0.739161	1.80334	0.0993312
0.3335	1.02471	0.0172224	0.0978669	0.73916	1.80334	0.0993708
0.3345	1.02471	0.0172141	0.0979078	0.739159	1.80333	0.0994096
0.3355	1.02471	0.0172058	0.097948	0.739157	1.80333	0.0994478
0.3365	1.02471	0.0171976	0.0979876	0.739156	1.80333	0.0994853
0.3375	1.02471	0.0171893	0.0980264	0.739154	1.80332	0.0995221
0.3385	1.02471	0.0171811	0.0980646	0.739153	1.80332	0.0995583
0.3395	1.02471	0.0171728	0.0981022	0.739151	1.80332	0.0995939
0.3405	1.02471	0.0171645	0.0981391	0.73915	1.80331	0.0996288
0.3415	1.02471	0.0171563	0.0981753	0.739148	1.80331	0.0996631
0.3425	1.02471	0.017148	0.098211	0.739147	1.80331	0.0996968
0.3435	1.02471	0.0171397	0.098246	0.739145	1.8033	0.0997298
0.3445	1.02471	0.0171315	0.0982804	0.739143	1.8033	0.0997623
0.3455	1.02471	0.0171232	0.0983142	0.739141	1.8033	0.0997942
0.3465	1.02471	0.0171149	0.0983474	0.73914	1.80329	0.0998255
0.3475	1.02471	0.0171066	0.09838	0.739138	1.80329	0.0998562
0.3485	1.02471	0.0170984	0.098412	0.739136	1.80329	0.0998863
0.3495	1.02471	0.0170901	0.0984435	0.739134	1.80328	0.0999159
0.3505	1.02471	0.0170818	0.0984744	0.739132	1.80328	0.099945
0.3515	1.0247	0.0170735	0.0985048	0.739131	1.80328	0.0999735
0.3525	1.0247	0.0170652	0.0985346	0.739129	1.80327	0.100001
0.3535	1.0247	0.0170569	0.0985638	0.739127	1.80327	0.100029
0.3545	1.0247	0.0170487	0.0985926	0.739125	1.80327	0.100056
0.3555	1.0247	0.0170404	0.0986208	0.739123	1.80327	0.100082
0.3565	1.0247	0.0170321	0.0986485	0.739121	1.80327	0.100108
0.3575	1.0247	0.0170239	0.0986756	0.739119	1.80326	0.100133
0.3585	1.0247	0.0170156	0.0987023	0.739117	1.80326	0.100158
0.3595	1.02469	0.0170073	0.0987285	0.739115	1.80326	0.100183
0.3605	1.02469	0.016999	0.0987542	0.739113	1.80326	0.100207
0.3615	1.02469	0.0169907	0.0987794	0.73911	1.80325	0.10023
0.3625	1.02469	0.0169825	0.0988041	0.739108	1.80325	0.100253
0.3635	1.02469	0.0169742	0.0988284	0.739106	1.80325	0.100275
0.3645	1.02468	0.0169659	0.0988522	0.739104	1.80325	0.100298
0.3655	1.02468	0.0169576	0.0988755	0.739102	1.80324	0.100319
0.3665	1.02468	0.0169493	0.0988984	0.739099	1.80324	0.10034
0.3675	1.02468	0.016941	0.0989209	0.739097	1.80324	0.100361
0.3685	1.02468	0.0169328	0.0989429	0.739095	1.80324	0.100381
0.3695	1.02467	0.0169245	0.0989645	0.739092	1.80324	0.100401
0.3705	1.02467	0.0169162	0.0989857	0.73909	1.80323	0.100421
0.3715	1.02467	0.0169079	0.0990064	0.739087	1.80323	0.10044
0.3725	1.02467	0.0168996	0.0990268	0.739085	1.80323	0.100458
0.3735	1.02467	0.0168913	0.0990467	0.739082	1.80323	0.100477
0.3745	1.02466	0.016883	0.0990663	0.73908	1.80322	0.100495
0.3755	1.02466	0.0168747	0.0990854	0.739077	1.80322	0.100512
0.3765	1.02466	0.0168664	0.0991042	0.739075	1.80322	0.100529
0.3775	1.02466	0.0168581	0.0991226	0.739072	1.80322	0.100546
0.3785	1.02465	0.0168498	0.0991406	0.73907	1.80322	0.100562
0.3795	1.02465	0.0168415	0.0991582	0.739067	1.80321	0.100578
0.3805	1.02465	0.0168332	0.0991755	0.739064	1.80321	0.100594
0.3815	1.02465	0.0168249	0.0991924	0.739061	1.80321	0.100609
0.3825	1.02464	0.0168166	0.099209	0.739059	1.80321	0.100624
0.3835	1.02464	0.0168083	0.0992252	0.739056	1.80321	0.100639
0.3845	1.02464	0.0167999	0.0992411	0.739053	1.8032	0.100653
0.3855	1.02464	0.0167916	0.0992566	0.73905	1.8032	0.100667
0.3865	1.02463	0.0167833	0.0992719	0.739047	1.8032	0.100681
0.3875	1.02463	0.016775	0.0992867	0.739045	1.8032	0.100694
0.3885	1.02463	0.0167666	0.0993013	0.739042	1.80319	0.100707
0.3895	1.02463	0.0167583	0.0993156	0.739039	1.80319	0.10072
0.3905	1.02462	0.01675	0.0993295	0.739036	1.80319	0.100732
0.3915	1.02462	0.0167416	0.0993432	0.739033	1.80319	0.100744
0.3925	1.02462	0.0167333	0.0993565	0.73903	1.80319	0.100756
0.3935	1.02461	0.016725	0.0993695	0.739027	1.80318	0.100767
0.3945	1.02461	0.0167166	0.0993823	0.739023	1.80318	0.100778
0.3955	1.02461	0.0167082	0.0993948	0.73902	1.80318	0.100789
0.3965	1.0246	0.0166999	0.0994069	0.739017	1.80318	0.1008
0.3975	1.0246	0.0166915	0.0994189	0.739014	1.80317	0.10081
0.3985	1.0246	0.0166832	0.0994305	0.739011	1.80317	0.10082
0.3995	1.0246	0.0166748	0.0994419	0.739008	1.80317	0.10083
0.4005	1.02459	0.0166664	0.099453	0.739004	1.80317	0.10084
0.4015	1.02459	0.016658	0.0994638	0.739001	1.80316	0.100849
0.4025	1.02459	0.0166496	0.0994744	0.738998	1.80316	0.100858
0.4035	1.02458	0.0166412	0.0994847	0.738994	1.80316	0.100867
0.4045	1.02458	0.0166328	0.0994948	0.738991	1.80316	0.100876
0.4055	1.02458	0.0166244	0.0995047	0.738987	1.80316	0.100884
0.4065	1.02457	0.016616	0.0995143	0.738984	1.80315	0.100892
0.4075	1.02457	0.0166076	0.0995236	0.738981	1.80315	0.1009
0.4085	1.02457	0.0165992	0.0995328	0.738977	1.80315	0.100907
0.4095	1.02456	0.0165908	0.0995417	0.738973	1.80315	0.100915
0.4105	1.02456	0.0165823	0.0995504	0.73897	1.80314	0.100922
0.4115	1.02455	0.0165739	0.0995588	0.738966	1.80314	0.100929
0.4125	1.02455	0.0165655	0.0995671	0.738963	1.80314	0.100936
0.4135	1.02455	0.016557	0.0995751	0.738959	1.80314	0.100942
0.4145	1.02454	0.0165485	0.099583	0.738955	1.80313	0.100949
0.4155	1.02454	0.0165401	0.0995906	0.738952	1.80313	0.100955
0.4165	1.02454	0.0165316	0.099598	0.738948	1.80313	0.100961
0.4175	1.02453	0.0165231	0.0996052	0.738944	1.80312	0.100966
0.4185	1.02453	0.0165146	0.0996123	0.73894	1.80312	0.100972
0.4195	1.02453	0.0165061	0.0996191	0.738936	1.80312	0.100977
0.4205	1.02452	0.0164976	0.0996257	0.738933	1.80312	0.100982
0.4215	1.02452	0.0164891	0.0996322	0.738929	1.80311	0.100987
0.4225	1.02451	0.0164806	0.0996385	0.738925	1.80311	0.100992
0.4235	1.02451	0.0164721	0.0996446	0.738921	1.80311	0.100997
0.4245	1.02451	0.0164636	0.0996505	0.738917	1.80311	0.101001
0.4255	1.0245	0.016455	0.0996563	0.738913	1.8031	0.101006
0.4265	1.0245	0.0164465	0.0996618	0.738909	1.8031	0.10101
0.4275	1.02449	0.0164379	0.0996673	0.738905	1.8031	0.101014
0.4285	1.02449	0.0164293	0.0996725	0.738901	1.80309	0.101017
0.4295	1.02449	0.0164208	0.0996776	0.738896	1.80309	0.101021
0.4305	1.02448	0.0164122	0.0996825	0.738892	1.80309	0.101025
0.4315	1.02448	0.0164036	0.0996873	0.738888	1.80309	0.101028
0.4325	1.02447	0.016395	0.0996919	0.738884	1.80308	0.101031
0.4335	1.02447	0.0163863	0.0996964	0.73888	1.80308	0.101034
0.4345	1.02446	0.0163777	0.0997007	0.738875	1.80308	0.101037
0.4355	1.02446	0.0163691	0.0997049	0.738871	1.80307	0.10104
0.4365	1.02446	0.0163604	0.0997089	0.738867	1.80307	0.101042
0.4375	1.02445	0.0163518	0.0997128	0.738862	1.80307	0.101045
0.4385	1.02445	0.0163431	0.0997166	0.738858	1.80307	0.101047
0.4395	1.02444	0.0163344	0.0997202	0.738853	1.80306	0.101049
0.4405	1.02444	0.0163257	0.0997237	0.738849	1.80306	0.101051
0.4415	1.02443	0.016317	0.0997271	0.738844	1.80306	0.101053
0.4425	1.02443	0.0163083	0.0997303	0.73884	1.80305	0.101055
0.4435	1.02442	0.0162996	0.0997334	0.738835	1.80305	0.101057
0.4445	1.02442	0.0162909	0.0997364	0.738831	1.80305	0.101058
0.4455	1.02442	0.0162821	0.0997393	0.738826	1.80304	0.10106
0.4465	1.02441	0.0162734	0.099742	0.738821	1.80304	0.101061
0.4475	1.02441	0.0162646	0.0997447	0.738817	1.80304	0.101062
0.4485	1.0244	0.0162558	0.0997472	0.738812	1.80303	0.101063
0.4495	1.0244	0.016247	0.0997496	0.738807	1.80303	0.101064
0.4505	1.02439	0.0162382	0.0997519	0.738802	1.80303	0.101065
0.4515	1.02439	0.0162294	0.0997541	0.738798	1.80302	0.101066
0.4525	1.02438	0.0162206	0.0997562	0.738793	1.80302	0.101066
0.4535	1.02438	0.0162118	0.0997582	0.738788	1.80302	0.101067
0.4545	1.02437	0.0162029	0.09976	0.738783	1.80301	0.101067
0.4555	1.02437	0.016194	0.0997618	0.738778	1.80301	0.101068
0.4565	1.02436	0.0161851	0.0997635	0.738773	1.80301	0.101068
0.4575	1.02436	0.0161763	0.0997651	0.738768	1.803	0.101068
0.4585	1.02435	0.0161673	0.0997666	0.738763	1.803	0.101068
0.4595	1.02435	0.0161584	0.099768	0.738758	1.803	0.101068
0.4605	1.02434	0.0161495	0.0997693	0.738753	1.80299	0.101068
0.4615	1.02434	0.0161405	0.0997705	0.738748	1.80299	0.101068
0.4625	1.02433	0.0161316	0.0997717	0.738742	1.80299	0.101067
0.4635	1.02433	0.0161226	0.0997727	0.738737	1.80298	0.101067
0.4645	1.02432	0.0161136	0.0997737	0.738732	1.80298	0.101066
0.4655	1.02432	0.0161046	0.0997746	0.738727	1.80298	0.101066
0.4665	1.02431	0.0160956	0.0997754	0.738721	1.80297	0.101065
0.4675	1.02431	0.0160865	0.099776	0.738716	1.80297	0.101065
0.4685	1.0243	0.0160775	0.0997766	0.738711	1.80296	0.101064
0.4695	1.02429	0.0160684	0.0997772	0.738705	1.80296	0.101063
0.4705	1.02429	0.0160593	0.0997776	0.7387	1.80296	0.101062
0.4715	1.02428	0.0160502	0.0997779	0.738694	1.80295	0.101061
0.4725	1.02428	0.0160411	0.0997781	0.738689	1.80295	0.101059
0.4735	1.02427	0.016032	0.0997782	0.738683	1.80295	0.101058
0.4745	1.02427	0.0160228	0.0997781	0.738678	1.80294	0.101056
0.4755	1.02426	0.0160137	0.0997779	0.738672	1.80294	0.101055
0.4765	1.02426	0.0160045	0.0997776	0.738666	1.80294	0.101053
0.4775	1.02425	0.0159953	0.099777	0.738661	1.80293	0.101051
0.4785	1.02424	0.0159861	0.0997763	0.738655	1.80293	0.101049
0.4795	1.02424	0.0159769	0.0997754	0.738649	1.80292	0.101046
0.4805	1.02423	0.0159676	0.0997743	0.738643	1.80292	0.101044
0.4815	1.02422	0.0159584	0.099773	0.738637	1.80292	0.101041
0.4825	1.02422	0.0159491	0.0997715	0.738631	1.80291	0.101038
0.4835	1.02421	0.0159398	0.0997698	0.738624	1.80291	0.101035
0.4845	1.0242	0.0159305	0.099768	0.738618	1.80291	0.101032
0.4855	1.0242	0.0159212	0.099766	0.738612	1.8029	0.101028
0.4865	1.02419	0.0159118	0.0997639	0.738606	1.8029	0.101025
0.4875	1.02418	0.0159025	0.0997622	0.7386	1.8029	0.101022
0.4885	1.02418	0.0158932	0.099761	0.738595	1.8029	0.101019
0.4895	1.02417	0.0158841	0.0997605	0.73859	1.80289	0.101017
0.4905	1.02417	0.015875	0.0997607	0.738585	1.80289	0.101016
0.4915	1.02416	0.0158663	0.0997614	0.738577	1.80289	0.101015
0.4925	1.02414	0.0158581	0.0997626	0.738563	1.80288	0.101015
0.4935	1.02411	0.01585	0.0997646	0.738534	1.80287	0.101016
0.4945	1.02405	0.0158401	0.0997672	0.73847	1.80282	0.101017
0.4955	1.02389	0.0158262	0.099771	0.738319	1.80272	0.101018
0.4965	1.02351	0.0158019	0.099779	0.737941	1.80247	0.101022
0.4975	1.0225	0.0157553	0.0998034	0.73693	1.80178	0.101039
0.4985	1.01988	0.0155246	0.0998794	0.734305	1.79999	0.101079
0.4995	1.01157	0.0116643	0.0999602	0.725948	1.79412	0.100638
