x	rho	u	v	p	e	uMax
-0.4995	0.999717	0.000263413	-0.0999994	0.714003	1.78551	0.0999998
-0.4985	0.99955	0.000399623	-0.0999978	0.713838	1.7854	0.0999986
-0.4975	0.999522	0.000417575	-0.0999958	0.71381	1.78538	0.0999967
-0.4965	0.999526	0.000409474	-0.0999936	0.713815	1.78538	0.0999944
-0.4955	0.99954	0.000393355	-0.0999908	0.713829	1.78539	0.0999916
-0.4945	0.999554	0.00037743	-0.0999881	0.713844	1.78541	0.0999888
-0.4935	0.999568	0.000362257	-0.0999858	0.713858	1.78542	0.0999865
-0.4925	0.999581	0.000346996	-0.0999839	0.713872	1.78543	0.0999845
-0.4915	0.999595	0.000331482	-0.0999823	0.713886	1.78544	0.0999828
-0.4905	0.99961	0.000315678	-0.0999808	0.7139	1.78545	0.0999813
-0.4895	0.999625	0.000299601	-0.0999794	0.713915	1.78546	0.0999798
-0.4885	0.99964	0.000283259	-0.0999784	0.71393	1.78547	0.0999788
-0.4875	0.999656	0.000266659	-0.0999778	0.713946	1.78548	0.0999781
-0.4865	0.999672	0.000249812	-0.0999776	0.713962	1.78549	0.0999779
-0.4855	0.999688	0.000232735	-0.0999777	0.713978	1.7855	0.0999779
-0.4845	0.999705	0.000215438	-0.099978	0.713994	1.78551	0.0999782
-0.4835	0.999722	0.000197927	-0.0999786	0.71401	1.78552	0.0999788
-0.4825	0.999739	0.000180207	-0.0999793	0.714027	1.78553	0.0999795
-0.4815	0.999756	0.000162289	-0.0999802	0.714044	1.78555	0.0999803
-0.4805	0.999773	0.000144182	-0.0999811	0.714061	1.78556	0.0999812
-0.4795	0.999791	0.000125888	-0.0999822	0.714079	1.78557	0.0999823
-0.4785	0.999809	0.000107408	-0.0999834	0.714097	1.78558	0.0999835
-0.4775	0.999827	8.8746e-05	-0.0999847	0.714115	1.7856	0.0999847
-0.4765	0.999845	6.99123e-05	-0.099986	0.714133	1.78561	0.099986
-0.4755	0.999864	5.09159e-05	-0.0999873	0.714152	1.78562	0.0999873
-0.4745	0.999883	3.17623e-05	-0.0999885	0.714171	1.78564	0.0999885
-0.4735	0.999902	1.24552e-05	-0.0999896	0.71419	1.78565	0.0999896
-0.4725	0.999921	-7.00258e-06	-0.0999907	0.714209	1.78566	0.0999907
-0.4715	0.99994	-2.66074e-05	-0.0999918	0.714228	1.78568	0.0999918
-0.4705	0.99996	-4.63558e-05	-0.0999927	0.714248	1.78569	0.0999927
-0.4695	0.99998	-6.62439e-05	-0.0999936	0.714268	1.7857	0.0999936
-0.4685	1	-8.62675e-05	-0.0999944	0.714288	1.78572	0.0999944
-0.4675	1.00002	-0.000106422	-0.0999951	0.714308	1.78573	0.0999952
-0.4665	1.00004	-0.000126703	-0.0999958	0.714328	1.78575	0.0999958
-0.4655	1.00006	-0.000147104	-0.0999963	0.714349	1.78576	0.0999965
-0.4645	1.00008	-0.000167621	-0.0999969	0.714369	1.78578	0.099997
-0.4635	1.0001	-0.000188248	-0.0999973	0.71439	1.78579	0.0999975
-0.4625	1.00012	-0.000208979	-0.0999977	0.714411	1.78581	0.099998
-0.4615	1.00014	-0.000229809	-0.0999981	0.714432	1.78582	0.0999984
-0.4605	1.00017	-0.000250733	-0.0999984	0.714454	1.78584	0.0999987
-0.4595	1.00019	-0.000271747	-0.0999987	0.714475	1.78585	0.0999991
-0.4585	1.00021	-0.000292844	-0.0999989	0.714497	1.78587	0.0999993
-0.4575	1.00023	-0.000314021	-0.0999991	0.714518	1.78588	0.0999996
-0.4565	1.00025	-0.000335271	-0.0999993	0.71454	1.7859	0.0999998
-0.4555	1.00027	-0.00035659	-0.0999994	0.714562	1.78592	0.1
-0.4545	1.0003	-0.000377971	-0.0999996	0.714584	1.78593	0.1
-0.4535	1.00032	-0.000399411	-0.0999997	0.714607	1.78595	0.1
-0.4525	1.00034	-0.000420902	-0.0999997	0.714629	1.78596	0.100001
-0.4515	1.00036	-0.000442441	-0.0999998	0.714652	1.78598	0.100001
-0.4505	1.00039	-0.000464022	-0.0999999	0.714674	1.786	0.100001
-0.4495	1.00041	-0.00048564	-0.0999999	0.714697	1.78601	0.100001
-0.4485	1.00043	-0.000507292	-0.0999999	0.71472	1.78603	0.100001
-0.4475	1.00045	-0.000528971	-0.1	0.714742	1.78604	0.100001
-0.4465	1.00048	-0.000550674	-0.1	0.714765	1.78606	0.100002
-0.4455	1.0005	-0.000572396	-0.1	0.714788	1.78608	0.100002
-0.4445	1.00052	-0.000594133	-0.1	0.714812	1.78609	0.100002
-0.4435	1.00055	-0.000615879	-0.1	0.714835	1.78611	0.100002
-0.4425	1.00057	-0.000637628	-0.1	0.714858	1.78613	0.100002
-0.4415	1.00059	-0.000659371	-0.1	0.714881	1.78614	0.100002
-0.4405	1.00062	-0.0006811	-0.1	0.714905	1.78616	0.100002
-0.4395	1.00064	-0.00070281	-0.1	0.714928	1.78618	0.100003
-0.4385	1.00066	-0.000724495	-0.1	0.714952	1.78619	0.100003
-0.4375	1.00069	-0.000746148	-0.1	0.714975	1.78621	0.100003
-0.4365	1.00071	-0.000767763	-0.1	0.714999	1.78623	0.100003
-0.4355	1.00073	-0.000789336	-0.1	0.715022	1.78624	0.100003
-0.4345	1.00076	-0.000810862	-0.1	0.715046	1.78626	0.100003
-0.4335	1.00078	-0.000832336	-0.1	0.71507	1.78628	0.100004
-0.4325	1.00081	-0.000853756	-0.1	0.715093	1.78629	0.100004
-0.4315	1.00083	-0.00087512	-0.1	0.715117	1.78631	0.100004
-0.4305	1.00085	-0.000896426	-0.1	0.715141	1.78633	0.100004
-0.4295	1.00088	-0.000917672	-0.1	0.715164	1.78635	0.100004
-0.4285	1.0009	-0.000938858	-0.1	0.715188	1.78636	0.100004
-0.4275	1.00092	-0.000959985	-0.1	0.715212	1.78638	0.100005
-0.4265	1.00095	-0.000981052	-0.1	0.715235	1.7864	0.100005
-0.4255	1.00097	-0.00100206	-0.1	0.715259	1.78641	0.100005
-0.4245	1.00099	-0.00102301	-0.1	0.715283	1.78643	0.100005
-0.4235	1.00102	-0.0010439	-0.1	0.715307	1.78645	0.100006
-0.4225	1.00104	-0.00106473	-0.1	0.71533	1.78646	0.100006
-0.4215	1.00107	-0.0010855	-0.1	0.715354	1.78648	0.100006
-0.4205	1.00109	-0.00110621	-0.1	0.715378	1.7865	0.100006
-0.4195	1.00111	-0.00112685	-0.1	0.715402	1.78651	0.100006
-0.4185	1.00114	-0.00114742	-0.1	0.715426	1.78653	0.100007
-0.4175	1.00116	-0.00116792	-0.1	0.715449	1.78655	0.100007
-0.4165	1.00119	-0.00118834	-0.1	0.715473	1.78657	0.100007
-0.4155	1.00121	-0.00120867	-0.1	0.715497	1.78658	0.100007
-0.4145	1.00123	-0.00122891	-0.1	0.71552	1.7866	0.100008
-0.4135	1.00126	-0.00124905	-0.1	0.715544	1.78662	0.100008
-0.4125	1.00128	-0.00126909	-0.1	0.715568	1.78663	0.100008
-0.4115	1.0013	-0.00128902	-0.1	0.715591	1.78665	0.100008
-0.4105	1.00133	-0.00130882	-0.1	0.715614	1.78667	0.100009
-0.4095	1.00135	-0.0013285	-0.1	0.715638	1.78668	0.100009
-0.4085	1.00137	-0.00134805	-0.1	0.715661	1.7867	0.100009
-0.4075	1.0014	-0.00136747	-0.1	0.715684	1.78672	0.100009
-0.4065	1.00142	-0.00138674	-0.1	0.715708	1.78673	0.10001
-0.4055	1.00144	-0.00140587	-0.1	0.715731	1.78675	0.10001
-0.4045	1.00147	-0.00142486	-0.1	0.715754	1.78677	0.10001
-0.4035	1.00149	-0.0014437	-0.1	0.715777	1.78678	0.100011
-0.4025	1.00151	-0.0014624	-0.1	0.7158	1.7868	0.100011
-0.4015	1.00153	-0.00148096	-0.1	0.715823	1.78682	0.100011
-0.4005	1.00156	-0.00149937	-0.1	0.715846	1.78683	0.100011
-0.3995	1.00158	-0.00151765	-0.1	0.715869	1.78685	0.100012
-0.3985	1.0016	-0.00153578	-0.1	0.715892	1.78686	0.100012
-0.3975	1.00163	-0.00155377	-0.1	0.715914	1.78688	0.100012
-0.3965	1.00165	-0.00157162	-0.1	0.715937	1.7869	0.100012
-0.3955	1.00167	-0.00158933	-0.1	0.715959	1.78691	0.100013
-0.3945	1.00169	-0.00160689	-0.1	0.715982	1.78693	0.100013
-0.3935	1.00172	-0.00162431	-0.1	0.716004	1.78694	0.100013
-0.3925	1.00174	-0.00164158	-0.1	0.716027	1.78696	0.100014
-0.3915	1.00176	-0.0016587	-0.1	0.716049	1.78698	0.100014
-0.3905	1.00178	-0.00167567	-0.1	0.716071	1.78699	0.100014
-0.3895	1.0018	-0.00169249	-0.1	0.716093	1.78701	0.100014
-0.3885	1.00183	-0.00170916	-0.1	0.716115	1.78702	0.100015
-0.3875	1.00185	-0.00172567	-0.1	0.716137	1.78704	0.100015
-0.3865	1.00187	-0.00174203	-0.1	0.716159	1.78705	0.100015
-0.3855	1.00189	-0.00175823	-0.1	0.71618	1.78707	0.100016
-0.3845	1.00191	-0.00177427	-0.1	0.716202	1.78709	0.100016
-0.3835	1.00193	-0.00179015	-0.1	0.716223	1.7871	0.100016
-0.3825	1.00196	-0.00180587	-0.1	0.716245	1.78712	0.100016
-0.3815	1.00198	-0.00182142	-0.1	0.716266	1.78713	0.100017
-0.3805	1.002	-0.00183681	-0.1	0.716287	1.78715	0.100017
-0.3795	1.00202	-0.00185203	-0.1	0.716308	1.78716	0.100017
-0.3785	1.00204	-0.00186709	-0.1	0.716329	1.78718	0.100017
-0.3775	1.00206	-0.00188196	-0.1	0.71635	1.78719	0.100018
-0.3765	1.00208	-0.00189667	-0.1	0.71637	1.78721	0.100018
-0.3755	1.0021	-0.0019112	-0.1	0.716391	1.78722	0.100018
-0.3745	1.00212	-0.00192555	-0.1	0.716412	1.78723	0.100019
-0.3735	1.00214	-0.00193971	-0.1	0.716432	1.78725	0.100019
-0.3725	1.00216	-0.0019537	-0.1	0.716452	1.78726	0.100019
-0.3715	1.00218	-0.0019675	-0.1	0.716472	1.78728	0.100019
-0.3705	1.0022	-0.00198112	-0.1	0.716492	1.78729	0.10002
-0.3695	1.00222	-0.00199455	-0.1	0.716512	1.78731	0.10002
-0.3685	1.00224	-0.00200781	-0.1	0.716532	1.78732	0.10002
-0.3675	1.00226	-0.00202088	-0.1	0.716551	1.78733	0.10002
-0.3665	1.00228	-0.00203378	-0.1	0.716571	1.78735	0.100021
-0.3655	1.0023	-0.00204649	-0.1	0.71659	1.78736	0.100021
-0.3645	1.00232	-0.00205904	-0.1	0.71661	1.78738	0.100021
-0.3635	1.00234	-0.00207141	-0.1	0.716629	1.78739	0.100022
-0.3625	1.00236	-0.00208361	-0.1	0.716648	1.7874	0.100022
-0.3615	1.00238	-0.00209565	-0.1	0.716667	1.78742	0.100022
-0.3605	1.0024	-0.00210752	-0.1	0.716686	1.78743	0.100022
-0.3595	1.00242	-0.00211922	-0.1	0.716704	1.78744	0.100023
-0.3585	1.00243	-0.00213076	-0.1	0.716723	1.78746	0.100023
-0.3575	1.00245	-0.00214214	-0.1	0.716741	1.78747	0.100023
-0.3565	1.00247	-0.00215335	-0.1	0.71676	1.78748	0.100023
-0.3555	1.00249	-0.00216439	-0.1	0.716778	1.7875	0.100023
-0.3545	1.00251	-0.00217527	-0.1	0.716796	1.78751	0.100024
-0.3535	1.00253	-0.00218598	-0.1	0.716814	1.78752	0.100024
-0.3525	1.00254	-0.00219652	-0.1	0.716832	1.78753	0.100024
-0.3515	1.00256	-0.00220689	-0.1	0.71685	1.78755	0.100024
-0.3505	1.00258	-0.00221709	-0.1	0.716868	1.78756	0.100025
-0.3495	1.0026	-0.00222711	-0.1	0.716885	1.78757	0.100025
-0.3485	1.00261	-0.00223695	-0.1	0.716902	1.78758	0.100025
-0.3475	1.00263	-0.00224662	-0.1	0.71692	1.7876	0.100025
-0.3465	1.00265	-0.00225611	-0.1	0.716937	1.78761	0.100025
-0.3455	1.00266	-0.00226542	-0.1	0.716954	1.78762	0.100026
-0.3445	1.00268	-0.00227455	-0.1	0.716971	1.78763	0.100026
-0.3435	1.0027	-0.00228349	-0.1	0.716988	1.78765	0.100026
-0.3425	1.00271	-0.00229226	-0.1	0.717004	1.78766	0.100026
-0.3415	1.00273	-0.00230084	-0.1	0.717021	1.78767	0.100027
-0.3405	1.00275	-0.00230923	-0.1	0.717037	1.78768	0.100027
-0.3395	1.00276	-0.00231744	-0.1	0.717053	1.78769	0.100027
-0.3385	1.00278	-0.00232547	-0.1	0.717069	1.7877	0.100027
-0.3375	1.0028	-0.00233332	-0.1	0.717085	1.78771	0.100027
-0.3365	1.00281	-0.00234098	-0.1	0.717101	1.78773	0.100027
-0.3355	1.00283	-0.00234846	-0.1	0.717117	1.78774	0.100028
-0.3345	1.00284	-0.00235576	-0.1	0.717132	1.78775	0.100028
-0.3335	1.00286	-0.0023629	-0.1	0.717148	1.78776	0.100028
-0.3325	1.00287	-0.00236986	-0.1	0.717163	1.78777	0.100028
-0.3315	1.00289	-0.00237665	-0.1	0.717178	1.78778	0.100028
-0.3305	1.0029	-0.00238328	-0.1	0.717194	1.78779	0.100028
-0.3295	1.00292	-0.00238976	-0.1	0.717208	1.7878	0.100029
-0.3285	1.00293	-0.00239608	-0.1	0.717223	1.78781	0.100029
-0.3275	1.00295	-0.00240225	-0.1	0.717238	1.78782	0.100029
-0.3265	1.00296	-0.00240827	-0.1	0.717253	1.78783	0.100029
-0.3255	1.00298	-0.00241413	-0.1	0.717267	1.78784	0.100029
-0.3245	1.00299	-0.00241985	-0.1	0.717282	1.78785	0.100029
-0.3235	1.00301	-0.00242541	-0.1	0.717296	1.78787	0.100029
-0.3225	1.00302	-0.00243081	-0.1	0.71731	1.78788	0.10003
-0.3215	1.00303	-0.00243604	-0.1	0.717324	1.78789	0.10003
-0.3205	1.00305	-0.00244109	-0.1	0.717338	1.7879	0.10003
-0.3195	1.00306	-0.00244596	-0.1	0.717352	1.78791	0.10003
-0.3185	1.00308	-0.00245063	-0.1	0.717366	1.78791	0.10003
-0.3175	1.00309	-0.0024551	-0.1	0.717379	1.78792	0.10003
-0.3165	1.0031	-0.00245936	-0.1	0.717393	1.78793	0.10003
-0.3155	1.00312	-0.0024634	-0.1	0.717406	1.78794	0.10003
-0.3145	1.00313	-0.00246721	-0.1	0.717419	1.78795	0.10003
-0.3135	1.00314	-0.00247079	-0.1	0.717431	1.78796	0.100031
-0.3125	1.00315	-0.00247415	-0.1	0.717444	1.78797	0.100031
-0.3115	1.00317	-0.00247729	-0.1	0.717456	1.78798	0.100031
-0.3105	1.00318	-0.00248021	-0.1	0.717469	1.78799	0.100031
-0.3095	1.00319	-0.00248293	-0.1	0.717481	1.788	0.100031
-0.3085	1.0032	-0.00248547	-0.1	0.717492	1.788	0.100031
-0.3075	1.00321	-0.00248785	-0.1	0.717504	1.78801	0.100031
-0.3065	1.00323	-0.00249007	-0.1	0.717516	1.78802	0.100031
-0.3055	1.00324	-0.00249217	-0.1	0.717527	1.78803	0.100031
-0.3045	1.00325	-0.00249415	-0.1	0.717539	1.78804	0.100031
-0.3035	1.00326	-0.00249603	-0.1	0.71755	1.78805	0.100031
-0.3025	1.00327	-0.00249781	-0.1	0.717561	1.78805	0.100031
-0.3015	1.00328	-0.0024995	-0.1	0.717572	1.78806	0.100031
-0.3005	1.00329	-0.0025011	-0.1	0.717584	1.78807	0.100031
-0.2995	1.0033	-0.00250261	-0.1	0.717595	1.78808	0.100031
-0.2985	1.00332	-0.00250401	-0.1	0.717606	1.78809	0.100031
-0.2975	1.00333	-0.0025053	-0.1	0.717617	1.78809	0.100031
-0.2965	1.00334	-0.00250647	-0.1	0.717627	1.7881	0.100031
-0.2955	1.00335	-0.00250752	-0.1	0.717638	1.78811	0.100031
-0.2945	1.00336	-0.00250842	-0.1	0.717649	1.78812	0.100031
-0.2935	1.00337	-0.00250917	-0.1	0.717659	1.78812	0.100031
-0.2925	1.00338	-0.00250976	-0.1	0.71767	1.78813	0.100031
-0.2915	1.00339	-0.00251019	-0.1	0.71768	1.78814	0.100032
-0.2905	1.0034	-0.00251045	-0.1	0.71769	1.78815	0.100032
-0.2895	1.00341	-0.00251052	-0.1	0.7177	1.78815	0.100032
-0.2885	1.00342	-0.00251045	-0.1	0.71771	1.78816	0.100032
-0.2875	1.00343	-0.00251017	-0.1	0.71772	1.78817	0.100032
-0.2865	1.00344	-0.00250962	-0.1	0.717729	1.78817	0.100031
-0.2855	1.00345	-0.00250885	-0.1	0.717738	1.78818	0.100031
-0.2845	1.00346	-0.00250788	-0.1	0.717747	1.78819	0.100031
-0.2835	1.00347	-0.00250674	-0.1	0.717756	1.78819	0.100031
-0.2825	1.00347	-0.00250545	-0.1	0.717765	1.7882	0.100031
-0.2815	1.00348	-0.00250403	-0.1	0.717773	1.7882	0.100031
-0.2805	1.00349	-0.00250249	-0.1	0.717782	1.78821	0.100031
-0.2795	1.0035	-0.00250087	-0.1	0.71779	1.78822	0.100031
-0.2785	1.00351	-0.00249916	-0.1	0.717798	1.78822	0.100031
-0.2775	1.00352	-0.0024974	-0.1	0.717807	1.78823	0.100031
-0.2765	1.00352	-0.00249557	-0.1	0.717815	1.78823	0.100031
-0.2755	1.00353	-0.00249369	-0.1	0.717823	1.78824	0.100031
-0.2745	1.00354	-0.00249173	-0.1	0.717831	1.78825	0.100031
-0.2735	1.00355	-0.0024897	-0.1	0.71784	1.78825	0.100031
-0.2725	1.00356	-0.00248757	-0.1	0.717848	1.78826	0.100031
-0.2715	1.00357	-0.00248532	-0.1	0.717856	1.78826	0.100031
-0.2705	1.00357	-0.00248292	-0.1	0.717863	1.78827	0.100031
-0.2695	1.00358	-0.00248036	-0.1	0.717871	1.78827	0.100031
-0.2685	1.00359	-0.0024776	-0.1	0.717879	1.78828	0.100031
-0.2675	1.0036	-0.00247463	-0.1	0.717886	1.78829	0.100031
-0.2665	1.0036	-0.00247144	-0.1	0.717893	1.78829	0.100031
-0.2655	1.00361	-0.00246801	-0.1	0.7179	1.7883	0.10003
-0.2645	1.00362	-0.00246436	-0.1	0.717906	1.7883	0.10003
-0.2635	1.00362	-0.00246049	-0.1	0.717913	1.7883	0.10003
-0.2625	1.00363	-0.00245642	-0.1	0.717919	1.78831	0.10003
-0.2615	1.00363	-0.00245217	-0.1	0.717925	1.78831	0.10003
-0.2605	1.00364	-0.00244778	-0.1	0.717931	1.78832	0.10003
-0.2595	1.00365	-0.00244327	-0.1	0.717937	1.78832	0.10003
-0.2585	1.00365	-0.00243867	-0.1	0.717943	1.78833	0.10003
-0.2575	1.00366	-0.00243403	-0.1	0.717948	1.78833	0.10003
-0.2565	1.00366	-0.00242936	-0.1	0.717954	1.78833	0.100029
-0.2555	1.00367	-0.00242468	-0.1	0.71796	1.78834	0.100029
-0.2545	1.00367	-0.00242001	-0.1	0.717965	1.78834	0.100029
-0.2535	1.00368	-0.00241535	-0.1	0.717971	1.78835	0.100029
-0.2525	1.00369	-0.00241069	-0.1	0.717977	1.78835	0.100029
-0.2515	1.00369	-0.00240603	-0.1	0.717982	1.78835	0.100029
-0.2505	1.0037	-0.00240134	-0.1	0.717988	1.78836	0.100029
-0.2495	1.0037	-0.0023966	-0.1	0.717994	1.78836	0.100029
-0.2485	1.00371	-0.00239176	-0.1	0.717999	1.78837	0.100029
-0.2475	1.00371	-0.0023868	-0.1	0.718005	1.78837	0.100028
-0.2465	1.00372	-0.00238167	-0.1	0.71801	1.78837	0.100028
-0.2455	1.00372	-0.00237637	-0.1	0.718015	1.78838	0.100028
-0.2445	1.00373	-0.00237085	-0.1	0.71802	1.78838	0.100028
-0.2435	1.00373	-0.00236511	-0.1	0.718025	1.78838	0.100028
-0.2425	1.00374	-0.00235914	-0.1	0.718029	1.78839	0.100028
-0.2415	1.00374	-0.00235296	-0.1	0.718033	1.78839	0.100028
-0.2405	1.00375	-0.00234658	-0.1	0.718038	1.78839	0.100028
-0.2395	1.00375	-0.00234002	-0.1	0.718041	1.7884	0.100027
-0.2385	1.00375	-0.00233334	-0.1	0.718045	1.7884	0.100027
-0.2375	1.00376	-0.00232656	-0.1	0.718049	1.7884	0.100027
-0.2365	1.00376	-0.00231972	-0.1	0.718052	1.7884	0.100027
-0.2355	1.00377	-0.00231287	-0.1	0.718056	1.78841	0.100027
-0.2345	1.00377	-0.00230604	-0.1	0.718059	1.78841	0.100027
-0.2335	1.00377	-0.00229925	-0.1	0.718063	1.78841	0.100026
-0.2325	1.00378	-0.00229253	-0.1	0.718067	1.78841	0.100026
-0.2315	1.00378	-0.00228588	-0.1	0.71807	1.78842	0.100026
-0.2305	1.00378	-0.00227929	-0.1	0.718074	1.78842	0.100026
-0.2295	1.00379	-0.00227274	-0.1	0.718078	1.78842	0.100026
-0.2285	1.00379	-0.00226622	-0.1	0.718082	1.78842	0.100026
-0.2275	1.00379	-0.00225967	-0.1	0.718086	1.78843	0.100026
-0.2265	1.0038	-0.00225306	-0.1	0.718089	1.78843	0.100025
-0.2255	1.0038	-0.00224634	-0.1	0.718093	1.78843	0.100025
-0.2245	1.00381	-0.00223947	-0.1	0.718097	1.78844	0.100025
-0.2235	1.00381	-0.00223239	-0.1	0.7181	1.78844	0.100025
-0.2225	1.00381	-0.00222509	-0.1	0.718103	1.78844	0.100025
-0.2215	1.00381	-0.00221754	-0.1	0.718106	1.78844	0.100025
-0.2205	1.00382	-0.00220972	-0.1	0.718108	1.78844	0.100024
-0.2195	1.00382	-0.00220164	-0.1	0.718111	1.78845	0.100024
-0.2185	1.00382	-0.00219333	-0.1	0.718113	1.78845	0.100024
-0.2175	1.00382	-0.00218481	-0.1	0.718115	1.78845	0.100024
-0.2165	1.00383	-0.00217612	-0.1	0.718116	1.78845	0.100024
-0.2155	1.00383	-0.00216733	-0.1	0.718118	1.78845	0.100023
-0.2145	1.00383	-0.00215848	-0.1	0.718119	1.78845	0.100023
-0.2135	1.00383	-0.00214961	-0.1	0.71812	1.78845	0.100023
-0.2125	1.00383	-0.00214079	-0.1	0.718122	1.78845	0.100023
-0.2115	1.00383	-0.00213206	-0.1	0.718123	1.78845	0.100023
-0.2105	1.00383	-0.00212343	-0.1	0.718125	1.78846	0.100023
-0.2095	1.00384	-0.00211494	-0.1	0.718127	1.78846	0.100022
-0.2085	1.00384	-0.00210658	-0.1	0.718129	1.78846	0.100022
-0.2075	1.00384	-0.00209835	-0.1	0.71813	1.78846	0.100022
-0.2065	1.00384	-0.00209022	-0.1	0.718132	1.78846	0.100022
-0.2055	1.00384	-0.00208216	-0.1	0.718135	1.78846	0.100022
-0.2045	1.00385	-0.00207412	-0.1	0.718137	1.78846	0.100021
-0.2035	1.00385	-0.00206605	-0.1	0.718139	1.78847	0.100021
-0.2025	1.00385	-0.00205791	-0.1	0.718141	1.78847	0.100021
-0.2015	1.00385	-0.00204964	-0.1	0.718143	1.78847	0.100021
-0.2005	1.00385	-0.00204122	-0.1	0.718144	1.78847	0.100021
-0.1995	1.00385	-0.0020326	-0.1	0.718146	1.78847	0.100021
-0.1985	1.00386	-0.00202376	-0.1	0.718147	1.78847	0.10002
-0.1975	1.00386	-0.00201471	-0.1	0.718148	1.78847	0.10002
-0.1965	1.00386	-0.00200544	-0.1	0.718149	1.78847	0.10002
-0.1955	1.00386	-0.00199597	-0.1	0.71815	1.78847	0.10002
-0.1945	1.00386	-0.00198633	-0.1	0.71815	1.78847	0.10002
-0.1935	1.00386	-0.00197655	-0.1	0.71815	1.78847	0.10002
-0.1925	1.00386	-0.00196668	-0.1	0.71815	1.78847	0.100019
-0.1915	1.00386	-0.00195676	-0.1	0.71815	1.78847	0.100019
-0.1905	1.00386	-0.00194681	-0.1	0.71815	1.78847	0.100019
-0.1895	1.00386	-0.00193689	-0.1	0.71815	1.78847	0.100019
-0.1885	1.00386	-0.00192701	-0.1	0.71815	1.78847	0.100019
-0.1875	1.00386	-0.00191719	-0.1	0.71815	1.78847	0.100018
-0.1865	1.00386	-0.00190745	-0.1	0.718151	1.78847	0.100018
-0.1855	1.00386	-0.00189777	-0.1	0.718151	1.78847	0.100018
-0.1845	1.00386	-0.00188812	-0.1	0.718151	1.78847	0.100018
-0.1835	1.00386	-0.00187848	-0.1	0.718151	1.78847	0.100018
-0.1825	1.00386	-0.00186884	-0.1	0.718151	1.78847	0.100017
-0.1815	1.00386	-0.00185919	-0.1	0.718151	1.78847	0.100017
-0.1805	1.00386	-0.00184951	-0.1	0.718151	1.78847	0.100017
-0.1795	1.00386	-0.00183975	-0.1	0.718151	1.78847	0.100017
-0.1785	1.00386	-0.00182986	-0.1	0.718151	1.78847	0.100017
-0.1775	1.00386	-0.00181983	-0.1	0.718151	1.78847	0.100017
-0.1765	1.00386	-0.00180965	-0.1	0.71815	1.78847	0.100016
-0.1755	1.00386	-0.00179933	-0.1	0.718149	1.78847	0.100016
-0.1745	1.00386	-0.00178889	-0.1	0.718148	1.78847	0.100016
-0.1735	1.00386	-0.00177835	-0.1	0.718147	1.78847	0.100016
-0.1725	1.00386	-0.00176774	-0.1	0.718146	1.78847	0.100016
-0.1715	1.00385	-0.00175713	-0.1	0.718145	1.78847	0.100015
-0.1705	1.00385	-0.00174657	-0.1	0.718144	1.78847	0.100015
-0.1695	1.00385	-0.00173607	-0.1	0.718143	1.78847	0.100015
-0.1685	1.00385	-0.00172565	-0.1	0.718142	1.78847	0.100015
-0.1675	1.00385	-0.00171531	-0.1	0.718141	1.78847	0.100015
-0.1665	1.00385	-0.00170504	-0.1	0.71814	1.78847	0.100015
-0.1655	1.00385	-0.00169482	-0.1	0.718139	1.78847	0.100014
-0.1645	1.00385	-0.00168464	-0.1	0.718138	1.78846	0.100014
-0.1635	1.00385	-0.00167448	-0.1	0.718137	1.78846	0.100014
-0.1625	1.00384	-0.00166434	-0.1	0.718136	1.78846	0.100014
-0.1615	1.00384	-0.00165417	-0.1	0.718135	1.78846	0.100014
-0.1605	1.00384	-0.00164398	-0.1	0.718134	1.78846	0.100013
-0.1595	1.00384	-0.00163371	-0.1	0.718133	1.78846	0.100013
-0.1585	1.00384	-0.00162336	-0.1	0.718131	1.78846	0.100013
-0.1575	1.00384	-0.0016129	-0.1	0.71813	1.78846	0.100013
-0.1565	1.00384	-0.00160232	-0.1	0.718128	1.78846	0.100013
-0.1555	1.00384	-0.00159163	-0.1	0.718126	1.78846	0.100013
-0.1545	1.00383	-0.00158085	-0.1	0.718125	1.78846	0.100012
-0.1535	1.00383	-0.00157003	-0.1	0.718123	1.78845	0.100012
-0.1525	1.00383	-0.00155927	-0.1	0.718121	1.78845	0.100012
-0.1515	1.00383	-0.0015486	-0.1	0.718119	1.78845	0.100012
-0.1505	1.00383	-0.00153804	-0.1	0.718117	1.78845	0.100012
-0.1495	1.00382	-0.00152761	-0.1	0.718115	1.78845	0.100012
-0.1485	1.00382	-0.0015173	-0.1	0.718113	1.78845	0.100011
-0.1475	1.00382	-0.00150709	-0.1	0.718112	1.78845	0.100011
-0.1465	1.00382	-0.00149696	-0.1	0.71811	1.78845	0.100011
-0.1455	1.00382	-0.00148687	-0.1	0.718109	1.78844	0.100011
-0.1445	1.00382	-0.0014768	-0.1	0.718107	1.78844	0.100011
-0.1435	1.00381	-0.00146671	-0.1	0.718106	1.78844	0.100011
-0.1425	1.00381	-0.00145656	-0.1	0.718104	1.78844	0.100011
-0.1415	1.00381	-0.00144628	-0.1	0.718102	1.78844	0.10001
-0.1405	1.00381	-0.00143582	-0.1	0.7181	1.78844	0.10001
-0.1395	1.00381	-0.00142514	-0.1	0.718098	1.78844	0.10001
-0.1385	1.0038	-0.00141419	-0.1	0.718095	1.78843	0.10001
-0.1375	1.0038	-0.00140299	-0.1	0.718092	1.78843	0.10001
-0.1365	1.0038	-0.00139154	-0.1	0.718089	1.78843	0.10001
-0.1355	1.00379	-0.00137992	-0.1	0.718086	1.78843	0.100009
-0.1345	1.00379	-0.00136833	-0.1	0.718082	1.78843	0.100009
-0.1335	1.00379	-0.00135693	-0.1	0.718079	1.78842	0.100009
-0.1325	1.00378	-0.00134583	-0.1	0.718075	1.78842	0.100009
-0.1315	1.00378	-0.00133513	-0.1	0.718073	1.78842	0.100009
-0.1305	1.00378	-0.00132492	-0.1	0.71807	1.78842	0.100009
-0.1295	1.00378	-0.00131524	-0.1	0.718068	1.78842	0.100009
-0.1285	1.00378	-0.00130611	-0.1	0.718067	1.78841	0.100009
-0.1275	1.00378	-0.00129752	-0.1	0.718066	1.78841	0.100008
-0.1265	1.00377	-0.00128936	-0.1	0.718066	1.78841	0.100008
-0.1255	1.00377	-0.00128154	-0.1	0.718066	1.78841	0.100008
-0.1245	1.00377	-0.00127401	-0.1	0.718066	1.78841	0.100008
-0.1235	1.00377	-0.00126671	-0.1	0.718066	1.78841	0.100008
-0.1225	1.00378	-0.0012595	-0.1	0.718066	1.78841	0.100008
-0.1215	1.00378	-0.00125229	-0.1	0.718067	1.78841	0.100008
-0.1205	1.00378	-0.00124502	-0.1	0.718067	1.78841	0.100008
-0.1195	1.00378	-0.00123763	-0.1	0.718067	1.78841	0.100008
-0.1185	1.00378	-0.00122989	-0.1	0.718067	1.78841	0.100008
-0.1175	1.00377	-0.00122159	-0.1	0.718066	1.78841	0.100007
-0.1165	1.00377	-0.00121265	-0.1	0.718064	1.78841	0.100007
-0.1155	1.00377	-0.00120308	-0.1	0.718062	1.78841	0.100007
-0.1145	1.00377	-0.001193	-0.0999999	0.718059	1.78841	0.100007
-0.1135	1.00376	-0.0011827	-0.0999999	0.718056	1.78841	0.100007
-0.1125	1.00376	-0.00117261	-0.0999999	0.718053	1.7884	0.100007
-0.1115	1.00376	-0.00116303	-0.0999998	0.71805	1.7884	0.100007
-0.1105	1.00376	-0.00115415	-0.0999998	0.718048	1.7884	0.100006
-0.1095	1.00376	-0.00114601	-0.0999997	0.718046	1.7884	0.100006
-0.1085	1.00375	-0.00113853	-0.0999996	0.718046	1.7884	0.100006
-0.1075	1.00375	-0.0011316	-0.0999995	0.718045	1.7884	0.100006
-0.1065	1.00375	-0.00112537	-0.0999994	0.718046	1.7884	0.100006
-0.1055	1.00376	-0.00111992	-0.0999992	0.718047	1.7884	0.100005
-0.1045	1.00376	-0.00111517	-0.099999	0.718048	1.7884	0.100005
-0.1035	1.00376	-0.00111101	-0.0999987	0.71805	1.7884	0.100005
-0.1025	1.00376	-0.00110726	-0.0999984	0.718053	1.7884	0.100005
-0.1015	1.00376	-0.0011037	-0.0999981	0.718055	1.78841	0.100004
-0.1005	1.00377	-0.00110013	-0.0999976	0.718058	1.78841	0.100004
-0.0995	1.00377	-0.00109636	-0.0999971	0.718061	1.78841	0.100003
-0.0985	1.00377	-0.00109217	-0.0999965	0.718063	1.78841	0.100002
-0.0975	1.00377	-0.00108744	-0.0999958	0.718064	1.78841	0.100002
-0.0965	1.00377	-0.00108222	-0.099995	0.718064	1.78841	0.100001
-0.0955	1.00377	-0.00107637	-0.099994	0.718064	1.78841	0.0999998
-0.0945	1.00377	-0.0010694	-0.0999928	0.718063	1.78841	0.0999985
-0.0935	1.00377	-0.00106091	-0.0999915	0.718061	1.78841	0.0999971
-0.0925	1.00377	-0.00105087	-0.09999	0.718056	1.78841	0.0999955
-0.0915	1.00376	-0.00103947	-0.0999882	0.718051	1.7884	0.0999936
-0.0905	1.00375	-0.00102703	-0.0999862	0.718044	1.7884	0.0999915
-0.0895	1.00375	-0.00101417	-0.0999839	0.718036	1.78839	0.099989
-0.0885	1.00374	-0.00100167	-0.0999813	0.718028	1.78839	0.0999863
-0.0875	1.00373	-0.000990014	-0.0999783	0.718022	1.78838	0.0999832
-0.0865	1.00372	-0.000979458	-0.0999749	0.718016	1.78838	0.0999797
-0.0855	1.00372	-0.000970137	-0.0999711	0.718011	1.78838	0.0999758
-0.0845	1.00372	-0.000962076	-0.0999667	0.718007	1.78837	0.0999714
-0.0835	1.00371	-0.000955189	-0.0999618	0.718005	1.78837	0.0999663
-0.0825	1.00371	-0.000949305	-0.0999562	0.718003	1.78837	0.0999607
-0.0815	1.00371	-0.000944223	-0.0999498	0.718002	1.78837	0.0999543
-0.0805	1.00371	-0.000939742	-0.0999426	0.718001	1.78837	0.0999471
-0.0795	1.00371	-0.000935628	-0.0999346	0.718	1.78837	0.099939
-0.0785	1.0037	-0.000931634	-0.0999257	0.718	1.78838	0.09993
-0.0775	1.0037	-0.000927537	-0.0999158	0.717999	1.78838	0.0999201
-0.0765	1.0037	-0.000923075	-0.0999052	0.717998	1.78838	0.0999095
-0.0755	1.0037	-0.000917952	-0.0998939	0.717997	1.78838	0.0998981
-0.0745	1.00369	-0.000911914	-0.0998818	0.717995	1.78838	0.0998859
-0.0735	1.00369	-0.00090475	-0.0998689	0.717992	1.78839	0.099873
-0.0725	1.00368	-0.000896299	-0.0998551	0.717987	1.78839	0.0998591
-0.0715	1.00367	-0.000886481	-0.0998404	0.717981	1.78838	0.0998444
-0.0705	1.00366	-0.000875357	-0.0998248	0.717974	1.78838	0.0998286
-0.0695	1.00365	-0.000863101	-0.0998081	0.717965	1.78838	0.0998119
-0.0685	1.00364	-0.000849801	-0.09979	0.717954	1.78837	0.0997936
-0.0675	1.00363	-0.000835036	-0.0997691	0.717942	1.78837	0.0997726
-0.0665	1.00361	-0.000818463	-0.0997428	0.717928	1.78837	0.0997462
-0.0655	1.00357	-0.000803267	-0.099705	0.717907	1.78838	0.0997083
-0.0645	1.0035	-0.000794816	-0.0996421	0.717866	1.7884	0.0996453
-0.0635	1.00332	-0.00079595	-0.0995277	0.717773	1.7885	0.0995309
-0.0625	1.00278	-0.000801247	-0.0993194	0.717613	1.78906	0.0993226
-0.0615	1.00129	-0.000760961	-0.0990124	0.717495	1.79142	0.0990153
-0.0605	0.997342	-0.000436748	-0.0986574	0.717366	1.79819	0.0986584
-0.0595	0.988172	0.000109247	-0.0983866	0.716818	1.8135	0.0983867
-0.0585	0.97159	0.000537727	-0.0982591	0.716177	1.8428	0.0982606
-0.0575	0.947297	0.00110102	-0.0982525	0.716182	1.89007	0.0982587
-0.0565	0.916939	0.00208611	-0.0983711	0.716499	1.95351	0.0983932
-0.0555	0.884518	0.00340814	-0.0985881	0.716586	2.02536	0.098647
-0.0545	0.853944	0.00479429	-0.0988281	0.716662	2.09809	0.0989443
-0.0535	0.826916	0.00629129	-0.099037	0.716878	2.16732	0.0992367
-0.0525	0.803815	0.00784738	-0.0992072	0.716956	2.22985	0.0995171
-0.0515	0.784609	0.00932855	-0.099331	0.716894	2.28424	0.0997681
-0.0505	0.768995	0.0106543	-0.0994058	0.716762	2.33019	0.0999751
-0.0495	0.756557	0.0117818	-0.0994326	0.716607	2.36799	0.100128
-0.0485	0.746864	0.0126849	-0.0994156	0.716442	2.39817	0.100222
-0.0475	0.739529	0.0133465	-0.0993615	0.716253	2.42131	0.100254
-0.0465	0.734277	0.0138128	-0.0992789	0.716093	2.43809	0.100235
-0.0455	0.730986	0.0142384	-0.0991789	0.716163	2.4493	0.100196
-0.0445	0.729488	0.0148493	-0.0990842	0.71649	2.45545	0.100191
-0.0435	0.729208	0.0154605	-0.0990277	0.716365	2.45597	0.100227
-0.0425	0.729958	0.0156173	-0.0989396	0.715603	2.45084	0.100165
-0.0415	0.732378	0.0152898	-0.0987214	0.71533	2.44181	0.0998984
-0.0405	0.736407	0.0148501	-0.0983816	0.715509	2.42905	0.099496
-0.0395	0.74164	0.0144615	-0.097943	0.715561	2.41209	0.0990049
-0.0385	0.748072	0.014046	-0.097395	0.715546	2.3913	0.0984026
-0.0375	0.755701	0.0135743	-0.096706	0.715539	2.36714	0.0976541
-0.0365	0.764478	0.0130473	-0.0958523	0.715552	2.34	0.0967363
-0.0355	0.774327	0.0124771	-0.0948333	0.715581	2.31033	0.0956506
-0.0345	0.785164	0.0118754	-0.093658	0.715618	2.27856	0.0944079
-0.0335	0.796908	0.0112538	-0.0923463	0.71566	2.24511	0.0930295
-0.0325	0.809485	0.0106258	-0.0909309	0.715705	2.21037	0.0915496
-0.0315	0.822824	0.0100027	-0.0894385	0.71575	2.17467	0.0899961
-0.0305	0.836833	0.00938638	-0.0878485	0.715793	2.1384	0.0883485
-0.0295	0.851379	0.00878053	-0.0860889	0.715843	2.10201	0.0865355
-0.0285	0.86629	0.00820958	-0.0841486	0.715924	2.06606	0.0845481
-0.0275	0.881348	0.00769259	-0.0820787	0.716009	2.03101	0.0824384
-0.0265	0.896312	0.00723578	-0.0799093	0.716075	1.99728	0.0802363
-0.0255	0.911007	0.00686701	-0.0776603	0.716174	1.96534	0.0779634
-0.0245	0.925246	0.00658639	-0.0753501	0.716294	1.93541	0.0756374
-0.0235	0.938711	0.00628073	-0.0729935	0.716314	1.90771	0.0732632
-0.0225	0.951154	0.00589528	-0.0705862	0.716262	1.88261	0.0708319
-0.0215	0.962559	0.00561435	-0.0681155	0.716258	1.8603	0.0683465
-0.0205	0.972924	0.00544834	-0.065584	0.71629	1.84056	0.0658099
-0.0195	0.982071	0.00530926	-0.0630006	0.716305	1.82346	0.0632239
-0.0185	0.989751	0.00520416	-0.0603666	0.716272	1.80922	0.0605906
-0.0175	0.995698	0.0050946	-0.0576756	0.716155	1.79812	0.0579002
-0.0165	0.999709	0.00486213	-0.0549127	0.715962	1.79043	0.0551275
-0.0155	1.00185	0.00442565	-0.0520518	0.71581	1.78622	0.0522396
-0.0145	1.00269	0.00399677	-0.0490694	0.715945	1.78507	0.0492319
-0.0135	1.00305	0.00382373	-0.0459662	0.716406	1.78556	0.046125
-0.0125	1.00354	0.00381828	-0.0427651	0.71673	1.78551	0.0429352
-0.0115	1.00474	0.00376791	-0.0394802	0.716879	1.78374	0.0396596
-0.0105	1.00758	0.00367443	-0.0361065	0.717069	1.77919	0.036293
-0.0095	1.01236	0.00354944	-0.0326563	0.717182	1.77107	0.0328486
-0.0085	1.0187	0.00338387	-0.0291566	0.717251	1.76021	0.0293523
-0.0075	1.02604	0.00322289	-0.0256287	0.717382	1.74794	0.0258306
-0.0065	1.03344	0.00308269	-0.0220932	0.717455	1.7356	0.0223073
-0.0055	1.04004	0.00286754	-0.018558	0.717395	1.72444	0.0187783
-0.0045	1.0454	0.00252072	-0.0150167	0.717317	1.71542	0.0152268
-0.0035	1.04928	0.00203962	-0.0114613	0.71725	1.70891	0.0116414
-0.0025	1.05169	0.00145067	-0.00788618	0.717203	1.70488	0.0080185
-0.0015	1.05287	0.00078675	-0.00429523	0.717176	1.70291	0.00436669
-0.0005	1.0532	8.76802e-05	-0.000716402	0.717167	1.70235	0.000721748
0.0005	1.05298	-0.000587458	0.00282114	0.717189	1.70276	0.00288165
0.0015	1.05175	-0.00119368	0.00629914	0.717315	1.70504	0.00641124
0.0025	1.04715	-0.00175503	0.00973207	0.717367	1.71266	0.00988905
0.0035	1.03833	-0.00235936	0.0131886	0.717289	1.72703	0.013398
0.0045	1.02771	-0.00300636	0.0167387	0.717175	1.7446	0.0170065
0.0055	1.01794	-0.00353427	0.0203391	0.717203	1.76141	0.0206439
0.0065	1.01054	-0.00375192	0.0239425	0.71741	1.77482	0.0242347
0.0075	1.00571	-0.00370708	0.0275101	0.717519	1.78361	0.0277587
0.0085	1.00314	-0.00348415	0.0310062	0.717518	1.78819	0.0312014
0.0095	1.00212	-0.00322583	0.0344075	0.717411	1.78974	0.0345584
0.0105	1.00187	-0.00310909	0.0377013	0.717163	1.78957	0.0378293
0.0115	1.00182	-0.00313784	0.0408796	0.716888	1.78896	0.0409999
0.0125	1.00171	-0.00322982	0.0439365	0.716842	1.78904	0.0440551
0.0135	1.00127	-0.00328191	0.0468695	0.716867	1.7899	0.0469842
0.0145	1.00009	-0.00336166	0.0496774	0.716794	1.79182	0.049791
0.0155	0.997084	-0.00351338	0.0524001	0.716759	1.79714	0.0525177
0.0165	0.991503	-0.00370883	0.0550867	0.716735	1.80719	0.0552114
0.0175	0.983643	-0.00393663	0.0577472	0.716712	1.82158	0.0578812
0.0185	0.973892	-0.00418921	0.0603839	0.716708	1.8398	0.0605291
0.0195	0.962621	-0.00447864	0.0629925	0.716724	1.86139	0.0631515
0.0205	0.950092	-0.00486206	0.0655672	0.716694	1.88585	0.0657472
0.0215	0.936556	-0.00530883	0.0681037	0.716618	1.91291	0.0683103
0.0225	0.922389	-0.00569384	0.0705876	0.716546	1.94209	0.0708168
0.0235	0.907879	-0.00619043	0.0729979	0.7165	1.97301	0.0732599
0.0245	0.89313	-0.00676792	0.0753216	0.716471	2.00551	0.0756251
0.0255	0.878258	-0.007396	0.0775503	0.7164	2.03926	0.0779022
0.0265	0.863465	-0.00808155	0.0796705	0.716332	2.074	0.0800793
0.0275	0.848934	-0.00879593	0.0816715	0.716291	2.10938	0.0821438
0.0285	0.834817	-0.00951503	0.0835479	0.716255	2.14494	0.0840879
0.0295	0.82125	-0.0102295	0.0852956	0.716221	2.18028	0.0859068
0.0305	0.808343	-0.0109329	0.0869127	0.716188	2.21499	0.0875977
0.0315	0.796184	-0.0116206	0.0884002	0.716155	2.24871	0.0891607
0.0325	0.784842	-0.0122899	0.0897617	0.716122	2.2811	0.0905991
0.0335	0.774375	-0.0129372	0.0910048	0.716089	2.31183	0.0919198
0.0345	0.764841	-0.0135511	0.0921416	0.716065	2.34057	0.0931328
0.0355	0.756296	-0.0141184	0.0931566	0.716056	2.36698	0.0942204
0.0365	0.748784	-0.014642	0.0940253	0.716046	2.3907	0.0951586
0.0375	0.74234	-0.0151508	0.0947579	0.716003	2.4113	0.0959615
0.0385	0.737032	-0.0156278	0.0953682	0.715938	2.42845	0.0966402
0.0395	0.733015	-0.0159567	0.0958502	0.715993	2.44194	0.0971693
0.0405	0.730513	-0.0160571	0.0961739	0.716395	2.45169	0.0975051
0.0415	0.729534	-0.0156219	0.0963633	0.716975	2.45696	0.0976214
0.0425	0.729678	-0.0149497	0.0967036	0.716776	2.4558	0.0978524
0.0435	0.731393	-0.014768	0.0972381	0.715938	2.44717	0.0983531
0.0445	0.736088	-0.014748	0.0976531	0.715929	2.43153	0.0987605
0.0455	0.74412	-0.0143787	0.097895	0.716384	2.40681	0.0989454
0.0465	0.755591	-0.0135125	0.0980503	0.716604	2.37101	0.098977
0.0475	0.770971	-0.0122312	0.0981472	0.716791	2.32431	0.0989064
0.0485	0.790275	-0.0107437	0.0981986	0.717005	2.26821	0.0987846
0.0495	0.812901	-0.00915912	0.098213	0.717191	2.20565	0.0986391
0.0505	0.837783	-0.00750469	0.0981965	0.71751	2.1411	0.0984828
0.0515	0.863491	-0.00567411	0.0981577	0.717911	2.07851	0.0983216
0.0525	0.88848	-0.003848	0.0981188	0.718079	2.02053	0.0981943
0.0535	0.911543	-0.00233296	0.0980995	0.718036	1.96929	0.0981272
0.0545	0.931892	-0.00122142	0.0981061	0.717947	1.92605	0.0981137
0.0555	0.949066	-0.000475746	0.098141	0.717875	1.891	0.0981422
0.0565	0.962989	-1.90004e-05	0.0982024	0.717845	1.86359	0.0982024
0.0575	0.973887	0.000234959	0.0982855	0.717858	1.84277	0.0982858
0.0585	0.982173	0.000360811	0.0983842	0.717904	1.82734	0.0983848
0.0595	0.988325	0.000413316	0.0984921	0.717967	1.81612	0.098493
0.0605	0.992812	0.000428812	0.0986041	0.718034	1.80808	0.098605
0.0615	0.996044	0.000430195	0.0987159	0.718099	1.80238	0.0987168
0.0625	0.998353	0.000426795	0.0988244	0.718157	1.79836	0.0988254
0.0635	0.999993	0.000422123	0.0989279	0.718207	1.79553	0.0989288
0.0645	1.00116	0.000419658	0.099025	0.718248	1.79355	0.0990259
0.0655	1.00198	0.000419156	0.0991154	0.718281	1.79215	0.0991163
0.0665	1.00257	0.000420171	0.0991988	0.718307	1.79117	0.0991997
0.0675	1.00299	0.000422976	0.0992754	0.718329	1.79047	0.0992763
0.0685	1.00329	0.000427158	0.0993455	0.718346	1.78998	0.0993464
0.0695	1.00351	0.000432217	0.0994095	0.718361	1.78962	0.0994104
0.0705	1.00367	0.000437975	0.0994677	0.718373	1.78937	0.0994686
0.0715	1.00379	0.000444329	0.0995206	0.718383	1.78919	0.0995216
0.0725	1.00387	0.000451212	0.0995687	0.718392	1.78905	0.0995697
0.0735	1.00394	0.000458593	0.0996123	0.718401	1.78896	0.0996133
0.0745	1.00399	0.000466459	0.0996518	0.718408	1.78889	0.0996529
0.0755	1.00403	0.00047479	0.0996876	0.718416	1.78884	0.0996887
0.0765	1.00406	0.000483544	0.0997199	0.718422	1.7888	0.0997211
0.0775	1.00408	0.000492646	0.0997492	0.718429	1.78877	0.0997504
0.0785	1.0041	0.000501981	0.0997756	0.718435	1.78875	0.0997769
0.0795	1.00412	0.000511365	0.0997994	0.71844	1.78874	0.0998007
0.0805	1.00413	0.000520612	0.0998209	0.718446	1.78873	0.0998223
0.0815	1.00414	0.000529598	0.0998403	0.71845	1.78872	0.0998417
0.0825	1.00415	0.000538228	0.0998577	0.718454	1.78872	0.0998591
0.0835	1.00415	0.000546439	0.0998733	0.718457	1.78871	0.0998748
0.0845	1.00416	0.000554191	0.0998874	0.718459	1.78871	0.0998889
0.0855	1.00416	0.000561448	0.0999	0.718461	1.78871	0.0999016
0.0865	1.00416	0.000568177	0.0999113	0.718462	1.78871	0.0999129
0.0875	1.00417	0.000574361	0.0999214	0.718462	1.7887	0.0999231
0.0885	1.00417	0.000580076	0.0999305	0.718461	1.7887	0.0999321
0.0895	1.00417	0.000585511	0.0999385	0.718461	1.7887	0.0999402
0.0905	1.00417	0.000590812	0.0999457	0.718459	1.7887	0.0999474
0.0915	1.00416	0.000595947	0.0999521	0.718458	1.7887	0.0999539
0.0925	1.00416	0.000600891	0.0999579	0.718456	1.78869	0.0999597
0.0935	1.00416	0.000605751	0.099963	0.718454	1.78869	0.0999648
0.0945	1.00416	0.000610612	0.0999675	0.718451	1.78869	0.0999693
0.0955	1.00416	0.000615554	0.0999715	0.718449	1.78869	0.0999734
0.0965	1.00415	0.000620675	0.099975	0.718447	1.78869	0.099977
0.0975	1.00415	0.000626063	0.0999782	0.718444	1.78868	0.0999801
0.0985	1.00415	0.000631771	0.0999809	0.718443	1.78868	0.0999829
0.0995	1.00415	0.00063782	0.0999834	0.718441	1.78868	0.0999854
0.1005	1.00415	0.000644206	0.0999855	0.718439	1.78868	0.0999876
0.1015	1.00415	0.000650906	0.0999874	0.718438	1.78868	0.0999896
0.1025	1.00415	0.000657876	0.0999891	0.718437	1.78868	0.0999913
0.1035	1.00414	0.000665065	0.0999906	0.718436	1.78868	0.0999928
0.1045	1.00414	0.000672418	0.0999919	0.718435	1.78868	0.0999941
0.1055	1.00414	0.000679881	0.099993	0.718434	1.78868	0.0999953
0.1065	1.00414	0.000687401	0.099994	0.718433	1.78868	0.0999963
0.1075	1.00414	0.000694912	0.0999948	0.718432	1.78867	0.0999972
0.1085	1.00414	0.000702369	0.0999955	0.718431	1.78867	0.099998
0.1095	1.00414	0.00070975	0.0999962	0.718429	1.78867	0.0999987
0.1105	1.00414	0.000717046	0.0999967	0.718428	1.78867	0.0999993
0.1115	1.00413	0.000724262	0.0999972	0.718426	1.78867	0.0999999
0.1125	1.00413	0.000731413	0.0999976	0.718424	1.78867	0.1
0.1135	1.00413	0.00073853	0.099998	0.718422	1.78867	0.100001
0.1145	1.00413	0.000745644	0.0999983	0.71842	1.78867	0.100001
0.1155	1.00413	0.000752802	0.0999986	0.718418	1.78866	0.100001
0.1165	1.00412	0.000760073	0.0999988	0.718416	1.78866	0.100002
0.1175	1.00412	0.000767522	0.099999	0.718414	1.78866	0.100002
0.1185	1.00412	0.000775202	0.0999992	0.718412	1.78866	0.100002
0.1195	1.00412	0.000783158	0.0999993	0.718411	1.78866	0.100002
0.1205	1.00412	0.000791424	0.0999994	0.718409	1.78866	0.100003
0.1215	1.00412	0.000800024	0.0999995	0.718408	1.78866	0.100003
0.1225	1.00412	0.000808968	0.0999996	0.718408	1.78866	0.100003
0.1235	1.00412	0.000818249	0.0999996	0.718407	1.78866	0.100003
0.1245	1.00412	0.000827853	0.0999997	0.718407	1.78866	0.100003
0.1255	1.00412	0.000837757	0.0999998	0.718407	1.78866	0.100003
0.1265	1.00412	0.000847951	0.0999998	0.718407	1.78866	0.100003
0.1275	1.00412	0.000858451	0.0999998	0.718407	1.78866	0.100004
0.1285	1.00412	0.000869209	0.0999999	0.718408	1.78866	0.100004
0.1295	1.00412	0.000880113	0.0999999	0.718409	1.78866	0.100004
0.1305	1.00412	0.000891086	0.0999999	0.71841	1.78866	0.100004
0.1315	1.00412	0.00090208	0.0999999	0.71841	1.78866	0.100004
0.1325	1.00412	0.000913065	0.0999999	0.718411	1.78866	0.100004
0.1335	1.00412	0.00092403	0.0999999	0.718411	1.78866	0.100004
0.1345	1.00412	0.000934973	0.0999999	0.718412	1.78866	0.100004
0.1355	1.00412	0.000945898	0.0999999	0.718412	1.78866	0.100004
0.1365	1.00412	0.000956811	0.1	0.718412	1.78866	0.100005
0.1375	1.00412	0.000967724	0.1	0.718412	1.78866	0.100005
0.1385	1.00412	0.000978648	0.1	0.718413	1.78866	0.100005
0.1395	1.00412	0.000989601	0.1	0.718413	1.78866	0.100005
0.1405	1.00412	0.0010006	0.1	0.718413	1.78866	0.100005
0.1415	1.00412	0.00101166	0.1	0.718413	1.78866	0.100005
0.1425	1.00412	0.00102279	0.1	0.718413	1.78866	0.100005
0.1435	1.00412	0.00103401	0.1	0.718413	1.78866	0.100005
0.1445	1.00412	0.00104532	0.1	0.718414	1.78866	0.100005
0.1455	1.00412	0.00105674	0.1	0.718414	1.78866	0.100006
0.1465	1.00412	0.00106824	0.1	0.718414	1.78866	0.100006
0.1475	1.00412	0.00107979	0.1	0.718415	1.78866	0.100006
0.1485	1.00412	0.00109135	0.1	0.718415	1.78866	0.100006
0.1495	1.00412	0.00110287	0.1	0.718415	1.78866	0.100006
0.1505	1.00412	0.00111434	0.1	0.718415	1.78866	0.100006
0.1515	1.00412	0.00112576	0.1	0.718415	1.78866	0.100006
0.1525	1.00412	0.00113716	0.1	0.718415	1.78866	0.100006
0.1535	1.00412	0.00114851	0.1	0.718415	1.78866	0.100007
0.1545	1.00412	0.00115976	0.1	0.718415	1.78866	0.100007
0.1555	1.00412	0.00117093	0.1	0.718414	1.78866	0.100007
0.1565	1.00412	0.00118201	0.1	0.718414	1.78866	0.100007
0.1575	1.00412	0.00119303	0.1	0.718413	1.78866	0.100007
0.1585	1.00412	0.00120399	0.1	0.718412	1.78866	0.100007
0.1595	1.00412	0.00121492	0.1	0.718411	1.78866	0.100007
0.1605	1.00412	0.00122581	0.1	0.71841	1.78866	0.100007
0.1615	1.00412	0.0012367	0.1	0.71841	1.78866	0.100008
0.1625	1.00412	0.0012476	0.1	0.718409	1.78866	0.100008
0.1635	1.00412	0.00125853	0.1	0.718408	1.78866	0.100008
0.1645	1.00412	0.00126951	0.1	0.718407	1.78866	0.100008
0.1655	1.00411	0.00128055	0.1	0.718406	1.78866	0.100008
0.1665	1.00411	0.00129167	0.1	0.718405	1.78865	0.100008
0.1675	1.00411	0.00130285	0.1	0.718404	1.78865	0.100008
0.1685	1.00411	0.0013141	0.1	0.718403	1.78865	0.100009
0.1695	1.00411	0.00132541	0.1	0.718403	1.78865	0.100009
0.1705	1.00411	0.00133677	0.1	0.718402	1.78865	0.100009
0.1715	1.00411	0.00134817	0.1	0.718401	1.78865	0.100009
0.1725	1.00411	0.00135959	0.1	0.7184	1.78865	0.100009
0.1735	1.00411	0.00137102	0.1	0.718399	1.78865	0.100009
0.1745	1.00411	0.00138243	0.1	0.718399	1.78865	0.10001
0.1755	1.00411	0.00139382	0.1	0.718398	1.78865	0.10001
0.1765	1.00411	0.00140518	0.1	0.718397	1.78865	0.10001
0.1775	1.0041	0.00141649	0.1	0.718396	1.78865	0.10001
0.1785	1.0041	0.00142776	0.1	0.718395	1.78865	0.10001
0.1795	1.0041	0.00143898	0.1	0.718393	1.78865	0.10001
0.1805	1.0041	0.00145016	0.1	0.718392	1.78865	0.10001
0.1815	1.0041	0.00146129	0.1	0.718391	1.78864	0.100011
0.1825	1.0041	0.00147237	0.1	0.718389	1.78864	0.100011
0.1835	1.0041	0.00148341	0.1	0.718388	1.78864	0.100011
0.1845	1.00409	0.0014944	0.1	0.718386	1.78864	0.100011
0.1855	1.00409	0.00150534	0.1	0.718384	1.78864	0.100011
0.1865	1.00409	0.00151623	0.1	0.718383	1.78864	0.100011
0.1875	1.00409	0.00152707	0.1	0.718381	1.78864	0.100012
0.1885	1.00409	0.00153784	0.1	0.718379	1.78864	0.100012
0.1895	1.00409	0.00154855	0.1	0.718377	1.78863	0.100012
0.1905	1.00408	0.00155917	0.1	0.718375	1.78863	0.100012
0.1915	1.00408	0.00156971	0.1	0.718373	1.78863	0.100012
0.1925	1.00408	0.00158015	0.1	0.71837	1.78863	0.100012
0.1935	1.00408	0.00159049	0.1	0.718368	1.78863	0.100013
0.1945	1.00407	0.00160073	0.1	0.718365	1.78863	0.100013
0.1955	1.00407	0.00161087	0.1	0.718362	1.78862	0.100013
0.1965	1.00407	0.0016209	0.1	0.718359	1.78862	0.100013
0.1975	1.00406	0.00163084	0.1	0.718356	1.78862	0.100013
0.1985	1.00406	0.0016407	0.1	0.718353	1.78862	0.100013
0.1995	1.00406	0.00165048	0.1	0.71835	1.78862	0.100014
0.2005	1.00406	0.00166019	0.1	0.718347	1.78861	0.100014
0.2015	1.00405	0.00166986	0.1	0.718343	1.78861	0.100014
0.2025	1.00405	0.0016795	0.1	0.71834	1.78861	0.100014
0.2035	1.00405	0.00168911	0.1	0.718336	1.78861	0.100014
0.2045	1.00404	0.00169871	0.1	0.718333	1.7886	0.100014
0.2055	1.00404	0.00170831	0.1	0.718329	1.7886	0.100015
0.2065	1.00403	0.00171791	0.1	0.718326	1.7886	0.100015
0.2075	1.00403	0.00172752	0.1	0.718322	1.7886	0.100015
0.2085	1.00403	0.00173715	0.1	0.718319	1.78859	0.100015
0.2095	1.00402	0.00174679	0.1	0.718315	1.78859	0.100015
0.2105	1.00402	0.00175643	0.1	0.718312	1.78859	0.100015
0.2115	1.00402	0.00176606	0.1	0.718308	1.78859	0.100016
0.2125	1.00401	0.00177565	0.1	0.718304	1.78858	0.100016
0.2135	1.00401	0.00178519	0.1	0.718301	1.78858	0.100016
0.2145	1.00401	0.00179466	0.1	0.718297	1.78858	0.100016
0.2155	1.004	0.00180404	0.1	0.718293	1.78857	0.100016
0.2165	1.004	0.00181333	0.1	0.718289	1.78857	0.100016
0.2175	1.00399	0.0018225	0.1	0.718285	1.78857	0.100017
0.2185	1.00399	0.00183156	0.1	0.71828	1.78857	0.100017
0.2195	1.00398	0.00184048	0.1	0.718276	1.78856	0.100017
0.2205	1.00398	0.00184929	0.1	0.718271	1.78856	0.100017
0.2215	1.00398	0.00185797	0.1	0.718266	1.78856	0.100017
0.2225	1.00397	0.00186654	0.1	0.718262	1.78855	0.100017
0.2235	1.00397	0.00187499	0.1	0.718257	1.78855	0.100018
0.2245	1.00396	0.00188335	0.1	0.718252	1.78855	0.100018
0.2255	1.00396	0.00189162	0.1	0.718246	1.78854	0.100018
0.2265	1.00395	0.00189981	0.1	0.718241	1.78854	0.100018
0.2275	1.00394	0.00190793	0.1	0.718236	1.78853	0.100018
0.2285	1.00394	0.00191599	0.1	0.71823	1.78853	0.100018
0.2295	1.00393	0.00192399	0.1	0.718225	1.78853	0.100018
0.2305	1.00393	0.00193194	0.1	0.718219	1.78852	0.100019
0.2315	1.00392	0.00193982	0.1	0.718214	1.78852	0.100019
0.2325	1.00392	0.00194764	0.1	0.718208	1.78851	0.100019
0.2335	1.00391	0.00195538	0.1	0.718203	1.78851	0.100019
0.2345	1.00391	0.00196305	0.1	0.718197	1.78851	0.100019
0.2355	1.0039	0.00197062	0.1	0.718191	1.7885	0.100019
0.2365	1.00389	0.00197808	0.1	0.718185	1.7885	0.10002
0.2375	1.00389	0.00198542	0.1	0.718179	1.78849	0.10002
0.2385	1.00388	0.00199264	0.1	0.718172	1.78849	0.10002
0.2395	1.00387	0.00199971	0.1	0.718166	1.78848	0.10002
0.2405	1.00387	0.00200665	0.1	0.718159	1.78848	0.10002
0.2415	1.00386	0.00201344	0.1	0.718153	1.78847	0.10002
0.2425	1.00385	0.00202007	0.1	0.718146	1.78847	0.10002
0.2435	1.00385	0.00202657	0.1	0.718139	1.78847	0.100021
0.2445	1.00384	0.00203292	0.1	0.718131	1.78846	0.100021
0.2455	1.00383	0.00203914	0.1	0.718124	1.78845	0.100021
0.2465	1.00383	0.00204523	0.1	0.718117	1.78845	0.100021
0.2475	1.00382	0.0020512	0.1	0.718109	1.78844	0.100021
0.2485	1.00381	0.00205707	0.1	0.718102	1.78844	0.100021
0.2495	1.0038	0.00206284	0.1	0.718094	1.78843	0.100021
0.2505	1.0038	0.00206851	0.1	0.718086	1.78843	0.100021
0.2515	1.00379	0.0020741	0.1	0.718078	1.78842	0.100021
0.2525	1.00378	0.0020796	0.1	0.71807	1.78842	0.100022
0.2535	1.00377	0.00208502	0.1	0.718062	1.78841	0.100022
0.2545	1.00376	0.00209035	0.1	0.718054	1.7884	0.100022
0.2555	1.00375	0.00209559	0.1	0.718046	1.7884	0.100022
0.2565	1.00375	0.00210073	0.1	0.718037	1.78839	0.100022
0.2575	1.00374	0.00210576	0.1	0.718029	1.78839	0.100022
0.2585	1.00373	0.00211068	0.1	0.71802	1.78838	0.100022
0.2595	1.00372	0.00211549	0.1	0.718012	1.78837	0.100022
0.2605	1.00371	0.00212017	0.1	0.718003	1.78837	0.100022
0.2615	1.0037	0.00212471	0.1	0.717994	1.78836	0.100023
0.2625	1.00369	0.00212912	0.1	0.717985	1.78836	0.100023
0.2635	1.00369	0.00213339	0.1	0.717976	1.78835	0.100023
0.2645	1.00368	0.00213752	0.1	0.717967	1.78834	0.100023
0.2655	1.00367	0.00214152	0.1	0.717957	1.78834	0.100023
0.2665	1.00366	0.00214538	0.1	0.717948	1.78833	0.100023
0.2675	1.00365	0.00214912	0.1	0.717938	1.78832	0.100023
0.2685	1.00364	0.00215273	0.1	0.717929	1.78832	0.100023
0.2695	1.00363	0.00215623	0.1	0.717919	1.78831	0.100023
0.2705	1.00362	0.00215961	0.1	0.717909	1.7883	0.100023
0.2715	1.00361	0.00216289	0.1	0.717899	1.78829	0.100023
0.2725	1.0036	0.00216606	0.1	0.717889	1.78829	0.100023
0.2735	1.00359	0.00216913	0.1	0.717879	1.78828	0.100024
0.2745	1.00358	0.0021721	0.1	0.717868	1.78827	0.100024
0.2755	1.00357	0.00217496	0.1	0.717858	1.78827	0.100024
0.2765	1.00356	0.00217771	0.1	0.717848	1.78826	0.100024
0.2775	1.00355	0.00218034	0.1	0.717837	1.78825	0.100024
0.2785	1.00354	0.00218285	0.1	0.717827	1.78824	0.100024
0.2795	1.00353	0.00218523	0.1	0.717816	1.78824	0.100024
0.2805	1.00351	0.00218746	0.1	0.717805	1.78823	0.100024
0.2815	1.0035	0.00218955	0.1	0.717794	1.78822	0.100024
0.2825	1.00349	0.00219148	0.1	0.717783	1.78821	0.100024
0.2835	1.00348	0.00219324	0.1	0.717772	1.7882	0.100024
0.2845	1.00347	0.00219484	0.1	0.71776	1.7882	0.100024
0.2855	1.00346	0.00219626	0.1	0.717749	1.78819	0.100024
0.2865	1.00345	0.0021975	0.1	0.717737	1.78818	0.100024
0.2875	1.00343	0.00219858	0.1	0.717725	1.78817	0.100024
0.2885	1.00342	0.00219947	0.1	0.717713	1.78816	0.100024
0.2895	1.00341	0.00220019	0.1	0.717701	1.78815	0.100024
0.2905	1.0034	0.00220074	0.1	0.717689	1.78814	0.100024
0.2915	1.00339	0.00220111	0.1	0.717676	1.78814	0.100024
0.2925	1.00337	0.00220132	0.1	0.717664	1.78813	0.100024
0.2935	1.00336	0.00220141	0.1	0.717651	1.78812	0.100024
0.2945	1.00335	0.00220142	0.1	0.717638	1.78811	0.100024
0.2955	1.00334	0.00220131	0.1	0.717625	1.7881	0.100024
0.2965	1.00332	0.00220105	0.1	0.717612	1.78809	0.100024
0.2975	1.00331	0.00220067	0.1	0.717599	1.78808	0.100024
0.2985	1.0033	0.00220016	0.1	0.717586	1.78807	0.100024
0.2995	1.00328	0.00219953	0.1	0.717573	1.78806	0.100024
0.3005	1.00327	0.00219876	0.1	0.71756	1.78805	0.100024
0.3015	1.00326	0.00219787	0.1	0.717546	1.78804	0.100024
0.3025	1.00324	0.00219683	0.1	0.717533	1.78803	0.100024
0.3035	1.00323	0.00219565	0.1	0.717519	1.78802	0.100024
0.3045	1.00322	0.00219432	0.1	0.717506	1.78801	0.100024
0.3055	1.0032	0.00219283	0.1	0.717492	1.788	0.100024
0.3065	1.00319	0.00219118	0.1	0.717478	1.78799	0.100024
0.3075	1.00317	0.00218936	0.1	0.717464	1.78798	0.100024
0.3085	1.00316	0.00218736	0.1	0.717449	1.78797	0.100024
0.3095	1.00315	0.00218517	0.1	0.717435	1.78796	0.100024
0.3105	1.00313	0.0021828	0.1	0.717421	1.78795	0.100024
0.3115	1.00312	0.00218023	0.1	0.717406	1.78794	0.100024
0.3125	1.0031	0.00217747	0.1	0.717391	1.78793	0.100024
0.3135	1.00309	0.00217451	0.1	0.717376	1.78792	0.100024
0.3145	1.00307	0.00217137	0.1	0.717361	1.78791	0.100024
0.3155	1.00306	0.00216803	0.1	0.717346	1.7879	0.100024
0.3165	1.00304	0.0021645	0.1	0.71733	1.78789	0.100023
0.3175	1.00302	0.0021608	0.1	0.717315	1.78788	0.100023
0.3185	1.00301	0.00215691	0.1	0.717299	1.78787	0.100023
0.3195	1.00299	0.00215286	0.1	0.717283	1.78786	0.100023
0.3205	1.00298	0.00214864	0.1	0.717267	1.78784	0.100023
0.3215	1.00296	0.00214426	0.1	0.717251	1.78783	0.100023
0.3225	1.00295	0.00213973	0.1	0.717235	1.78782	0.100023
0.3235	1.00293	0.00213504	0.1	0.717219	1.78781	0.100023
0.3245	1.00291	0.00213019	0.1	0.717202	1.7878	0.100023
0.3255	1.0029	0.0021252	0.1	0.717186	1.78779	0.100023
0.3265	1.00288	0.00212005	0.1	0.717169	1.78777	0.100022
0.3275	1.00286	0.00211475	0.1	0.717152	1.78776	0.100022
0.3285	1.00285	0.0021093	0.1	0.717136	1.78775	0.100022
0.3295	1.00283	0.00210368	0.1	0.717119	1.78774	0.100022
0.3305	1.00281	0.00209791	0.1	0.717102	1.78773	0.100022
0.3315	1.0028	0.00209197	0.1	0.717085	1.78771	0.100022
0.3325	1.00278	0.00208586	0.1	0.717067	1.7877	0.100022
0.3335	1.00276	0.00207957	0.1	0.71705	1.78769	0.100022
0.3345	1.00274	0.00207311	0.1	0.717033	1.78768	0.100022
0.3355	1.00273	0.00206646	0.1	0.717015	1.78766	0.100021
0.3365	1.00271	0.00205963	0.1	0.716997	1.78765	0.100021
0.3375	1.00269	0.00205261	0.1	0.716979	1.78764	0.100021
0.3385	1.00267	0.0020454	0.1	0.716961	1.78763	0.100021
0.3395	1.00265	0.00203799	0.1	0.716943	1.78761	0.100021
0.3405	1.00264	0.00203039	0.1	0.716925	1.7876	0.100021
0.3415	1.00262	0.00202259	0.1	0.716907	1.78759	0.10002
0.3425	1.0026	0.00201459	0.1	0.716888	1.78757	0.10002
0.3435	1.00258	0.00200639	0.1	0.716869	1.78756	0.10002
0.3445	1.00256	0.001998	0.1	0.716851	1.78755	0.10002
0.3455	1.00254	0.00198942	0.1	0.716832	1.78753	0.10002
0.3465	1.00252	0.00198064	0.1	0.716813	1.78752	0.10002
0.3475	1.0025	0.00197168	0.1	0.716793	1.78751	0.100019
0.3485	1.00248	0.00196253	0.1	0.716774	1.78749	0.100019
0.3495	1.00247	0.0019532	0.1	0.716755	1.78748	0.100019
0.3505	1.00245	0.00194369	0.1	0.716735	1.78747	0.100019
0.3515	1.00243	0.00193401	0.1	0.716715	1.78745	0.100019
0.3525	1.00241	0.00192415	0.1	0.716695	1.78744	0.100019
0.3535	1.00239	0.00191414	0.1	0.716676	1.78742	0.100018
0.3545	1.00237	0.00190396	0.1	0.716656	1.78741	0.100018
0.3555	1.00235	0.00189362	0.1	0.716636	1.78739	0.100018
0.3565	1.00233	0.00188313	0.1	0.716615	1.78738	0.100018
0.3575	1.00231	0.00187247	0.1	0.716595	1.78737	0.100018
0.3585	1.00229	0.00186167	0.1	0.716575	1.78735	0.100017
0.3595	1.00227	0.00185071	0.1	0.716554	1.78734	0.100017
0.3605	1.00224	0.00183959	0.1	0.716534	1.78732	0.100017
0.3615	1.00222	0.00182832	0.1	0.716513	1.78731	0.100017
0.3625	1.0022	0.00181688	0.1	0.716492	1.78729	0.100017
0.3635	1.00218	0.00180528	0.1	0.716471	1.78728	0.100016
0.3645	1.00216	0.00179352	0.1	0.71645	1.78726	0.100016
0.3655	1.00214	0.00178159	0.1	0.716429	1.78725	0.100016
0.3665	1.00212	0.00176949	0.1	0.716408	1.78723	0.100016
0.3675	1.0021	0.00175721	0.1	0.716387	1.78722	0.100015
0.3685	1.00208	0.00174476	0.1	0.716366	1.7872	0.100015
0.3695	1.00206	0.00173214	0.1	0.716344	1.78719	0.100015
0.3705	1.00203	0.00171934	0.1	0.716323	1.78717	0.100015
0.3715	1.00201	0.00170637	0.1	0.716301	1.78716	0.100015
0.3725	1.00199	0.00169322	0.1	0.716279	1.78714	0.100014
0.3735	1.00197	0.0016799	0.1	0.716258	1.78712	0.100014
0.3745	1.00195	0.00166642	0.1	0.716236	1.78711	0.100014
0.3755	1.00193	0.00165278	0.1	0.716214	1.78709	0.100014
0.3765	1.0019	0.00163897	0.1	0.716192	1.78708	0.100013
0.3775	1.00188	0.00162502	0.1	0.716169	1.78706	0.100013
0.3785	1.00186	0.00161091	0.1	0.716147	1.78705	0.100013
0.3795	1.00184	0.00159665	0.1	0.716125	1.78703	0.100013
0.3805	1.00181	0.00158226	0.1	0.716103	1.78701	0.100013
0.3815	1.00179	0.00156772	0.1	0.71608	1.787	0.100012
0.3825	1.00177	0.00155304	0.1	0.716058	1.78698	0.100012
0.3835	1.00175	0.00153822	0.1	0.716035	1.78697	0.100012
0.3845	1.00172	0.00152326	0.1	0.716012	1.78695	0.100012
0.3855	1.0017	0.00150815	0.1	0.71599	1.78693	0.100011
0.3865	1.00168	0.0014929	0.1	0.715967	1.78692	0.100011
0.3875	1.00166	0.00147751	0.1	0.715944	1.7869	0.100011
0.3885	1.00163	0.00146196	0.1	0.715921	1.78689	0.100011
0.3895	1.00161	0.00144626	0.1	0.715898	1.78687	0.100011
0.3905	1.00159	0.00143039	0.1	0.715875	1.78685	0.10001
0.3915	1.00156	0.00141437	0.1	0.715852	1.78684	0.10001
0.3925	1.00154	0.00139818	0.1	0.715829	1.78682	0.10001
0.3935	1.00152	0.00138183	0.1	0.715806	1.7868	0.10001
0.3945	1.00149	0.00136532	0.1	0.715783	1.78679	0.100009
0.3955	1.00147	0.00134864	0.1	0.71576	1.78677	0.100009
0.3965	1.00145	0.00133179	0.1	0.715736	1.78675	0.100009
0.3975	1.00142	0.00131479	0.1	0.715713	1.78674	0.100009
0.3985	1.0014	0.00129763	0.1	0.71569	1.78672	0.100008
0.3995	1.00138	0.00128032	0.1	0.715666	1.7867	0.100008
0.4005	1.00135	0.00126287	0.1	0.715643	1.78669	0.100008
0.4015	1.00133	0.00124527	0.1	0.715619	1.78667	0.100008
0.4025	1.00131	0.00122755	0.1	0.715596	1.78665	0.100008
0.4035	1.00128	0.0012097	0.1	0.715572	1.78664	0.100007
0.4045	1.00126	0.00119173	0.1	0.715548	1.78662	0.100007
0.4055	1.00124	0.00117364	0.1	0.715525	1.7866	0.100007
0.4065	1.00121	0.00115544	0.1	0.715501	1.78659	0.100007
0.4075	1.00119	0.00113712	0.1	0.715477	1.78657	0.100007
0.4085	1.00117	0.00111869	0.1	0.715454	1.78655	0.100006
0.4095	1.00114	0.00110014	0.1	0.71543	1.78653	0.100006
0.4105	1.00112	0.00108148	0.1	0.715406	1.78652	0.100006
0.4115	1.00109	0.0010627	0.1	0.715382	1.7865	0.100006
0.4125	1.00107	0.00104382	0.1	0.715359	1.78648	0.100006
0.4135	1.00105	0.00102482	0.1	0.715335	1.78647	0.100005
0.4145	1.00102	0.00100573	0.1	0.715311	1.78645	0.100005
0.4155	1.001	0.000986545	0.1	0.715287	1.78643	0.100005
0.4165	1.00098	0.000967279	0.1	0.715263	1.78642	0.100005
0.4175	1.00095	0.000947941	0.1	0.71524	1.7864	0.100005
0.4185	1.00093	0.000928538	0.1	0.715216	1.78638	0.100004
0.4195	1.0009	0.000909078	0.1	0.715192	1.78636	0.100004
0.4205	1.00088	0.000889566	0.1	0.715168	1.78635	0.100004
0.4215	1.00086	0.000870005	0.1	0.715144	1.78633	0.100004
0.4225	1.00083	0.000850396	0.1	0.71512	1.78631	0.100004
0.4235	1.00081	0.000830735	0.1	0.715096	1.7863	0.100004
0.4245	1.00078	0.00081102	0.1	0.715072	1.78628	0.100003
0.4255	1.00076	0.000791246	0.1	0.715048	1.78626	0.100003
0.4265	1.00074	0.000771413	0.1	0.715024	1.78624	0.100003
0.4275	1.00071	0.000751517	0.1	0.715	1.78623	0.100003
0.4285	1.00069	0.000731555	0.1	0.714976	1.78621	0.100003
0.4295	1.00066	0.000711526	0.1	0.714952	1.78619	0.100003
0.4305	1.00064	0.000691431	0.1	0.714929	1.78618	0.100002
0.4315	1.00062	0.00067127	0.1	0.714905	1.78616	0.100002
0.4325	1.00059	0.000651046	0.1	0.714881	1.78614	0.100002
0.4335	1.00057	0.000630764	0.1	0.714858	1.78613	0.100002
0.4345	1.00055	0.000610429	0.1	0.714834	1.78611	0.100002
0.4355	1.00052	0.000590049	0.1	0.714811	1.78609	0.100002
0.4365	1.0005	0.000569631	0.1	0.714787	1.78608	0.100002
0.4375	1.00048	0.000549185	0.1	0.714764	1.78606	0.100002
0.4385	1.00045	0.000528717	0.1	0.714741	1.78604	0.100001
0.4395	1.00043	0.000508237	0.1	0.714718	1.78603	0.100001
0.4405	1.00041	0.000487753	0.1	0.714695	1.78601	0.100001
0.4415	1.00038	0.000467276	0.1	0.714672	1.78599	0.100001
0.4425	1.00036	0.000446813	0.1	0.714649	1.78598	0.100001
0.4435	1.00034	0.00042637	0.1	0.714626	1.78596	0.100001
0.4445	1.00032	0.000405955	0.1	0.714604	1.78594	0.100001
0.4455	1.00029	0.000385572	0.1	0.714581	1.78593	0.100001
0.4465	1.00027	0.000365225	0.1	0.714559	1.78591	0.100001
0.4475	1.00025	0.000344916	0.1	0.714536	1.7859	0.100001
0.4485	1.00023	0.000324648	0.1	0.714514	1.78588	0.100001
0.4495	1.0002	0.000304423	0.1	0.714492	1.78587	0.100001
0.4505	1.00018	0.000284242	0.1	0.71447	1.78585	0.100001
0.4515	1.00016	0.000264108	0.1	0.714448	1.78583	0.100001
0.4525	1.00014	0.000244026	0.1	0.714427	1.78582	0.100001
0.4535	1.00012	0.000223999	0.1	0.714405	1.7858	0.100001
0.4545	1.0001	0.000204033	0.1	0.714384	1.78579	0.100001
0.4555	1.00007	0.000184134	0.1	0.714362	1.78577	0.1
0.4565	1.00005	0.000164308	0.1	0.714341	1.78576	0.1
0.4575	1.00003	0.000144558	0.1	0.71432	1.78574	0.1
0.4585	1.00001	0.00012489	0.1	0.7143	1.78573	0.1
0.4595	0.999992	0.000105307	0.1	0.714279	1.78571	0.1
0.4605	0.999972	8.58112e-05	0.1	0.714259	1.7857	0.1
0.4615	0.999952	6.64073e-05	0.1	0.714238	1.78568	0.1
0.4625	0.999931	4.70983e-05	0.0999998	0.714218	1.78567	0.0999998
0.4635	0.999911	2.78879e-05	0.0999996	0.714198	1.78566	0.0999996
0.4645	0.99989	8.78082e-06	0.0999993	0.714179	1.78564	0.0999993
0.4655	0.99987	-1.02162e-05	0.099999	0.714159	1.78563	0.099999
0.4665	0.99985	-2.90951e-05	0.0999985	0.71414	1.78562	0.0999985
0.4675	0.999831	-4.78491e-05	0.0999979	0.714121	1.7856	0.0999979
0.4685	0.999812	-6.64712e-05	0.0999971	0.714102	1.78559	0.0999972
0.4695	0.999793	-8.4955e-05	0.0999963	0.714083	1.78558	0.0999963
0.4705	0.999775	-0.000103295	0.0999952	0.714064	1.78556	0.0999952
0.4715	0.999757	-0.000121489	0.0999939	0.714046	1.78555	0.099994
0.4725	0.99974	-0.000139534	0.0999925	0.714028	1.78553	0.0999926
0.4735	0.999724	-0.000157427	0.099991	0.71401	1.78552	0.0999911
0.4745	0.999707	-0.000175155	0.0999893	0.713992	1.7855	0.0999894
0.4755	0.999691	-0.000192704	0.0999875	0.713975	1.78549	0.0999877
0.4765	0.999676	-0.000210064	0.0999857	0.713958	1.78547	0.0999859
0.4775	0.99966	-0.000227234	0.0999838	0.713941	1.78546	0.0999841
0.4785	0.999644	-0.000244213	0.099982	0.713924	1.78545	0.0999823
0.4795	0.999629	-0.000260995	0.0999802	0.713908	1.78543	0.0999806
0.4805	0.999613	-0.000277573	0.0999785	0.713892	1.78542	0.0999789
0.4815	0.999597	-0.000293941	0.0999769	0.713877	1.78541	0.0999773
0.4825	0.99958	-0.000310092	0.0999754	0.713862	1.7854	0.0999759
0.4835	0.999563	-0.000326021	0.0999741	0.713846	1.7854	0.0999746
0.4845	0.999546	-0.000341739	0.099973	0.713832	1.78539	0.0999736
0.4855	0.999529	-0.000357256	0.0999722	0.713817	1.78538	0.0999728
0.4865	0.999512	-0.000372566	0.0999717	0.713803	1.78538	0.0999724
0.4875	0.999496	-0.00038763	0.0999715	0.713789	1.78537	0.0999722
0.4885	0.999481	-0.000402409	0.0999717	0.713775	1.78537	0.0999725
0.4895	0.999466	-0.000416907	0.0999723	0.713762	1.78536	0.0999732
0.4905	0.999452	-0.000431146	0.0999733	0.71375	1.78535	0.0999742
0.4915	0.999438	-0.000445086	0.0999744	0.713737	1.78535	0.0999754
0.4925	0.999426	-0.000458637	0.0999756	0.713725	1.78534	0.0999766
0.4935	0.999414	-0.000471925	0.0999768	0.713713	1.78533	0.0999779
0.4945	0.999401	-0.000485494	0.0999784	0.713701	1.78532	0.0999795
0.4955	0.999388	-0.000500518	0.0999804	0.713687	1.78531	0.0999817
0.4965	0.999377	-0.000514517	0.0999829	0.713675	1.7853	0.0999842
0.4975	0.999373	-0.000521007	0.099986	0.713671	1.78529	0.0999873
0.4985	0.999394	-0.000509843	0.0999905	0.71369	1.78531	0.0999918
0.4995	0.999624	-0.000339004	0.0999962	0.713915	1.78546	0.0999968
