x	rho	u	v	p	e	uMax
-0.4995	1.00977	-0.00904619	-0.0999318	0.724138	1.79282	0.10034
-0.4985	1.01723	-0.0146791	-0.0998469	0.731639	1.79812	0.10092
-0.4975	1.01933	-0.0157748	-0.0998064	0.733754	1.79959	0.101045
-0.4965	1.01994	-0.0159994	-0.0997922	0.734364	1.80001	0.101067
-0.4955	1.02013	-0.0160525	-0.0997897	0.734548	1.80014	0.101073
-0.4945	1.02018	-0.0160599	-0.0997917	0.734596	1.80017	0.101076
-0.4935	1.02019	-0.0160508	-0.0997952	0.734603	1.80017	0.101078
-0.4925	1.02018	-0.0160299	-0.0997994	0.734595	1.80016	0.101079
-0.4915	1.02017	-0.0160069	-0.0998043	0.734578	1.80014	0.10108
-0.4905	1.02016	-0.015985	-0.0998097	0.734559	1.80011	0.101082
-0.4895	1.02015	-0.0159635	-0.0998153	0.73454	1.80009	0.101084
-0.4885	1.02013	-0.0159421	-0.0998214	0.734522	1.80006	0.101086
-0.4875	1.02012	-0.0159208	-0.0998276	0.734504	1.80004	0.101089
-0.4865	1.02011	-0.0158995	-0.0998338	0.734487	1.80002	0.101092
-0.4855	1.02009	-0.0158782	-0.0998394	0.734469	1.80001	0.101094
-0.4845	1.02007	-0.0158568	-0.0998446	0.734451	1.79999	0.101096
-0.4835	1.02006	-0.0158355	-0.0998495	0.734433	1.79998	0.101097
-0.4825	1.02004	-0.0158141	-0.0998546	0.734416	1.79997	0.101099
-0.4815	1.02002	-0.0157926	-0.0998601	0.734398	1.79996	0.101101
-0.4805	1.02	-0.0157712	-0.0998658	0.73438	1.79994	0.101103
-0.4795	1.01999	-0.0157498	-0.0998718	0.734363	1.79993	0.101106
-0.4785	1.01997	-0.0157283	-0.0998778	0.734345	1.79992	0.101109
-0.4775	1.01995	-0.0157068	-0.0998837	0.734327	1.7999	0.101111
-0.4765	1.01994	-0.0156854	-0.0998896	0.73431	1.79989	0.101114
-0.4755	1.01992	-0.0156639	-0.0998952	0.734292	1.79988	0.101116
-0.4745	1.0199	-0.0156424	-0.0999008	0.734275	1.79987	0.101118
-0.4735	1.01988	-0.0156209	-0.0999061	0.734257	1.79985	0.10112
-0.4725	1.01987	-0.0155993	-0.0999112	0.734239	1.79984	0.101122
-0.4715	1.01985	-0.0155778	-0.0999162	0.734222	1.79983	0.101123
-0.4705	1.01983	-0.0155562	-0.099921	0.734204	1.79981	0.101125
-0.4695	1.01982	-0.0155347	-0.0999255	0.734186	1.7998	0.101126
-0.4685	1.0198	-0.0155131	-0.0999299	0.734169	1.79979	0.101127
-0.4675	1.01978	-0.0154915	-0.0999341	0.734151	1.79977	0.101128
-0.4665	1.01976	-0.0154699	-0.0999381	0.734133	1.79976	0.101128
-0.4655	1.01975	-0.0154483	-0.099942	0.734115	1.79975	0.101129
-0.4645	1.01973	-0.0154267	-0.0999456	0.734097	1.79974	0.101129
-0.4635	1.01971	-0.0154051	-0.099949	0.73408	1.79972	0.101129
-0.4625	1.01969	-0.0153834	-0.0999523	0.734062	1.79971	0.101129
-0.4615	1.01968	-0.0153617	-0.0999554	0.734044	1.7997	0.101129
-0.4605	1.01966	-0.0153401	-0.0999584	0.734026	1.79969	0.101129
-0.4595	1.01964	-0.0153184	-0.0999612	0.734008	1.79967	0.101128
-0.4585	1.01962	-0.0152967	-0.0999638	0.73399	1.79966	0.101127
-0.4575	1.01961	-0.015275	-0.0999663	0.733972	1.79965	0.101127
-0.4565	1.01959	-0.0152533	-0.0999686	0.733954	1.79963	0.101126
-0.4555	1.01957	-0.0152316	-0.0999708	0.733937	1.79962	0.101124
-0.4545	1.01955	-0.0152098	-0.0999729	0.733919	1.79961	0.101123
-0.4535	1.01954	-0.0151881	-0.0999748	0.733901	1.7996	0.101122
-0.4525	1.01952	-0.0151663	-0.0999766	0.733883	1.79958	0.10112
-0.4515	1.0195	-0.0151445	-0.0999784	0.733864	1.79957	0.101119
-0.4505	1.01948	-0.0151227	-0.09998	0.733846	1.79956	0.101117
-0.4495	1.01946	-0.015101	-0.0999816	0.733828	1.79955	0.101116
-0.4485	1.01945	-0.0150792	-0.099983	0.73381	1.79953	0.101114
-0.4475	1.01943	-0.0150573	-0.0999843	0.733792	1.79952	0.101112
-0.4465	1.01941	-0.0150355	-0.0999856	0.733774	1.79951	0.10111
-0.4455	1.01939	-0.0150137	-0.0999867	0.733756	1.79949	0.101108
-0.4445	1.01937	-0.0149918	-0.0999878	0.733738	1.79948	0.101105
-0.4435	1.01936	-0.01497	-0.0999888	0.73372	1.79947	0.101103
-0.4425	1.01934	-0.0149481	-0.0999897	0.733701	1.79946	0.101101
-0.4415	1.01932	-0.0149262	-0.0999906	0.733683	1.79944	0.101099
-0.4405	1.0193	-0.0149043	-0.0999914	0.733665	1.79943	0.101096
-0.4395	1.01928	-0.0148824	-0.0999921	0.733647	1.79942	0.101094
-0.4385	1.01927	-0.0148605	-0.0999928	0.733628	1.7994	0.101091
-0.4375	1.01925	-0.0148386	-0.0999934	0.73361	1.79939	0.101088
-0.4365	1.01923	-0.0148167	-0.099994	0.733592	1.79938	0.101086
-0.4355	1.01921	-0.0147947	-0.0999945	0.733574	1.79937	0.101083
-0.4345	1.01919	-0.0147728	-0.099995	0.733555	1.79935	0.10108
-0.4335	1.01917	-0.0147508	-0.0999955	0.733537	1.79934	0.101078
-0.4325	1.01916	-0.0147288	-0.0999959	0.733519	1.79933	0.101075
-0.4315	1.01914	-0.0147068	-0.0999963	0.7335	1.79931	0.101072
-0.4305	1.01912	-0.0146848	-0.0999966	0.733482	1.7993	0.101069
-0.4295	1.0191	-0.0146628	-0.0999969	0.733463	1.79929	0.101066
-0.4285	1.01908	-0.0146408	-0.0999972	0.733445	1.79928	0.101063
-0.4275	1.01907	-0.0146188	-0.0999975	0.733426	1.79926	0.10106
-0.4265	1.01905	-0.0145968	-0.0999977	0.733408	1.79925	0.101057
-0.4255	1.01903	-0.0145747	-0.0999979	0.73339	1.79924	0.101054
-0.4245	1.01901	-0.0145527	-0.0999981	0.733371	1.79922	0.101051
-0.4235	1.01899	-0.0145306	-0.0999983	0.733353	1.79921	0.101048
-0.4225	1.01897	-0.0145086	-0.0999985	0.733334	1.7992	0.101045
-0.4215	1.01896	-0.0144865	-0.0999986	0.733316	1.79919	0.101042
-0.4205	1.01894	-0.0144644	-0.0999987	0.733297	1.79917	0.101039
-0.4195	1.01892	-0.0144423	-0.0999989	0.733278	1.79916	0.101036
-0.4185	1.0189	-0.0144202	-0.099999	0.73326	1.79915	0.101033
-0.4175	1.01888	-0.0143981	-0.0999991	0.733241	1.79913	0.10103
-0.4165	1.01886	-0.014376	-0.0999992	0.733223	1.79912	0.101027
-0.4155	1.01884	-0.0143538	-0.0999992	0.733204	1.79911	0.101024
-0.4145	1.01883	-0.0143317	-0.0999993	0.733185	1.79909	0.101021
-0.4135	1.01881	-0.0143095	-0.0999994	0.733167	1.79908	0.101018
-0.4125	1.01879	-0.0142874	-0.0999994	0.733148	1.79907	0.101015
-0.4115	1.01877	-0.0142652	-0.0999995	0.733129	1.79905	0.101012
-0.4105	1.01875	-0.0142431	-0.0999995	0.733111	1.79904	0.101009
-0.4095	1.01873	-0.0142209	-0.0999996	0.733092	1.79903	0.101006
-0.4085	1.01871	-0.0141987	-0.0999996	0.733073	1.79902	0.101003
-0.4075	1.0187	-0.0141765	-0.0999997	0.733055	1.799	0.101
-0.4065	1.01868	-0.0141543	-0.0999997	0.733036	1.79899	0.100996
-0.4055	1.01866	-0.0141321	-0.0999997	0.733017	1.79898	0.100993
-0.4045	1.01864	-0.0141098	-0.0999997	0.732998	1.79896	0.10099
-0.4035	1.01862	-0.0140876	-0.0999998	0.73298	1.79895	0.100987
-0.4025	1.0186	-0.0140654	-0.0999998	0.732961	1.79894	0.100984
-0.4015	1.01858	-0.0140431	-0.0999998	0.732942	1.79892	0.100981
-0.4005	1.01857	-0.0140209	-0.0999998	0.732923	1.79891	0.100978
-0.3995	1.01855	-0.0139986	-0.0999998	0.732904	1.7989	0.100975
-0.3985	1.01853	-0.0139763	-0.0999998	0.732885	1.79888	0.100972
-0.3975	1.01851	-0.0139541	-0.0999998	0.732867	1.79887	0.100969
-0.3965	1.01849	-0.0139318	-0.0999998	0.732848	1.79886	0.100966
-0.3955	1.01847	-0.0139095	-0.0999999	0.732829	1.79884	0.100963
-0.3945	1.01845	-0.0138872	-0.0999999	0.73281	1.79883	0.10096
-0.3935	1.01843	-0.0138649	-0.0999999	0.732791	1.79882	0.100956
-0.3925	1.01842	-0.0138426	-0.0999999	0.732772	1.7988	0.100953
-0.3915	1.0184	-0.0138203	-0.0999999	0.732753	1.79879	0.10095
-0.3905	1.01838	-0.0137979	-0.0999999	0.732734	1.79878	0.100947
-0.3895	1.01836	-0.0137756	-0.0999999	0.732715	1.79876	0.100944
-0.3885	1.01834	-0.0137533	-0.0999999	0.732696	1.79875	0.100941
-0.3875	1.01832	-0.0137309	-0.0999999	0.732677	1.79874	0.100938
-0.3865	1.0183	-0.0137086	-0.0999999	0.732658	1.79872	0.100935
-0.3855	1.01828	-0.0136862	-0.0999999	0.732639	1.79871	0.100932
-0.3845	1.01826	-0.0136639	-0.0999999	0.73262	1.7987	0.100929
-0.3835	1.01825	-0.0136415	-0.0999999	0.732601	1.79868	0.100926
-0.3825	1.01823	-0.0136191	-0.0999999	0.732582	1.79867	0.100923
-0.3815	1.01821	-0.0135967	-0.0999999	0.732563	1.79866	0.10092
-0.3805	1.01819	-0.0135743	-0.0999999	0.732544	1.79864	0.100917
-0.3795	1.01817	-0.0135519	-0.0999999	0.732525	1.79863	0.100914
-0.3785	1.01815	-0.0135295	-0.0999999	0.732505	1.79862	0.100911
-0.3775	1.01813	-0.0135071	-0.0999999	0.732486	1.7986	0.100908
-0.3765	1.01811	-0.0134847	-0.0999999	0.732467	1.79859	0.100905
-0.3755	1.01809	-0.0134623	-0.0999999	0.732448	1.79858	0.100902
-0.3745	1.01807	-0.0134399	-0.0999999	0.732429	1.79856	0.100899
-0.3735	1.01806	-0.0134174	-0.0999999	0.73241	1.79855	0.100896
-0.3725	1.01804	-0.013395	-0.0999999	0.73239	1.79854	0.100893
-0.3715	1.01802	-0.0133726	-0.0999999	0.732371	1.79852	0.10089
-0.3705	1.018	-0.0133501	-0.0999999	0.732352	1.79851	0.100887
-0.3695	1.01798	-0.0133277	-0.0999999	0.732333	1.7985	0.100884
-0.3685	1.01796	-0.0133052	-0.0999999	0.732314	1.79848	0.100881
-0.3675	1.01794	-0.0132828	-0.0999999	0.732294	1.79847	0.100878
-0.3665	1.01792	-0.0132603	-0.0999999	0.732275	1.79846	0.100875
-0.3655	1.0179	-0.0132378	-0.0999999	0.732256	1.79844	0.100872
-0.3645	1.01788	-0.0132154	-0.0999999	0.732236	1.79843	0.100869
-0.3635	1.01786	-0.0131929	-0.0999999	0.732217	1.79841	0.100866
-0.3625	1.01785	-0.0131704	-0.0999999	0.732198	1.7984	0.100863
-0.3615	1.01783	-0.0131479	-0.0999999	0.732179	1.79839	0.100861
-0.3605	1.01781	-0.0131254	-0.0999999	0.732159	1.79837	0.100858
-0.3595	1.01779	-0.0131029	-0.0999999	0.73214	1.79836	0.100855
-0.3585	1.01777	-0.0130804	-0.0999999	0.73212	1.79835	0.100852
-0.3575	1.01775	-0.0130579	-0.0999999	0.732101	1.79833	0.100849
-0.3565	1.01773	-0.0130354	-0.0999999	0.732082	1.79832	0.100846
-0.3555	1.01771	-0.0130129	-0.0999999	0.732062	1.79831	0.100843
-0.3545	1.01769	-0.0129904	-0.0999999	0.732043	1.79829	0.10084
-0.3535	1.01767	-0.0129678	-0.0999999	0.732023	1.79828	0.100837
-0.3525	1.01765	-0.0129453	-0.0999999	0.732004	1.79827	0.100834
-0.3515	1.01763	-0.0129228	-0.0999999	0.731985	1.79825	0.100831
-0.3505	1.01761	-0.0129003	-0.0999999	0.731965	1.79824	0.100829
-0.3495	1.0176	-0.0128777	-0.0999999	0.731946	1.79822	0.100826
-0.3485	1.01758	-0.0128552	-0.0999999	0.731926	1.79821	0.100823
-0.3475	1.01756	-0.0128326	-0.0999999	0.731907	1.7982	0.10082
-0.3465	1.01754	-0.0128101	-0.0999999	0.731887	1.79818	0.100817
-0.3455	1.01752	-0.0127875	-0.0999999	0.731868	1.79817	0.100814
-0.3445	1.0175	-0.012765	-0.0999999	0.731848	1.79816	0.100811
-0.3435	1.01748	-0.0127424	-0.0999999	0.731829	1.79814	0.100808
-0.3425	1.01746	-0.0127199	-0.0999999	0.731809	1.79813	0.100806
-0.3415	1.01744	-0.0126973	-0.0999999	0.731789	1.79811	0.100803
-0.3405	1.01742	-0.0126748	-0.0999999	0.73177	1.7981	0.1008
-0.3395	1.0174	-0.0126522	-0.0999999	0.73175	1.79809	0.100797
-0.3385	1.01738	-0.0126296	-0.0999999	0.731731	1.79807	0.100794
-0.3375	1.01736	-0.012607	-0.0999999	0.731711	1.79806	0.100791
-0.3365	1.01734	-0.0125845	-0.0999999	0.731692	1.79805	0.100789
-0.3355	1.01732	-0.0125619	-0.0999999	0.731672	1.79803	0.100786
-0.3345	1.0173	-0.0125393	-0.0999999	0.731652	1.79802	0.100783
-0.3335	1.01728	-0.0125167	-0.0999999	0.731633	1.798	0.10078
-0.3325	1.01726	-0.0124942	-0.0999999	0.731613	1.79799	0.100777
-0.3315	1.01725	-0.0124716	-0.0999999	0.731593	1.79798	0.100775
-0.3305	1.01723	-0.012449	-0.0999999	0.731574	1.79796	0.100772
-0.3295	1.01721	-0.0124264	-0.0999999	0.731554	1.79795	0.100769
-0.3285	1.01719	-0.0124038	-0.0999999	0.731534	1.79794	0.100766
-0.3275	1.01717	-0.0123812	-0.0999999	0.731515	1.79792	0.100763
-0.3265	1.01715	-0.0123586	-0.0999999	0.731495	1.79791	0.100761
-0.3255	1.01713	-0.012336	-0.0999999	0.731475	1.79789	0.100758
-0.3245	1.01711	-0.0123135	-0.0999999	0.731455	1.79788	0.100755
-0.3235	1.01709	-0.0122909	-0.0999999	0.731436	1.79787	0.100752
-0.3225	1.01707	-0.0122683	-0.0999999	0.731416	1.79785	0.10075
-0.3215	1.01705	-0.0122457	-0.0999999	0.731396	1.79784	0.100747
-0.3205	1.01703	-0.0122231	-0.0999999	0.731376	1.79782	0.100744
-0.3195	1.01701	-0.0122005	-0.0999999	0.731356	1.79781	0.100741
-0.3185	1.01699	-0.0121779	-0.0999999	0.731337	1.7978	0.100739
-0.3175	1.01697	-0.0121553	-0.0999999	0.731317	1.79778	0.100736
-0.3165	1.01695	-0.0121327	-0.0999999	0.731297	1.79777	0.100733
-0.3155	1.01693	-0.0121101	-0.0999999	0.731277	1.79776	0.100731
-0.3145	1.01691	-0.0120875	-0.0999999	0.731257	1.79774	0.100728
-0.3135	1.01689	-0.0120649	-0.0999999	0.731238	1.79773	0.100725
-0.3125	1.01687	-0.0120423	-0.0999999	0.731218	1.79771	0.100722
-0.3115	1.01685	-0.0120197	-0.0999999	0.731198	1.7977	0.10072
-0.3105	1.01683	-0.0119971	-0.0999999	0.731178	1.79769	0.100717
-0.3095	1.01681	-0.0119745	-0.0999999	0.731158	1.79767	0.100714
-0.3085	1.01679	-0.0119519	-0.0999999	0.731138	1.79766	0.100712
-0.3075	1.01677	-0.0119293	-0.0999999	0.731118	1.79764	0.100709
-0.3065	1.01675	-0.0119067	-0.0999999	0.731098	1.79763	0.100706
-0.3055	1.01673	-0.0118841	-0.0999999	0.731078	1.79762	0.100704
-0.3045	1.01671	-0.0118615	-0.0999999	0.731058	1.7976	0.100701
-0.3035	1.01669	-0.0118389	-0.0999999	0.731038	1.79759	0.100698
-0.3025	1.01667	-0.0118163	-0.0999999	0.731018	1.79757	0.100696
-0.3015	1.01665	-0.0117937	-0.0999999	0.730999	1.79756	0.100693
-0.3005	1.01663	-0.0117711	-0.0999999	0.730979	1.79755	0.10069
-0.2995	1.01661	-0.0117485	-0.0999999	0.730959	1.79753	0.100688
-0.2985	1.01659	-0.0117259	-0.0999999	0.730939	1.79752	0.100685
-0.2975	1.01657	-0.0117033	-0.0999999	0.730919	1.7975	0.100682
-0.2965	1.01655	-0.0116807	-0.0999999	0.730899	1.79749	0.10068
-0.2955	1.01654	-0.0116582	-0.0999999	0.730879	1.79748	0.100677
-0.2945	1.01652	-0.0116356	-0.0999999	0.730858	1.79746	0.100675
-0.2935	1.0165	-0.011613	-0.0999999	0.730838	1.79745	0.100672
-0.2925	1.01648	-0.0115904	-0.0999999	0.730818	1.79743	0.100669
-0.2915	1.01646	-0.0115678	-0.0999999	0.730798	1.79742	0.100667
-0.2905	1.01644	-0.0115453	-0.0999999	0.730778	1.7974	0.100664
-0.2895	1.01642	-0.0115227	-0.0999999	0.730758	1.79739	0.100662
-0.2885	1.0164	-0.0115001	-0.0999999	0.730738	1.79738	0.100659
-0.2875	1.01638	-0.0114776	-0.0999999	0.730718	1.79736	0.100656
-0.2865	1.01636	-0.011455	-0.0999999	0.730698	1.79735	0.100654
-0.2855	1.01634	-0.0114324	-0.0999999	0.730678	1.79733	0.100651
-0.2845	1.01632	-0.0114099	-0.0999999	0.730658	1.79732	0.100649
-0.2835	1.0163	-0.0113873	-0.0999999	0.730637	1.79731	0.100646
-0.2825	1.01628	-0.0113648	-0.0999999	0.730617	1.79729	0.100644
-0.2815	1.01626	-0.0113422	-0.0999999	0.730597	1.79728	0.100641
-0.2805	1.01624	-0.0113197	-0.0999999	0.730577	1.79726	0.100639
-0.2795	1.01622	-0.0112971	-0.0999999	0.730557	1.79725	0.100636
-0.2785	1.0162	-0.0112746	-0.0999999	0.730537	1.79723	0.100633
-0.2775	1.01618	-0.0112521	-0.0999999	0.730517	1.79722	0.100631
-0.2765	1.01616	-0.0112296	-0.0999999	0.730496	1.79721	0.100628
-0.2755	1.01614	-0.011207	-0.0999999	0.730476	1.79719	0.100626
-0.2745	1.01612	-0.0111845	-0.0999999	0.730456	1.79718	0.100623
-0.2735	1.01609	-0.011162	-0.0999999	0.730436	1.79716	0.100621
-0.2725	1.01607	-0.0111395	-0.0999999	0.730415	1.79715	0.100618
-0.2715	1.01605	-0.011117	-0.0999999	0.730395	1.79714	0.100616
-0.2705	1.01603	-0.0110945	-0.0999999	0.730375	1.79712	0.100613
-0.2695	1.01601	-0.011072	-0.0999999	0.730355	1.79711	0.100611
-0.2685	1.01599	-0.0110495	-0.0999999	0.730334	1.79709	0.100609
-0.2675	1.01597	-0.011027	-0.0999999	0.730314	1.79708	0.100606
-0.2665	1.01595	-0.0110045	-0.0999999	0.730294	1.79706	0.100604
-0.2655	1.01593	-0.0109821	-0.0999999	0.730274	1.79705	0.100601
-0.2645	1.01591	-0.0109596	-0.0999999	0.730253	1.79704	0.100599
-0.2635	1.01589	-0.0109372	-0.0999999	0.730233	1.79702	0.100596
-0.2625	1.01587	-0.0109147	-0.0999999	0.730213	1.79701	0.100594
-0.2615	1.01585	-0.0108923	-0.0999999	0.730192	1.79699	0.100591
-0.2605	1.01583	-0.0108698	-0.0999999	0.730172	1.79698	0.100589
-0.2595	1.01581	-0.0108474	-0.0999999	0.730152	1.79696	0.100587
-0.2585	1.01579	-0.010825	-0.0999999	0.730131	1.79695	0.100584
-0.2575	1.01577	-0.0108026	-0.0999999	0.730111	1.79694	0.100582
-0.2565	1.01575	-0.0107802	-0.0999999	0.730091	1.79692	0.100579
-0.2555	1.01573	-0.0107578	-0.0999999	0.73007	1.79691	0.100577
-0.2545	1.01571	-0.0107354	-0.0999999	0.73005	1.79689	0.100575
-0.2535	1.01569	-0.010713	-0.0999999	0.73003	1.79688	0.100572
-0.2525	1.01567	-0.0106906	-0.0999999	0.730009	1.79686	0.10057
-0.2515	1.01565	-0.0106683	-0.0999999	0.729989	1.79685	0.100567
-0.2505	1.01563	-0.0106459	-0.0999999	0.729968	1.79684	0.100565
-0.2495	1.01561	-0.0106236	-0.0999999	0.729948	1.79682	0.100563
-0.2485	1.01559	-0.0106012	-0.0999999	0.729928	1.79681	0.10056
-0.2475	1.01557	-0.0105789	-0.0999999	0.729907	1.79679	0.100558
-0.2465	1.01555	-0.0105566	-0.0999999	0.729887	1.79678	0.100556
-0.2455	1.01553	-0.0105343	-0.0999999	0.729866	1.79676	0.100553
-0.2445	1.01551	-0.010512	-0.0999999	0.729846	1.79675	0.100551
-0.2435	1.01549	-0.0104897	-0.0999999	0.729825	1.79673	0.100549
-0.2425	1.01547	-0.0104674	-0.0999999	0.729805	1.79672	0.100546
-0.2415	1.01545	-0.0104452	-0.0999999	0.729785	1.79671	0.100544
-0.2405	1.01543	-0.0104229	-0.0999999	0.729764	1.79669	0.100542
-0.2395	1.01541	-0.0104007	-0.0999999	0.729744	1.79668	0.100539
-0.2385	1.01539	-0.0103785	-0.0999999	0.729723	1.79666	0.100537
-0.2375	1.01537	-0.0103563	-0.0999999	0.729703	1.79665	0.100535
-0.2365	1.01535	-0.0103341	-0.0999999	0.729682	1.79663	0.100532
-0.2355	1.01533	-0.0103119	-0.0999999	0.729662	1.79662	0.10053
-0.2345	1.01531	-0.0102897	-0.0999998	0.729641	1.79661	0.100528
-0.2335	1.01529	-0.0102676	-0.0999998	0.729621	1.79659	0.100526
-0.2325	1.01526	-0.0102454	-0.0999998	0.7296	1.79658	0.100523
-0.2315	1.01524	-0.0102233	-0.0999998	0.72958	1.79656	0.100521
-0.2305	1.01522	-0.0102012	-0.0999998	0.729559	1.79655	0.100519
-0.2295	1.0152	-0.0101791	-0.0999998	0.729539	1.79653	0.100517
-0.2285	1.01518	-0.0101571	-0.0999998	0.729518	1.79652	0.100514
-0.2275	1.01516	-0.010135	-0.0999997	0.729498	1.7965	0.100512
-0.2265	1.01514	-0.010113	-0.0999997	0.729477	1.79649	0.10051
-0.2255	1.01512	-0.010091	-0.0999997	0.729457	1.79648	0.100508
-0.2245	1.0151	-0.010069	-0.0999997	0.729436	1.79646	0.100505
-0.2235	1.01508	-0.010047	-0.0999996	0.729416	1.79645	0.100503
-0.2225	1.01506	-0.010025	-0.0999996	0.729395	1.79643	0.100501
-0.2215	1.01504	-0.0100031	-0.0999996	0.729375	1.79642	0.100499
-0.2205	1.01502	-0.00998119	-0.0999995	0.729354	1.7964	0.100496
-0.2195	1.015	-0.00995929	-0.0999995	0.729334	1.79639	0.100494
-0.2185	1.01498	-0.00993743	-0.0999994	0.729313	1.79637	0.100492
-0.2175	1.01496	-0.00991558	-0.0999994	0.729293	1.79636	0.10049
-0.2165	1.01494	-0.00989376	-0.0999993	0.729272	1.79635	0.100488
-0.2155	1.01492	-0.00987197	-0.0999993	0.729252	1.79633	0.100485
-0.2145	1.0149	-0.0098502	-0.0999992	0.729231	1.79632	0.100483
-0.2135	1.01488	-0.00982846	-0.0999991	0.729211	1.7963	0.100481
-0.2125	1.01486	-0.00980674	-0.099999	0.72919	1.79629	0.100479
-0.2115	1.01484	-0.00978506	-0.0999989	0.72917	1.79627	0.100476
-0.2105	1.01482	-0.0097634	-0.0999988	0.729149	1.79626	0.100474
-0.2095	1.0148	-0.00974177	-0.0999987	0.729129	1.79624	0.100472
-0.2085	1.01478	-0.00972018	-0.0999985	0.729108	1.79623	0.10047
-0.2075	1.01475	-0.00969862	-0.0999984	0.729088	1.79622	0.100468
-0.2065	1.01473	-0.00967708	-0.0999982	0.729067	1.7962	0.100465
-0.2055	1.01471	-0.00965559	-0.099998	0.729047	1.79619	0.100463
-0.2045	1.01469	-0.00963412	-0.0999978	0.729026	1.79617	0.100461
-0.2035	1.01467	-0.0096127	-0.0999976	0.729006	1.79616	0.100459
-0.2025	1.01465	-0.00959131	-0.0999973	0.728985	1.79614	0.100456
-0.2015	1.01463	-0.00956996	-0.099997	0.728965	1.79613	0.100454
-0.2005	1.01461	-0.00954864	-0.0999967	0.728944	1.79612	0.100452
-0.1995	1.01459	-0.00952737	-0.0999964	0.728924	1.7961	0.100449
-0.1985	1.01457	-0.00950613	-0.099996	0.728904	1.79609	0.100447
-0.1975	1.01455	-0.00948494	-0.0999956	0.728883	1.79607	0.100444
-0.1965	1.01453	-0.00946379	-0.0999952	0.728863	1.79606	0.100442
-0.1955	1.01451	-0.00944269	-0.0999947	0.728842	1.79604	0.10044
-0.1945	1.01449	-0.00942163	-0.0999942	0.728822	1.79603	0.100437
-0.1935	1.01447	-0.00940062	-0.0999936	0.728802	1.79601	0.100435
-0.1925	1.01445	-0.00937966	-0.099993	0.728781	1.796	0.100432
-0.1915	1.01443	-0.00935874	-0.0999923	0.728761	1.79599	0.100429
-0.1905	1.01441	-0.00933788	-0.0999915	0.728741	1.79597	0.100427
-0.1895	1.01439	-0.00931706	-0.0999907	0.728721	1.79596	0.100424
-0.1885	1.01437	-0.0092963	-0.0999898	0.7287	1.79594	0.100421
-0.1875	1.01435	-0.0092756	-0.0999888	0.72868	1.79593	0.100418
-0.1865	1.01433	-0.00925495	-0.0999877	0.72866	1.79591	0.100415
-0.1855	1.01431	-0.00923435	-0.0999865	0.72864	1.7959	0.100412
-0.1845	1.01429	-0.00921382	-0.0999852	0.72862	1.79589	0.100409
-0.1835	1.01427	-0.00919334	-0.0999838	0.7286	1.79587	0.100406
-0.1825	1.01425	-0.00917293	-0.0999823	0.728579	1.79586	0.100402
-0.1815	1.01423	-0.00915257	-0.0999807	0.728559	1.79584	0.100399
-0.1805	1.01421	-0.00913228	-0.0999789	0.728539	1.79583	0.100395
-0.1795	1.01419	-0.00911206	-0.0999769	0.728519	1.79582	0.100391
-0.1785	1.01417	-0.00909189	-0.0999748	0.728499	1.7958	0.100387
-0.1775	1.01415	-0.0090718	-0.0999725	0.728479	1.79579	0.100383
-0.1765	1.01413	-0.00905178	-0.09997	0.728459	1.79577	0.100379
-0.1755	1.01411	-0.00903182	-0.0999673	0.728439	1.79576	0.100374
-0.1745	1.01409	-0.00901193	-0.0999644	0.728419	1.79575	0.10037
-0.1735	1.01407	-0.00899212	-0.0999612	0.7284	1.79573	0.100365
-0.1725	1.01405	-0.00897238	-0.0999577	0.72838	1.79572	0.10036
-0.1715	1.01403	-0.00895272	-0.099954	0.72836	1.7957	0.100354
-0.1705	1.01401	-0.00893313	-0.09995	0.72834	1.79569	0.100348
-0.1695	1.01399	-0.00891361	-0.0999457	0.72832	1.79568	0.100342
-0.1685	1.01397	-0.00889418	-0.099941	0.728301	1.79566	0.100336
-0.1675	1.01395	-0.00887482	-0.0999359	0.728281	1.79565	0.100329
-0.1665	1.01393	-0.00885554	-0.0999305	0.728261	1.79563	0.100322
-0.1655	1.01391	-0.00883634	-0.0999246	0.728242	1.79562	0.100315
-0.1645	1.01389	-0.00881723	-0.0999182	0.728222	1.79561	0.100307
-0.1635	1.01387	-0.0087982	-0.0999114	0.728203	1.79559	0.100298
-0.1625	1.01386	-0.00877925	-0.099904	0.728183	1.79558	0.100289
-0.1615	1.01384	-0.00876038	-0.0998961	0.728163	1.79557	0.10028
-0.1605	1.01382	-0.0087416	-0.0998876	0.728144	1.79555	0.100269
-0.1595	1.0138	-0.0087229	-0.0998785	0.728125	1.79554	0.100259
-0.1585	1.01378	-0.00870429	-0.0998687	0.728105	1.79552	0.100247
-0.1575	1.01376	-0.00868576	-0.0998582	0.728086	1.79551	0.100235
-0.1565	1.01374	-0.00866732	-0.0998469	0.728066	1.7955	0.100222
-0.1555	1.01372	-0.00864896	-0.0998348	0.728047	1.79548	0.100209
-0.1545	1.0137	-0.0086307	-0.0998218	0.728028	1.79547	0.100194
-0.1535	1.01368	-0.00861252	-0.0998079	0.728008	1.79546	0.100179
-0.1525	1.01366	-0.00859442	-0.099793	0.727989	1.79545	0.100162
-0.1515	1.01364	-0.00857641	-0.0997771	0.72797	1.79543	0.100145
-0.1505	1.01362	-0.00855849	-0.0997601	0.727951	1.79542	0.100127
-0.1495	1.0136	-0.00854066	-0.0997419	0.727931	1.79541	0.100107
-0.1485	1.01358	-0.00852291	-0.0997225	0.727912	1.79539	0.100086
-0.1475	1.01356	-0.00850525	-0.0997018	0.727893	1.79538	0.100064
-0.1465	1.01354	-0.00848768	-0.0996797	0.727874	1.79537	0.10004
-0.1455	1.01352	-0.00847018	-0.0996561	0.727855	1.79536	0.100015
-0.1445	1.0135	-0.00845277	-0.099631	0.727836	1.79535	0.0999889
-0.1435	1.01348	-0.00843544	-0.0996042	0.727817	1.79534	0.0999608
-0.1425	1.01346	-0.00841819	-0.0995758	0.727797	1.79533	0.099931
-0.1415	1.01344	-0.00840101	-0.0995455	0.727778	1.79532	0.0998993
-0.1405	1.01342	-0.00838391	-0.0995132	0.727759	1.79531	0.0998658
-0.1395	1.0134	-0.00836688	-0.099479	0.72774	1.7953	0.0998303
-0.1385	1.01338	-0.00834992	-0.0994427	0.727721	1.79529	0.0997926
-0.1375	1.01335	-0.00833303	-0.0994041	0.727702	1.79528	0.0997527
-0.1365	1.01333	-0.00831619	-0.0993631	0.727683	1.79527	0.0997105
-0.1355	1.01331	-0.00829942	-0.0993197	0.727664	1.79527	0.0996659
-0.1345	1.01328	-0.0082827	-0.0992737	0.727644	1.79526	0.0996186
-0.1335	1.01326	-0.00826603	-0.099225	0.727625	1.79526	0.0995687
-0.1325	1.01323	-0.00824941	-0.0991734	0.727606	1.79526	0.0995159
-0.1315	1.01321	-0.00823283	-0.0991188	0.727587	1.79526	0.0994601
-0.1305	1.01318	-0.00821628	-0.0990611	0.727568	1.79526	0.0994013
-0.1295	1.01315	-0.00819976	-0.0990001	0.727549	1.79527	0.0993391
-0.1285	1.01312	-0.00818326	-0.0989357	0.727529	1.79527	0.0992736
-0.1275	1.01309	-0.00816676	-0.0988678	0.72751	1.79528	0.0992045
-0.1265	1.01305	-0.00815026	-0.098796	0.727491	1.7953	0.0991316
-0.1255	1.01301	-0.00813375	-0.0987204	0.727471	1.79531	0.0990549
-0.1245	1.01298	-0.00811721	-0.0986407	0.727452	1.79533	0.0989741
-0.1235	1.01293	-0.00810062	-0.0985567	0.727433	1.79536	0.0988891
-0.1225	1.01289	-0.00808397	-0.0984684	0.727413	1.79539	0.0987997
-0.1215	1.01284	-0.00806724	-0.0983754	0.727394	1.79543	0.0987057
-0.1205	1.01279	-0.0080504	-0.0982777	0.727375	1.79547	0.0986069
-0.1195	1.01273	-0.00803344	-0.098175	0.727355	1.79553	0.0985031
-0.1185	1.01267	-0.00801632	-0.0980671	0.727335	1.79559	0.0983942
-0.1175	1.0126	-0.00799902	-0.0979538	0.727316	1.79566	0.0982799
-0.1165	1.01253	-0.0079815	-0.097835	0.727296	1.79574	0.09816
-0.1155	1.01245	-0.00796373	-0.0977104	0.727277	1.79583	0.0980344
-0.1145	1.01236	-0.00794568	-0.0975798	0.727257	1.79594	0.0979028
-0.1135	1.01227	-0.0079273	-0.0974431	0.727237	1.79606	0.097765
-0.1125	1.01216	-0.00790855	-0.0972999	0.727217	1.79621	0.0976208
-0.1115	1.01204	-0.00788937	-0.0971502	0.727198	1.79637	0.09747
-0.1105	1.01191	-0.0078697	-0.0969936	0.727178	1.79655	0.0973123
-0.1095	1.01177	-0.00784949	-0.0968299	0.727158	1.79676	0.0971475
-0.1085	1.01161	-0.00782865	-0.096659	0.727138	1.79699	0.0969755
-0.1075	1.01143	-0.0078071	-0.0964805	0.727118	1.79726	0.0967959
-0.1065	1.01123	-0.00778476	-0.0962943	0.727098	1.79756	0.0966085
-0.1055	1.01101	-0.00776151	-0.0961001	0.727079	1.7979	0.096413
-0.1045	1.01077	-0.00773723	-0.0958977	0.727059	1.79828	0.0962094
-0.1035	1.0105	-0.00771179	-0.0956869	0.727039	1.79871	0.0959972
-0.1025	1.0102	-0.00768504	-0.0954674	0.727019	1.7992	0.0957762
-0.1015	1.00986	-0.00765681	-0.0952389	0.726999	1.79975	0.0955462
-0.1005	1.00949	-0.0076269	-0.0950013	0.72698	1.80036	0.0953069
-0.0995	1.00907	-0.00759512	-0.0947542	0.72696	1.80106	0.0950581
-0.0985	1.00861	-0.00756122	-0.0944974	0.72694	1.80184	0.0947994
-0.0975	1.00809	-0.00752493	-0.0942307	0.726921	1.80272	0.0945306
-0.0965	1.00751	-0.00748596	-0.0939537	0.726901	1.80371	0.0942514
-0.0955	1.00686	-0.00744397	-0.0936661	0.726882	1.80482	0.0939614
-0.0945	1.00614	-0.00739856	-0.0933677	0.726863	1.80607	0.0936604
-0.0935	1.00533	-0.00734928	-0.093058	0.726844	1.80748	0.0933478
-0.0925	1.00442	-0.00729561	-0.0927368	0.726826	1.80906	0.0930233
-0.0915	1.0034	-0.00723692	-0.0924035	0.726807	1.81085	0.0926865
-0.0905	1.00226	-0.00717249	-0.0920578	0.726789	1.81288	0.0923368
-0.0895	1.00097	-0.00710147	-0.091699	0.726772	1.81517	0.0919736
-0.0885	0.99952	-0.00702285	-0.0913267	0.726755	1.81776	0.0915963
-0.0875	0.997881	-0.00693544	-0.0909402	0.726739	1.82071	0.0912042
-0.0865	0.996026	-0.00683786	-0.0905388	0.726724	1.82406	0.0907966
-0.0855	0.993924	-0.00672846	-0.0901219	0.726709	1.82788	0.0903727
-0.0845	0.991536	-0.00660535	-0.0896888	0.726696	1.83225	0.0899317
-0.0835	0.988822	-0.0064663	-0.0892389	0.726684	1.83725	0.0894729
-0.0825	0.985733	-0.00630881	-0.0887716	0.726673	1.84298	0.0889955
-0.0815	0.982218	-0.00613005	-0.0882865	0.726664	1.84955	0.0884991
-0.0805	0.978222	-0.00592691	-0.0877834	0.726657	1.85709	0.0879833
-0.0795	0.973689	-0.00569601	-0.0872623	0.726651	1.86572	0.087448
-0.0785	0.968566	-0.00543386	-0.0867235	0.726647	1.87558	0.0868935
-0.0775	0.962805	-0.00513691	-0.0861674	0.726645	1.88679	0.0863204
-0.0765	0.956367	-0.00480181	-0.0855948	0.726645	1.89949	0.0857294
-0.0755	0.949232	-0.00442555	-0.0850067	0.726645	1.91377	0.0851218
-0.0745	0.941395	-0.00400574	-0.0844041	0.726645	1.9297	0.0844991
-0.0735	0.932877	-0.00354079	-0.0837881	0.726645	1.94732	0.0838629
-0.0725	0.923721	-0.00303017	-0.0831599	0.726643	1.96662	0.083215
-0.0715	0.913996	-0.00247458	-0.0825205	0.726637	1.98753	0.0825576
-0.0705	0.903786	-0.00187579	-0.081871	0.726623	2.00994	0.0818925
-0.0695	0.893189	-0.00123943	-0.0812124	0.72659	2.03369	0.0812219
-0.0685	0.882305	-0.00058748	-0.0805476	0.726515	2.05857	0.0805497
-0.0675	0.871268	6.09668e-05	-0.079884	0.726408	2.08434	0.079884
-0.0665	0.860289	0.000713061	-0.079221	0.726331	2.11072	0.0792242
-0.0655	0.849549	0.00137569	-0.078552	0.726281	2.13725	0.078564
-0.0645	0.839143	0.00204011	-0.0778738	0.726218	2.16357	0.0779006
-0.0635	0.829146	0.00269928	-0.0771835	0.726147	2.18944	0.0772307
-0.0625	0.819616	0.0033474	-0.0764794	0.726067	2.21466	0.0765526
-0.0615	0.810593	0.00397882	-0.0757603	0.72598	2.23904	0.0758647
-0.0605	0.802107	0.00458842	-0.0750257	0.725889	2.26244	0.0751658
-0.0595	0.794174	0.00517191	-0.0742747	0.725793	2.28474	0.0744545
-0.0585	0.786801	0.00572583	-0.0735068	0.725696	2.30585	0.0737295
-0.0575	0.779988	0.00624785	-0.0727216	0.725599	2.32568	0.0729895
-0.0565	0.773729	0.00673648	-0.071919	0.725505	2.34418	0.0722338
-0.0555	0.768013	0.00719023	-0.0710986	0.725412	2.36133	0.0714612
-0.0545	0.762824	0.00760787	-0.07026	0.725321	2.37709	0.0706707
-0.0535	0.758144	0.00798914	-0.0694028	0.725232	2.39147	0.0698611
-0.0525	0.753953	0.00833422	-0.0685266	0.725147	2.40448	0.0690316
-0.0515	0.750232	0.0086435	-0.0676312	0.725066	2.41614	0.0681813
-0.0505	0.746957	0.00891746	-0.0667165	0.724989	2.42648	0.0673098
-0.0495	0.744107	0.00915643	-0.0657822	0.724914	2.43552	0.0664164
-0.0485	0.741661	0.00936044	-0.0648285	0.724841	2.4433	0.0655007
-0.0475	0.739599	0.00952961	-0.0638554	0.724771	2.44988	0.0645626
-0.0465	0.737906	0.00966498	-0.0628633	0.724709	2.45529	0.0636019
-0.0455	0.736568	0.00976905	-0.0618518	0.724663	2.4596	0.0626186
-0.0445	0.735575	0.00984809	-0.0608195	0.724646	2.46285	0.0616116
-0.0435	0.73492	0.0099161	-0.0597638	0.724667	2.46512	0.0605809
-0.0425	0.734578	0.00999445	-0.0586856	0.724718	2.46644	0.0595306
-0.0415	0.734474	0.010073	-0.0575928	0.724708	2.46676	0.0584671
-0.0405	0.734526	0.0101085	-0.0564929	0.724518	2.46594	0.0573901
-0.0395	0.734863	0.0100593	-0.0553739	0.724364	2.46428	0.0562801
-0.0385	0.735553	0.00995965	-0.0542287	0.724366	2.46198	0.0551357
-0.0375	0.736486	0.00985261	-0.0530645	0.724375	2.45889	0.0539714
-0.0365	0.737635	0.00973713	-0.0518824	0.724374	2.45505	0.0527882
-0.0355	0.738989	0.00960534	-0.0506825	0.724369	2.45054	0.0515846
-0.0345	0.74054	0.00945639	-0.0494646	0.724364	2.44539	0.0503604
-0.0335	0.742277	0.00929113	-0.0482291	0.724361	2.43966	0.0491159
-0.0325	0.744188	0.00911062	-0.0469764	0.724361	2.43339	0.0478517
-0.0315	0.74626	0.00891598	-0.0457067	0.724363	2.42665	0.0465682
-0.0305	0.74848	0.00870815	-0.0444206	0.724369	2.41947	0.0452661
-0.0295	0.750835	0.00848793	-0.0431185	0.724378	2.41191	0.043946
-0.0285	0.75331	0.00825605	-0.0418008	0.724389	2.40402	0.0426083
-0.0275	0.75589	0.00801331	-0.0404679	0.724402	2.39586	0.0412537
-0.0265	0.758558	0.00776056	-0.0391205	0.724417	2.38748	0.0398828
-0.0255	0.761297	0.00749876	-0.0377589	0.724435	2.37895	0.0384963
-0.0245	0.764087	0.00722895	-0.0363838	0.724456	2.37033	0.0370949
-0.0235	0.766907	0.00695216	-0.0349955	0.724482	2.3617	0.0356794
-0.0225	0.769731	0.00666957	-0.0335949	0.72451	2.35313	0.0342506
-0.0215	0.772545	0.00638311	-0.0321825	0.724543	2.34466	0.0328095
-0.0205	0.77534	0.00609433	-0.0307589	0.724574	2.33631	0.0313568
-0.0195	0.778105	0.00580224	-0.0293245	0.724602	2.3281	0.029893
-0.0185	0.780827	0.00550578	-0.02788	0.724629	2.32007	0.0284185
-0.0175	0.783488	0.00520495	-0.0264261	0.724657	2.31228	0.0269338
-0.0165	0.786072	0.00490014	-0.024963	0.724684	2.30476	0.0254394
-0.0155	0.788562	0.00459167	-0.0234914	0.72471	2.29757	0.023936
-0.0145	0.790943	0.00427981	-0.0220117	0.724736	2.29073	0.0224239
-0.0135	0.793199	0.00396478	-0.0205242	0.724761	2.2843	0.0209037
-0.0125	0.795316	0.00364677	-0.0190294	0.724785	2.27829	0.0193757
-0.0115	0.797281	0.00332593	-0.0175275	0.724808	2.27275	0.0178403
-0.0105	0.799081	0.00300239	-0.0160189	0.724829	2.2677	0.0162978
-0.0095	0.800708	0.00267621	-0.0145036	0.724849	2.26315	0.0147484
-0.0085	0.802155	0.00234743	-0.0129818	0.724866	2.25912	0.0131923
-0.0075	0.803415	0.00201603	-0.0114536	0.724882	2.25563	0.0116296
-0.0065	0.804489	0.00168193	-0.00991878	0.724895	2.25266	0.0100604
-0.0055	0.805375	0.00134498	-0.00837727	0.724906	2.25021	0.00848455
-0.0045	0.806081	0.00100496	-0.00682882	0.724914	2.24827	0.00690237
-0.0035	0.806615	0.000661635	-0.00527337	0.72492	2.2468	0.00531471
-0.0025	0.806991	0.00031471	-0.00371052	0.724923	2.24576	0.00372384
-0.0015	0.807228	-3.60524e-05	-0.00213806	0.724925	2.2451	0.00213836
-0.0005	0.807353	-0.000390687	-0.00055259	0.724927	2.24477	0.000676751
0.0005	0.807397	-0.000748951	0.00104217	0.72493	2.24465	0.00128337
0.0015	0.807399	-0.00110778	0.00262965	0.724934	2.24466	0.00285346
0.0025	0.807353	-0.00145916	0.00419062	0.724946	2.24482	0.00443739
0.0035	0.807155	-0.00179617	0.00571774	0.72498	2.24548	0.00599323
0.0045	0.806645	-0.00212173	0.00722298	0.725003	2.24697	0.00752816
0.0055	0.805787	-0.00244499	0.00872655	0.724994	2.24934	0.0090626
0.0065	0.804655	-0.00277068	0.0102354	0.724977	2.25245	0.0106038
0.0075	0.803288	-0.00309922	0.0117471	0.724961	2.25623	0.012149
0.0085	0.801705	-0.00342884	0.0132581	0.724947	2.26064	0.0136944
0.0095	0.79992	-0.00375808	0.0147666	0.724934	2.26564	0.0152374
0.0105	0.797944	-0.00408626	0.0162714	0.72492	2.27121	0.0167766
0.0115	0.79579	-0.00441287	0.0177715	0.724905	2.27731	0.0183112
0.0125	0.793471	-0.00473752	0.0192663	0.72489	2.28392	0.0198403
0.0135	0.791002	-0.00505982	0.0207552	0.724874	2.291	0.0213631
0.0145	0.788401	-0.00537938	0.0222376	0.724858	2.29851	0.022879
0.0155	0.785685	-0.00569571	0.0237129	0.724842	2.3064	0.0243873
0.0165	0.782873	-0.00600825	0.0251804	0.724826	2.31463	0.0258873
0.0175	0.779986	-0.00631687	0.0266395	0.724809	2.32315	0.0273782
0.0185	0.77704	-0.00662252	0.0280898	0.724789	2.33189	0.0288599
0.0195	0.774056	-0.00692619	0.0295306	0.724766	2.34081	0.0303319
0.0205	0.771061	-0.00722709	0.0309612	0.724745	2.34983	0.0317935
0.0215	0.768083	-0.00752318	0.0323809	0.72473	2.35889	0.0332433
0.0225	0.765141	-0.00781277	0.0337889	0.724718	2.36792	0.0346804
0.0235	0.762252	-0.00809473	0.0351847	0.724709	2.37687	0.0361039
0.0245	0.759431	-0.0083682	0.0365677	0.724701	2.38567	0.037513
0.0255	0.756692	-0.00863244	0.0379374	0.724696	2.39429	0.0389071
0.0265	0.754052	-0.00888665	0.039293	0.724693	2.40266	0.0402854
0.0275	0.751524	-0.00913001	0.0406342	0.724692	2.41074	0.0416473
0.0285	0.749121	-0.00936159	0.0419604	0.724694	2.41848	0.042992
0.0295	0.746857	-0.00958054	0.0432711	0.724698	2.42582	0.044319
0.0305	0.744743	-0.00978616	0.0445659	0.724704	2.43273	0.0456277
0.0315	0.742792	-0.00997804	0.0458443	0.724711	2.43915	0.0469176
0.0325	0.741013	-0.0101559	0.047106	0.72472	2.44503	0.0481884
0.0335	0.739418	-0.0103192	0.0483507	0.72473	2.45034	0.0494396
0.0345	0.73802	-0.0104678	0.0495779	0.724742	2.45502	0.0506709
0.0355	0.736833	-0.0106008	0.0507874	0.724761	2.45904	0.051882
0.0365	0.735877	-0.0107122	0.0519786	0.7248	2.46237	0.053071
0.0375	0.735174	-0.0107864	0.0531503	0.724876	2.46498	0.0542337
0.0385	0.734747	-0.0108149	0.0543011	0.725009	2.46686	0.0553676
0.0395	0.734578	-0.0107791	0.0554331	0.725155	2.46793	0.0564714
0.0405	0.734565	-0.010714	0.0565546	0.725137	2.46791	0.0575605
0.0415	0.734732	-0.0106872	0.057665	0.724975	2.4668	0.058647
0.0425	0.735269	-0.0106811	0.0587504	0.724949	2.46491	0.0597135
0.0435	0.736196	-0.0106521	0.0598104	0.725054	2.46216	0.0607516
0.0445	0.737435	-0.0105768	0.0608522	0.725141	2.45832	0.0617646
0.0455	0.738999	-0.010458	0.0618757	0.725213	2.45336	0.0627533
0.0465	0.740913	-0.0103097	0.0628799	0.72528	2.44725	0.0637195
0.0475	0.743199	-0.0101304	0.0638645	0.725349	2.43996	0.0646629
0.0485	0.745876	-0.00991848	0.0648295	0.725423	2.43145	0.0655838
0.0495	0.748962	-0.00967283	0.0657751	0.725503	2.4217	0.0664826
0.0505	0.752475	-0.0093925	0.0667017	0.725587	2.41067	0.0673598
0.0515	0.756431	-0.00907674	0.0676096	0.725676	2.39835	0.0682162
0.0525	0.760849	-0.00872491	0.0684993	0.725768	2.38473	0.0690527
0.0535	0.765744	-0.00833683	0.069371	0.725865	2.3698	0.0698701
0.0545	0.77113	-0.00791288	0.0702247	0.725965	2.35358	0.0706691
0.0555	0.777016	-0.00745348	0.0710606	0.726068	2.33608	0.0714504
0.0565	0.78341	-0.00695944	0.0718792	0.726173	2.31735	0.0722154
0.0575	0.790314	-0.00643229	0.0726812	0.726279	2.29744	0.0729652
0.0585	0.797722	-0.00587431	0.073467	0.726383	2.27643	0.0737015
0.0595	0.805622	-0.00528834	0.0742375	0.726486	2.25443	0.0744256
0.0605	0.813988	-0.00467732	0.0749941	0.726585	2.23156	0.0751398
0.0615	0.822783	-0.00404538	0.0757388	0.72668	2.20799	0.0758468
0.0625	0.83195	-0.00340053	0.0764735	0.726766	2.18392	0.0765491
0.0635	0.841412	-0.00275169	0.0771982	0.726849	2.15961	0.0772472
0.0645	0.851087	-0.00210075	0.0779113	0.726939	2.13533	0.0779396
0.0655	0.860897	-0.00144612	0.0786116	0.727033	2.11127	0.0786249
0.0665	0.870754	-0.000787398	0.0793	0.727122	2.08762	0.0793039
0.0675	0.88056	-0.000132547	0.0799766	0.727185	2.06455	0.0799767
0.0685	0.89023	0.000503523	0.0806404	0.727226	2.04224	0.0806419
0.0695	0.899688	0.00111081	0.0812913	0.727253	2.02085	0.0812989
0.0705	0.908861	0.00168497	0.0819294	0.727271	2.0005	0.0819467
0.0715	0.91768	0.00222252	0.0825544	0.727282	1.98131	0.0825843
0.0725	0.926087	0.00272119	0.0831661	0.727288	1.96334	0.0832106
0.0735	0.934037	0.00317991	0.0837643	0.72729	1.94663	0.0838246
0.0745	0.941495	0.00359868	0.0843488	0.727291	1.93121	0.0844255
0.0755	0.948443	0.00397842	0.0849193	0.727291	1.91707	0.0850125
0.0765	0.95487	0.0043208	0.0854758	0.727291	1.90416	0.085585
0.0775	0.96078	0.00462805	0.0860181	0.727293	1.89245	0.0861425
0.0785	0.966185	0.00490274	0.086546	0.727297	1.88188	0.0866847
0.0795	0.971102	0.00514766	0.0870595	0.727303	1.87236	0.0872116
0.0805	0.975557	0.00536565	0.0875586	0.727311	1.86383	0.0877229
0.0815	0.979579	0.0055595	0.0880434	0.727321	1.85621	0.0882187
0.0825	0.983198	0.00573188	0.0885138	0.727333	1.84941	0.0886992
0.0835	0.986446	0.00588526	0.0889701	0.727347	1.84335	0.0891645
0.0845	0.989356	0.0060219	0.0894123	0.727362	1.83797	0.0896149
0.0855	0.991959	0.00614385	0.0898407	0.727379	1.83319	0.0900505
0.0865	0.994284	0.00625292	0.0902555	0.727396	1.82895	0.0904718
0.0875	0.99636	0.00635073	0.0906569	0.727415	1.82518	0.0908791
0.0885	0.998211	0.00643867	0.0910452	0.727435	1.82185	0.0912726
0.0895	0.999863	0.00651798	0.0914207	0.727455	1.81889	0.0916527
0.0905	1.00134	0.00658972	0.0917835	0.727475	1.81626	0.0920198
0.0915	1.00265	0.00665483	0.0921341	0.727496	1.81393	0.0923741
0.0925	1.00382	0.0067141	0.0924727	0.727517	1.81187	0.0927161
0.0935	1.00487	0.00676823	0.0927996	0.727538	1.81003	0.0930461
0.0945	1.0058	0.00681783	0.093115	0.727559	1.8084	0.0933643
0.0955	1.00664	0.00686342	0.0934193	0.727581	1.80696	0.0936711
0.0965	1.00738	0.00690547	0.0937127	0.727602	1.80567	0.0939668
0.0975	1.00805	0.00694437	0.0939955	0.727624	1.80453	0.0942517
0.0985	1.00865	0.00698048	0.0942681	0.727645	1.80351	0.0945261
0.0995	1.00918	0.00701411	0.0945305	0.727666	1.80261	0.0947904
0.1005	1.00966	0.00704554	0.0947831	0.727688	1.80181	0.0950446
0.1015	1.01009	0.007075	0.0950263	0.727709	1.8011	0.0952893
0.1025	1.01048	0.00710273	0.0952601	0.72773	1.80046	0.0955245
0.1035	1.01082	0.00712891	0.0954849	0.727751	1.7999	0.0957507
0.1045	1.01113	0.00715371	0.095701	0.727772	1.7994	0.095968
0.1055	1.01141	0.0071773	0.0959085	0.727793	1.79895	0.0961767
0.1065	1.01166	0.00719981	0.0961077	0.727813	1.79856	0.096377
0.1075	1.01189	0.00722137	0.0962989	0.727834	1.79821	0.0965692
0.1085	1.01209	0.00724208	0.0964822	0.727854	1.7979	0.0967536
0.1095	1.01227	0.00726205	0.096658	0.727875	1.79762	0.0969304
0.1105	1.01244	0.00728136	0.0968264	0.727895	1.79738	0.0970998
0.1115	1.01259	0.0073001	0.0969877	0.727915	1.79716	0.097262
0.1125	1.01272	0.00731833	0.0971421	0.727936	1.79697	0.0974174
0.1135	1.01285	0.00733611	0.0972898	0.727956	1.79681	0.097566
0.1145	1.01296	0.0073535	0.097431	0.727976	1.79666	0.0977081
0.1155	1.01306	0.00737055	0.097566	0.727996	1.79653	0.097844
0.1165	1.01315	0.0073873	0.0976949	0.728015	1.79642	0.0979738
0.1175	1.01323	0.00740379	0.0978181	0.728035	1.79632	0.0980979
0.1185	1.01331	0.00742007	0.0979355	0.728055	1.79623	0.0982162
0.1195	1.01338	0.00743616	0.0980476	0.728075	1.79616	0.0983292
0.1205	1.01344	0.00745208	0.0981544	0.728094	1.79609	0.0984369
0.1215	1.0135	0.00746788	0.0982562	0.728114	1.79604	0.0985395
0.1225	1.01356	0.00748357	0.0983531	0.728133	1.79599	0.0986374
0.1235	1.01361	0.00749918	0.0984454	0.728152	1.79595	0.0987306
0.1245	1.01365	0.00751473	0.0985332	0.728171	1.79591	0.0988193
0.1255	1.01369	0.00753023	0.0986166	0.728191	1.79588	0.0989036
0.1265	1.01373	0.00754571	0.0986958	0.72821	1.79586	0.0989839
0.1275	1.01377	0.00756117	0.0987711	0.728229	1.79584	0.0990601
0.1285	1.01381	0.00757664	0.0988426	0.728248	1.79582	0.0991326
0.1295	1.01384	0.00759212	0.0989105	0.728267	1.79581	0.0992014
0.1305	1.01387	0.00760762	0.0989748	0.728286	1.7958	0.0992668
0.1315	1.0139	0.00762316	0.0990358	0.728305	1.7958	0.0993288
0.1325	1.01393	0.00763874	0.0990936	0.728324	1.79579	0.0993876
0.1335	1.01396	0.00765438	0.0991483	0.728343	1.79579	0.0994433
0.1345	1.01398	0.00767007	0.0992001	0.728362	1.79579	0.0994961
0.1355	1.01401	0.00768582	0.099249	0.72838	1.79579	0.0995462
0.1365	1.01403	0.00770164	0.0992953	0.728399	1.7958	0.0995936
0.1375	1.01406	0.00771754	0.0993391	0.728418	1.7958	0.0996384
0.1385	1.01408	0.00773351	0.0993804	0.728437	1.79581	0.0996808
0.1395	1.0141	0.00774956	0.0994194	0.728456	1.79581	0.099721
0.1405	1.01413	0.0077657	0.0994562	0.728474	1.79582	0.0997589
0.1415	1.01415	0.00778192	0.0994909	0.728493	1.79583	0.0997948
0.1425	1.01417	0.00779823	0.0995236	0.728512	1.79584	0.0998287
0.1435	1.01419	0.00781464	0.0995544	0.728531	1.79585	0.0998607
0.1445	1.01421	0.00783114	0.0995835	0.728549	1.79586	0.0998909
0.1455	1.01423	0.00784774	0.0996108	0.728568	1.79587	0.0999194
0.1465	1.01425	0.00786444	0.0996364	0.728587	1.79588	0.0999463
0.1475	1.01427	0.00788124	0.0996606	0.728606	1.79589	0.0999717
0.1485	1.01429	0.00789813	0.0996833	0.728624	1.7959	0.0999957
0.1495	1.01431	0.00791514	0.0997046	0.728643	1.79591	0.100018
0.1505	1.01433	0.00793224	0.0997246	0.728662	1.79592	0.10004
0.1515	1.01435	0.00794945	0.0997434	0.728681	1.79594	0.10006
0.1525	1.01437	0.00796676	0.099761	0.7287	1.79595	0.100079
0.1535	1.01439	0.00798418	0.0997775	0.728719	1.79596	0.100096
0.1545	1.01441	0.0080017	0.0997929	0.728738	1.79597	0.100113
0.1555	1.01442	0.00801933	0.0998074	0.728757	1.79599	0.100129
0.1565	1.01444	0.00803706	0.0998209	0.728776	1.796	0.100144
0.1575	1.01446	0.00805489	0.0998336	0.728795	1.79601	0.100158
0.1585	1.01448	0.00807283	0.0998454	0.728814	1.79602	0.100171
0.1595	1.0145	0.00809087	0.0998565	0.728833	1.79604	0.100184
0.1605	1.01452	0.00810902	0.0998668	0.728852	1.79605	0.100196
0.1615	1.01454	0.00812726	0.0998765	0.728871	1.79606	0.100207
0.1625	1.01456	0.0081456	0.0998855	0.72889	1.79608	0.100217
0.1635	1.01458	0.00816405	0.0998939	0.728909	1.79609	0.100227
0.1645	1.0146	0.00818259	0.0999017	0.728928	1.7961	0.100236
0.1655	1.01462	0.00820124	0.099909	0.728948	1.79612	0.100245
0.1665	1.01463	0.00821998	0.0999158	0.728967	1.79613	0.100253
0.1675	1.01465	0.00823882	0.0999221	0.728986	1.79614	0.100261
0.1685	1.01467	0.00825775	0.099928	0.729006	1.79616	0.100269
0.1695	1.01469	0.00827678	0.0999334	0.729025	1.79617	0.100276
0.1705	1.01471	0.0082959	0.0999385	0.729044	1.79619	0.100282
0.1715	1.01473	0.00831511	0.0999432	0.729064	1.7962	0.100289
0.1725	1.01475	0.00833442	0.0999476	0.729083	1.79621	0.100295
0.1735	1.01477	0.00835381	0.0999517	0.729103	1.79623	0.1003
0.1745	1.01479	0.00837329	0.0999554	0.729122	1.79624	0.100306
0.1755	1.01481	0.00839286	0.0999589	0.729142	1.79625	0.100311
0.1765	1.01483	0.00841251	0.0999622	0.729162	1.79627	0.100316
0.1775	1.01485	0.00843225	0.0999652	0.729181	1.79628	0.10032
0.1785	1.01487	0.00845207	0.0999679	0.729201	1.7963	0.100325
0.1795	1.01489	0.00847197	0.0999705	0.729221	1.79631	0.100329
0.1805	1.01491	0.00849195	0.0999729	0.72924	1.79632	0.100333
0.1815	1.01493	0.00851201	0.0999751	0.72926	1.79634	0.100337
0.1825	1.01495	0.00853215	0.0999771	0.72928	1.79635	0.100341
0.1835	1.01497	0.00855236	0.099979	0.7293	1.79637	0.100344
0.1845	1.01499	0.00857264	0.0999807	0.72932	1.79638	0.100348
0.1855	1.01501	0.008593	0.0999823	0.729339	1.79639	0.100351
0.1865	1.01503	0.00861343	0.0999838	0.729359	1.79641	0.100354
0.1875	1.01505	0.00863392	0.0999851	0.729379	1.79642	0.100357
0.1885	1.01506	0.00865449	0.0999864	0.729399	1.79644	0.10036
0.1895	1.01508	0.00867512	0.0999875	0.729419	1.79645	0.100363
0.1905	1.0151	0.00869581	0.0999886	0.729439	1.79646	0.100366
0.1915	1.01512	0.00871657	0.0999895	0.729459	1.79648	0.100369
0.1925	1.01514	0.00873739	0.0999904	0.729479	1.79649	0.100371
0.1935	1.01516	0.00875827	0.0999913	0.729499	1.79651	0.100374
0.1945	1.01518	0.00877921	0.099992	0.729519	1.79652	0.100377
0.1955	1.0152	0.00880021	0.0999927	0.72954	1.79653	0.100379
0.1965	1.01522	0.00882126	0.0999933	0.72956	1.79655	0.100382
0.1975	1.01524	0.00884236	0.0999939	0.72958	1.79656	0.100384
0.1985	1.01526	0.00886352	0.0999944	0.7296	1.79658	0.100387
0.1995	1.01528	0.00888473	0.0999949	0.72962	1.79659	0.100389
0.2005	1.0153	0.00890599	0.0999954	0.72964	1.7966	0.100391
0.2015	1.01532	0.0089273	0.0999958	0.72966	1.79662	0.100393
0.2025	1.01534	0.00894865	0.0999962	0.729681	1.79663	0.100396
0.2035	1.01536	0.00897006	0.0999965	0.729701	1.79665	0.100398
0.2045	1.01538	0.0089915	0.0999968	0.729721	1.79666	0.1004
0.2055	1.0154	0.00901299	0.0999971	0.729741	1.79668	0.100402
0.2065	1.01542	0.00903452	0.0999974	0.729761	1.79669	0.100405
0.2075	1.01545	0.0090561	0.0999976	0.729782	1.7967	0.100407
0.2085	1.01547	0.00907771	0.0999978	0.729802	1.79672	0.100409
0.2095	1.01549	0.00909937	0.099998	0.729822	1.79673	0.100411
0.2105	1.01551	0.00912106	0.0999982	0.729843	1.79675	0.100413
0.2115	1.01553	0.00914279	0.0999984	0.729863	1.79676	0.100415
0.2125	1.01555	0.00916455	0.0999985	0.729883	1.79678	0.100418
0.2135	1.01557	0.00918635	0.0999986	0.729903	1.79679	0.10042
0.2145	1.01559	0.00920818	0.0999988	0.729924	1.7968	0.100422
0.2155	1.01561	0.00923005	0.0999989	0.729944	1.79682	0.100424
0.2165	1.01563	0.00925195	0.099999	0.729964	1.79683	0.100426
0.2175	1.01565	0.00927388	0.0999991	0.729984	1.79685	0.100428
0.2185	1.01567	0.00929584	0.0999991	0.730005	1.79686	0.10043
0.2195	1.01569	0.00931783	0.0999992	0.730025	1.79688	0.100432
0.2205	1.01571	0.00933985	0.0999993	0.730045	1.79689	0.100435
0.2215	1.01573	0.00936189	0.0999994	0.730066	1.7969	0.100437
0.2225	1.01575	0.00938396	0.0999994	0.730086	1.79692	0.100439
0.2235	1.01577	0.00940606	0.0999995	0.730106	1.79693	0.100441
0.2245	1.01579	0.00942819	0.0999995	0.730126	1.79695	0.100443
0.2255	1.01581	0.00945034	0.0999995	0.730147	1.79696	0.100445
0.2265	1.01583	0.00947251	0.0999996	0.730167	1.79698	0.100447
0.2275	1.01585	0.0094947	0.0999996	0.730187	1.79699	0.100449
0.2285	1.01587	0.00951692	0.0999997	0.730208	1.797	0.100451
0.2295	1.01589	0.00953916	0.0999997	0.730228	1.79702	0.100454
0.2305	1.01591	0.00956143	0.0999997	0.730248	1.79703	0.100456
0.2315	1.01593	0.00958371	0.0999997	0.730268	1.79705	0.100458
0.2325	1.01595	0.00960602	0.0999997	0.730289	1.79706	0.10046
0.2335	1.01597	0.00962834	0.0999998	0.730309	1.79707	0.100462
0.2345	1.01599	0.00965068	0.0999998	0.730329	1.79709	0.100464
0.2355	1.01601	0.00967304	0.0999998	0.730349	1.7971	0.100467
0.2365	1.01603	0.00969542	0.0999998	0.73037	1.79712	0.100469
0.2375	1.01605	0.00971782	0.0999998	0.73039	1.79713	0.100471
0.2385	1.01607	0.00974023	0.0999998	0.73041	1.79715	0.100473
0.2395	1.01609	0.00976267	0.0999998	0.73043	1.79716	0.100475
0.2405	1.01611	0.00978511	0.0999998	0.730451	1.79717	0.100477
0.2415	1.01613	0.00980758	0.0999999	0.730471	1.79719	0.10048
0.2425	1.01615	0.00983006	0.0999999	0.730491	1.7972	0.100482
0.2435	1.01617	0.00985255	0.0999999	0.730511	1.79722	0.100484
0.2445	1.01619	0.00987506	0.0999999	0.730531	1.79723	0.100486
0.2455	1.01621	0.00989758	0.0999999	0.730551	1.79725	0.100488
0.2465	1.01623	0.00992012	0.0999999	0.730572	1.79726	0.100491
0.2475	1.01625	0.00994267	0.0999999	0.730592	1.79727	0.100493
0.2485	1.01627	0.00996524	0.0999999	0.730612	1.79729	0.100495
0.2495	1.01629	0.00998781	0.0999999	0.730632	1.7973	0.100497
0.2505	1.01631	0.0100104	0.0999999	0.730652	1.79732	0.1005
0.2515	1.01633	0.010033	0.0999999	0.730672	1.79733	0.100502
0.2525	1.01635	0.0100556	0.0999999	0.730692	1.79734	0.100504
0.2535	1.01637	0.0100782	0.0999999	0.730713	1.79736	0.100506
0.2545	1.01639	0.0101009	0.0999999	0.730733	1.79737	0.100509
0.2555	1.01641	0.0101235	0.0999999	0.730753	1.79739	0.100511
0.2565	1.01643	0.0101462	0.0999999	0.730773	1.7974	0.100513
0.2575	1.01645	0.0101689	0.0999999	0.730793	1.79741	0.100516
0.2585	1.01647	0.0101915	0.0999999	0.730813	1.79743	0.100518
0.2595	1.01649	0.0102142	0.0999999	0.730833	1.79744	0.10052
0.2605	1.01651	0.0102369	0.0999999	0.730853	1.79746	0.100523
0.2615	1.01653	0.0102596	0.0999999	0.730873	1.79747	0.100525
0.2625	1.01655	0.0102824	0.0999999	0.730893	1.79749	0.100527
0.2635	1.01657	0.0103051	0.0999999	0.730913	1.7975	0.100529
0.2645	1.01659	0.0103278	0.0999999	0.730933	1.79751	0.100532
0.2655	1.01661	0.0103506	0.0999999	0.730953	1.79753	0.100534
0.2665	1.01663	0.0103733	0.0999999	0.730973	1.79754	0.100537
0.2675	1.01665	0.0103961	0.0999999	0.730993	1.79756	0.100539
0.2685	1.01667	0.0104189	0.0999999	0.731013	1.79757	0.100541
0.2695	1.01669	0.0104417	0.0999999	0.731033	1.79758	0.100544
0.2705	1.01671	0.0104644	0.0999999	0.731053	1.7976	0.100546
0.2715	1.01673	0.0104872	0.0999999	0.731073	1.79761	0.100548
0.2725	1.01675	0.01051	0.0999999	0.731093	1.79763	0.100551
0.2735	1.01677	0.0105329	0.0999999	0.731113	1.79764	0.100553
0.2745	1.01679	0.0105557	0.0999999	0.731133	1.79765	0.100555
0.2755	1.01681	0.0105785	0.0999999	0.731153	1.79767	0.100558
0.2765	1.01683	0.0106013	0.0999999	0.731173	1.79768	0.10056
0.2775	1.01685	0.0106242	0.0999999	0.731193	1.7977	0.100563
0.2785	1.01687	0.010647	0.0999999	0.731212	1.79771	0.100565
0.2795	1.01689	0.0106699	0.0999999	0.731232	1.79772	0.100568
0.2805	1.01691	0.0106927	0.0999999	0.731252	1.79774	0.10057
0.2815	1.01693	0.0107156	0.0999999	0.731272	1.79775	0.100572
0.2825	1.01695	0.0107384	0.0999999	0.731292	1.79777	0.100575
0.2835	1.01697	0.0107613	0.0999999	0.731312	1.79778	0.100577
0.2845	1.01698	0.0107842	0.0999999	0.731331	1.79779	0.10058
0.2855	1.017	0.0108071	0.0999999	0.731351	1.79781	0.100582
0.2865	1.01702	0.01083	0.0999999	0.731371	1.79782	0.100585
0.2875	1.01704	0.0108528	0.0999999	0.731391	1.79783	0.100587
0.2885	1.01706	0.0108757	0.0999999	0.731411	1.79785	0.10059
0.2895	1.01708	0.0108986	0.0999999	0.73143	1.79786	0.100592
0.2905	1.0171	0.0109215	0.0999999	0.73145	1.79788	0.100595
0.2915	1.01712	0.0109445	0.0999999	0.73147	1.79789	0.100597
0.2925	1.01714	0.0109674	0.0999999	0.73149	1.7979	0.1006
0.2935	1.01716	0.0109903	0.0999999	0.731509	1.79792	0.100602
0.2945	1.01718	0.0110132	0.0999999	0.731529	1.79793	0.100605
0.2955	1.0172	0.0110361	0.0999999	0.731549	1.79795	0.100607
0.2965	1.01722	0.011059	0.0999999	0.731568	1.79796	0.10061
0.2975	1.01724	0.011082	0.0999999	0.731588	1.79797	0.100612
0.2985	1.01726	0.0111049	0.0999999	0.731608	1.79799	0.100615
0.2995	1.01728	0.0111278	0.0999999	0.731627	1.798	0.100617
0.3005	1.0173	0.0111508	0.0999999	0.731647	1.79801	0.10062
0.3015	1.01732	0.0111737	0.0999999	0.731667	1.79803	0.100622
0.3025	1.01734	0.0111967	0.0999999	0.731686	1.79804	0.100625
0.3035	1.01736	0.0112196	0.0999999	0.731706	1.79806	0.100627
0.3045	1.01738	0.0112426	0.0999999	0.731725	1.79807	0.10063
0.3055	1.0174	0.0112655	0.0999999	0.731745	1.79808	0.100632
0.3065	1.01742	0.0112885	0.0999999	0.731765	1.7981	0.100635
0.3075	1.01743	0.0113114	0.0999999	0.731784	1.79811	0.100638
0.3085	1.01745	0.0113344	0.0999999	0.731804	1.79812	0.10064
0.3095	1.01747	0.0113573	0.0999999	0.731823	1.79814	0.100643
0.3105	1.01749	0.0113803	0.0999999	0.731843	1.79815	0.100645
0.3115	1.01751	0.0114033	0.0999999	0.731862	1.79817	0.100648
0.3125	1.01753	0.0114262	0.0999999	0.731882	1.79818	0.100651
0.3135	1.01755	0.0114492	0.0999999	0.731901	1.79819	0.100653
0.3145	1.01757	0.0114722	0.0999999	0.731921	1.79821	0.100656
0.3155	1.01759	0.0114951	0.0999999	0.73194	1.79822	0.100658
0.3165	1.01761	0.0115181	0.0999999	0.73196	1.79823	0.100661
0.3175	1.01763	0.0115411	0.0999999	0.731979	1.79825	0.100664
0.3185	1.01765	0.011564	0.0999999	0.731999	1.79826	0.100666
0.3195	1.01767	0.011587	0.0999999	0.732018	1.79828	0.100669
0.3205	1.01769	0.01161	0.0999999	0.732037	1.79829	0.100672
0.3215	1.01771	0.0116329	0.0999999	0.732057	1.7983	0.100674
0.3225	1.01772	0.0116559	0.0999999	0.732076	1.79832	0.100677
0.3235	1.01774	0.0116789	0.0999999	0.732096	1.79833	0.10068
0.3245	1.01776	0.0117019	0.0999999	0.732115	1.79834	0.100682
0.3255	1.01778	0.0117248	0.0999999	0.732134	1.79836	0.100685
0.3265	1.0178	0.0117478	0.0999999	0.732154	1.79837	0.100688
0.3275	1.01782	0.0117708	0.0999999	0.732173	1.79838	0.10069
0.3285	1.01784	0.0117938	0.0999999	0.732192	1.7984	0.100693
0.3295	1.01786	0.0118167	0.0999999	0.732212	1.79841	0.100696
0.3305	1.01788	0.0118397	0.0999999	0.732231	1.79842	0.100698
0.3315	1.0179	0.0118627	0.0999999	0.73225	1.79844	0.100701
0.3325	1.01792	0.0118857	0.0999999	0.732269	1.79845	0.100704
0.3335	1.01794	0.0119086	0.0999999	0.732289	1.79847	0.100706
0.3345	1.01795	0.0119316	0.0999999	0.732308	1.79848	0.100709
0.3355	1.01797	0.0119546	0.0999999	0.732327	1.79849	0.100712
0.3365	1.01799	0.0119775	0.0999999	0.732346	1.79851	0.100715
0.3375	1.01801	0.0120005	0.0999999	0.732366	1.79852	0.100717
0.3385	1.01803	0.0120235	0.0999999	0.732385	1.79853	0.10072
0.3395	1.01805	0.0120464	0.0999999	0.732404	1.79855	0.100723
0.3405	1.01807	0.0120694	0.0999999	0.732423	1.79856	0.100726
0.3415	1.01809	0.0120924	0.0999999	0.732442	1.79857	0.100728
0.3425	1.01811	0.0121153	0.0999999	0.732461	1.79859	0.100731
0.3435	1.01813	0.0121383	0.0999999	0.732481	1.7986	0.100734
0.3445	1.01815	0.0121612	0.0999999	0.7325	1.79861	0.100737
0.3455	1.01816	0.0121842	0.0999999	0.732519	1.79863	0.100739
0.3465	1.01818	0.0122072	0.0999999	0.732538	1.79864	0.100742
0.3475	1.0182	0.0122301	0.0999999	0.732557	1.79865	0.100745
0.3485	1.01822	0.0122531	0.0999999	0.732576	1.79867	0.100748
0.3495	1.01824	0.012276	0.0999999	0.732595	1.79868	0.100751
0.3505	1.01826	0.012299	0.0999999	0.732614	1.79869	0.100753
0.3515	1.01828	0.0123219	0.0999999	0.732633	1.79871	0.100756
0.3525	1.0183	0.0123448	0.0999999	0.732652	1.79872	0.100759
0.3535	1.01832	0.0123678	0.0999999	0.732671	1.79873	0.100762
0.3545	1.01833	0.0123907	0.0999999	0.73269	1.79875	0.100765
0.3555	1.01835	0.0124136	0.0999999	0.732709	1.79876	0.100767
0.3565	1.01837	0.0124366	0.0999999	0.732728	1.79877	0.10077
0.3575	1.01839	0.0124595	0.0999999	0.732747	1.79879	0.100773
0.3585	1.01841	0.0124824	0.0999999	0.732766	1.7988	0.100776
0.3595	1.01843	0.0125053	0.0999999	0.732785	1.79881	0.100779
0.3605	1.01845	0.0125283	0.0999999	0.732804	1.79883	0.100782
0.3615	1.01847	0.0125512	0.0999999	0.732823	1.79884	0.100784
0.3625	1.01848	0.0125741	0.0999999	0.732842	1.79885	0.100787
0.3635	1.0185	0.012597	0.0999999	0.732861	1.79887	0.10079
0.3645	1.01852	0.0126199	0.0999999	0.73288	1.79888	0.100793
0.3655	1.01854	0.0126428	0.0999999	0.732898	1.79889	0.100796
0.3665	1.01856	0.0126657	0.0999999	0.732917	1.79891	0.100799
0.3675	1.01858	0.0126886	0.0999999	0.732936	1.79892	0.100802
0.3685	1.0186	0.0127115	0.0999999	0.732955	1.79893	0.100805
0.3695	1.01862	0.0127344	0.0999999	0.732974	1.79895	0.100807
0.3705	1.01863	0.0127573	0.0999999	0.732993	1.79896	0.10081
0.3715	1.01865	0.0127801	0.0999999	0.733011	1.79897	0.100813
0.3725	1.01867	0.012803	0.0999999	0.73303	1.79899	0.100816
0.3735	1.01869	0.0128259	0.0999999	0.733049	1.799	0.100819
0.3745	1.01871	0.0128487	0.0999999	0.733068	1.79901	0.100822
0.3755	1.01873	0.0128716	0.0999999	0.733086	1.79902	0.100825
0.3765	1.01875	0.0128944	0.0999999	0.733105	1.79904	0.100828
0.3775	1.01876	0.0129173	0.0999999	0.733124	1.79905	0.100831
0.3785	1.01878	0.0129401	0.0999999	0.733142	1.79906	0.100834
0.3795	1.0188	0.012963	0.0999999	0.733161	1.79908	0.100837
0.3805	1.01882	0.0129858	0.0999999	0.73318	1.79909	0.10084
0.3815	1.01884	0.0130087	0.0999999	0.733198	1.7991	0.100842
0.3825	1.01886	0.0130315	0.0999999	0.733217	1.79912	0.100845
0.3835	1.01888	0.0130543	0.0999999	0.733236	1.79913	0.100848
0.3845	1.01889	0.0130771	0.0999999	0.733254	1.79914	0.100851
0.3855	1.01891	0.0130999	0.0999999	0.733273	1.79916	0.100854
0.3865	1.01893	0.0131227	0.0999999	0.733291	1.79917	0.100857
0.3875	1.01895	0.0131455	0.0999999	0.73331	1.79918	0.10086
0.3885	1.01897	0.0131683	0.0999999	0.733328	1.79919	0.100863
0.3895	1.01899	0.0131911	0.0999999	0.733347	1.79921	0.100866
0.3905	1.019	0.0132139	0.0999999	0.733365	1.79922	0.100869
0.3915	1.01902	0.0132367	0.0999999	0.733384	1.79923	0.100872
0.3925	1.01904	0.0132594	0.0999999	0.733402	1.79925	0.100875
0.3935	1.01906	0.0132822	0.0999999	0.733421	1.79926	0.100878
0.3945	1.01908	0.013305	0.0999999	0.733439	1.79927	0.100881
0.3955	1.0191	0.0133277	0.0999999	0.733458	1.79928	0.100884
0.3965	1.01911	0.0133505	0.0999999	0.733476	1.7993	0.100887
0.3975	1.01913	0.0133732	0.0999999	0.733495	1.79931	0.10089
0.3985	1.01915	0.0133959	0.0999999	0.733513	1.79932	0.100893
0.3995	1.01917	0.0134186	0.0999998	0.733531	1.79934	0.100896
0.4005	1.01919	0.0134414	0.0999998	0.73355	1.79935	0.100899
0.4015	1.01921	0.0134641	0.0999998	0.733568	1.79936	0.100902
0.4025	1.01922	0.0134868	0.0999998	0.733586	1.79938	0.100905
0.4035	1.01924	0.0135095	0.0999998	0.733605	1.79939	0.100908
0.4045	1.01926	0.0135322	0.0999998	0.733623	1.7994	0.100911
0.4055	1.01928	0.0135549	0.0999998	0.733641	1.79941	0.100914
0.4065	1.0193	0.0135775	0.0999997	0.73366	1.79943	0.100917
0.4075	1.01931	0.0136002	0.0999997	0.733678	1.79944	0.10092
0.4085	1.01933	0.0136229	0.0999997	0.733696	1.79945	0.100923
0.4095	1.01935	0.0136455	0.0999996	0.733714	1.79946	0.100926
0.4105	1.01937	0.0136682	0.0999996	0.733733	1.79948	0.100929
0.4115	1.01939	0.0136908	0.0999996	0.733751	1.79949	0.100932
0.4125	1.01941	0.0137134	0.0999995	0.733769	1.7995	0.100935
0.4135	1.01942	0.0137361	0.0999995	0.733787	1.79952	0.100938
0.4145	1.01944	0.0137587	0.0999994	0.733805	1.79953	0.100941
0.4155	1.01946	0.0137813	0.0999993	0.733824	1.79954	0.100945
0.4165	1.01948	0.0138039	0.0999993	0.733842	1.79955	0.100948
0.4175	1.0195	0.0138265	0.0999992	0.73386	1.79957	0.100951
0.4185	1.01951	0.0138491	0.0999991	0.733878	1.79958	0.100954
0.4195	1.01953	0.0138716	0.099999	0.733896	1.79959	0.100957
0.4205	1.01955	0.0138942	0.0999989	0.733914	1.7996	0.10096
0.4215	1.01957	0.0139167	0.0999988	0.733932	1.79962	0.100963
0.4225	1.01958	0.0139393	0.0999986	0.73395	1.79963	0.100965
0.4235	1.0196	0.0139618	0.0999985	0.733968	1.79964	0.100968
0.4245	1.01962	0.0139844	0.0999983	0.733986	1.79966	0.100971
0.4255	1.01964	0.0140069	0.0999981	0.734004	1.79967	0.100974
0.4265	1.01966	0.0140294	0.0999979	0.734022	1.79968	0.100977
0.4275	1.01967	0.0140519	0.0999977	0.73404	1.79969	0.10098
0.4285	1.01969	0.0140744	0.0999974	0.734058	1.79971	0.100983
0.4295	1.01971	0.0140969	0.0999971	0.734076	1.79972	0.100986
0.4305	1.01973	0.0141194	0.0999968	0.734094	1.79973	0.100989
0.4315	1.01974	0.0141418	0.0999965	0.734112	1.79974	0.100992
0.4325	1.01976	0.0141643	0.0999961	0.734129	1.79976	0.100994
0.4335	1.01978	0.0141867	0.0999957	0.734147	1.79977	0.100997
0.4345	1.0198	0.0142092	0.0999952	0.734165	1.79978	0.101
0.4355	1.01982	0.0142316	0.0999947	0.734183	1.79979	0.101002
0.4365	1.01983	0.014254	0.0999942	0.734201	1.79981	0.101005
0.4375	1.01985	0.0142764	0.0999936	0.734219	1.79982	0.101008
0.4385	1.01987	0.0142988	0.0999929	0.734236	1.79983	0.10101
0.4395	1.01989	0.0143212	0.0999922	0.734254	1.79984	0.101013
0.4405	1.0199	0.0143436	0.0999915	0.734272	1.79986	0.101015
0.4415	1.01992	0.014366	0.0999906	0.734289	1.79987	0.101017
0.4425	1.01994	0.0143883	0.0999897	0.734307	1.79988	0.10102
0.4435	1.01996	0.0144107	0.0999888	0.734325	1.79989	0.101022
0.4445	1.01997	0.014433	0.0999877	0.734342	1.79991	0.101024
0.4455	1.01999	0.0144554	0.0999866	0.73436	1.79992	0.101026
0.4465	1.02001	0.0144777	0.0999854	0.734378	1.79993	0.101028
0.4475	1.02003	0.0145	0.0999841	0.734395	1.79994	0.10103
0.4485	1.02004	0.0145223	0.0999827	0.734413	1.79995	0.101032
0.4495	1.02006	0.0145446	0.0999811	0.73443	1.79997	0.101034
0.4505	1.02008	0.0145668	0.0999795	0.734448	1.79998	0.101035
0.4515	1.0201	0.0145891	0.0999778	0.734466	1.79999	0.101037
0.4525	1.02011	0.0146114	0.099976	0.734483	1.8	0.101038
0.4535	1.02013	0.0146336	0.0999741	0.734501	1.80002	0.101039
0.4545	1.02015	0.0146558	0.099972	0.734518	1.80003	0.101041
0.4555	1.02017	0.0146781	0.0999697	0.734535	1.80004	0.101042
0.4565	1.02018	0.0147003	0.0999673	0.734553	1.80005	0.101042
0.4575	1.0202	0.0147225	0.0999648	0.73457	1.80007	0.101043
0.4585	1.02022	0.0147447	0.099962	0.734588	1.80008	0.101044
0.4595	1.02023	0.0147668	0.0999591	0.734605	1.80009	0.101044
0.4605	1.02025	0.014789	0.099956	0.734622	1.8001	0.101044
0.4615	1.02027	0.0148112	0.0999528	0.73464	1.80011	0.101044
0.4625	1.02029	0.0148333	0.0999493	0.734657	1.80013	0.101044
0.4635	1.0203	0.0148554	0.0999456	0.734674	1.80014	0.101044
0.4645	1.02032	0.0148776	0.0999416	0.734692	1.80015	0.101043
0.4655	1.02034	0.0148997	0.0999375	0.734709	1.80016	0.101042
0.4665	1.02035	0.0149218	0.099933	0.734726	1.80018	0.101041
0.4675	1.02037	0.0149439	0.0999284	0.734743	1.80019	0.10104
0.4685	1.02039	0.0149659	0.0999234	0.73476	1.8002	0.101038
0.4695	1.0204	0.014988	0.0999182	0.734777	1.80022	0.101036
0.4705	1.02042	0.0150101	0.0999127	0.734795	1.80023	0.101034
0.4715	1.02043	0.0150321	0.0999069	0.734812	1.80024	0.101031
0.4725	1.02045	0.0150541	0.0999008	0.734829	1.80025	0.101029
0.4735	1.02047	0.0150762	0.0998944	0.734846	1.80027	0.101026
0.4745	1.02048	0.0150982	0.0998878	0.734863	1.80028	0.101022
0.4755	1.0205	0.0151202	0.099881	0.73488	1.80029	0.101019
0.4765	1.02052	0.0151421	0.0998741	0.734897	1.80031	0.101015
0.4775	1.02053	0.0151641	0.0998673	0.734914	1.80032	0.101012
0.4785	1.02055	0.0151861	0.0998605	0.734931	1.80033	0.101009
0.4795	1.02056	0.015208	0.0998537	0.734948	1.80035	0.101005
0.4805	1.02058	0.01523	0.0998468	0.734965	1.80036	0.101002
0.4815	1.0206	0.0152519	0.0998399	0.734982	1.80037	0.100998
0.4825	1.02061	0.0152738	0.099833	0.734999	1.80038	0.100995
0.4835	1.02063	0.0152957	0.099826	0.735016	1.8004	0.100991
0.4845	1.02065	0.0153176	0.099819	0.735033	1.80041	0.100987
0.4855	1.02066	0.0153394	0.0998119	0.73505	1.80042	0.100984
0.4865	1.02068	0.0153612	0.0998047	0.735067	1.80044	0.10098
0.4875	1.02069	0.015383	0.0997973	0.735084	1.80045	0.100976
0.4885	1.02071	0.0154048	0.0997898	0.735101	1.80046	0.100972
0.4895	1.02073	0.0154265	0.0997819	0.735119	1.80048	0.100967
0.4905	1.02074	0.0154485	0.0997737	0.735137	1.80049	0.100963
0.4915	1.02076	0.0154709	0.0997657	0.735156	1.80051	0.100958
0.4925	1.02078	0.0154947	0.0997584	0.735175	1.80052	0.100955
0.4935	1.02079	0.0155187	0.0997532	0.73519	1.80054	0.100953
0.4945	1.0208	0.0155375	0.099751	0.735195	1.80054	0.100954
0.4955	1.02079	0.0155449	0.0997515	0.735186	1.80053	0.100955
0.4965	1.02072	0.0155334	0.0997569	0.735116	1.80048	0.100959
0.4975	1.02039	0.015431	0.0997746	0.734778	1.80024	0.100961
0.4985	1.01885	0.01484	0.0998179	0.733239	1.79918	0.100915
0.4995	1.01066	0.00922008	0.099913	0.725009	1.79341	0.100338
