x	rho	u	v	p	e	uMax
-0.49875	1.01034	-0.0103909	-0.099946	0.72471	1.79323	0.100485
-0.49625	1.01797	-0.0156484	-0.099859	0.732386	1.79864	0.101078
-0.49375	1.0207	-0.016479	-0.0998023	0.735126	1.80055	0.101154
-0.49125	1.02194	-0.0166995	-0.0997726	0.736371	1.8014	0.101161
-0.48875	1.02256	-0.0168136	-0.0997581	0.73699	1.80182	0.101165
-0.48625	1.02288	-0.0168807	-0.0997499	0.737302	1.80202	0.101168
-0.48375	1.02305	-0.0169249	-0.0997451	0.737465	1.80213	0.101171
-0.48125	1.02314	-0.0169578	-0.0997431	0.737554	1.80218	0.101174
-0.47875	1.0232	-0.0169856	-0.0997436	0.737606	1.80221	0.10118
-0.47625	1.02323	-0.0170109	-0.0997453	0.737639	1.80223	0.101185
-0.47375	1.02326	-0.0170345	-0.099747	0.737664	1.80224	0.101191
-0.47125	1.02328	-0.0170573	-0.0997484	0.737684	1.80226	0.101196
-0.46875	1.0233	-0.0170797	-0.0997492	0.737701	1.80227	0.101201
-0.46625	1.02331	-0.0171019	-0.0997495	0.737718	1.80228	0.101205
-0.46375	1.02333	-0.0171239	-0.099749	0.737734	1.80229	0.101208
-0.46125	1.02335	-0.0171457	-0.0997479	0.737749	1.8023	0.101211
-0.45875	1.02336	-0.0171674	-0.0997463	0.737764	1.8023	0.101213
-0.45625	1.02338	-0.017189	-0.0997441	0.737778	1.80231	0.101214
-0.45375	1.02339	-0.0172105	-0.099741	0.737793	1.80232	0.101215
-0.45125	1.02341	-0.0172319	-0.0997371	0.737807	1.80233	0.101215
-0.44875	1.02342	-0.0172532	-0.0997325	0.737821	1.80234	0.101214
-0.44625	1.02343	-0.0172745	-0.0997272	0.737835	1.80235	0.101212
-0.44375	1.02345	-0.0172956	-0.099721	0.737848	1.80236	0.10121
-0.44125	1.02346	-0.0173166	-0.099714	0.737862	1.80237	0.101206
-0.43875	1.02347	-0.0173376	-0.0997062	0.737875	1.80238	0.101202
-0.43625	1.02349	-0.0173585	-0.0996975	0.737888	1.80239	0.101197
-0.43375	1.0235	-0.0173793	-0.0996879	0.7379	1.8024	0.101192
-0.43125	1.02351	-0.0174	-0.0996774	0.737913	1.80241	0.101185
-0.42875	1.02352	-0.0174206	-0.0996658	0.737925	1.80241	0.101177
-0.42625	1.02354	-0.0174412	-0.0996532	0.737937	1.80242	0.101168
-0.42375	1.02355	-0.0174616	-0.0996395	0.737949	1.80243	0.101158
-0.42125	1.02356	-0.0174821	-0.0996247	0.737961	1.80244	0.101147
-0.41875	1.02357	-0.0175024	-0.0996087	0.737972	1.80245	0.101135
-0.41625	1.02358	-0.0175227	-0.0995915	0.737984	1.80245	0.101121
-0.41375	1.02359	-0.0175429	-0.0995731	0.737995	1.80246	0.101107
-0.41125	1.0236	-0.017563	-0.0995533	0.738006	1.80247	0.101091
-0.40875	1.02361	-0.0175831	-0.0995321	0.738017	1.80248	0.101073
-0.40625	1.02363	-0.0176031	-0.0995095	0.738028	1.80249	0.101055
-0.40375	1.02364	-0.0176231	-0.0994855	0.738038	1.80249	0.101034
-0.40125	1.02365	-0.017643	-0.0994598	0.738049	1.8025	0.101013
-0.39875	1.02366	-0.0176628	-0.0994326	0.738059	1.80251	0.100989
-0.39625	1.02367	-0.0176826	-0.0994036	0.738069	1.80252	0.100964
-0.39375	1.02368	-0.0177024	-0.0993729	0.738079	1.80252	0.100937
-0.39125	1.02368	-0.0177221	-0.0993404	0.738088	1.80253	0.100909
-0.38875	1.02369	-0.0177417	-0.0993059	0.738098	1.80253	0.100878
-0.38625	1.0237	-0.0177614	-0.0992695	0.738107	1.80254	0.100846
-0.38375	1.02371	-0.0177809	-0.0992311	0.738116	1.80255	0.100812
-0.38125	1.02372	-0.0178004	-0.0991905	0.738125	1.80255	0.100775
-0.37875	1.02373	-0.0178199	-0.0991476	0.738134	1.80256	0.100736
-0.37625	1.02374	-0.0178394	-0.0991025	0.738143	1.80257	0.100695
-0.37375	1.02374	-0.0178588	-0.099055	0.738152	1.80258	0.100652
-0.37125	1.02375	-0.0178781	-0.0990049	0.73816	1.80259	0.100606
-0.36875	1.02376	-0.0178974	-0.0989523	0.738168	1.80259	0.100558
-0.36625	1.02376	-0.0179167	-0.098897	0.738176	1.8026	0.100507
-0.36375	1.02377	-0.017936	-0.098839	0.738184	1.80261	0.100453
-0.36125	1.02378	-0.0179552	-0.098778	0.738192	1.80262	0.100397
-0.35875	1.02378	-0.0179744	-0.098714	0.738199	1.80262	0.100337
-0.35625	1.02379	-0.0179935	-0.0986469	0.738207	1.80263	0.100275
-0.35375	1.0238	-0.0180126	-0.0985766	0.738214	1.80263	0.100209
-0.35125	1.02381	-0.0180317	-0.0985029	0.738221	1.80264	0.10014
-0.34875	1.02381	-0.0180507	-0.0984258	0.738228	1.80264	0.100067
-0.34625	1.02382	-0.0180697	-0.0983451	0.738234	1.80265	0.0999914
-0.34375	1.02382	-0.0180888	-0.0982608	0.738241	1.80266	0.0999119
-0.34125	1.02382	-0.0181079	-0.0981726	0.738247	1.80267	0.0998286
-0.33875	1.02383	-0.0181268	-0.0980804	0.738254	1.80268	0.0997414
-0.33625	1.02383	-0.0181457	-0.0979842	0.73826	1.8027	0.0996503
-0.33375	1.02383	-0.0181645	-0.0978838	0.738266	1.80271	0.0995549
-0.33125	1.02383	-0.0181832	-0.097779	0.738272	1.80273	0.0994553
-0.32875	1.02383	-0.0182019	-0.0976696	0.738278	1.80274	0.0993512
-0.32625	1.02383	-0.0182206	-0.0975557	0.738283	1.80276	0.0992426
-0.32375	1.02383	-0.0182392	-0.0974369	0.738289	1.80277	0.0991293
-0.32125	1.02382	-0.0182577	-0.0973132	0.738294	1.80279	0.0990111
-0.31875	1.02382	-0.0182762	-0.0971843	0.738299	1.8028	0.0988879
-0.31625	1.02382	-0.0182945	-0.0970502	0.738304	1.80282	0.0987595
-0.31375	1.02382	-0.0183128	-0.0969107	0.738309	1.80284	0.0986258
-0.31125	1.02381	-0.018331	-0.0967656	0.738314	1.80286	0.0984866
-0.30875	1.0238	-0.0183491	-0.0966148	0.738319	1.80288	0.0983418
-0.30625	1.0238	-0.018367	-0.0964581	0.738323	1.80291	0.0981912
-0.30375	1.02379	-0.0183849	-0.0962953	0.738328	1.80293	0.0980347
-0.30125	1.02378	-0.0184026	-0.0961263	0.738332	1.80296	0.097872
-0.29875	1.02376	-0.0184201	-0.0959509	0.738337	1.803	0.097703
-0.29625	1.02375	-0.0184375	-0.0957689	0.738341	1.80303	0.0975276
-0.29375	1.02373	-0.0184547	-0.0955802	0.738345	1.80307	0.0973455
-0.29125	1.02371	-0.0184717	-0.0953845	0.738349	1.80312	0.0971566
-0.28875	1.02369	-0.0184884	-0.0951818	0.738353	1.80316	0.0969608
-0.28625	1.02367	-0.018505	-0.0949717	0.738357	1.80321	0.0967577
-0.28375	1.02364	-0.0185212	-0.0947542	0.738361	1.80327	0.0965473
-0.28125	1.02361	-0.0185372	-0.094529	0.738364	1.80333	0.0963294
-0.27875	1.02358	-0.0185529	-0.094296	0.738368	1.8034	0.0961038
-0.27625	1.02354	-0.0185682	-0.094055	0.738372	1.80347	0.0958703
-0.27375	1.0235	-0.0185832	-0.0938058	0.738375	1.80355	0.0956287
-0.27125	1.02346	-0.0185977	-0.0935482	0.738379	1.80363	0.0953789
-0.26875	1.02341	-0.0186118	-0.093282	0.738383	1.80373	0.0951206
-0.26625	1.02336	-0.0186255	-0.0930071	0.738386	1.80383	0.0948537
-0.26375	1.0233	-0.0186386	-0.0927233	0.73839	1.80394	0.094578
-0.26125	1.02324	-0.0186511	-0.0924303	0.738394	1.80406	0.0942933
-0.25875	1.02317	-0.0186631	-0.092128	0.738398	1.80419	0.0939994
-0.25625	1.02309	-0.0186744	-0.0918163	0.738401	1.80433	0.0936961
-0.25375	1.02301	-0.0186849	-0.0914949	0.738405	1.80449	0.0933833
-0.25125	1.02292	-0.0186948	-0.0911636	0.738409	1.80466	0.0930607
-0.24875	1.02282	-0.0187038	-0.0908223	0.738413	1.80484	0.0927282
-0.24625	1.02272	-0.0187119	-0.0904708	0.738418	1.80504	0.0923856
-0.24375	1.0226	-0.018719	-0.090109	0.738422	1.80525	0.0920328
-0.24125	1.02247	-0.0187252	-0.0897366	0.738426	1.80549	0.0916694
-0.23875	1.02234	-0.0187301	-0.0893534	0.738431	1.80574	0.0912954
-0.23625	1.02219	-0.0187337	-0.0889593	0.738436	1.80602	0.0909105
-0.23375	1.02203	-0.0187366	-0.0885542	0.738442	1.80631	0.0905147
-0.23125	1.02185	-0.0187381	-0.0881379	0.738447	1.80663	0.0901077
-0.22875	1.02167	-0.0187377	-0.0877101	0.738453	1.80698	0.0896893
-0.22625	1.02146	-0.0187359	-0.0872709	0.738459	1.80736	0.0892594
-0.22375	1.02124	-0.0187325	-0.0868199	0.738465	1.80776	0.0888178
-0.22125	1.021	-0.0187273	-0.086357	0.738471	1.8082	0.0883643
-0.21875	1.02075	-0.0187202	-0.0858822	0.738478	1.80867	0.0878988
-0.21625	1.02047	-0.0187111	-0.0853952	0.738486	1.80918	0.0874211
-0.21375	1.02017	-0.0186999	-0.084896	0.738493	1.80973	0.0869311
-0.21125	1.01985	-0.0186864	-0.0843843	0.738502	1.81032	0.0864286
-0.20875	1.0195	-0.0186705	-0.0838601	0.73851	1.81096	0.0859134
-0.20625	1.01913	-0.018652	-0.0833233	0.738519	1.81164	0.0853854
-0.20375	1.01873	-0.0186308	-0.0827737	0.738529	1.81238	0.0848445
-0.20125	1.0183	-0.0186068	-0.0822112	0.738539	1.81317	0.0842905
-0.19875	1.01783	-0.0185797	-0.0816357	0.73855	1.81402	0.0837233
-0.19625	1.01734	-0.0185493	-0.0810471	0.738561	1.81494	0.0831427
-0.19375	1.01681	-0.0185156	-0.0804453	0.738573	1.81591	0.0825487
-0.19125	1.01624	-0.0184783	-0.0798303	0.738586	1.81696	0.081941
-0.18875	1.01563	-0.0184372	-0.079202	0.7386	1.81809	0.0813196
-0.18625	1.01497	-0.0183921	-0.0785602	0.738614	1.81929	0.0806844
-0.18375	1.01428	-0.0183428	-0.077905	0.738629	1.82058	0.0800353
-0.18125	1.01353	-0.018289	-0.0772362	0.738644	1.82196	0.0793721
-0.17875	1.01273	-0.0182307	-0.0765539	0.738661	1.82343	0.0786947
-0.17625	1.01188	-0.0181675	-0.075858	0.738678	1.82501	0.0780031
-0.17375	1.01098	-0.0180992	-0.0751483	0.738696	1.82669	0.0772972
-0.17125	1.01001	-0.0180256	-0.0744251	0.738715	1.82848	0.0765768
-0.16875	1.00898	-0.0179464	-0.0736881	0.738735	1.83039	0.075842
-0.16625	1.00789	-0.0178614	-0.0729374	0.738755	1.83243	0.0750926
-0.16375	1.00673	-0.0177703	-0.0721731	0.738777	1.8346	0.0743286
-0.16125	1.0055	-0.017673	-0.0713951	0.738799	1.8369	0.0735499
-0.15875	1.00419	-0.0175691	-0.0706034	0.738822	1.83935	0.0727565
-0.15625	1.0028	-0.0174584	-0.069798	0.738846	1.84195	0.0719483
-0.15375	1.00134	-0.0173406	-0.0689791	0.738871	1.84471	0.0711253
-0.15125	0.999788	-0.0172156	-0.0681466	0.738897	1.84763	0.0702876
-0.14875	0.99815	-0.0170831	-0.0673007	0.738924	1.85073	0.0694349
-0.14625	0.996421	-0.0169428	-0.0664413	0.738951	1.85401	0.0685675
-0.14375	0.994599	-0.0167946	-0.0655685	0.738979	1.85748	0.0676852
-0.14125	0.992681	-0.0166383	-0.0646825	0.739007	1.86114	0.0667882
-0.13875	0.990664	-0.0164735	-0.0637833	0.739036	1.865	0.0658763
-0.13625	0.988546	-0.0163003	-0.0628711	0.739065	1.86907	0.0649498
-0.13375	0.986324	-0.0161184	-0.0619459	0.739095	1.87336	0.0640086
-0.13125	0.983998	-0.0159276	-0.0610079	0.739125	1.87786	0.0630528
-0.12875	0.981564	-0.0157279	-0.0600572	0.739155	1.8826	0.0620824
-0.12625	0.979022	-0.0155191	-0.0590938	0.739186	1.88756	0.0610976
-0.12375	0.976372	-0.0153014	-0.0581181	0.739216	1.89276	0.0600987
-0.12125	0.973612	-0.0150746	-0.0571304	0.739245	1.8982	0.0590857
-0.11875	0.970742	-0.0148386	-0.0561305	0.739275	1.90389	0.0580588
-0.11625	0.967764	-0.0145936	-0.0551187	0.739303	1.90982	0.0570179
-0.11375	0.964678	-0.0143396	-0.0540951	0.739331	1.91601	0.0559634
-0.11125	0.961485	-0.0140767	-0.05306	0.739358	1.92244	0.0548955
-0.10875	0.958189	-0.0138051	-0.0520135	0.739384	1.92912	0.0538144
-0.10625	0.95479	-0.0135249	-0.0509559	0.739409	1.93605	0.0527203
-0.10375	0.95129	-0.0132364	-0.0498873	0.739433	1.94324	0.0516134
-0.10125	0.947693	-0.0129398	-0.0488078	0.739455	1.95067	0.050494
-0.09875	0.944	-0.0126353	-0.0477177	0.739476	1.95836	0.0493622
-0.09625	0.940214	-0.0123233	-0.0466171	0.739495	1.96629	0.0482184
-0.09375	0.936336	-0.012004	-0.0455061	0.739512	1.97448	0.0470627
-0.09125	0.932371	-0.0116778	-0.0443849	0.739527	1.98292	0.0458954
-0.08875	0.928322	-0.0113451	-0.0432536	0.739541	1.99161	0.0447167
-0.08625	0.924194	-0.0110062	-0.0421123	0.739553	2.00053	0.0435268
-0.08375	0.919996	-0.0106615	-0.040961	0.739563	2.00969	0.0423258
-0.08125	0.915734	-0.0103114	-0.0398	0.739572	2.01907	0.0411141
-0.07875	0.911417	-0.00995649	-0.0386293	0.739577	2.02865	0.0398918
-0.07625	0.90705	-0.00959713	-0.0374493	0.739578	2.03841	0.0386595
-0.07375	0.902633	-0.00923431	-0.0362609	0.73957	2.04837	0.0374182
-0.07125	0.898158	-0.00887085	-0.0350652	0.739549	2.05852	0.0361699
-0.06875	0.893614	-0.00851004	-0.0338645	0.739513	2.06888	0.0349175
-0.06625	0.889004	-0.00815165	-0.0326612	0.739475	2.0795	0.0336631
-0.06375	0.884364	-0.00779283	-0.0314561	0.739445	2.09033	0.032407
-0.06125	0.879752	-0.00743632	-0.0302491	0.739418	2.10121	0.0311497
-0.05875	0.875205	-0.00708378	-0.0290398	0.739394	2.11206	0.0298913
-0.05625	0.870744	-0.00673594	-0.0278283	0.739367	2.1228	0.028632
-0.05375	0.866395	-0.0063924	-0.0266146	0.739337	2.13337	0.0273715
-0.05125	0.862179	-0.00605369	-0.0253986	0.739304	2.14371	0.0261101
-0.04875	0.85812	-0.00572042	-0.0241807	0.73927	2.15375	0.0248482
-0.04625	0.854235	-0.00539303	-0.022961	0.739235	2.16344	0.0235858
-0.04375	0.850542	-0.0050718	-0.0217394	0.739201	2.17273	0.0223232
-0.04125	0.847054	-0.00475687	-0.0205161	0.739167	2.18158	0.0210603
-0.03875	0.843784	-0.00444829	-0.019291	0.739134	2.18994	0.0197972
-0.03625	0.840741	-0.00414598	-0.0180641	0.739103	2.19777	0.0185338
-0.03375	0.837932	-0.00384978	-0.0168354	0.739074	2.20505	0.01727
-0.03125	0.835362	-0.00355941	-0.0156047	0.739047	2.21176	0.0160055
-0.02875	0.833033	-0.00327452	-0.014372	0.739023	2.21787	0.0147403
-0.02625	0.830946	-0.00299465	-0.0131369	0.739001	2.22337	0.0134739
-0.02375	0.829099	-0.00271926	-0.0118994	0.738983	2.22827	0.0122062
-0.02125	0.827489	-0.00244773	-0.0106593	0.73897	2.23257	0.0109367
-0.01875	0.826111	-0.00217933	-0.00941628	0.738961	2.23626	0.00966519
-0.01625	0.824956	-0.00191322	-0.00816991	0.738957	2.23938	0.00839094
-0.01375	0.824016	-0.00164852	-0.00691957	0.738958	2.24194	0.00711323
-0.01125	0.823278	-0.00138431	-0.00566505	0.738965	2.24397	0.00583173
-0.00875	0.822725	-0.00111986	-0.00440635	0.738975	2.24551	0.00454643
-0.00625	0.822338	-0.000854673	-0.00314318	0.738987	2.24661	0.00325731
-0.00375	0.822094	-0.000588012	-0.00187395	0.738999	2.24731	0.00196404
-0.00125	0.821965	-0.000318268	-0.0005948	0.739009	2.24769	0.000674597
0.00125	0.821919	-4.52688e-05	0.000694772	0.739015	2.24783	0.000696245
0.00375	0.821916	0.00022652	0.00198208	0.739014	2.24784	0.00199498
0.00625	0.821958	0.000490555	0.00324985	0.739002	2.24769	0.00328666
0.00875	0.82212	0.000743553	0.00449159	0.738949	2.24709	0.00455272
0.01125	0.822606	0.000989076	0.00571451	0.738895	2.24559	0.00579947
0.01375	0.823534	0.00123849	0.00693474	0.738893	2.24305	0.00704447
0.01625	0.824833	0.0014919	0.0081613	0.738923	2.23961	0.00829654
0.01875	0.826451	0.00175018	0.0093951	0.73897	2.23537	0.00955672
0.02125	0.828351	0.00201511	0.0106327	0.739019	2.23039	0.0108219
0.02375	0.830506	0.00228738	0.0118719	0.739065	2.22474	0.0120903
0.02625	0.832897	0.00256684	0.0131122	0.739107	2.21848	0.0133611
0.02875	0.835509	0.00285329	0.0143534	0.739148	2.21167	0.0146342
0.03125	0.838326	0.00314663	0.0155951	0.739189	2.20436	0.0159094
0.03375	0.841333	0.00344686	0.0168371	0.739231	2.19661	0.0171863
0.03625	0.844515	0.00375396	0.018079	0.739275	2.18846	0.0184647
0.03875	0.847857	0.00406786	0.0193205	0.739318	2.17996	0.0197441
0.04125	0.851347	0.00438836	0.0205613	0.739362	2.17115	0.0210244
0.04375	0.854971	0.00471515	0.0218008	0.739405	2.16208	0.0223049
0.04625	0.858716	0.0050477	0.0230388	0.739445	2.15276	0.0235853
0.04875	0.862568	0.00538536	0.0242747	0.739482	2.14326	0.0248649
0.05125	0.866515	0.00572764	0.0255082	0.739516	2.13359	0.0261433
0.05375	0.870544	0.0060743	0.0267386	0.739548	2.12381	0.0274199
0.05625	0.874644	0.00642449	0.0279655	0.73958	2.11395	0.0286939
0.05875	0.878803	0.00677745	0.029188	0.739614	2.10404	0.0299646
0.06125	0.883008	0.00713277	0.0304057	0.739647	2.09411	0.0312311
0.06375	0.887246	0.00748978	0.031618	0.739678	2.0842	0.0324929
0.06625	0.891504	0.00784743	0.0328245	0.739707	2.07432	0.0337495
0.06875	0.895768	0.0082054	0.0340248	0.739733	2.06452	0.0350002
0.07125	0.900026	0.00856386	0.0352182	0.739755	2.05482	0.0362445
0.07375	0.904272	0.00892155	0.0364043	0.73977	2.04521	0.0374816
0.07625	0.9085	0.0092773	0.0375826	0.739782	2.03572	0.0387108
0.07875	0.912703	0.00963031	0.038753	0.73979	2.02637	0.0399317
0.08125	0.916872	0.00997987	0.0399153	0.739796	2.01717	0.041144
0.08375	0.921001	0.0103254	0.0410691	0.739798	2.00814	0.0423472
0.08625	0.925082	0.0106663	0.042214	0.739797	1.99928	0.0435407
0.08875	0.929107	0.0110019	0.0433499	0.739794	1.99061	0.0447242
0.09125	0.93307	0.0113319	0.0444764	0.739789	1.98214	0.0458973
0.09375	0.936965	0.0116557	0.0455933	0.739781	1.97387	0.0470596
0.09625	0.940786	0.0119727	0.0467004	0.73977	1.96583	0.0482107
0.09875	0.944527	0.0122827	0.0477974	0.739757	1.95801	0.0493503
0.10125	0.948182	0.0125851	0.0488841	0.739743	1.95042	0.0504781
0.10375	0.951748	0.0128797	0.0499603	0.739726	1.94307	0.0515937
0.10625	0.95522	0.0131661	0.0510257	0.739708	1.93596	0.0526969
0.10875	0.958595	0.013444	0.0520801	0.739688	1.9291	0.0537874
0.11125	0.961869	0.0137133	0.0531234	0.739667	1.92247	0.0548649
0.11375	0.965041	0.0139737	0.0541553	0.739645	1.9161	0.0559291
0.11625	0.968108	0.0142251	0.0551756	0.739622	1.90997	0.0569798
0.11875	0.971069	0.0144674	0.0561843	0.739599	1.90408	0.058017
0.12125	0.973922	0.0147006	0.0571812	0.739574	1.89844	0.0590406
0.12375	0.976669	0.0149246	0.0581659	0.739549	1.89304	0.0600501
0.12625	0.979307	0.0151393	0.0591381	0.739524	1.88788	0.0610452
0.12875	0.981838	0.0153448	0.060098	0.739499	1.88295	0.0620261
0.13125	0.984262	0.0155413	0.0610454	0.739474	1.87824	0.0629926
0.13375	0.986581	0.0157289	0.0619801	0.739449	1.87377	0.0639448
0.13625	0.988797	0.0159076	0.0629021	0.739424	1.8695	0.0648824
0.13875	0.990911	0.0160775	0.0638112	0.739399	1.86545	0.0658054
0.14125	0.992925	0.016239	0.0647072	0.739375	1.86161	0.0667138
0.14375	0.994841	0.016392	0.0655901	0.739352	1.85796	0.0676074
0.14625	0.996663	0.0165369	0.0664598	0.739329	1.85451	0.0684863
0.14875	0.998393	0.0166739	0.0673162	0.739306	1.85124	0.0693505
0.15125	1.00003	0.0168031	0.0681593	0.739285	1.84815	0.0702
0.15375	1.00159	0.0169249	0.068989	0.739264	1.84523	0.0710347
0.15625	1.00306	0.0170393	0.0698051	0.739244	1.84248	0.0718547
0.15875	1.00445	0.0171468	0.0706078	0.739224	1.83988	0.07266
0.16125	1.00576	0.0172474	0.0713969	0.739206	1.83743	0.0734506
0.16375	1.007	0.0173416	0.0721725	0.739188	1.83513	0.0742266
0.16625	1.00816	0.0174295	0.0729344	0.739171	1.83296	0.0749881
0.16875	1.00926	0.0175113	0.0736827	0.739155	1.83093	0.075735
0.17125	1.0103	0.0175874	0.0744175	0.73914	1.82901	0.0764675
0.17375	1.01127	0.0176579	0.0751386	0.739125	1.82722	0.0771856
0.17625	1.01219	0.0177231	0.0758461	0.739112	1.82553	0.0778893
0.17875	1.01304	0.0177833	0.0765401	0.739099	1.82396	0.0785789
0.18125	1.01385	0.0178387	0.0772206	0.739086	1.82248	0.0792543
0.18375	1.0146	0.0178894	0.0778876	0.739075	1.8211	0.0799156
0.18625	1.01531	0.0179358	0.0785411	0.739064	1.8198	0.080563
0.18875	1.01597	0.017978	0.0791812	0.739054	1.81859	0.0811965
0.19125	1.01659	0.0180162	0.0798081	0.739045	1.81746	0.0818163
0.19375	1.01717	0.0180507	0.0804216	0.739036	1.81641	0.0824225
0.19625	1.01771	0.0180816	0.081022	0.739028	1.81543	0.0830151
0.19875	1.01821	0.0181092	0.0816093	0.73902	1.81451	0.0835944
0.20125	1.01868	0.0181335	0.0821836	0.739013	1.81365	0.0841603
0.20375	1.01912	0.0181549	0.0827449	0.739007	1.81286	0.0847132
0.20625	1.01953	0.0181734	0.0832935	0.739001	1.81212	0.085253
0.20875	1.01991	0.0181892	0.0838294	0.738995	1.81143	0.08578
0.21125	1.02026	0.0182024	0.0843527	0.73899	1.81079	0.0862943
0.21375	1.02059	0.0182133	0.0848635	0.738985	1.81019	0.0867959
0.21625	1.0209	0.0182219	0.085362	0.738981	1.80964	0.0872852
0.21875	1.02118	0.0182285	0.0858482	0.738977	1.80912	0.0877621
0.22125	1.02144	0.018233	0.0863224	0.738973	1.80865	0.088227
0.22375	1.02169	0.0182357	0.0867847	0.73897	1.80821	0.0886799
0.22625	1.02191	0.0182367	0.0872352	0.738966	1.8078	0.089121
0.22875	1.02212	0.0182358	0.087674	0.738963	1.80742	0.0895504
0.23125	1.02232	0.0182333	0.0881013	0.73896	1.80707	0.0899683
0.23375	1.0225	0.0182299	0.0885173	0.738958	1.80675	0.090375
0.23625	1.02266	0.0182252	0.0889222	0.738956	1.80645	0.0907706
0.23875	1.02282	0.0182189	0.089316	0.738954	1.80617	0.0911552
0.24125	1.02296	0.0182115	0.0896989	0.738952	1.80592	0.091529
0.24375	1.02309	0.018203	0.0900712	0.73895	1.80568	0.0918922
0.24625	1.02321	0.0181936	0.090433	0.738949	1.80546	0.092245
0.24875	1.02332	0.0181832	0.0907845	0.738947	1.80526	0.0925876
0.25125	1.02343	0.018172	0.0911257	0.738946	1.80508	0.09292
0.25375	1.02352	0.0181599	0.091457	0.738944	1.80491	0.0932425
0.25625	1.02361	0.0181472	0.0917784	0.738943	1.80475	0.0935553
0.25875	1.02369	0.0181337	0.0920903	0.738941	1.80461	0.0938587
0.26125	1.02376	0.0181196	0.0923927	0.73894	1.80448	0.0941527
0.26375	1.02383	0.0181049	0.0926858	0.738939	1.80436	0.0944375
0.26625	1.02389	0.0180897	0.0929699	0.738937	1.80425	0.0947134
0.26875	1.02394	0.018074	0.093245	0.738936	1.80414	0.0949805
0.27125	1.02399	0.0180578	0.0935114	0.738935	1.80405	0.095239
0.27375	1.02404	0.0180413	0.0937693	0.738933	1.80396	0.0954891
0.27625	1.02408	0.0180243	0.0940188	0.738932	1.80388	0.095731
0.27875	1.02412	0.018007	0.0942602	0.73893	1.80381	0.0959648
0.28125	1.02416	0.0179894	0.0944936	0.738929	1.80375	0.0961907
0.28375	1.02419	0.0179715	0.0947192	0.738927	1.80368	0.096409
0.28625	1.02422	0.0179533	0.0949371	0.738925	1.80363	0.0966197
0.28875	1.02425	0.0179348	0.0951476	0.738923	1.80358	0.0968231
0.29125	1.02427	0.0179162	0.0953508	0.738921	1.80353	0.0970194
0.29375	1.02429	0.0178974	0.095547	0.738919	1.80349	0.0972087
0.29625	1.02431	0.0178783	0.0957362	0.738917	1.80345	0.0973912
0.29875	1.02433	0.0178592	0.0959187	0.738915	1.80341	0.0975671
0.30125	1.02434	0.0178398	0.0960946	0.738912	1.80338	0.0977365
0.30375	1.02436	0.0178204	0.0962641	0.73891	1.80335	0.0978997
0.30625	1.02437	0.0178008	0.0964274	0.738907	1.80332	0.0980567
0.30875	1.02438	0.0177811	0.0965847	0.738904	1.8033	0.0982078
0.31125	1.02439	0.0177613	0.096736	0.738901	1.80328	0.0983531
0.31375	1.02439	0.0177415	0.0968817	0.738898	1.80326	0.0984928
0.31625	1.0244	0.0177215	0.0970218	0.738895	1.80324	0.098627
0.31875	1.02441	0.0177015	0.0971565	0.738891	1.80322	0.0987559
0.32125	1.02441	0.0176815	0.0972859	0.738888	1.80321	0.0988796
0.32375	1.02441	0.0176614	0.0974102	0.738884	1.80319	0.0989984
0.32625	1.02441	0.0176412	0.0975296	0.73888	1.80318	0.0991122
0.32875	1.02442	0.017621	0.0976442	0.738876	1.80316	0.0992214
0.33125	1.02442	0.0176008	0.0977541	0.738872	1.80315	0.099326
0.33375	1.02442	0.0175805	0.0978596	0.738867	1.80314	0.0994262
0.33625	1.02442	0.0175602	0.0979606	0.738863	1.80313	0.0995221
0.33875	1.02442	0.0175398	0.0980575	0.738858	1.80311	0.0996138
0.34125	1.02442	0.0175195	0.0981502	0.738853	1.8031	0.0997015
0.34375	1.02442	0.0174991	0.098239	0.738848	1.80309	0.0997854
0.34625	1.02442	0.0174786	0.098324	0.738843	1.80308	0.0998655
0.34875	1.02442	0.017458	0.0984052	0.738837	1.80307	0.0999418
0.35125	1.02441	0.0174376	0.0984829	0.738832	1.80306	0.100015
0.35375	1.02441	0.0174171	0.0985572	0.738827	1.80306	0.100084
0.35625	1.0244	0.0173967	0.0986281	0.738821	1.80306	0.100151
0.35875	1.0244	0.0173762	0.0986958	0.738814	1.80305	0.100214
0.36125	1.02439	0.0173557	0.0987604	0.738808	1.80304	0.100274
0.36375	1.02438	0.0173352	0.0988219	0.738802	1.80304	0.100331
0.36625	1.02438	0.0173147	0.0988806	0.738795	1.80303	0.100385
0.36875	1.02437	0.0172941	0.0989365	0.738788	1.80303	0.100437
0.37125	1.02437	0.0172735	0.0989897	0.738781	1.80302	0.100485
0.37375	1.02436	0.0172529	0.0990403	0.738774	1.80301	0.100532
0.37625	1.02435	0.0172323	0.0990883	0.738767	1.80301	0.100576
0.37875	1.02435	0.0172117	0.099134	0.738759	1.803	0.100617
0.38125	1.02434	0.017191	0.0991774	0.738752	1.80299	0.100656
0.38375	1.02433	0.0171703	0.0992185	0.738744	1.80299	0.100693
0.38625	1.02433	0.0171495	0.0992575	0.738736	1.80298	0.100728
0.38875	1.02432	0.0171288	0.0992945	0.738727	1.80298	0.100761
0.39125	1.02431	0.017108	0.0993294	0.738719	1.80297	0.100792
0.39375	1.0243	0.0170872	0.0993624	0.73871	1.80296	0.100821
0.39625	1.02429	0.0170663	0.0993936	0.738702	1.80296	0.100848
0.39875	1.02428	0.0170454	0.0994231	0.738693	1.80295	0.100874
0.40125	1.02427	0.0170244	0.0994508	0.738684	1.80294	0.100897
0.40375	1.02427	0.0170035	0.0994769	0.738674	1.80294	0.10092
0.40625	1.02426	0.0169824	0.0995015	0.738665	1.80293	0.10094
0.40875	1.02425	0.0169614	0.0995245	0.738655	1.80292	0.100959
0.41125	1.02424	0.0169402	0.0995461	0.738645	1.80292	0.100977
0.41375	1.02423	0.0169191	0.0995663	0.738635	1.80291	0.100994
0.41625	1.02422	0.0168978	0.0995852	0.738625	1.8029	0.101009
0.41875	1.02421	0.0168766	0.0996029	0.738614	1.80289	0.101023
0.42125	1.0242	0.0168552	0.0996193	0.738604	1.80289	0.101035
0.42375	1.02418	0.0168338	0.0996345	0.738593	1.80288	0.101047
0.42625	1.02417	0.0168124	0.0996486	0.738582	1.80287	0.101057
0.42875	1.02416	0.0167909	0.0996617	0.738571	1.80286	0.101066
0.43125	1.02415	0.0167693	0.0996737	0.738559	1.80286	0.101075
0.43375	1.02414	0.0167476	0.0996847	0.738548	1.80285	0.101082
0.43625	1.02413	0.0167259	0.0996948	0.738536	1.80284	0.101088
0.43875	1.02412	0.0167041	0.0997039	0.738524	1.80283	0.101094
0.44125	1.0241	0.0166822	0.0997122	0.738512	1.80282	0.101098
0.44375	1.02409	0.0166603	0.0997196	0.7385	1.80282	0.101102
0.44625	1.02408	0.0166382	0.0997261	0.738487	1.80281	0.101105
0.44875	1.02407	0.0166161	0.0997319	0.738474	1.8028	0.101107
0.45125	1.02405	0.0165939	0.0997369	0.738461	1.80279	0.101108
0.45375	1.02404	0.0165716	0.0997411	0.738448	1.80278	0.101108
0.45625	1.02403	0.0165493	0.0997443	0.738435	1.80277	0.101108
0.45875	1.02401	0.0165268	0.0997467	0.738421	1.80276	0.101107
0.46125	1.024	0.0165043	0.0997484	0.738407	1.80275	0.101105
0.46375	1.02398	0.0164816	0.0997495	0.738392	1.80274	0.101102
0.46625	1.02397	0.0164587	0.0997497	0.738378	1.80273	0.101098
0.46875	1.02396	0.0164357	0.0997491	0.738363	1.80272	0.101094
0.47125	1.02394	0.0164127	0.0997478	0.738349	1.80271	0.101089
0.47375	1.02393	0.0163897	0.0997465	0.738335	1.8027	0.101084
0.47625	1.02391	0.016367	0.0997454	0.738323	1.8027	0.101079
0.47875	1.0239	0.0163445	0.0997447	0.738311	1.80269	0.101075
0.48125	1.02389	0.0163223	0.0997444	0.738297	1.80268	0.101071
0.48375	1.02386	0.0163008	0.0997445	0.738274	1.80267	0.101068
0.48625	1.02382	0.0162786	0.0997451	0.738227	1.80264	0.101065
0.48875	1.02371	0.0162504	0.0997465	0.738124	1.80257	0.101062
0.49125	1.02345	0.0162012	0.0997508	0.737864	1.8024	0.101058
0.49375	1.02269	0.0160944	0.0997649	0.737112	1.8019	0.101055
0.49625	1.02041	0.0156332	0.099814	0.734851	1.80037	0.101031
0.49875	1.01155	0.010633	0.0999161	0.725945	1.79413	0.10048
