x	rho	u	v	p	e	uMax
-0.495	1.01816	-0.0161264	-0.0998535	0.73259	1.7988	0.101147
-0.485	1.02409	-0.0206298	-0.0997895	0.738529	1.8029	0.1019
-0.475	1.02454	-0.0209118	-0.0998134	0.738976	1.80318	0.10198
-0.465	1.0246	-0.020951	-0.099851	0.739026	1.8032	0.102025
-0.455	1.02462	-0.02097	-0.0998848	0.739041	1.8032	0.102062
-0.445	1.02464	-0.0209851	-0.0999132	0.739051	1.8032	0.102093
-0.435	1.02465	-0.0209978	-0.0999382	0.739058	1.8032	0.10212
-0.425	1.02465	-0.0210086	-0.0999596	0.739063	1.80321	0.102143
-0.415	1.02466	-0.0210179	-0.0999756	0.739067	1.80321	0.102161
-0.405	1.02466	-0.0210262	-0.0999865	0.739067	1.80321	0.102173
-0.395	1.02466	-0.0210335	-0.0999932	0.739066	1.80321	0.102181
-0.385	1.02465	-0.021039	-0.099997	0.739063	1.8032	0.102186
-0.375	1.02465	-0.0210432	-0.0999988	0.739056	1.8032	0.102189
-0.365	1.02464	-0.0210455	-0.0999998	0.739047	1.80319	0.10219
-0.355	1.02462	-0.0210461	-0.1	0.739034	1.80318	0.102191
-0.345	1.02461	-0.0210451	-0.0999997	0.739019	1.80317	0.10219
-0.335	1.02459	-0.0210424	-0.0999992	0.739	1.80316	0.102189
-0.325	1.02457	-0.0210384	-0.0999987	0.738979	1.80314	0.102188
-0.315	1.02455	-0.0210338	-0.0999989	0.738956	1.80313	0.102187
-0.305	1.02452	-0.0210293	-0.1	0.738932	1.80311	0.102188
-0.295	1.0245	-0.0210252	-0.100003	0.738907	1.8031	0.102189
-0.285	1.02447	-0.0210215	-0.100008	0.73888	1.80308	0.102193
-0.275	1.02444	-0.0210183	-0.100016	0.738853	1.80306	0.102201
-0.265	1.02442	-0.0210155	-0.100027	0.738823	1.80303	0.10221
-0.255	1.02439	-0.0210131	-0.100039	0.73879	1.803	0.102222
-0.245	1.02436	-0.0210116	-0.100053	0.738756	1.80298	0.102235
-0.235	1.02432	-0.0210115	-0.10007	0.73872	1.80295	0.102252
-0.225	1.02428	-0.0210128	-0.100088	0.738682	1.80294	0.10227
-0.215	1.02423	-0.0210162	-0.100098	0.738642	1.80292	0.10228
-0.205	1.02418	-0.0210209	-0.100092	0.738594	1.80289	0.102276
-0.195	1.02411	-0.0210254	-0.100032	0.738531	1.80285	0.102218
-0.185	1.02401	-0.0210262	-0.0998116	0.738431	1.8028	0.102002
-0.175	1.02379	-0.0210211	-0.0992119	0.738268	1.80278	0.101414
-0.165	1.02333	-0.0210044	-0.098126	0.738048	1.80306	0.100349
-0.155	1.02229	-0.0209505	-0.0965045	0.737791	1.80426	0.0987524
-0.145	1.01993	-0.0207785	-0.0942654	0.737486	1.8077	0.0965283
-0.135	1.01471	-0.0204182	-0.0914095	0.737016	1.81583	0.0936621
-0.125	1.00454	-0.0199022	-0.0879825	0.736427	1.83274	0.0902054
-0.115	0.987314	-0.0191181	-0.0840622	0.735973	1.86357	0.0862088
-0.105	0.961763	-0.0179519	-0.0798113	0.735803	1.91264	0.0818053
-0.095	0.928919	-0.0164002	-0.0753636	0.73591	1.98055	0.0771274
-0.085	0.892919	-0.0146172	-0.0706906	0.736106	2.06095	0.0721861
-0.075	0.859195	-0.0126884	-0.0655185	0.736518	2.14305	0.0667358
-0.065	0.830971	-0.0106051	-0.0595289	0.736968	2.21719	0.0604662
-0.055	0.809018	-0.00846699	-0.0525717	0.737132	2.27786	0.0532492
-0.045	0.793058	-0.00648386	-0.0446132	0.737161	2.32379	0.0450819
-0.035	0.782223	-0.00471622	-0.0357021	0.73713	2.35588	0.0360123
-0.025	0.775513	-0.0031342	-0.0259082	0.73709	2.37614	0.0260971
-0.015	0.772	-0.00163115	-0.0152886	0.737092	2.38695	0.0153754
-0.005	0.770781	-0.000109608	-0.00402327	0.737137	2.39088	0.00402477
0.005	0.770763	0.00135986	0.00712546	0.737123	2.39089	0.00725406
0.015	0.771984	0.0026378	0.0173324	0.736888	2.38634	0.017532
0.025	0.776949	0.00377469	0.0265657	0.736612	2.3702	0.0268325
0.035	0.787714	0.00498546	0.0353716	0.736607	2.3378	0.0357213
0.045	0.804523	0.00664563	0.0437215	0.736787	2.28952	0.0442237
0.055	0.827479	0.00865881	0.0515009	0.736757	2.22591	0.0522238
0.065	0.856019	0.0109136	0.0586638	0.736634	2.15134	0.0596704
0.075	0.888146	0.0132759	0.0651507	0.736807	2.074	0.0664896
0.085	0.920227	0.0156975	0.0709182	0.736941	2.00206	0.0726347
0.095	0.948983	0.0177168	0.0760119	0.736781	1.94098	0.0780493
0.105	0.972758	0.0191443	0.0804852	0.7367	1.89333	0.0827307
0.115	0.990858	0.0200467	0.0843978	0.736771	1.85892	0.086746
0.125	1.00363	0.0205616	0.0877903	0.73697	1.83576	0.090166
0.135	1.01205	0.0208284	0.0906784	0.737238	1.82115	0.0930398
0.145	1.01728	0.0209464	0.0930516	0.737513	1.81247	0.0953801
0.155	1.02036	0.02099	0.0949629	0.737764	1.80761	0.0972549
0.165	1.0221	0.0210005	0.0964632	0.737976	1.80504	0.0987227
0.175	1.02307	0.0209962	0.0976011	0.738149	1.80377	0.0998339
0.185	1.02359	0.0209887	0.0984359	0.738288	1.80318	0.100649
0.195	1.02388	0.0209818	0.0990276	0.738402	1.80295	0.101226
0.205	1.02405	0.0209764	0.0994312	0.738495	1.80288	0.10162
0.215	1.02415	0.0209743	0.0996949	0.738573	1.80289	0.101877
0.225	1.02423	0.0209742	0.0998586	0.738639	1.80291	0.102038
0.235	1.02429	0.0209762	0.0999537	0.738696	1.80295	0.102131
0.245	1.02434	0.0209797	0.100004	0.738746	1.80298	0.102181
0.255	1.02438	0.020984	0.100026	0.738791	1.80301	0.102204
0.265	1.02442	0.0209884	0.100032	0.73883	1.80304	0.10221
0.275	1.02446	0.0209927	0.100031	0.738866	1.80307	0.10221
0.285	1.02449	0.0209963	0.100026	0.738897	1.80309	0.102206
0.295	1.02452	0.0209989	0.10002	0.738925	1.80311	0.102201
0.305	1.02454	0.0210002	0.100015	0.738949	1.80312	0.102196
0.315	1.02456	0.0210003	0.10001	0.73897	1.80314	0.102191
0.325	1.02458	0.0209992	0.100007	0.738988	1.80315	0.102187
0.335	1.02459	0.0209968	0.100004	0.739004	1.80316	0.102185
0.345	1.02461	0.0209939	0.100003	0.739018	1.80317	0.102183
0.355	1.02462	0.0209909	0.100002	0.73903	1.80318	0.102181
0.365	1.02463	0.0209881	0.100002	0.739042	1.80319	0.102181
0.375	1.02464	0.0209854	0.100003	0.739053	1.8032	0.102181
0.385	1.02465	0.0209826	0.100003	0.739061	1.8032	0.10218
0.395	1.02466	0.0209791	0.100001	0.739068	1.80321	0.102178
0.405	1.02466	0.0209743	0.099995	0.739071	1.80321	0.102171
0.415	1.02466	0.0209679	0.0999825	0.739072	1.80321	0.102157
0.425	1.02466	0.02096	0.099965	0.739071	1.80321	0.102139
0.435	1.02466	0.0209496	0.0999434	0.739066	1.8032	0.102116
0.445	1.02465	0.0209362	0.0999181	0.739059	1.8032	0.102088
0.455	1.02464	0.0209205	0.0998875	0.739049	1.80319	0.102055
0.465	1.02462	0.0209009	0.0998493	0.739033	1.80319	0.102013
0.475	1.02457	0.0208633	0.0998052	0.738991	1.80318	0.101962
0.485	1.02419	0.0206291	0.0997693	0.73862	1.80295	0.10188
0.495	1.01821	0.0161504	0.0998414	0.732636	1.79883	0.101139
