x	rho	u	v	p	e	uMax
-0.495	1.01984	-0.0176912	-0.0998644	0.734286	1.8	0.101419
-0.485	1.02534	-0.0217244	-0.099829	0.739798	1.80379	0.102165
-0.475	1.02573	-0.0219419	-0.0998576	0.740178	1.80403	0.10224
-0.465	1.02576	-0.0219482	-0.0998895	0.740197	1.80403	0.102272
-0.455	1.02575	-0.0219341	-0.0999173	0.740184	1.80401	0.102297
-0.445	1.02574	-0.0219137	-0.0999403	0.740164	1.80398	0.102315
-0.435	1.02572	-0.0218916	-0.099958	0.740142	1.80396	0.102327
-0.425	1.0257	-0.0218664	-0.099971	0.740117	1.80394	0.102334
-0.415	1.02567	-0.0218387	-0.0999802	0.740089	1.80392	0.102338
-0.405	1.02564	-0.0218092	-0.0999867	0.740057	1.8039	0.102338
-0.395	1.0256	-0.0217788	-0.0999911	0.740024	1.80388	0.102335
-0.385	1.02557	-0.0217489	-0.0999945	0.739989	1.80385	0.102332
-0.375	1.02554	-0.0217205	-0.0999968	0.739955	1.80383	0.102329
-0.365	1.0255	-0.021694	-0.0999978	0.739922	1.8038	0.102324
-0.355	1.02547	-0.0216696	-0.0999981	0.73989	1.80378	0.102319
-0.345	1.02544	-0.0216473	-0.0999977	0.739859	1.80376	0.102314
-0.335	1.02541	-0.0216268	-0.0999963	0.739829	1.80374	0.102308
-0.325	1.02538	-0.0216076	-0.0999936	0.739798	1.80372	0.102302
-0.315	1.02535	-0.0215887	-0.0999886	0.739767	1.8037	0.102293
-0.305	1.02531	-0.0215691	-0.0999801	0.739733	1.80368	0.10228
-0.295	1.02528	-0.0215476	-0.0999661	0.739695	1.80365	0.102262
-0.285	1.02523	-0.0215232	-0.0999434	0.739652	1.80362	0.102235
-0.275	1.02519	-0.0214955	-0.0999076	0.739602	1.80358	0.102194
-0.265	1.02513	-0.0214652	-0.0998523	0.739546	1.80353	0.102133
-0.255	1.02508	-0.0214337	-0.0997689	0.739485	1.80349	0.102045
-0.245	1.02501	-0.0214035	-0.0996454	0.73942	1.80344	0.101918
-0.235	1.02494	-0.0213767	-0.0994661	0.739353	1.8034	0.101737
-0.225	1.02487	-0.021354	-0.0992114	0.739283	1.80336	0.101483
-0.215	1.02478	-0.021335	-0.0988578	0.739207	1.80334	0.101134
-0.205	1.02466	-0.0213178	-0.0983785	0.739121	1.80333	0.100662
-0.195	1.02449	-0.0213004	-0.0977433	0.739022	1.80339	0.100037
-0.185	1.02422	-0.0212805	-0.0969183	0.738913	1.8036	0.0992271
-0.175	1.0238	-0.0212552	-0.0958642	0.738803	1.80407	0.0981923
-0.165	1.02317	-0.0212175	-0.094534	0.738714	1.80496	0.0968858
-0.155	1.02234	-0.0211508	-0.0928784	0.738657	1.80629	0.0952562
-0.145	1.02128	-0.0210328	-0.0908613	0.738604	1.80803	0.0932639
-0.135	1.01966	-0.020872	-0.0884895	0.738385	1.81037	0.0909177
-0.125	1.01648	-0.0207558	-0.0858122	0.737867	1.81477	0.0882867
-0.115	1.00931	-0.0205209	-0.0829117	0.737314	1.82629	0.0854134
-0.105	0.990696	-0.0198981	-0.0801186	0.735538	1.85611	0.0825526
-0.095	0.952456	-0.0195307	-0.0777138	0.733822	1.92613	0.0801304
-0.085	0.896881	-0.0188651	-0.0753347	0.735066	2.04895	0.0776609
-0.075	0.841997	-0.0163554	-0.071795	0.737419	2.18949	0.0736344
-0.065	0.80202	-0.012719	-0.0662559	0.738423	2.30176	0.0674657
-0.055	0.776353	-0.00913736	-0.0588238	0.738449	2.37794	0.0595292
-0.045	0.761339	-0.00619944	-0.0497877	0.738195	2.424	0.0501722
-0.035	0.753159	-0.00401045	-0.0394978	0.737931	2.44945	0.0397009
-0.025	0.748924	-0.00241583	-0.0282706	0.737739	2.46266	0.0283737
-0.015	0.746829	-0.00118012	-0.0164025	0.737637	2.46923	0.0164449
-0.005	0.745893	-0.000149148	-0.00420854	0.737602	2.47221	0.00421118
0.005	0.745519	0.000875005	0.00794486	0.737552	2.47329	0.0079929
0.015	0.745116	0.00183137	0.0197346	0.737321	2.47385	0.0198194
0.025	0.744944	0.00271212	0.0309936	0.738533	2.47848	0.031112
0.035	0.74962	0.00625297	0.0416224	0.73813	2.46168	0.0420895
0.045	0.771266	0.00783592	0.0508868	0.737194	2.38956	0.0514866
0.055	0.81164	0.0112572	0.0581309	0.737543	2.27177	0.0592108
0.065	0.857742	0.013782	0.0638119	0.737236	2.14877	0.0652832
0.075	0.900077	0.0162992	0.068491	0.737319	2.04793	0.0704037
0.085	0.935351	0.0181042	0.0725545	0.737146	1.97024	0.0747791
0.095	0.963021	0.0193189	0.0761963	0.737134	1.9136	0.0786073
0.105	0.983483	0.0200814	0.0795266	0.737281	1.87416	0.0820228
0.115	0.997881	0.0205471	0.0825861	0.737516	1.8477	0.0851037
0.125	1.00762	0.0208312	0.0853772	0.737779	1.83049	0.0878818
0.135	1.01402	0.021008	0.0878885	0.738035	1.81958	0.0903644
0.145	1.01812	0.0211219	0.0901091	0.738268	1.81282	0.0925516
0.155	1.02071	0.0211988	0.0920365	0.738475	1.80873	0.0944463
0.165	1.02233	0.0212529	0.093678	0.738656	1.80631	0.0960586
0.175	1.02333	0.0212923	0.0950501	0.738814	1.80492	0.0974058
0.185	1.02396	0.0213261	0.0961763	0.738954	1.80416	0.0985124
0.195	1.02435	0.0213507	0.0970853	0.739073	1.80376	0.0994053
0.205	1.0246	0.0213721	0.0978079	0.739175	1.80356	0.100116
0.215	1.02477	0.0213903	0.0983735	0.739264	1.80348	0.100672
0.225	1.02489	0.0214063	0.098809	0.739344	1.80347	0.101101
0.235	1.02498	0.0214226	0.0991388	0.739414	1.80348	0.101427
0.245	1.02506	0.0214397	0.0993852	0.739478	1.80351	0.101671
0.255	1.02512	0.0214582	0.0995665	0.739538	1.80354	0.101853
0.265	1.02518	0.0214784	0.0996983	0.739594	1.80358	0.101986
0.275	1.02523	0.0215005	0.0997927	0.739647	1.80361	0.102083
0.285	1.02528	0.0215243	0.0998594	0.739697	1.80365	0.102153
0.295	1.02533	0.0215497	0.0999057	0.739746	1.80368	0.102203
0.305	1.02538	0.0215764	0.0999375	0.739793	1.80371	0.10224
0.315	1.02542	0.0216045	0.0999591	0.739839	1.80374	0.102267
0.325	1.02547	0.0216336	0.0999736	0.739884	1.80378	0.102287
0.335	1.02551	0.0216636	0.0999832	0.739927	1.80381	0.102303
0.345	1.02555	0.021694	0.0999894	0.739969	1.80384	0.102316
0.355	1.02559	0.0217244	0.0999933	0.74001	1.80386	0.102326
0.365	1.02563	0.021754	0.0999955	0.740048	1.80389	0.102334
0.375	1.02566	0.0217822	0.0999964	0.740083	1.80392	0.102341
0.385	1.02569	0.0218085	0.0999961	0.740115	1.80394	0.102347
0.395	1.02572	0.0218328	0.0999946	0.740144	1.80396	0.10235
0.405	1.02575	0.0218549	0.0999922	0.740169	1.80398	0.102353
0.415	1.02577	0.0218746	0.0999886	0.740191	1.80399	0.102353
0.425	1.02579	0.0218921	0.099981	0.740208	1.804	0.10235
0.435	1.0258	0.0219078	0.0999683	0.740223	1.80401	0.102341
0.445	1.02581	0.0219222	0.0999506	0.740238	1.80402	0.102326
0.455	1.02583	0.0219359	0.0999279	0.740252	1.80404	0.102307
0.465	1.02583	0.0219455	0.0998996	0.740261	1.80405	0.102282
0.475	1.02581	0.0219407	0.0998626	0.740246	1.80405	0.102244
0.485	1.02548	0.0217696	0.099824	0.739932	1.80386	0.10217
0.495	1.01994	0.017773	0.0998577	0.734377	1.80006	0.101427
