x	rho	u	v	p	e	uMax
-0.495	1.01327	-0.0118879	-0.0998732	0.727638	1.79527	0.100578
-0.485	1.01961	-0.015918	-0.0997589	0.734007	1.79972	0.101021
-0.475	1.02072	-0.0163163	-0.0997329	0.735116	1.80048	0.101059
-0.465	1.02102	-0.0164742	-0.0997341	0.735411	1.80067	0.101086
-0.455	1.02114	-0.0165813	-0.0997372	0.735529	1.80075	0.101106
-0.445	1.02122	-0.0166762	-0.0997347	0.735606	1.8008	0.101119
-0.435	1.02129	-0.016767	-0.0997269	0.735671	1.80084	0.101127
-0.425	1.02135	-0.0168558	-0.099709	0.735732	1.80088	0.101124
-0.415	1.02141	-0.0169429	-0.0996742	0.73579	1.80092	0.101104
-0.405	1.02146	-0.0170287	-0.099621	0.735844	1.80096	0.101066
-0.395	1.02151	-0.0171131	-0.0995464	0.735896	1.801	0.101007
-0.385	1.02156	-0.0171964	-0.0994463	0.735945	1.80104	0.100922
-0.375	1.0216	-0.0172785	-0.0993158	0.73599	1.80107	0.100808
-0.365	1.02164	-0.0173595	-0.0991497	0.736033	1.8011	0.100658
-0.355	1.02169	-0.0174395	-0.0989421	0.736073	1.80112	0.100467
-0.345	1.02173	-0.0175184	-0.0986857	0.736108	1.80114	0.100229
-0.335	1.02175	-0.0175971	-0.0983728	0.736138	1.80117	0.0999343
-0.325	1.02176	-0.0176755	-0.0979943	0.736167	1.80123	0.0995757
-0.315	1.02175	-0.0177514	-0.0975401	0.736196	1.80131	0.0991423
-0.305	1.02174	-0.0178247	-0.0969995	0.736221	1.80139	0.0986236
-0.295	1.02171	-0.0178956	-0.0963608	0.73624	1.80149	0.0980085
-0.285	1.02165	-0.0179631	-0.0956118	0.736255	1.80164	0.0972845
-0.275	1.02155	-0.0180259	-0.094739	0.736268	1.80185	0.0964387
-0.265	1.02139	-0.0180822	-0.0937292	0.736279	1.80215	0.0954574
-0.255	1.02115	-0.0181294	-0.0925675	0.736287	1.80259	0.0943261
-0.245	1.0208	-0.018162	-0.091239	0.736295	1.80322	0.0930291
-0.235	1.02031	-0.0181787	-0.0897315	0.736302	1.80412	0.0915544
-0.225	1.0196	-0.0181772	-0.0880309	0.73631	1.80539	0.089888
-0.215	1.0186	-0.0181437	-0.0861208	0.736317	1.80717	0.0880113
-0.205	1.01723	-0.0180686	-0.0839884	0.736328	1.80964	0.0859099
-0.195	1.01535	-0.0179448	-0.0816215	0.736344	1.81302	0.0835709
-0.185	1.01281	-0.0177571	-0.0790093	0.736367	1.81764	0.0809802
-0.175	1.00939	-0.0174896	-0.0761434	0.7364	1.82387	0.0781262
-0.165	1.00487	-0.0171244	-0.0730194	0.736444	1.83219	0.0750006
-0.155	0.998992	-0.0166433	-0.0696382	0.736501	1.84311	0.0715994
-0.145	0.991507	-0.0160293	-0.066007	0.736572	1.8572	0.0679254
-0.135	0.982221	-0.0152701	-0.0621409	0.736657	1.87498	0.0639896
-0.125	0.971052	-0.014363	-0.0580669	0.73675	1.89678	0.0598169
-0.115	0.958105	-0.0133247	-0.0538313	0.73684	1.92265	0.0554559
-0.105	0.943779	-0.0121914	-0.0495065	0.736879	1.95194	0.0509855
-0.095	0.928882	-0.0110161	-0.0451322	0.736871	1.98322	0.0464572
-0.085	0.91441	-0.00982861	-0.0406924	0.736903	2.0147	0.0418625
-0.075	0.90106	-0.0086297	-0.0361778	0.736963	2.04471	0.0371928
-0.065	0.889239	-0.00743208	-0.0315902	0.736997	2.07199	0.0324527
-0.055	0.879236	-0.00625137	-0.0269294	0.737011	2.0956	0.0276455
-0.045	0.871198	-0.0050928	-0.0221935	0.73702	2.11496	0.0227703
-0.035	0.865152	-0.00395087	-0.017377	0.737039	2.1298	0.0178205
-0.025	0.861013	-0.00281015	-0.0124761	0.737083	2.14016	0.0127886
-0.015	0.858582	-0.00165216	-0.00747622	0.737149	2.14641	0.0076566
-0.005	0.857521	-0.000459548	-0.00234995	0.737204	2.14923	0.00239446
0.005	0.85731	0.000745198	0.00281641	0.737209	2.14977	0.00291333
0.015	0.857813	0.00189104	0.00782022	0.7371	2.14819	0.00804561
0.025	0.860251	0.00295252	0.0126154	0.736877	2.14146	0.0129563
0.035	0.865781	0.00398124	0.0173247	0.736807	2.12758	0.0177763
0.045	0.874068	0.00506564	0.0220569	0.736957	2.10784	0.0226311
0.055	0.884434	0.00624018	0.0268239	0.737075	2.08346	0.0275402
0.065	0.896443	0.00748027	0.0315827	0.737124	2.05569	0.0324565
0.075	0.909652	0.00875499	0.0363102	0.737147	2.02591	0.0373508
0.085	0.923557	0.0100531	0.0409896	0.737208	1.99557	0.0422044
0.095	0.937455	0.0113458	0.0456016	0.737207	1.96598	0.0469918
0.105	0.950713	0.0125648	0.0500964	0.7371	1.93828	0.0516481
0.115	0.962982	0.01367	0.0544226	0.736975	1.91326	0.0561132
0.125	0.974013	0.014641	0.0585638	0.736844	1.89126	0.0603662
0.135	0.983659	0.0154692	0.0625041	0.736719	1.87239	0.0643899
0.145	0.991867	0.0161534	0.0662247	0.736608	1.85662	0.0681663
0.155	0.998679	0.016704	0.0697205	0.73652	1.84374	0.0716936
0.165	1.00421	0.0171357	0.072987	0.736453	1.83342	0.0749716
0.175	1.00861	0.0174637	0.0760193	0.736406	1.82531	0.0779994
0.185	1.01204	0.0177042	0.0788163	0.736375	1.81903	0.0807803
0.195	1.01468	0.0178726	0.0813804	0.736357	1.81426	0.0833199
0.205	1.01668	0.017983	0.0837163	0.736348	1.81067	0.0856259
0.215	1.01817	0.0180471	0.0858312	0.736345	1.808	0.087708
0.225	1.01927	0.0180735	0.0877344	0.736345	1.80605	0.0895766
0.235	1.02008	0.018073	0.0894363	0.736345	1.80463	0.091244
0.245	1.02065	0.0180541	0.0909502	0.736347	1.80362	0.0927248
0.255	1.02106	0.0180177	0.0922887	0.736347	1.8029	0.094031
0.265	1.02135	0.0179678	0.0934623	0.736346	1.80239	0.0951738
0.275	1.02154	0.0179097	0.0944866	0.736341	1.80203	0.0961689
0.285	1.02167	0.0178452	0.0953758	0.736333	1.80178	0.0970309
0.295	1.02175	0.017776	0.0961426	0.736321	1.80161	0.0977721
0.305	1.0218	0.0177032	0.0967995	0.736305	1.80148	0.098405
0.315	1.02183	0.0176276	0.0973586	0.736285	1.80139	0.0989416
0.325	1.02184	0.0175499	0.0978314	0.736261	1.80132	0.0993931
0.335	1.02183	0.0174704	0.0982279	0.736235	1.80126	0.0997694
0.345	1.02181	0.0173903	0.0985583	0.736207	1.80123	0.100081
0.355	1.02178	0.0173099	0.0988317	0.736174	1.80121	0.100336
0.365	1.02174	0.0172284	0.0990554	0.736136	1.80118	0.100542
0.375	1.02171	0.0171458	0.099236	0.736095	1.80114	0.100706
0.385	1.02167	0.0170621	0.0993793	0.736051	1.80111	0.100833
0.395	1.02162	0.0169773	0.0994908	0.736004	1.80107	0.100929
0.405	1.02157	0.0168913	0.0995753	0.735953	1.80104	0.100998
0.415	1.02152	0.016804	0.099637	0.735899	1.801	0.101044
0.425	1.02146	0.0167154	0.0996797	0.735842	1.80096	0.101072
0.435	1.0214	0.0166255	0.0997068	0.735783	1.80092	0.101083
0.445	1.02134	0.0165352	0.0997208	0.735725	1.80088	0.101082
0.455	1.02128	0.0164458	0.0997272	0.735663	1.80083	0.101074
0.465	1.02119	0.0163542	0.0997288	0.735571	1.80077	0.101061
0.475	1.02097	0.0162188	0.0997262	0.735351	1.80063	0.101036
0.485	1.02011	0.0158884	0.0997398	0.734493	1.80004	0.100997
0.495	1.01351	0.0119096	0.0998648	0.727878	1.79544	0.100572
