x	rho	u	v	p	e	uMax
-0.49875	1.01228	-0.012045	-0.099917	0.726641	1.79456	0.10064
-0.49625	1.01863	-0.015236	-0.0997987	0.733024	1.79905	0.100955
-0.49375	1.02055	-0.0154944	-0.0997348	0.734951	1.80039	0.100931
-0.49125	1.02132	-0.0156045	-0.09971	0.735728	1.80092	0.100924
-0.48875	1.02164	-0.0156607	-0.0997018	0.736047	1.80113	0.100924
-0.48625	1.02179	-0.0156963	-0.0996997	0.736186	1.80122	0.100928
-0.48375	1.02186	-0.0157238	-0.0997018	0.736253	1.80126	0.100934
-0.48125	1.0219	-0.0157483	-0.0997071	0.73629	1.80128	0.100943
-0.47875	1.02192	-0.0157713	-0.0997137	0.736314	1.8013	0.100953
-0.47625	1.02194	-0.0157936	-0.0997202	0.736333	1.80131	0.100963
-0.47375	1.02196	-0.0158157	-0.0997263	0.736349	1.80132	0.100973
-0.47125	1.02198	-0.0158376	-0.0997318	0.736366	1.80133	0.100981
-0.46875	1.02199	-0.0158593	-0.0997367	0.736381	1.80134	0.10099
-0.46625	1.02201	-0.015881	-0.099741	0.736396	1.80135	0.100997
-0.46375	1.02202	-0.0159025	-0.0997446	0.736411	1.80136	0.101004
-0.46125	1.02204	-0.015924	-0.0997476	0.736426	1.80137	0.101011
-0.45875	1.02205	-0.0159453	-0.0997499	0.73644	1.80138	0.101016
-0.45625	1.02206	-0.0159666	-0.0997515	0.736454	1.80139	0.101021
-0.45375	1.02208	-0.0159877	-0.0997525	0.736468	1.8014	0.101026
-0.45125	1.02209	-0.0160088	-0.0997528	0.736481	1.80141	0.101029
-0.44875	1.02211	-0.0160298	-0.0997524	0.736495	1.80142	0.101032
-0.44625	1.02212	-0.0160507	-0.0997513	0.736508	1.80142	0.101034
-0.44375	1.02213	-0.0160715	-0.0997496	0.736521	1.80143	0.101036
-0.44125	1.02214	-0.0160923	-0.0997471	0.736534	1.80144	0.101037
-0.43875	1.02216	-0.0161129	-0.0997437	0.736546	1.80145	0.101037
-0.43625	1.02217	-0.0161335	-0.0997397	0.736558	1.80146	0.101036
-0.43375	1.02218	-0.016154	-0.0997348	0.736571	1.80147	0.101035
-0.43125	1.02219	-0.0161744	-0.0997291	0.736583	1.80148	0.101032
-0.42875	1.02221	-0.0161948	-0.0997225	0.736594	1.80148	0.101029
-0.42625	1.02222	-0.0162151	-0.099715	0.736606	1.80149	0.101025
-0.42375	1.02223	-0.0162353	-0.0997066	0.736618	1.8015	0.10102
-0.42125	1.02224	-0.0162554	-0.0996971	0.736629	1.80151	0.101014
-0.41875	1.02225	-0.0162755	-0.0996867	0.73664	1.80151	0.101007
-0.41625	1.02226	-0.0162955	-0.0996752	0.736651	1.80152	0.100998
-0.41375	1.02227	-0.0163155	-0.0996626	0.736662	1.80153	0.100989
-0.41125	1.02228	-0.0163354	-0.0996488	0.736672	1.80154	0.100979
-0.40875	1.02229	-0.0163552	-0.0996339	0.736683	1.80154	0.100967
-0.40625	1.0223	-0.016375	-0.0996177	0.736693	1.80155	0.100955
-0.40375	1.02231	-0.0163948	-0.0996002	0.736703	1.80156	0.100941
-0.40125	1.02232	-0.0164144	-0.0995813	0.736713	1.80157	0.100925
-0.39875	1.02233	-0.0164341	-0.0995611	0.736723	1.80157	0.100908
-0.39625	1.02234	-0.0164537	-0.0995393	0.736732	1.80158	0.10089
-0.39375	1.02235	-0.0164732	-0.099516	0.736742	1.80159	0.10087
-0.39125	1.02236	-0.0164927	-0.0994912	0.736751	1.80159	0.100849
-0.38875	1.02237	-0.0165122	-0.0994646	0.73676	1.8016	0.100826
-0.38625	1.02238	-0.0165316	-0.0994363	0.736769	1.80161	0.100801
-0.38375	1.02239	-0.016551	-0.0994062	0.736778	1.80161	0.100775
-0.38125	1.0224	-0.0165703	-0.0993743	0.736786	1.80162	0.100746
-0.37875	1.0224	-0.0165896	-0.0993403	0.736795	1.80162	0.100716
-0.37625	1.02241	-0.0166089	-0.0993043	0.736803	1.80163	0.100684
-0.37375	1.02242	-0.0166281	-0.0992662	0.736811	1.80164	0.100649
-0.37125	1.02243	-0.0166473	-0.0992259	0.736819	1.80164	0.100613
-0.36875	1.02243	-0.0166665	-0.0991833	0.736827	1.80165	0.100574
-0.36625	1.02244	-0.0166856	-0.0991383	0.736835	1.80165	0.100533
-0.36375	1.02245	-0.0167047	-0.0990908	0.736842	1.80166	0.100489
-0.36125	1.02245	-0.0167238	-0.0990407	0.736849	1.80167	0.100443
-0.35875	1.02246	-0.0167429	-0.098988	0.736856	1.80167	0.100394
-0.35625	1.02247	-0.0167619	-0.0989324	0.736863	1.80168	0.100342
-0.35375	1.02247	-0.0167809	-0.0988739	0.73687	1.80169	0.100288
-0.35125	1.02248	-0.0167999	-0.0988125	0.736877	1.80169	0.10023
-0.34875	1.02248	-0.0168189	-0.0987478	0.736883	1.8017	0.10017
-0.34625	1.02249	-0.0168378	-0.09868	0.73689	1.8017	0.100106
-0.34375	1.0225	-0.0168567	-0.0986087	0.736896	1.80171	0.100039
-0.34125	1.0225	-0.0168756	-0.098534	0.736902	1.80171	0.0999686
-0.33875	1.0225	-0.0168945	-0.0984556	0.736907	1.80172	0.0998946
-0.33625	1.02251	-0.0169133	-0.0983735	0.736913	1.80173	0.0998168
-0.33375	1.02251	-0.0169322	-0.0982875	0.736918	1.80174	0.0997353
-0.33125	1.02251	-0.0169509	-0.0981975	0.736924	1.80175	0.0996498
-0.32875	1.02251	-0.0169697	-0.0981033	0.736929	1.80176	0.0995602
-0.32625	1.02251	-0.0169884	-0.0980049	0.736934	1.80177	0.0994664
-0.32375	1.02251	-0.0170071	-0.0979019	0.736939	1.80178	0.0993682
-0.32125	1.02251	-0.0170257	-0.0977944	0.736944	1.8018	0.0992654
-0.31875	1.02251	-0.0170443	-0.0976821	0.736948	1.80181	0.0991579
-0.31625	1.02251	-0.0170628	-0.0975648	0.736953	1.80182	0.0990456
-0.31375	1.02251	-0.0170813	-0.0974425	0.736957	1.80183	0.0989283
-0.31125	1.02251	-0.0170997	-0.0973149	0.736961	1.80185	0.0988058
-0.30875	1.02251	-0.0171181	-0.0971819	0.736965	1.80186	0.098678
-0.30625	1.0225	-0.0171364	-0.0970433	0.736969	1.80188	0.0985447
-0.30375	1.0225	-0.0171546	-0.096899	0.736973	1.8019	0.0984058
-0.30125	1.02249	-0.0171727	-0.0967488	0.736977	1.80192	0.098261
-0.29875	1.02248	-0.0171907	-0.0965924	0.73698	1.80194	0.0981102
-0.29625	1.02247	-0.0172086	-0.0964298	0.736983	1.80197	0.0979532
-0.29375	1.02246	-0.0172264	-0.0962607	0.736987	1.80199	0.0977899
-0.29125	1.02245	-0.0172441	-0.0960849	0.73699	1.80202	0.09762
-0.28875	1.02243	-0.0172616	-0.0959023	0.736993	1.80206	0.0974434
-0.28625	1.02242	-0.0172789	-0.0957127	0.736996	1.80209	0.0972598
-0.28375	1.0224	-0.017296	-0.0955158	0.736998	1.80213	0.0970692
-0.28125	1.02238	-0.017313	-0.0953116	0.737001	1.80217	0.0968712
-0.27875	1.02236	-0.0173297	-0.0950997	0.737004	1.80222	0.0966658
-0.27625	1.02233	-0.0173462	-0.09488	0.737006	1.80227	0.0964526
-0.27375	1.0223	-0.0173624	-0.0946524	0.737009	1.80233	0.0962316
-0.27125	1.02227	-0.0173784	-0.0944165	0.737011	1.80239	0.0960025
-0.26875	1.02223	-0.017394	-0.0941722	0.737013	1.80246	0.0957651
-0.26625	1.0222	-0.0174092	-0.0939193	0.737015	1.80253	0.0955192
-0.26375	1.02215	-0.0174241	-0.0936577	0.737018	1.80261	0.0952647
-0.26125	1.02211	-0.0174385	-0.093387	0.73702	1.8027	0.0950012
-0.25875	1.02205	-0.0174525	-0.0931071	0.737022	1.80279	0.0947287
-0.25625	1.022	-0.0174661	-0.0928178	0.737024	1.8029	0.0944469
-0.25375	1.02194	-0.017479	-0.0925189	0.737026	1.80301	0.0941556
-0.25125	1.02187	-0.0174914	-0.0922102	0.737028	1.80314	0.0938545
-0.24875	1.02179	-0.0175032	-0.0918915	0.737031	1.80328	0.0935436
-0.24625	1.02171	-0.0175142	-0.0915626	0.737033	1.80343	0.0932226
-0.24375	1.02162	-0.0175245	-0.0912233	0.737035	1.80359	0.0928913
-0.24125	1.02153	-0.0175341	-0.0908733	0.737037	1.80376	0.0925495
-0.23875	1.02142	-0.0175427	-0.0905126	0.73704	1.80396	0.0921969
-0.23625	1.02131	-0.0175504	-0.0901408	0.737042	1.80417	0.0918335
-0.23375	1.02118	-0.0175571	-0.0897579	0.737045	1.80439	0.0914589
-0.23125	1.02104	-0.0175628	-0.0893635	0.737048	1.80464	0.091073
-0.22875	1.0209	-0.0175671	-0.0889577	0.73705	1.80491	0.0906756
-0.22625	1.02074	-0.0175703	-0.08854	0.737054	1.8052	0.0902665
-0.22375	1.02056	-0.0175723	-0.0881104	0.737057	1.80552	0.0898456
-0.22125	1.02037	-0.0175728	-0.0876687	0.73706	1.80586	0.0894126
-0.21875	1.02017	-0.0175716	-0.0872147	0.737064	1.80623	0.0889672
-0.21625	1.01995	-0.0175688	-0.0867483	0.737068	1.80663	0.0885095
-0.21375	1.01971	-0.0175643	-0.0862692	0.737073	1.80707	0.0880391
-0.21125	1.01945	-0.0175578	-0.0857773	0.737077	1.80754	0.0875558
-0.20875	1.01917	-0.0175494	-0.0852725	0.737082	1.80805	0.0870596
-0.20625	1.01887	-0.0175388	-0.0847546	0.737088	1.8086	0.0865502
-0.20375	1.01854	-0.0175259	-0.0842234	0.737093	1.80919	0.0860275
-0.20125	1.01819	-0.0175106	-0.0836788	0.737099	1.80983	0.0854913
-0.19875	1.01781	-0.0174927	-0.0831207	0.737106	1.81052	0.0849414
-0.19625	1.0174	-0.017472	-0.0825489	0.737113	1.81127	0.0843777
-0.19375	1.01696	-0.0174484	-0.0819633	0.737121	1.81207	0.0838
-0.19125	1.01649	-0.0174217	-0.0813638	0.737129	1.81293	0.0832081
-0.18875	1.01598	-0.0173918	-0.0807503	0.737138	1.81386	0.082602
-0.18625	1.01543	-0.0173584	-0.0801227	0.737147	1.81486	0.0819814
-0.18375	1.01485	-0.0173213	-0.0794808	0.737157	1.81593	0.0813463
-0.18125	1.01422	-0.0172803	-0.0788246	0.737167	1.81708	0.0806965
-0.17875	1.01355	-0.0172353	-0.0781541	0.737179	1.81831	0.0800319
-0.17625	1.01283	-0.0171859	-0.077469	0.737191	1.81964	0.0793524
-0.17375	1.01205	-0.0171321	-0.0767694	0.737203	1.82106	0.0786578
-0.17125	1.01123	-0.0170734	-0.0760552	0.737217	1.82258	0.077948
-0.16875	1.01035	-0.0170098	-0.0753263	0.737231	1.8242	0.077223
-0.16625	1.0094	-0.0169409	-0.0745828	0.737246	1.82594	0.0764826
-0.16375	1.0084	-0.0168666	-0.0738245	0.737262	1.8278	0.0757267
-0.16125	1.00733	-0.0167865	-0.0730515	0.737279	1.82979	0.0749553
-0.15875	1.00619	-0.0167004	-0.0722637	0.737297	1.8319	0.0741683
-0.15625	1.00498	-0.016608	-0.0714611	0.737315	1.83416	0.0733656
-0.15375	1.00369	-0.0165091	-0.0706438	0.737334	1.83657	0.0725472
-0.15125	1.00232	-0.0164035	-0.0698117	0.737355	1.83913	0.071713
-0.14875	1.00086	-0.0162908	-0.0689649	0.737376	1.84185	0.0708629
-0.14625	0.999323	-0.0161708	-0.0681035	0.737397	1.84474	0.069997
-0.14375	0.997693	-0.0160433	-0.0672274	0.73742	1.84781	0.0691152
-0.14125	0.995969	-0.0159081	-0.0663367	0.737443	1.85107	0.0682175
-0.13875	0.994149	-0.0157648	-0.0654315	0.737468	1.85452	0.0673039
-0.13625	0.992229	-0.0156133	-0.064512	0.737492	1.85817	0.0663745
-0.13375	0.990206	-0.0154534	-0.0635781	0.737518	1.86203	0.0654292
-0.13125	0.988078	-0.0152849	-0.06263	0.737544	1.86611	0.0644682
-0.12875	0.985842	-0.0151076	-0.0616678	0.73757	1.87041	0.0634914
-0.12625	0.983497	-0.0149213	-0.0606914	0.737597	1.87493	0.0624988
-0.12375	0.98104	-0.014726	-0.0597014	0.737624	1.8797	0.0614908
-0.12125	0.978469	-0.0145216	-0.058698	0.737651	1.88471	0.0604676
-0.11875	0.975784	-0.0143079	-0.0576808	0.737678	1.88996	0.0594289
-0.11625	0.972984	-0.0140849	-0.0566503	0.737705	1.89547	0.0583751
-0.11375	0.970069	-0.0138528	-0.0556068	0.737731	1.90123	0.0573063
-0.11125	0.96704	-0.0136114	-0.0545503	0.737757	1.90726	0.0562228
-0.10875	0.963897	-0.0133609	-0.0534811	0.737783	1.91354	0.0551248
-0.10625	0.960643	-0.0131014	-0.0523994	0.737807	1.92009	0.0540125
-0.10375	0.957279	-0.012833	-0.0513055	0.737831	1.9269	0.0528861
-0.10125	0.953808	-0.012556	-0.0501996	0.737854	1.93397	0.051746
-0.09875	0.950233	-0.0122706	-0.0490818	0.737875	1.9413	0.0505924
-0.09625	0.94656	-0.0119772	-0.0479526	0.737895	1.94889	0.0494257
-0.09375	0.942791	-0.0116759	-0.0468121	0.737913	1.95672	0.0482462
-0.09125	0.938931	-0.0113672	-0.0456605	0.737929	1.96481	0.0470542
-0.08875	0.934986	-0.0110515	-0.0444983	0.737944	1.97314	0.0458501
-0.08625	0.930958	-0.0107292	-0.0433256	0.737956	1.98171	0.0446343
-0.08375	0.926852	-0.0104009	-0.0421427	0.737967	1.99052	0.0434072
-0.08125	0.922673	-0.0100669	-0.0409499	0.737975	1.99956	0.0421692
-0.07875	0.918428	-0.00972787	-0.0397475	0.737981	2.00882	0.0409206
-0.07625	0.914126	-0.0093843	-0.0385357	0.737985	2.01828	0.0396619
-0.07375	0.909778	-0.00903671	-0.0373149	0.737986	2.02793	0.0383936
-0.07125	0.9054	-0.00868576	-0.0360854	0.737985	2.03773	0.037116
-0.06875	0.901004	-0.0083323	-0.0348475	0.737979	2.04766	0.0358298
-0.06625	0.896598	-0.00797756	-0.0336021	0.737965	2.05768	0.0345362
-0.06375	0.892186	-0.00762338	-0.0323511	0.737941	2.06779	0.0332372
-0.06125	0.88777	-0.00727094	-0.0310958	0.737913	2.07799	0.0319345
-0.05875	0.883366	-0.00692045	-0.0298368	0.737886	2.08828	0.0306289
-0.05625	0.87899	-0.00657258	-0.0285746	0.737861	2.0986	0.0293208
-0.05375	0.87466	-0.00622766	-0.0273101	0.737836	2.10892	0.0280112
-0.05125	0.870394	-0.00588659	-0.026044	0.737809	2.11918	0.026701
-0.04875	0.866215	-0.00554981	-0.0247767	0.737779	2.12932	0.0253906
-0.04625	0.862143	-0.0052181	-0.0235084	0.737747	2.13928	0.0240806
-0.04375	0.858201	-0.0048921	-0.0222397	0.737714	2.14901	0.0227714
-0.04125	0.854412	-0.00457225	-0.0209707	0.737681	2.15845	0.0214634
-0.03875	0.850794	-0.00425882	-0.0197019	0.737648	2.16753	0.0201569
-0.03625	0.847369	-0.00395196	-0.0184333	0.737615	2.17619	0.0188522
-0.03375	0.844152	-0.00365171	-0.0171651	0.737584	2.1844	0.0175493
-0.03125	0.841159	-0.00335796	-0.0158974	0.737555	2.19208	0.0162482
-0.02875	0.838401	-0.00307053	-0.0146301	0.737528	2.19921	0.0149488
-0.02625	0.83589	-0.00278911	-0.0133631	0.737502	2.20574	0.0136511
-0.02375	0.833632	-0.00251331	-0.0120963	0.737479	2.21164	0.0123546
-0.02125	0.831632	-0.00224262	-0.0108294	0.737459	2.2169	0.0110592
-0.01875	0.829894	-0.00197639	-0.00956208	0.737443	2.2215	0.0097642
-0.01625	0.828415	-0.00171384	-0.00829392	0.737431	2.22543	0.00846914
-0.01375	0.827195	-0.00145401	-0.00702432	0.737426	2.2287	0.00717322
-0.01125	0.826225	-0.00119574	-0.00575238	0.737428	2.23132	0.00587535
-0.00875	0.825495	-0.000937776	-0.00447711	0.737437	2.23332	0.00457427
-0.00625	0.824987	-0.000679018	-0.00319741	0.73745	2.23473	0.00326871
-0.00375	0.824674	-0.000418421	-0.00191114	0.737465	2.23562	0.00195641
-0.00125	0.82452	-0.000154566	-0.000613919	0.737475	2.23607	0.000633078
0.00125	0.824474	0.000112474	0.0006932	0.737479	2.23621	0.000702265
0.00375	0.8245	0.000376277	0.00199147	0.737466	2.2361	0.00202671
0.00625	0.824643	0.000629713	0.00326231	0.737414	2.23555	0.00332253
0.00875	0.825111	0.000873582	0.00451244	0.737363	2.23413	0.00459622
0.01125	0.826011	0.0011213	0.00576466	0.737363	2.2317	0.0058727
0.01375	0.827271	0.00137277	0.00702541	0.737393	2.22839	0.00715828
0.01625	0.828839	0.00162959	0.00829139	0.737432	2.22429	0.00845002
0.01875	0.830683	0.00189237	0.00955975	0.737466	2.21946	0.00974525
0.02125	0.832779	0.00216134	0.01083	0.737496	2.21396	0.0110436
0.02375	0.835111	0.00243638	0.012102	0.737524	2.20786	0.0123448
0.02625	0.837662	0.00271754	0.0133757	0.737553	2.20122	0.0136489
0.02875	0.840415	0.00300501	0.0146509	0.737583	2.1941	0.0149559
0.03125	0.843358	0.00329896	0.0159274	0.737616	2.18654	0.0162655
0.03375	0.846476	0.00359948	0.0172051	0.737649	2.17859	0.0175776
0.03625	0.849757	0.00390655	0.0184834	0.737684	2.17028	0.0188918
0.03875	0.853192	0.00422002	0.0197621	0.737718	2.16164	0.0202077
0.04125	0.85677	0.00453966	0.0210407	0.737752	2.15271	0.0215248
0.04375	0.860479	0.00486509	0.0223186	0.737785	2.14353	0.0228427
0.04625	0.864309	0.00519588	0.0235953	0.737816	2.13412	0.0241606
0.04875	0.868247	0.00553137	0.0248703	0.737844	2.12452	0.025478
0.05125	0.872279	0.0058708	0.0261431	0.737869	2.11477	0.0267941
0.05375	0.876392	0.00621373	0.027413	0.737893	2.10492	0.0281084
0.05625	0.880575	0.00655937	0.0286794	0.737916	2.09498	0.0294199
0.05875	0.884811	0.00690727	0.0299413	0.737939	2.08502	0.0307277
0.06125	0.889089	0.00725688	0.0311981	0.73796	2.07505	0.032031
0.06375	0.893392	0.00760756	0.0324496	0.73798	2.0651	0.0333294
0.06625	0.897708	0.00795863	0.0336951	0.737996	2.05522	0.0346222
0.06875	0.90202	0.00830945	0.034934	0.738008	2.04543	0.0359087
0.07125	0.906321	0.00865903	0.0361657	0.738016	2.03575	0.0371879
0.07375	0.910601	0.0090064	0.0373896	0.738019	2.02619	0.038459
0.07625	0.914852	0.00935078	0.0386051	0.73802	2.01677	0.0397214
0.07875	0.919067	0.00969148	0.0398121	0.738018	2.00752	0.0409748
0.08125	0.923235	0.0100279	0.0410102	0.738013	1.99844	0.0422185
0.08375	0.92735	0.0103595	0.042199	0.738006	1.98956	0.0434519
0.08625	0.931403	0.0106856	0.0433781	0.737997	1.98087	0.0446748
0.08875	0.935387	0.0110058	0.0445472	0.737985	1.9724	0.0458866
0.09125	0.939295	0.0113194	0.045706	0.737971	1.96416	0.0470868
0.09375	0.943121	0.0116262	0.0468542	0.737955	1.95615	0.0482751
0.09625	0.946859	0.0119255	0.0479916	0.737937	1.94838	0.0494511
0.09875	0.950503	0.0122171	0.0491177	0.737918	1.94086	0.0506143
0.10125	0.95405	0.0125006	0.0502324	0.737897	1.93359	0.0517644
0.10375	0.957494	0.0127757	0.0513353	0.737875	1.92658	0.0529012
0.10625	0.960833	0.0130421	0.0524263	0.737851	1.91982	0.0540242
0.10875	0.964064	0.0132998	0.053505	0.737827	1.91332	0.0551332
0.11125	0.967185	0.0135484	0.0545713	0.737802	1.90709	0.056228
0.11375	0.970194	0.0137879	0.0556249	0.737777	1.9011	0.0573082
0.11625	0.973091	0.0140182	0.0566655	0.737751	1.89538	0.0583737
0.11875	0.975874	0.0142393	0.0576931	0.737725	1.88991	0.0594243
0.12125	0.978544	0.0144512	0.0587075	0.737698	1.88468	0.06046
0.12375	0.981101	0.014654	0.0597087	0.737672	1.8797	0.0614806
0.12625	0.983547	0.0148475	0.0606959	0.737646	1.87496	0.0624855
0.12875	0.985882	0.015032	0.0616693	0.73762	1.87046	0.0634749
0.13125	0.988108	0.0152077	0.0626289	0.737595	1.86618	0.0644489
0.13375	0.990227	0.0153747	0.0635746	0.73757	1.86212	0.0654072
0.13625	0.992242	0.0155331	0.0645061	0.737546	1.85828	0.06635
0.13875	0.994156	0.0156831	0.0654234	0.737522	1.85464	0.0672769
0.14125	0.995971	0.015825	0.0663264	0.737499	1.85121	0.0681881
0.14375	0.997691	0.0159589	0.0672149	0.737477	1.84796	0.0690835
0.14625	0.999317	0.0160851	0.068089	0.737455	1.8449	0.0699632
0.14875	1.00085	0.0162038	0.0689486	0.737435	1.84201	0.0708271
0.15125	1.00231	0.0163154	0.0697936	0.737415	1.83929	0.0716752
0.15375	1.00368	0.0164199	0.0706239	0.737396	1.83674	0.0725076
0.15625	1.00497	0.0165177	0.0714397	0.737378	1.83434	0.0733243
0.15875	1.00618	0.0166091	0.0722407	0.737361	1.83208	0.0741255
0.16125	1.00732	0.0166942	0.0730271	0.737344	1.82996	0.074911
0.16375	1.00839	0.0167734	0.0737989	0.737329	1.82798	0.075681
0.16625	1.0094	0.0168469	0.0745559	0.737314	1.82612	0.0764356
0.16875	1.01034	0.0169149	0.0752984	0.7373	1.82438	0.0771749
0.17125	1.01123	0.0169778	0.0760262	0.737287	1.82275	0.0778988
0.17375	1.01206	0.0170357	0.0767395	0.737275	1.82123	0.0786077
0.17625	1.01283	0.0170888	0.0774383	0.737263	1.81981	0.0793014
0.17875	1.01356	0.0171375	0.0781226	0.737252	1.81848	0.0799802
0.18125	1.01423	0.0171818	0.0787925	0.737242	1.81724	0.0806441
0.18375	1.01486	0.0172222	0.079448	0.737233	1.81609	0.0812933
0.18625	1.01545	0.0172586	0.0800894	0.737224	1.81501	0.0819278
0.18875	1.016	0.0172915	0.0807166	0.737216	1.81401	0.0825479
0.19125	1.01651	0.0173208	0.0813297	0.737208	1.81308	0.0831536
0.19375	1.01699	0.0173469	0.0819288	0.737201	1.81221	0.0837452
0.19625	1.01743	0.01737	0.0825142	0.737195	1.81141	0.0843226
0.19875	1.01784	0.0173901	0.0830857	0.737189	1.81066	0.0848861
0.20125	1.01823	0.0174075	0.0836437	0.737183	1.80997	0.0854359
0.20375	1.01858	0.0174223	0.0841882	0.737178	1.80932	0.0859721
0.20625	1.01891	0.0174347	0.0847194	0.737173	1.80873	0.0864947
0.20875	1.01922	0.0174448	0.0852373	0.737169	1.80817	0.0870041
0.21125	1.0195	0.0174528	0.0857422	0.737165	1.80766	0.0875004
0.21375	1.01976	0.0174588	0.0862342	0.737161	1.80719	0.0879838
0.21625	1.02001	0.0174629	0.0867134	0.737158	1.80675	0.0884543
0.21875	1.02023	0.0174652	0.08718	0.737155	1.80635	0.0889123
0.22125	1.02044	0.0174659	0.0876342	0.737152	1.80597	0.0893578
0.22375	1.02063	0.0174649	0.0880762	0.737149	1.80563	0.0897911
0.22625	1.0208	0.0174626	0.0885061	0.737147	1.80531	0.0902123
0.22875	1.02097	0.0174591	0.088924	0.737145	1.80502	0.0906217
0.23125	1.02112	0.0174542	0.0893302	0.737143	1.80474	0.0910195
0.23375	1.02126	0.0174481	0.0897249	0.737141	1.8045	0.0914057
0.23625	1.02138	0.017441	0.0901082	0.737139	1.80427	0.0917806
0.23875	1.0215	0.0174329	0.0904804	0.737137	1.80406	0.0921445
0.24125	1.02161	0.0174238	0.0908416	0.737136	1.80386	0.0924975
0.24375	1.02171	0.0174139	0.0911919	0.737134	1.80368	0.0928397
0.24625	1.0218	0.0174031	0.0915318	0.737133	1.80352	0.0931715
0.24875	1.02188	0.0173917	0.0918613	0.737131	1.80337	0.0934931
0.25125	1.02196	0.0173795	0.0921804	0.73713	1.80323	0.0938045
0.25375	1.02203	0.0173667	0.0924896	0.737128	1.80311	0.0941059
0.25625	1.02209	0.0173533	0.092789	0.737127	1.80299	0.0943977
0.25875	1.02215	0.0173394	0.0930788	0.737126	1.80288	0.0946801
0.26125	1.0222	0.017325	0.0933592	0.737124	1.80279	0.0949531
0.26375	1.02225	0.0173102	0.0936304	0.737123	1.8027	0.0952171
0.26625	1.02229	0.0172949	0.0938926	0.737121	1.80262	0.0954722
0.26875	1.02233	0.0172793	0.0941461	0.73712	1.80254	0.0957186
0.27125	1.02237	0.0172633	0.0943909	0.737118	1.80248	0.0959566
0.27375	1.0224	0.017247	0.0946273	0.737116	1.80241	0.0961862
0.27625	1.02243	0.0172304	0.0948556	0.737114	1.80236	0.0964078
0.27875	1.02246	0.0172135	0.0950758	0.737112	1.80231	0.0966215
0.28125	1.02248	0.0171964	0.0952882	0.73711	1.80226	0.0968275
0.28375	1.0225	0.0171791	0.0954931	0.737108	1.80222	0.097026
0.28625	1.02252	0.0171616	0.0956905	0.737106	1.80218	0.0972172
0.28875	1.02254	0.0171439	0.0958807	0.737104	1.80214	0.0974013
0.29125	1.02255	0.017126	0.0960639	0.737101	1.80211	0.0975785
0.29375	1.02257	0.017108	0.0962402	0.737099	1.80208	0.097749
0.29625	1.02258	0.0170899	0.0964099	0.737096	1.80205	0.0979129
0.29875	1.02259	0.0170716	0.0965731	0.737093	1.80202	0.0980704
0.30125	1.0226	0.0170533	0.09673	0.73709	1.802	0.0982217
0.30375	1.02261	0.0170348	0.0968808	0.737087	1.80198	0.0983671
0.30625	1.02261	0.0170162	0.0970257	0.737084	1.80196	0.0985066
0.30875	1.02262	0.0169976	0.0971649	0.737081	1.80195	0.0986404
0.31125	1.02262	0.0169789	0.0972984	0.737077	1.80193	0.0987687
0.31375	1.02262	0.0169602	0.0974266	0.737074	1.80192	0.0988918
0.31625	1.02263	0.0169413	0.0975494	0.73707	1.8019	0.0990096
0.31875	1.02263	0.0169225	0.0976672	0.737066	1.80189	0.0991225
0.32125	1.02263	0.0169036	0.0977801	0.737062	1.80188	0.0992304
0.32375	1.02263	0.0168846	0.0978882	0.737057	1.80187	0.0993337
0.32625	1.02263	0.0168656	0.0979917	0.737053	1.80186	0.0994325
0.32875	1.02263	0.0168466	0.0980907	0.737048	1.80184	0.0995269
0.33125	1.02263	0.0168275	0.0981854	0.737043	1.80183	0.099617
0.33375	1.02263	0.0168084	0.098276	0.737038	1.80182	0.099703
0.33625	1.02263	0.0167893	0.0983625	0.737033	1.80181	0.0997851
0.33875	1.02262	0.0167701	0.0984451	0.737028	1.80181	0.0998633
0.34125	1.02262	0.0167509	0.0985241	0.737023	1.8018	0.0999379
0.34375	1.02261	0.0167318	0.0985993	0.737017	1.8018	0.100009
0.34625	1.02261	0.0167126	0.0986711	0.737011	1.80179	0.100076
0.34875	1.0226	0.0166933	0.0987395	0.737005	1.80179	0.100141
0.35125	1.0226	0.0166741	0.0988046	0.736999	1.80178	0.100202
0.35375	1.02259	0.0166548	0.0988666	0.736993	1.80177	0.10026
0.35625	1.02259	0.0166355	0.0989256	0.736986	1.80177	0.100315
0.35875	1.02258	0.0166162	0.0989817	0.73698	1.80176	0.100367
0.36125	1.02258	0.0165969	0.0990349	0.736973	1.80175	0.100416
0.36375	1.02257	0.0165775	0.0990855	0.736966	1.80175	0.100463
0.36625	1.02256	0.0165582	0.0991336	0.736959	1.80174	0.100507
0.36875	1.02256	0.0165387	0.0991791	0.736952	1.80174	0.100549
0.37125	1.02255	0.0165193	0.0992222	0.736944	1.80173	0.100588
0.37375	1.02254	0.0164998	0.099263	0.736937	1.80172	0.100625
0.37625	1.02254	0.0164804	0.0993016	0.736929	1.80172	0.10066
0.37875	1.02253	0.0164608	0.0993381	0.736921	1.80171	0.100693
0.38125	1.02252	0.0164413	0.0993725	0.736913	1.80171	0.100723
0.38375	1.02251	0.0164217	0.099405	0.736904	1.8017	0.100752
0.38625	1.0225	0.0164021	0.0994356	0.736896	1.80169	0.100779
0.38875	1.0225	0.0163824	0.0994644	0.736887	1.80169	0.100805
0.39125	1.02249	0.0163627	0.0994915	0.736878	1.80168	0.100828
0.39375	1.02248	0.016343	0.0995169	0.736869	1.80167	0.10085
0.39625	1.02247	0.0163232	0.0995407	0.73686	1.80167	0.10087
0.39875	1.02246	0.0163034	0.0995629	0.736851	1.80166	0.100889
0.40125	1.02245	0.0162835	0.0995837	0.736841	1.80166	0.100906
0.40375	1.02244	0.0162636	0.0996031	0.736832	1.80165	0.100922
0.40625	1.02243	0.0162436	0.0996211	0.736822	1.80164	0.100937
0.40875	1.02242	0.0162236	0.0996379	0.736812	1.80163	0.10095
0.41125	1.02241	0.0162035	0.0996533	0.736802	1.80163	0.100962
0.41375	1.0224	0.0161834	0.0996676	0.736791	1.80162	0.100973
0.41625	1.02239	0.0161632	0.0996808	0.736781	1.80161	0.100983
0.41875	1.02238	0.016143	0.0996928	0.73677	1.80161	0.100991
0.42125	1.02237	0.0161227	0.0997038	0.736759	1.8016	0.100999
0.42375	1.02236	0.0161023	0.0997138	0.736748	1.80159	0.101006
0.42625	1.02235	0.0160819	0.0997228	0.736737	1.80158	0.101011
0.42875	1.02234	0.0160614	0.0997309	0.736725	1.80157	0.101016
0.43125	1.02232	0.0160409	0.0997381	0.736714	1.80157	0.10102
0.43375	1.02231	0.0160202	0.0997444	0.736702	1.80156	0.101023
0.43625	1.0223	0.0159995	0.0997499	0.73669	1.80155	0.101025
0.43875	1.02229	0.0159787	0.0997546	0.736678	1.80154	0.101026
0.44125	1.02228	0.0159579	0.0997585	0.736666	1.80153	0.101027
0.44375	1.02226	0.0159369	0.0997617	0.736653	1.80153	0.101027
0.44625	1.02225	0.0159159	0.0997642	0.736641	1.80152	0.101026
0.44875	1.02224	0.0158948	0.0997659	0.736628	1.80151	0.101024
0.45125	1.02222	0.0158736	0.099767	0.736615	1.8015	0.101022
0.45375	1.02221	0.0158524	0.0997674	0.736601	1.80149	0.101019
0.45625	1.0222	0.015831	0.099767	0.736588	1.80148	0.101015
0.45875	1.02218	0.0158096	0.0997658	0.736574	1.80147	0.101011
0.46125	1.02217	0.015788	0.0997638	0.73656	1.80146	0.101005
0.46375	1.02216	0.0157664	0.099761	0.736546	1.80145	0.100999
0.46625	1.02214	0.0157447	0.0997573	0.736531	1.80144	0.100992
0.46875	1.02213	0.0157228	0.0997527	0.736516	1.80143	0.100984
0.47125	1.02211	0.0157009	0.0997473	0.736501	1.80142	0.100975
0.47375	1.02209	0.0156788	0.0997411	0.736485	1.80141	0.100966
0.47625	1.02208	0.0156568	0.0997343	0.736471	1.8014	0.100956
0.47875	1.02206	0.0156349	0.0997275	0.736457	1.8014	0.100946
0.48125	1.02205	0.0156131	0.0997216	0.736443	1.80139	0.100936
0.48375	1.02203	0.0155916	0.0997171	0.736425	1.80138	0.100929
0.48625	1.022	0.0155701	0.0997144	0.736394	1.80136	0.100923
0.48875	1.02193	0.0155466	0.0997135	0.736328	1.80132	0.100918
0.49125	1.02176	0.0155125	0.0997148	0.736161	1.8012	0.100914
0.49375	1.02127	0.015449	0.0997253	0.735665	1.80086	0.100915
0.49625	1.01962	0.0152429	0.0997766	0.734004	1.7997	0.100934
0.49875	1.01264	0.0121607	0.0999083	0.726989	1.79479	0.100646
