x	rho	u	v	p	e	uMax
-0.4995	1.01334	-0.012212	-0.0998658	0.727715	1.79533	0.10061
-0.4985	1.01868	-0.0151227	-0.0997383	0.733086	1.7991	0.100878
-0.4975	1.01966	-0.0153785	-0.0996962	0.734064	1.79978	0.100875
-0.4965	1.01987	-0.0154196	-0.0996873	0.734273	1.79992	0.100873
-0.4955	1.01991	-0.015417	-0.0996881	0.734311	1.79995	0.100873
-0.4945	1.01991	-0.0154021	-0.0996916	0.734309	1.79994	0.100874
-0.4935	1.0199	-0.0153824	-0.0996962	0.734296	1.79993	0.100876
-0.4925	1.01989	-0.0153633	-0.0997018	0.734279	1.79991	0.100879
-0.4915	1.01987	-0.0153444	-0.099708	0.734263	1.79989	0.100882
-0.4905	1.01986	-0.0153256	-0.0997148	0.734247	1.79987	0.100886
-0.4895	1.01985	-0.0153068	-0.0997223	0.734231	1.79986	0.10089
-0.4885	1.01983	-0.015288	-0.0997305	0.734215	1.79985	0.100895
-0.4875	1.01982	-0.0152692	-0.0997395	0.734199	1.79983	0.100902
-0.4865	1.0198	-0.0152504	-0.0997487	0.734184	1.79982	0.100908
-0.4855	1.01978	-0.0152316	-0.099757	0.734168	1.79981	0.100913
-0.4845	1.01977	-0.0152127	-0.0997644	0.734152	1.7998	0.100918
-0.4835	1.01975	-0.0151939	-0.0997721	0.734136	1.79979	0.100922
-0.4825	1.01974	-0.015175	-0.0997805	0.734121	1.79978	0.100928
-0.4815	1.01973	-0.015156	-0.0997894	0.734105	1.79976	0.100934
-0.4805	1.01971	-0.0151371	-0.0997985	0.73409	1.79975	0.10094
-0.4795	1.0197	-0.0151181	-0.0998077	0.734075	1.79974	0.100946
-0.4785	1.01968	-0.0150991	-0.099817	0.73406	1.79973	0.100953
-0.4775	1.01967	-0.0150801	-0.0998264	0.734044	1.79971	0.100959
-0.4765	1.01965	-0.0150611	-0.0998357	0.734029	1.7997	0.100965
-0.4755	1.01964	-0.0150421	-0.0998448	0.734014	1.79969	0.100972
-0.4745	1.01963	-0.0150231	-0.0998537	0.733999	1.79968	0.100978
-0.4735	1.01961	-0.0150041	-0.0998623	0.733984	1.79966	0.100983
-0.4725	1.0196	-0.014985	-0.0998706	0.733969	1.79965	0.100989
-0.4715	1.01958	-0.014966	-0.0998786	0.733954	1.79964	0.100994
-0.4705	1.01957	-0.0149469	-0.0998863	0.733939	1.79963	0.100998
-0.4695	1.01955	-0.0149278	-0.0998937	0.733924	1.79962	0.101003
-0.4685	1.01954	-0.0149087	-0.0999007	0.733909	1.79961	0.101007
-0.4675	1.01953	-0.0148896	-0.0999074	0.733894	1.7996	0.101011
-0.4665	1.01951	-0.0148705	-0.0999138	0.733878	1.79958	0.101014
-0.4655	1.0195	-0.0148514	-0.0999198	0.733863	1.79957	0.101017
-0.4645	1.01948	-0.0148323	-0.0999255	0.733848	1.79956	0.10102
-0.4635	1.01947	-0.0148131	-0.0999309	0.733833	1.79955	0.101023
-0.4625	1.01945	-0.014794	-0.0999359	0.733818	1.79954	0.101025
-0.4615	1.01944	-0.0147748	-0.0999407	0.733802	1.79953	0.101027
-0.4605	1.01942	-0.0147557	-0.0999452	0.733787	1.79952	0.101029
-0.4595	1.01941	-0.0147365	-0.0999494	0.733772	1.79951	0.10103
-0.4585	1.01939	-0.0147173	-0.0999533	0.733756	1.7995	0.101031
-0.4575	1.01938	-0.0146981	-0.099957	0.733741	1.79948	0.101032
-0.4565	1.01936	-0.0146789	-0.0999604	0.733726	1.79947	0.101032
-0.4555	1.01935	-0.0146596	-0.0999636	0.73371	1.79946	0.101033
-0.4545	1.01933	-0.0146404	-0.0999665	0.733695	1.79945	0.101033
-0.4535	1.01932	-0.0146212	-0.0999693	0.73368	1.79944	0.101033
-0.4525	1.0193	-0.0146019	-0.0999719	0.733664	1.79943	0.101033
-0.4515	1.01929	-0.0145826	-0.0999742	0.733649	1.79942	0.101032
-0.4505	1.01927	-0.0145634	-0.0999764	0.733633	1.79941	0.101032
-0.4495	1.01925	-0.0145441	-0.0999784	0.733618	1.7994	0.101031
-0.4485	1.01924	-0.0145248	-0.0999803	0.733602	1.79939	0.10103
-0.4475	1.01922	-0.0145055	-0.099982	0.733586	1.79937	0.101029
-0.4465	1.01921	-0.0144862	-0.0999836	0.733571	1.79936	0.101028
-0.4455	1.01919	-0.0144668	-0.0999851	0.733555	1.79935	0.101026
-0.4445	1.01918	-0.0144475	-0.0999865	0.73354	1.79934	0.101025
-0.4435	1.01916	-0.0144281	-0.0999877	0.733524	1.79933	0.101023
-0.4425	1.01915	-0.0144088	-0.0999889	0.733508	1.79932	0.101022
-0.4415	1.01913	-0.0143894	-0.0999899	0.733493	1.79931	0.10102
-0.4405	1.01912	-0.01437	-0.0999909	0.733477	1.7993	0.101018
-0.4395	1.0191	-0.0143506	-0.0999917	0.733461	1.79929	0.101016
-0.4385	1.01908	-0.0143312	-0.0999925	0.733445	1.79928	0.101014
-0.4375	1.01907	-0.0143118	-0.0999933	0.73343	1.79926	0.101012
-0.4365	1.01905	-0.0142924	-0.0999939	0.733414	1.79925	0.10101
-0.4355	1.01904	-0.014273	-0.0999945	0.733398	1.79924	0.101008
-0.4345	1.01902	-0.0142535	-0.0999951	0.733382	1.79923	0.101006
-0.4335	1.01901	-0.0142341	-0.0999956	0.733366	1.79922	0.101004
-0.4325	1.01899	-0.0142146	-0.099996	0.73335	1.79921	0.101001
-0.4315	1.01897	-0.0141951	-0.0999964	0.733335	1.7992	0.100999
-0.4305	1.01896	-0.0141756	-0.0999968	0.733319	1.79919	0.100997
-0.4295	1.01894	-0.0141562	-0.0999971	0.733303	1.79918	0.100994
-0.4285	1.01893	-0.0141367	-0.0999974	0.733287	1.79916	0.100992
-0.4275	1.01891	-0.0141171	-0.0999977	0.733271	1.79915	0.100989
-0.4265	1.0189	-0.0140976	-0.099998	0.733255	1.79914	0.100987
-0.4255	1.01888	-0.0140781	-0.0999982	0.733239	1.79913	0.100984
-0.4245	1.01886	-0.0140586	-0.0999984	0.733223	1.79912	0.100982
-0.4235	1.01885	-0.014039	-0.0999985	0.733207	1.79911	0.100979
-0.4225	1.01883	-0.0140195	-0.0999987	0.733191	1.7991	0.100977
-0.4215	1.01882	-0.0139999	-0.0999988	0.733175	1.79909	0.100974
-0.4205	1.0188	-0.0139803	-0.099999	0.733159	1.79907	0.100971
-0.4195	1.01878	-0.0139607	-0.0999991	0.733143	1.79906	0.100969
-0.4185	1.01877	-0.0139411	-0.0999992	0.733127	1.79905	0.100966
-0.4175	1.01875	-0.0139215	-0.0999993	0.733111	1.79904	0.100964
-0.4165	1.01874	-0.0139019	-0.0999993	0.733095	1.79903	0.100961
-0.4155	1.01872	-0.0138823	-0.0999994	0.733078	1.79902	0.100958
-0.4145	1.0187	-0.0138627	-0.0999995	0.733062	1.79901	0.100956
-0.4135	1.01869	-0.013843	-0.0999995	0.733046	1.799	0.100953
-0.4125	1.01867	-0.0138234	-0.0999996	0.73303	1.79898	0.10095
-0.4115	1.01866	-0.0138037	-0.0999996	0.733014	1.79897	0.100948
-0.4105	1.01864	-0.0137841	-0.0999997	0.732998	1.79896	0.100945
-0.4095	1.01862	-0.0137644	-0.0999997	0.732981	1.79895	0.100943
-0.4085	1.01861	-0.0137447	-0.0999997	0.732965	1.79894	0.10094
-0.4075	1.01859	-0.0137251	-0.0999997	0.732949	1.79893	0.100937
-0.4065	1.01858	-0.0137054	-0.0999998	0.732933	1.79892	0.100935
-0.4055	1.01856	-0.0136857	-0.0999998	0.732916	1.7989	0.100932
-0.4045	1.01854	-0.0136659	-0.0999998	0.7329	1.79889	0.100929
-0.4035	1.01853	-0.0136462	-0.0999998	0.732884	1.79888	0.100927
-0.4025	1.01851	-0.0136265	-0.0999998	0.732867	1.79887	0.100924
-0.4015	1.01849	-0.0136068	-0.0999998	0.732851	1.79886	0.100921
-0.4005	1.01848	-0.013587	-0.0999999	0.732835	1.79885	0.100919
-0.3995	1.01846	-0.0135673	-0.0999999	0.732818	1.79884	0.100916
-0.3985	1.01845	-0.0135475	-0.0999999	0.732802	1.79882	0.100913
-0.3975	1.01843	-0.0135278	-0.0999999	0.732786	1.79881	0.100911
-0.3965	1.01841	-0.013508	-0.0999999	0.732769	1.7988	0.100908
-0.3955	1.0184	-0.0134882	-0.0999999	0.732753	1.79879	0.100905
-0.3945	1.01838	-0.0134684	-0.0999999	0.732736	1.79878	0.100903
-0.3935	1.01836	-0.0134486	-0.0999999	0.73272	1.79877	0.1009
-0.3925	1.01835	-0.0134288	-0.0999999	0.732703	1.79876	0.100898
-0.3915	1.01833	-0.013409	-0.0999999	0.732687	1.79874	0.100895
-0.3905	1.01832	-0.0133892	-0.0999999	0.73267	1.79873	0.100892
-0.3895	1.0183	-0.0133694	-0.0999999	0.732654	1.79872	0.10089
-0.3885	1.01828	-0.0133496	-0.0999999	0.732637	1.79871	0.100887
-0.3875	1.01827	-0.0133297	-0.0999999	0.732621	1.7987	0.100884
-0.3865	1.01825	-0.0133099	-0.0999999	0.732604	1.79869	0.100882
-0.3855	1.01823	-0.01329	-0.0999999	0.732588	1.79867	0.100879
-0.3845	1.01822	-0.0132702	-0.0999999	0.732571	1.79866	0.100877
-0.3835	1.0182	-0.0132503	-0.0999999	0.732555	1.79865	0.100874
-0.3825	1.01818	-0.0132304	-0.0999999	0.732538	1.79864	0.100871
-0.3815	1.01817	-0.0132106	-0.0999999	0.732521	1.79863	0.100869
-0.3805	1.01815	-0.0131907	-0.0999999	0.732505	1.79862	0.100866
-0.3795	1.01813	-0.0131708	-0.0999999	0.732488	1.7986	0.100864
-0.3785	1.01812	-0.0131509	-0.0999999	0.732472	1.79859	0.100861
-0.3775	1.0181	-0.013131	-0.0999999	0.732455	1.79858	0.100858
-0.3765	1.01808	-0.0131111	-0.0999999	0.732438	1.79857	0.100856
-0.3755	1.01807	-0.0130912	-0.0999999	0.732421	1.79856	0.100853
-0.3745	1.01805	-0.0130713	-0.0999999	0.732405	1.79855	0.100851
-0.3735	1.01803	-0.0130513	-0.0999999	0.732388	1.79853	0.100848
-0.3725	1.01802	-0.0130314	-0.0999999	0.732371	1.79852	0.100845
-0.3715	1.018	-0.0130115	-0.0999999	0.732355	1.79851	0.100843
-0.3705	1.01798	-0.0129915	-0.0999999	0.732338	1.7985	0.10084
-0.3695	1.01797	-0.0129716	-0.0999999	0.732321	1.79849	0.100838
-0.3685	1.01795	-0.0129516	-0.0999999	0.732304	1.79848	0.100835
-0.3675	1.01793	-0.0129317	-0.0999999	0.732287	1.79846	0.100833
-0.3665	1.01792	-0.0129117	-0.0999999	0.732271	1.79845	0.10083
-0.3655	1.0179	-0.0128917	-0.0999999	0.732254	1.79844	0.100827
-0.3645	1.01788	-0.0128718	-0.0999999	0.732237	1.79843	0.100825
-0.3635	1.01787	-0.0128518	-0.0999999	0.73222	1.79842	0.100822
-0.3625	1.01785	-0.0128318	-0.0999999	0.732203	1.7984	0.10082
-0.3615	1.01783	-0.0128118	-0.0999999	0.732186	1.79839	0.100817
-0.3605	1.01782	-0.0127918	-0.0999999	0.73217	1.79838	0.100815
-0.3595	1.0178	-0.0127718	-0.0999999	0.732153	1.79837	0.100812
-0.3585	1.01778	-0.0127518	-0.0999999	0.732136	1.79836	0.10081
-0.3575	1.01777	-0.0127318	-0.0999999	0.732119	1.79834	0.100807
-0.3565	1.01775	-0.0127118	-0.0999999	0.732102	1.79833	0.100805
-0.3555	1.01773	-0.0126918	-0.0999999	0.732085	1.79832	0.100802
-0.3545	1.01772	-0.0126718	-0.0999999	0.732068	1.79831	0.1008
-0.3535	1.0177	-0.0126517	-0.0999999	0.732051	1.7983	0.100797
-0.3525	1.01768	-0.0126317	-0.0999999	0.732034	1.79829	0.100795
-0.3515	1.01767	-0.0126117	-0.0999999	0.732017	1.79827	0.100792
-0.3505	1.01765	-0.0125916	-0.0999999	0.732	1.79826	0.10079
-0.3495	1.01763	-0.0125716	-0.0999999	0.731983	1.79825	0.100787
-0.3485	1.01762	-0.0125515	-0.0999999	0.731966	1.79824	0.100785
-0.3475	1.0176	-0.0125315	-0.0999999	0.731949	1.79823	0.100782
-0.3465	1.01758	-0.0125114	-0.0999999	0.731932	1.79821	0.10078
-0.3455	1.01756	-0.0124914	-0.0999999	0.731915	1.7982	0.100777
-0.3445	1.01755	-0.0124713	-0.0999999	0.731898	1.79819	0.100775
-0.3435	1.01753	-0.0124512	-0.0999999	0.73188	1.79818	0.100772
-0.3425	1.01751	-0.0124311	-0.0999999	0.731863	1.79817	0.10077
-0.3415	1.0175	-0.0124111	-0.0999999	0.731846	1.79815	0.100767
-0.3405	1.01748	-0.012391	-0.0999999	0.731829	1.79814	0.100765
-0.3395	1.01746	-0.0123709	-0.0999999	0.731812	1.79813	0.100762
-0.3385	1.01745	-0.0123508	-0.0999999	0.731795	1.79812	0.10076
-0.3375	1.01743	-0.0123307	-0.0999999	0.731778	1.79811	0.100757
-0.3365	1.01741	-0.0123106	-0.0999999	0.73176	1.79809	0.100755
-0.3355	1.01739	-0.0122905	-0.0999999	0.731743	1.79808	0.100752
-0.3345	1.01738	-0.0122705	-0.0999999	0.731726	1.79807	0.10075
-0.3335	1.01736	-0.0122503	-0.0999999	0.731709	1.79806	0.100747
-0.3325	1.01734	-0.0122302	-0.0999999	0.731691	1.79805	0.100745
-0.3315	1.01733	-0.0122101	-0.0999999	0.731674	1.79803	0.100743
-0.3305	1.01731	-0.01219	-0.0999999	0.731657	1.79802	0.10074
-0.3295	1.01729	-0.0121699	-0.0999999	0.73164	1.79801	0.100738
-0.3285	1.01727	-0.0121498	-0.0999999	0.731622	1.798	0.100735
-0.3275	1.01726	-0.0121297	-0.0999999	0.731605	1.79798	0.100733
-0.3265	1.01724	-0.0121096	-0.0999999	0.731588	1.79797	0.10073
-0.3255	1.01722	-0.0120894	-0.0999999	0.73157	1.79796	0.100728
-0.3245	1.01721	-0.0120693	-0.0999999	0.731553	1.79795	0.100726
-0.3235	1.01719	-0.0120492	-0.0999999	0.731536	1.79794	0.100723
-0.3225	1.01717	-0.0120291	-0.0999999	0.731518	1.79792	0.100721
-0.3215	1.01715	-0.0120089	-0.0999999	0.731501	1.79791	0.100718
-0.3205	1.01714	-0.0119888	-0.0999999	0.731484	1.7979	0.100716
-0.3195	1.01712	-0.0119687	-0.0999999	0.731466	1.79789	0.100714
-0.3185	1.0171	-0.0119485	-0.0999999	0.731449	1.79787	0.100711
-0.3175	1.01708	-0.0119284	-0.0999999	0.731431	1.79786	0.100709
-0.3165	1.01707	-0.0119083	-0.0999999	0.731414	1.79785	0.100706
-0.3155	1.01705	-0.0118881	-0.0999999	0.731397	1.79784	0.100704
-0.3145	1.01703	-0.011868	-0.0999999	0.731379	1.79783	0.100702
-0.3135	1.01702	-0.0118478	-0.0999999	0.731362	1.79781	0.100699
-0.3125	1.017	-0.0118277	-0.0999999	0.731344	1.7978	0.100697
-0.3115	1.01698	-0.0118075	-0.0999999	0.731327	1.79779	0.100695
-0.3105	1.01696	-0.0117874	-0.0999999	0.731309	1.79778	0.100692
-0.3095	1.01695	-0.0117673	-0.0999999	0.731292	1.79776	0.10069
-0.3085	1.01693	-0.0117471	-0.0999999	0.731274	1.79775	0.100688
-0.3075	1.01691	-0.011727	-0.0999999	0.731257	1.79774	0.100685
-0.3065	1.01689	-0.0117068	-0.0999999	0.731239	1.79773	0.100683
-0.3055	1.01688	-0.0116867	-0.0999999	0.731222	1.79772	0.100681
-0.3045	1.01686	-0.0116665	-0.0999999	0.731204	1.7977	0.100678
-0.3035	1.01684	-0.0116464	-0.0999999	0.731186	1.79769	0.100676
-0.3025	1.01682	-0.0116262	-0.0999999	0.731169	1.79768	0.100674
-0.3015	1.01681	-0.0116061	-0.0999999	0.731151	1.79767	0.100671
-0.3005	1.01679	-0.0115859	-0.0999999	0.731134	1.79765	0.100669
-0.2995	1.01677	-0.0115658	-0.0999999	0.731116	1.79764	0.100667
-0.2985	1.01675	-0.0115456	-0.0999999	0.731098	1.79763	0.100664
-0.2975	1.01674	-0.0115255	-0.0999999	0.731081	1.79762	0.100662
-0.2965	1.01672	-0.0115053	-0.0999999	0.731063	1.7976	0.10066
-0.2955	1.0167	-0.0114852	-0.0999999	0.731045	1.79759	0.100657
-0.2945	1.01668	-0.011465	-0.0999999	0.731028	1.79758	0.100655
-0.2935	1.01667	-0.0114449	-0.0999999	0.73101	1.79757	0.100653
-0.2925	1.01665	-0.0114247	-0.0999999	0.730992	1.79755	0.10065
-0.2915	1.01663	-0.0114046	-0.0999999	0.730974	1.79754	0.100648
-0.2905	1.01661	-0.0113844	-0.0999999	0.730957	1.79753	0.100646
-0.2895	1.0166	-0.0113643	-0.0999999	0.730939	1.79752	0.100644
-0.2885	1.01658	-0.0113441	-0.0999999	0.730921	1.7975	0.100641
-0.2875	1.01656	-0.011324	-0.0999999	0.730904	1.79749	0.100639
-0.2865	1.01654	-0.0113038	-0.0999999	0.730886	1.79748	0.100637
-0.2855	1.01653	-0.0112837	-0.0999999	0.730868	1.79747	0.100635
-0.2845	1.01651	-0.0112636	-0.0999999	0.73085	1.79745	0.100632
-0.2835	1.01649	-0.0112434	-0.0999999	0.730832	1.79744	0.10063
-0.2825	1.01647	-0.0112233	-0.0999999	0.730815	1.79743	0.100628
-0.2815	1.01645	-0.0112032	-0.0999999	0.730797	1.79742	0.100626
-0.2805	1.01644	-0.011183	-0.0999999	0.730779	1.7974	0.100623
-0.2795	1.01642	-0.0111629	-0.0999999	0.730761	1.79739	0.100621
-0.2785	1.0164	-0.0111428	-0.0999999	0.730743	1.79738	0.100619
-0.2775	1.01638	-0.0111226	-0.0999999	0.730725	1.79737	0.100617
-0.2765	1.01637	-0.0111025	-0.0999999	0.730707	1.79735	0.100614
-0.2755	1.01635	-0.0110824	-0.0999999	0.730689	1.79734	0.100612
-0.2745	1.01633	-0.0110623	-0.0999999	0.730672	1.79733	0.10061
-0.2735	1.01631	-0.0110422	-0.0999999	0.730654	1.79732	0.100608
-0.2725	1.01629	-0.0110221	-0.0999999	0.730636	1.7973	0.100606
-0.2715	1.01628	-0.011002	-0.0999999	0.730618	1.79729	0.100603
-0.2705	1.01626	-0.0109819	-0.0999999	0.7306	1.79728	0.100601
-0.2695	1.01624	-0.0109618	-0.0999999	0.730582	1.79727	0.100599
-0.2685	1.01622	-0.0109417	-0.0999999	0.730564	1.79725	0.100597
-0.2675	1.0162	-0.0109216	-0.0999999	0.730546	1.79724	0.100595
-0.2665	1.01619	-0.0109015	-0.0999999	0.730528	1.79723	0.100592
-0.2655	1.01617	-0.0108814	-0.0999999	0.73051	1.79722	0.10059
-0.2645	1.01615	-0.0108613	-0.0999999	0.730492	1.7972	0.100588
-0.2635	1.01613	-0.0108412	-0.0999999	0.730474	1.79719	0.100586
-0.2625	1.01612	-0.0108212	-0.0999999	0.730456	1.79718	0.100584
-0.2615	1.0161	-0.0108011	-0.0999999	0.730438	1.79716	0.100582
-0.2605	1.01608	-0.010781	-0.0999999	0.73042	1.79715	0.100579
-0.2595	1.01606	-0.010761	-0.0999999	0.730401	1.79714	0.100577
-0.2585	1.01604	-0.0107409	-0.0999999	0.730383	1.79713	0.100575
-0.2575	1.01603	-0.0107209	-0.0999999	0.730365	1.79711	0.100573
-0.2565	1.01601	-0.0107008	-0.0999999	0.730347	1.7971	0.100571
-0.2555	1.01599	-0.0106808	-0.0999999	0.730329	1.79709	0.100569
-0.2545	1.01597	-0.0106607	-0.0999999	0.730311	1.79708	0.100567
-0.2535	1.01595	-0.0106407	-0.0999999	0.730293	1.79706	0.100564
-0.2525	1.01594	-0.0106207	-0.0999999	0.730275	1.79705	0.100562
-0.2515	1.01592	-0.0106007	-0.0999999	0.730256	1.79704	0.10056
-0.2505	1.0159	-0.0105807	-0.0999999	0.730238	1.79702	0.100558
-0.2495	1.01588	-0.0105607	-0.0999999	0.73022	1.79701	0.100556
-0.2485	1.01586	-0.0105407	-0.0999999	0.730202	1.797	0.100554
-0.2475	1.01585	-0.0105207	-0.0999999	0.730184	1.79699	0.100552
-0.2465	1.01583	-0.0105007	-0.0999999	0.730165	1.79697	0.10055
-0.2455	1.01581	-0.0104808	-0.0999999	0.730147	1.79696	0.100548
-0.2445	1.01579	-0.0104608	-0.0999999	0.730129	1.79695	0.100546
-0.2435	1.01577	-0.0104408	-0.0999999	0.730111	1.79693	0.100544
-0.2425	1.01575	-0.0104209	-0.0999999	0.730093	1.79692	0.100541
-0.2415	1.01574	-0.010401	-0.0999999	0.730074	1.79691	0.100539
-0.2405	1.01572	-0.010381	-0.0999999	0.730056	1.7969	0.100537
-0.2395	1.0157	-0.0103611	-0.0999999	0.730038	1.79688	0.100535
-0.2385	1.01568	-0.0103412	-0.0999999	0.730019	1.79687	0.100533
-0.2375	1.01566	-0.0103213	-0.0999999	0.730001	1.79686	0.100531
-0.2365	1.01565	-0.0103014	-0.0999999	0.729983	1.79684	0.100529
-0.2355	1.01563	-0.0102815	-0.0999999	0.729964	1.79683	0.100527
-0.2345	1.01561	-0.0102617	-0.0999999	0.729946	1.79682	0.100525
-0.2335	1.01559	-0.0102418	-0.0999999	0.729928	1.79681	0.100523
-0.2325	1.01557	-0.010222	-0.0999999	0.729909	1.79679	0.100521
-0.2315	1.01555	-0.0102021	-0.0999999	0.729891	1.79678	0.100519
-0.2305	1.01554	-0.0101823	-0.0999999	0.729873	1.79677	0.100517
-0.2295	1.01552	-0.0101625	-0.0999999	0.729854	1.79675	0.100515
-0.2285	1.0155	-0.0101427	-0.0999999	0.729836	1.79674	0.100513
-0.2275	1.01548	-0.0101229	-0.0999999	0.729817	1.79673	0.100511
-0.2265	1.01546	-0.0101032	-0.0999999	0.729799	1.79672	0.100509
-0.2255	1.01544	-0.0100834	-0.0999999	0.729781	1.7967	0.100507
-0.2245	1.01543	-0.0100637	-0.0999999	0.729762	1.79669	0.100505
-0.2235	1.01541	-0.0100439	-0.0999998	0.729744	1.79668	0.100503
-0.2225	1.01539	-0.0100242	-0.0999998	0.729725	1.79666	0.100501
-0.2215	1.01537	-0.0100045	-0.0999998	0.729707	1.79665	0.100499
-0.2205	1.01535	-0.00998486	-0.0999998	0.729688	1.79664	0.100497
-0.2195	1.01533	-0.0099652	-0.0999998	0.72967	1.79662	0.100495
-0.2185	1.01532	-0.00994556	-0.0999998	0.729651	1.79661	0.100493
-0.2175	1.0153	-0.00992593	-0.0999997	0.729633	1.7966	0.100491
-0.2165	1.01528	-0.00990633	-0.0999997	0.729615	1.79659	0.100489
-0.2155	1.01526	-0.00988674	-0.0999997	0.729596	1.79657	0.100487
-0.2145	1.01524	-0.00986718	-0.0999997	0.729578	1.79656	0.100485
-0.2135	1.01522	-0.00984763	-0.0999996	0.729559	1.79655	0.100483
-0.2125	1.01521	-0.00982811	-0.0999996	0.729541	1.79653	0.100481
-0.2115	1.01519	-0.00980861	-0.0999995	0.729522	1.79652	0.100479
-0.2105	1.01517	-0.00978913	-0.0999995	0.729504	1.79651	0.100477
-0.2095	1.01515	-0.00976968	-0.0999994	0.729485	1.79649	0.100476
-0.2085	1.01513	-0.00975025	-0.0999994	0.729467	1.79648	0.100474
-0.2075	1.01511	-0.00973085	-0.0999993	0.729448	1.79647	0.100472
-0.2065	1.0151	-0.00971147	-0.0999992	0.729429	1.79646	0.10047
-0.2055	1.01508	-0.00969212	-0.0999991	0.729411	1.79644	0.100468
-0.2045	1.01506	-0.00967279	-0.099999	0.729392	1.79643	0.100466
-0.2035	1.01504	-0.0096535	-0.0999989	0.729374	1.79642	0.100464
-0.2025	1.01502	-0.00963424	-0.0999988	0.729355	1.7964	0.100462
-0.2015	1.015	-0.009615	-0.0999987	0.729337	1.79639	0.10046
-0.2005	1.01498	-0.0095958	-0.0999986	0.729318	1.79638	0.100458
-0.1995	1.01497	-0.00957663	-0.0999984	0.7293	1.79636	0.100456
-0.1985	1.01495	-0.0095575	-0.0999982	0.729281	1.79635	0.100454
-0.1975	1.01493	-0.0095384	-0.099998	0.729263	1.79634	0.100452
-0.1965	1.01491	-0.00951933	-0.0999978	0.729244	1.79633	0.10045
-0.1955	1.01489	-0.00950031	-0.0999976	0.729226	1.79631	0.100448
-0.1945	1.01487	-0.00948132	-0.0999973	0.729207	1.7963	0.100446
-0.1935	1.01486	-0.00946237	-0.099997	0.729189	1.79629	0.100444
-0.1925	1.01484	-0.00944346	-0.0999967	0.72917	1.79627	0.100442
-0.1915	1.01482	-0.00942459	-0.0999963	0.729152	1.79626	0.100439
-0.1905	1.0148	-0.00940577	-0.099996	0.729133	1.79625	0.100437
-0.1895	1.01478	-0.00938699	-0.0999955	0.729115	1.79623	0.100435
-0.1885	1.01476	-0.00936826	-0.099995	0.729096	1.79622	0.100433
-0.1875	1.01475	-0.00934958	-0.0999945	0.729078	1.79621	0.100431
-0.1865	1.01473	-0.00933094	-0.099994	0.72906	1.7962	0.100428
-0.1855	1.01471	-0.00931235	-0.0999933	0.729041	1.79618	0.100426
-0.1845	1.01469	-0.00929382	-0.0999926	0.729023	1.79617	0.100424
-0.1835	1.01467	-0.00927534	-0.0999919	0.729004	1.79616	0.100421
-0.1825	1.01465	-0.00925691	-0.099991	0.728986	1.79614	0.100419
-0.1815	1.01464	-0.00923854	-0.0999901	0.728968	1.79613	0.100416
-0.1805	1.01462	-0.00922022	-0.0999891	0.728949	1.79612	0.100413
-0.1795	1.0146	-0.00920197	-0.099988	0.728931	1.7961	0.100411
-0.1785	1.01458	-0.00918377	-0.0999868	0.728913	1.79609	0.100408
-0.1775	1.01456	-0.00916564	-0.0999855	0.728894	1.79608	0.100405
-0.1765	1.01455	-0.00914756	-0.0999841	0.728876	1.79607	0.100402
-0.1755	1.01453	-0.00912956	-0.0999825	0.728858	1.79605	0.100398
-0.1745	1.01451	-0.00911162	-0.0999808	0.72884	1.79604	0.100395
-0.1735	1.01449	-0.00909374	-0.0999789	0.728821	1.79603	0.100392
-0.1725	1.01447	-0.00907594	-0.0999769	0.728803	1.79601	0.100388
-0.1715	1.01445	-0.00905821	-0.0999746	0.728785	1.796	0.100384
-0.1705	1.01444	-0.00904055	-0.0999722	0.728767	1.79599	0.10038
-0.1695	1.01442	-0.00902296	-0.0999696	0.728749	1.79598	0.100376
-0.1685	1.0144	-0.00900545	-0.0999667	0.728731	1.79596	0.100372
-0.1675	1.01438	-0.00898801	-0.0999636	0.728713	1.79595	0.100367
-0.1665	1.01436	-0.00897065	-0.0999602	0.728694	1.79594	0.100362
-0.1655	1.01435	-0.00895337	-0.0999566	0.728676	1.79593	0.100357
-0.1645	1.01433	-0.00893617	-0.0999526	0.728658	1.79591	0.100351
-0.1635	1.01431	-0.00891905	-0.0999483	0.72864	1.7959	0.100345
-0.1625	1.01429	-0.00890202	-0.0999436	0.728622	1.79589	0.100339
-0.1615	1.01428	-0.00888507	-0.0999385	0.728605	1.79587	0.100333
-0.1605	1.01426	-0.0088682	-0.099933	0.728587	1.79586	0.100326
-0.1595	1.01424	-0.00885142	-0.0999271	0.728569	1.79585	0.100318
-0.1585	1.01422	-0.00883473	-0.0999207	0.728551	1.79584	0.10031
-0.1575	1.0142	-0.00881813	-0.0999137	0.728533	1.79582	0.100302
-0.1565	1.01419	-0.00880162	-0.0999062	0.728515	1.79581	0.100293
-0.1555	1.01417	-0.0087852	-0.0998982	0.728497	1.7958	0.100284
-0.1545	1.01415	-0.00876886	-0.0998894	0.72848	1.79579	0.100274
-0.1535	1.01413	-0.00875263	-0.0998801	0.728462	1.79577	0.100263
-0.1525	1.01412	-0.00873648	-0.0998699	0.728444	1.79576	0.100251
-0.1515	1.0141	-0.00872043	-0.0998591	0.728426	1.79575	0.100239
-0.1505	1.01408	-0.00870447	-0.0998474	0.728409	1.79574	0.100226
-0.1495	1.01406	-0.0086886	-0.0998348	0.728391	1.79573	0.100212
-0.1485	1.01404	-0.00867283	-0.0998213	0.728373	1.79571	0.100197
-0.1475	1.01403	-0.00865716	-0.0998067	0.728356	1.7957	0.100181
-0.1465	1.01401	-0.00864158	-0.0997912	0.728338	1.79569	0.100165
-0.1455	1.01399	-0.0086261	-0.0997745	0.72832	1.79568	0.100147
-0.1445	1.01397	-0.00861071	-0.0997566	0.728303	1.79567	0.100128
-0.1435	1.01395	-0.00859541	-0.0997374	0.728285	1.79566	0.100107
-0.1425	1.01394	-0.00858021	-0.0997169	0.728267	1.79564	0.100085
-0.1415	1.01392	-0.0085651	-0.0996949	0.72825	1.79563	0.100062
-0.1405	1.0139	-0.00855009	-0.0996715	0.728232	1.79562	0.100038
-0.1395	1.01388	-0.00853517	-0.0996464	0.728215	1.79561	0.100011
-0.1385	1.01386	-0.00852033	-0.0996196	0.728197	1.7956	0.0999834
-0.1375	1.01384	-0.00850559	-0.0995911	0.728179	1.79559	0.0999536
-0.1365	1.01382	-0.00849093	-0.0995606	0.728162	1.79558	0.0999221
-0.1355	1.0138	-0.00847636	-0.0995282	0.728144	1.79557	0.0998885
-0.1345	1.01378	-0.00846187	-0.0994936	0.728126	1.79557	0.0998528
-0.1335	1.01376	-0.00844746	-0.0994569	0.728108	1.79556	0.099815
-0.1325	1.01374	-0.00843313	-0.0994177	0.728091	1.79555	0.0997748
-0.1315	1.01372	-0.00841887	-0.0993762	0.728073	1.79554	0.0997321
-0.1305	1.0137	-0.00840468	-0.099332	0.728055	1.79554	0.0996869
-0.1295	1.01368	-0.00839056	-0.0992851	0.728037	1.79554	0.099639
-0.1285	1.01365	-0.0083765	-0.0992353	0.728019	1.79553	0.0995882
-0.1275	1.01363	-0.00836249	-0.0991825	0.728001	1.79553	0.0995344
-0.1265	1.0136	-0.00834853	-0.0991266	0.727983	1.79553	0.0994776
-0.1255	1.01358	-0.00833462	-0.0990673	0.727965	1.79554	0.0994173
-0.1245	1.01355	-0.00832075	-0.0990047	0.727947	1.79554	0.0993537
-0.1235	1.01352	-0.00830689	-0.0989384	0.727929	1.79555	0.0992865
-0.1225	1.01349	-0.00829306	-0.0988684	0.72791	1.79556	0.0992156
-0.1215	1.01345	-0.00827923	-0.0987943	0.727892	1.79557	0.0991406
-0.1205	1.01342	-0.00826539	-0.0987162	0.727874	1.79559	0.0990616
-0.1195	1.01338	-0.00825153	-0.0986338	0.727855	1.79561	0.0989783
-0.1185	1.01334	-0.00823764	-0.0985469	0.727837	1.79564	0.0988905
-0.1175	1.01329	-0.0082237	-0.0984553	0.727818	1.79567	0.0987981
-0.1165	1.01324	-0.00820968	-0.0983588	0.727799	1.79571	0.0987009
-0.1155	1.01319	-0.00819557	-0.0982573	0.72778	1.79576	0.0985985
-0.1145	1.01313	-0.00818135	-0.0981506	0.727761	1.79582	0.098491
-0.1135	1.01307	-0.00816699	-0.0980384	0.727742	1.79588	0.098378
-0.1125	1.013	-0.00815246	-0.0979206	0.727723	1.79595	0.0982594
-0.1115	1.01293	-0.00813772	-0.0977969	0.727704	1.79604	0.0981349
-0.1105	1.01285	-0.00812275	-0.0976671	0.727684	1.79614	0.0980043
-0.1095	1.01275	-0.00810751	-0.0975311	0.727665	1.79625	0.0978675
-0.1085	1.01265	-0.00809194	-0.0973886	0.727645	1.79638	0.0977242
-0.1075	1.01254	-0.008076	-0.0972393	0.727625	1.79653	0.0975741
-0.1065	1.01242	-0.00805963	-0.0970831	0.727605	1.7967	0.0974171
-0.1055	1.01228	-0.00804278	-0.0969197	0.727585	1.7969	0.0972529
-0.1045	1.01213	-0.00802537	-0.096749	0.727565	1.79712	0.0970813
-0.1035	1.01196	-0.00800732	-0.0965706	0.727545	1.79737	0.096902
-0.1025	1.01177	-0.00798856	-0.0963844	0.727524	1.79766	0.0967149
-0.1015	1.01156	-0.00796897	-0.0961901	0.727504	1.79798	0.0965197
-0.1005	1.01132	-0.00794846	-0.0959875	0.727483	1.79835	0.0963161
-0.0995	1.01106	-0.00792689	-0.0957763	0.727462	1.79876	0.0961038
-0.0985	1.01077	-0.00790414	-0.0955563	0.727441	1.79923	0.0958827
-0.0975	1.01044	-0.00788004	-0.0953272	0.72742	1.79976	0.0956524
-0.0965	1.01007	-0.00785443	-0.0950888	0.727399	1.80036	0.0954126
-0.0955	1.00966	-0.00782709	-0.0948406	0.727377	1.80104	0.0951631
-0.0945	1.0092	-0.0077978	-0.0945826	0.727355	1.8018	0.0949035
-0.0935	1.00869	-0.0077663	-0.0943142	0.727334	1.80267	0.0946334
-0.0925	1.00811	-0.00773227	-0.0940351	0.727312	1.80365	0.0943525
-0.0915	1.00747	-0.00769536	-0.093745	0.727289	1.80475	0.0940603
-0.0905	1.00674	-0.00765515	-0.0934433	0.727267	1.806	0.0937564
-0.0895	1.00591	-0.00761115	-0.0931296	0.727244	1.80742	0.0934401
-0.0885	1.00499	-0.00756278	-0.0928032	0.727222	1.80903	0.0931108
-0.0875	1.00394	-0.00750934	-0.0924634	0.727199	1.81086	0.0927678
-0.0865	1.00275	-0.00745	-0.0921094	0.727176	1.81295	0.0924102
-0.0855	1.0014	-0.00738377	-0.0917405	0.727152	1.81534	0.0920372
-0.0845	0.999866	-0.00730946	-0.0913555	0.727129	1.81807	0.0916475
-0.0835	0.998112	-0.00722566	-0.0909535	0.727106	1.8212	0.0912401
-0.0825	0.996105	-0.00713066	-0.0905333	0.727082	1.82481	0.0908137
-0.0815	0.993805	-0.00702248	-0.0900938	0.727059	1.82898	0.0903671
-0.0805	0.991165	-0.00689879	-0.0896338	0.727037	1.83379	0.0898989
-0.0795	0.988131	-0.00675691	-0.0891524	0.727015	1.83937	0.0894081
-0.0785	0.984645	-0.0065938	-0.0886487	0.726993	1.84583	0.0888936
-0.0775	0.980647	-0.00640607	-0.0881222	0.726974	1.8533	0.0883547
-0.0765	0.976074	-0.0061901	-0.0875727	0.726956	1.86194	0.0877912
-0.0755	0.970864	-0.00594208	-0.0870003	0.72694	1.87189	0.087203
-0.0745	0.964966	-0.00565823	-0.0864058	0.726926	1.88329	0.0865909
-0.0735	0.958338	-0.00533498	-0.0857902	0.726915	1.89629	0.0859559
-0.0725	0.950958	-0.00496925	-0.0851548	0.726906	1.91098	0.0852997
-0.0715	0.942825	-0.00455878	-0.0845012	0.7269	1.92745	0.0846241
-0.0705	0.933965	-0.0041024	-0.0838311	0.726894	1.94572	0.0839314
-0.0695	0.924433	-0.00360028	-0.0831462	0.726888	1.96577	0.0832241
-0.0685	0.914311	-0.00305401	-0.0824478	0.726879	1.98751	0.0825043
-0.0675	0.903704	-0.00246684	-0.081737	0.726867	2.0108	0.0817743
-0.0665	0.892739	-0.00184425	-0.0810147	0.726842	2.03543	0.0810356
-0.0655	0.881551	-0.00119746	-0.0802825	0.726789	2.06111	0.0802914
-0.0645	0.870305	-0.000544932	-0.0795444	0.726719	2.08754	0.0795462
-0.0635	0.859184	0.000111594	-0.0788016	0.726662	2.1144	0.0788017
-0.0625	0.848326	0.000772947	-0.0780515	0.726613	2.14131	0.0780553
-0.0615	0.837832	0.00143013	-0.0772897	0.726554	2.16796	0.077303
-0.0605	0.827775	0.00207834	-0.0765135	0.726487	2.1941	0.0765417
-0.0595	0.81821	0.00271133	-0.0757216	0.726414	2.21952	0.0757702
-0.0585	0.809177	0.00332374	-0.0749135	0.726336	2.24406	0.0749872
-0.0575	0.8007	0.00391108	-0.0740884	0.726254	2.26756	0.0741915
-0.0565	0.792794	0.00446967	-0.0732458	0.72617	2.28991	0.073382
-0.0555	0.785462	0.00499673	-0.0723852	0.726085	2.31101	0.0725575
-0.0545	0.778702	0.00549057	-0.0715067	0.726001	2.3308	0.0717172
-0.0535	0.772506	0.00594989	-0.0706101	0.725918	2.34923	0.0708603
-0.0525	0.766859	0.00637347	-0.0696949	0.725837	2.36627	0.0699857
-0.0515	0.761744	0.00676086	-0.0687607	0.725757	2.38189	0.0690922
-0.0505	0.757145	0.00711175	-0.0678072	0.725681	2.39611	0.0681791
-0.0495	0.75304	0.0074266	-0.0668344	0.725608	2.40893	0.0672458
-0.0485	0.74941	0.00770616	-0.0658423	0.725539	2.42037	0.0662917
-0.0475	0.746236	0.0079514	-0.0648307	0.725475	2.43045	0.0653165
-0.0465	0.743495	0.00816344	-0.0637998	0.725415	2.43921	0.06432
-0.0455	0.741167	0.00834328	-0.0627497	0.725359	2.44668	0.0633019
-0.0445	0.739229	0.00849168	-0.0616804	0.725305	2.45291	0.0622622
-0.0435	0.737657	0.00860927	-0.0605922	0.725254	2.45796	0.0612008
-0.0425	0.736431	0.00869723	-0.0594853	0.725209	2.46191	0.0601178
-0.0415	0.735534	0.00875889	-0.0583598	0.725183	2.46482	0.0590134
-0.0405	0.734956	0.00880166	-0.0572149	0.725185	2.46676	0.0578879
-0.0395	0.734677	0.00883206	-0.0560495	0.725217	2.46781	0.0567411
-0.0385	0.734617	0.0088596	-0.0548682	0.725183	2.46789	0.0555788
-0.0375	0.734759	0.00884548	-0.0536736	0.725058	2.46699	0.0543976
-0.0365	0.7352	0.00877907	-0.0524598	0.724997	2.4653	0.0531893
-0.0355	0.735922	0.00869452	-0.0512261	0.725001	2.4629	0.0519588
-0.0345	0.736861	0.00859753	-0.0499758	0.725001	2.45976	0.0507099
-0.0335	0.738003	0.00848499	-0.0487088	0.724995	2.45594	0.0494423
-0.0325	0.739337	0.00835644	-0.0474255	0.724989	2.45148	0.0481561
-0.0315	0.740853	0.00821243	-0.0461263	0.724986	2.44646	0.0468516
-0.0305	0.742535	0.00805385	-0.0448114	0.724985	2.44091	0.0455294
-0.0295	0.744371	0.00788166	-0.0434815	0.724987	2.4349	0.04419
-0.0285	0.746347	0.0076968	-0.0421368	0.724991	2.42847	0.042834
-0.0275	0.748449	0.00750014	-0.0407781	0.724998	2.42167	0.0414621
-0.0265	0.750665	0.00729247	-0.0394056	0.725007	2.41455	0.0400747
-0.0255	0.752981	0.00707454	-0.03802	0.725017	2.40716	0.0386726
-0.0245	0.755384	0.00684706	-0.0366219	0.72503	2.39954	0.0372565
-0.0235	0.757855	0.00661086	-0.0352117	0.725044	2.39176	0.0358269
-0.0225	0.760374	0.00636697	-0.0337901	0.725061	2.3839	0.0343847
-0.0215	0.76291	0.0061165	-0.0323577	0.72508	2.37603	0.0329307
-0.0205	0.765435	0.00586002	-0.0309153	0.725099	2.36826	0.0314658
-0.0195	0.767932	0.00559759	-0.0294635	0.725121	2.36063	0.0299905
-0.0185	0.770399	0.0053312	-0.0280028	0.725144	2.35314	0.0285057
-0.0175	0.772829	0.00506045	-0.0265337	0.725165	2.34581	0.0270119
-0.0165	0.77521	0.00478544	-0.0250569	0.725186	2.33868	0.0255098
-0.0155	0.777528	0.00450658	-0.023573	0.725207	2.33177	0.0239999
-0.0145	0.77977	0.00422428	-0.0220825	0.725227	2.32513	0.0224829
-0.0135	0.78192	0.00393889	-0.0205859	0.725247	2.3188	0.0209594
-0.0125	0.783965	0.00365072	-0.0190838	0.725267	2.31282	0.0194299
-0.0115	0.785891	0.00336005	-0.0175766	0.725286	2.30721	0.0178949
-0.0105	0.787685	0.00306711	-0.0160647	0.725303	2.30201	0.0163548
-0.0095	0.789334	0.00277212	-0.0145483	0.72532	2.29725	0.0148101
-0.0085	0.790825	0.00247522	-0.0130278	0.725335	2.29297	0.0132608
-0.0075	0.792151	0.00217651	-0.0115032	0.725348	2.28917	0.0117073
-0.0065	0.7933	0.00187603	-0.00997459	0.725359	2.28589	0.0101495
-0.0055	0.794269	0.00157374	-0.00844163	0.725368	2.28313	0.00858707
-0.0045	0.795054	0.00126943	-0.00690381	0.725375	2.2809	0.00701954
-0.0035	0.795656	0.00096266	-0.00536023	0.725378	2.27918	0.00544599
-0.0025	0.796082	0.000652751	-0.00380951	0.725378	2.27796	0.00386503
-0.0015	0.796347	0.000338808	-0.00224901	0.725375	2.27719	0.00227439
-0.0005	0.796478	1.98424e-05	-0.00067358	0.725371	2.27681	0.000673872
0.0005	0.796515	-0.000303292	0.00091473	0.725369	2.2767	0.0009637
0.0015	0.796486	-0.000623785	0.00249017	0.725377	2.2768	0.00256711
0.0025	0.796314	-0.000932131	0.00402849	0.725401	2.27737	0.00413493
0.0035	0.795883	-0.00122867	0.00553846	0.725414	2.27864	0.00567311
0.0045	0.795195	-0.00152516	0.00705162	0.725401	2.28057	0.00721467
0.0055	0.794309	-0.00182476	0.00857294	0.725385	2.28307	0.00876499
0.0065	0.79324	-0.0021261	0.0100968	0.725372	2.2861	0.0103182
0.0075	0.791993	-0.0024273	0.0116196	0.725359	2.28966	0.0118704
0.0085	0.79057	-0.00272764	0.0131402	0.725346	2.29374	0.0134203
0.0095	0.788974	-0.00302674	0.014658	0.725332	2.29834	0.0149672
0.0105	0.78721	-0.00332431	0.0161724	0.725317	2.30344	0.0165106
0.0115	0.785286	-0.00362005	0.017683	0.7253	2.30903	0.0180498
0.0125	0.783214	-0.00391365	0.0191893	0.725283	2.31509	0.0195844
0.0135	0.781008	-0.00420472	0.0206908	0.725266	2.32157	0.0211137
0.0145	0.778684	-0.00449287	0.0221869	0.725248	2.32844	0.0226372
0.0155	0.77626	-0.00477762	0.023677	0.725231	2.33565	0.0241542
0.0165	0.773757	-0.00505854	0.0251606	0.725213	2.34315	0.0256641
0.0175	0.771194	-0.00533525	0.026637	0.725195	2.35088	0.0271661
0.0185	0.768589	-0.00560768	0.0281057	0.725174	2.35878	0.0286597
0.0195	0.765964	-0.00587641	0.029566	0.725154	2.3668	0.0301444
0.0205	0.763343	-0.00614006	0.0310173	0.725136	2.37487	0.0316192
0.0215	0.760748	-0.00639747	0.0324588	0.725121	2.38292	0.0330833
0.0225	0.758195	-0.00664765	0.03389	0.725108	2.3909	0.0345358
0.0235	0.755697	-0.00688989	0.0353101	0.725097	2.39877	0.035976
0.0245	0.753271	-0.00712346	0.0367186	0.725087	2.40646	0.0374032
0.0255	0.750932	-0.00734765	0.0381149	0.725078	2.41393	0.0388167
0.0265	0.748693	-0.00756166	0.0394984	0.725072	2.42113	0.0402157
0.0275	0.746569	-0.0077647	0.0408685	0.725068	2.428	0.0415996
0.0285	0.744573	-0.00795604	0.0422247	0.725066	2.4345	0.0429677
0.0295	0.74272	-0.00813485	0.0435665	0.725066	2.44058	0.0443195
0.0305	0.741021	-0.00830026	0.0448934	0.725069	2.44618	0.0456543
0.0315	0.73949	-0.0084515	0.0462049	0.725073	2.45126	0.0469715
0.0325	0.738139	-0.00858795	0.0475007	0.725078	2.45577	0.0482708
0.0335	0.736981	-0.00870883	0.0487803	0.725087	2.45965	0.0495516
0.0345	0.736033	-0.00881254	0.0500433	0.725104	2.46288	0.0508134
0.0355	0.735315	-0.00889541	0.0512892	0.72514	2.4654	0.0520549
0.0365	0.73485	-0.00894758	0.052517	0.725206	2.46719	0.0532737
0.0375	0.734649	-0.00896542	0.0537255	0.725303	2.4682	0.0544685
0.0385	0.734634	-0.00893855	0.0549205	0.72529	2.4682	0.0556431
0.0395	0.734838	-0.00893736	0.0561008	0.725205	2.46723	0.0568083
0.0405	0.735396	-0.00892607	0.0572593	0.725227	2.46543	0.0579509
0.0415	0.736291	-0.00887976	0.058398	0.725296	2.46267	0.0590692
0.0425	0.737501	-0.00879955	0.0595188	0.725353	2.45882	0.0601657
0.0435	0.739047	-0.00869034	0.0606209	0.725403	2.45385	0.0612406
0.0445	0.740954	-0.00855147	0.061704	0.725454	2.4477	0.0622937
0.0455	0.743244	-0.00838197	0.0627679	0.72551	2.44035	0.0633251
0.0465	0.745937	-0.00818042	0.0638126	0.725571	2.43174	0.0643348
0.0475	0.749055	-0.00794544	0.064838	0.725637	2.42184	0.065323
0.0485	0.75262	-0.00767584	0.0658442	0.725707	2.4106	0.0662901
0.0495	0.756656	-0.00737058	0.0668311	0.725782	2.39799	0.0672364
0.0505	0.761186	-0.0070289	0.0677991	0.725861	2.38398	0.0681625
0.0515	0.766231	-0.00665047	0.0687484	0.725942	2.36855	0.0690693
0.0525	0.771811	-0.00623568	0.0696797	0.726026	2.3517	0.0699581
0.0535	0.777944	-0.00578432	0.0705932	0.726113	2.33344	0.0708298
0.0545	0.78464	-0.00529781	0.0714889	0.726201	2.3138	0.0716849
0.0555	0.791906	-0.00477688	0.0723666	0.726291	2.29286	0.0725241
0.0565	0.79974	-0.00422358	0.0732268	0.72638	2.27068	0.0733485
0.0575	0.808131	-0.00364087	0.07407	0.726467	2.24737	0.0741594
0.0585	0.817054	-0.00303255	0.074897	0.726551	2.22308	0.0749584
0.0595	0.826472	-0.00240324	0.0757092	0.726629	2.19799	0.0757473
0.0605	0.836324	-0.00175779	0.0765089	0.726701	2.17231	0.0765291
0.0615	0.846527	-0.00110266	0.0772983	0.726765	2.14632	0.0773062
0.0625	0.856976	-0.000446361	0.0780768	0.726831	2.12034	0.0780781
0.0635	0.867562	0.000209087	0.0788417	0.726903	2.09467	0.078842
0.0645	0.878163	0.000862321	0.0795924	0.726962	2.06955	0.0795971
0.0655	0.888658	0.00149773	0.0803289	0.726995	2.0452	0.0803428
0.0665	0.898943	0.00210508	0.0810502	0.727015	2.02186	0.0810775
0.0675	0.908917	0.00267884	0.0817561	0.727028	1.99971	0.0818
0.0685	0.918484	0.00321461	0.0824463	0.727035	1.9789	0.0825089
0.0695	0.927566	0.00370957	0.0831202	0.727038	1.95953	0.083203
0.0705	0.9361	0.00416228	0.0837774	0.727041	1.94168	0.0838807
0.0715	0.944042	0.00457267	0.0844173	0.727044	1.92535	0.0845411
0.0725	0.951368	0.00494175	0.0850394	0.727048	1.91053	0.0851829
0.0735	0.958071	0.00527149	0.0856433	0.727055	1.89718	0.0858054
0.0745	0.96416	0.0055645	0.0862286	0.727064	1.88523	0.086408
0.0755	0.969656	0.0058238	0.0867952	0.727076	1.87457	0.0869904
0.0765	0.97459	0.0060526	0.0873429	0.727091	1.86512	0.0875524
0.0775	0.979	0.00625415	0.0878719	0.727108	1.85676	0.0880942
0.0785	0.982926	0.00643158	0.0883822	0.727128	1.8494	0.0886159
0.0795	0.986413	0.00658781	0.0888742	0.727149	1.84291	0.0891181
0.0805	0.989502	0.00672552	0.0893483	0.727172	1.83722	0.0896011
0.0815	0.992236	0.00684714	0.0898049	0.727195	1.83221	0.0900655
0.0825	0.994652	0.00695479	0.0902445	0.727219	1.82782	0.0905121
0.0835	0.996787	0.00705034	0.0906677	0.727244	1.82397	0.0909414
0.0845	0.998674	0.00713541	0.091075	0.727269	1.82059	0.0913541
0.0855	1.00034	0.00721139	0.0914671	0.727294	1.81761	0.0917509
0.0865	1.00182	0.00727951	0.0918444	0.727319	1.815	0.0921324
0.0875	1.00312	0.0073408	0.0922075	0.727343	1.8127	0.0924993
0.0885	1.00428	0.00739614	0.092557	0.727368	1.81068	0.092852
0.0895	1.0053	0.00744631	0.0928933	0.727392	1.80889	0.0931913
0.0905	1.00621	0.00749196	0.093217	0.727416	1.80732	0.0935176
0.0915	1.00702	0.00753365	0.0935284	0.72744	1.80593	0.0938314
0.0925	1.00774	0.00757188	0.0938281	0.727464	1.8047	0.0941331
0.0935	1.00837	0.00760707	0.0941162	0.727487	1.80361	0.0944232
0.0945	1.00894	0.00763958	0.0943934	0.72751	1.80265	0.094702
0.0955	1.00945	0.00766974	0.0946599	0.727533	1.80181	0.0949701
0.0965	1.0099	0.00769781	0.094916	0.727555	1.80105	0.0952276
0.0975	1.01031	0.00772405	0.095162	0.727578	1.80039	0.095475
0.0985	1.01067	0.00774867	0.0953983	0.7276	1.7998	0.0957125
0.0995	1.01099	0.00777186	0.0956252	0.727621	1.79928	0.0959405
0.1005	1.01128	0.00779378	0.095843	0.727643	1.79882	0.0961593
0.1015	1.01154	0.00781458	0.0960518	0.727664	1.79841	0.0963692
0.1025	1.01177	0.0078344	0.096252	0.727686	1.79806	0.0965703
0.1035	1.01197	0.00785334	0.0964439	0.727707	1.79774	0.0967631
0.1045	1.01216	0.00787151	0.0966276	0.727728	1.79746	0.0969477
0.1055	1.01233	0.00788901	0.0968035	0.727748	1.79721	0.0971245
0.1065	1.01248	0.00790591	0.0969718	0.727769	1.797	0.0972936
0.1075	1.01261	0.00792229	0.0971328	0.727789	1.79681	0.0974553
0.1085	1.01274	0.00793822	0.0972866	0.727809	1.79664	0.0976099
0.1095	1.01285	0.00795375	0.0974334	0.727829	1.79649	0.0977575
0.1105	1.01295	0.00796894	0.0975737	0.727849	1.79637	0.0978985
0.1115	1.01304	0.00798383	0.0977074	0.727869	1.79625	0.0980331
0.1125	1.01312	0.00799847	0.097835	0.727888	1.79616	0.0981614
0.1135	1.01319	0.00801289	0.0979565	0.727908	1.79607	0.0982837
0.1145	1.01326	0.00802713	0.0980722	0.727927	1.796	0.0984002
0.1155	1.01332	0.00804121	0.0981824	0.727946	1.79594	0.0985111
0.1165	1.01338	0.00805518	0.0982872	0.727965	1.79588	0.0986167
0.1175	1.01343	0.00806904	0.0983868	0.727984	1.79584	0.0987171
0.1185	1.01348	0.00808283	0.0984814	0.728003	1.7958	0.0988125
0.1195	1.01352	0.00809655	0.0985712	0.728022	1.79577	0.0989032
0.1205	1.01356	0.00811024	0.0986565	0.728041	1.79574	0.0989893
0.1215	1.0136	0.00812391	0.0987373	0.728059	1.79572	0.0990709
0.1225	1.01364	0.00813756	0.0988139	0.728078	1.7957	0.0991484
0.1235	1.01367	0.00815122	0.0988865	0.728096	1.79569	0.0992219
0.1245	1.0137	0.00816489	0.0989553	0.728114	1.79568	0.0992915
0.1255	1.01373	0.00817859	0.0990202	0.728133	1.79567	0.0993574
0.1265	1.01376	0.00819233	0.0990816	0.728151	1.79567	0.0994197
0.1275	1.01379	0.0082061	0.0991397	0.728169	1.79566	0.0994787
0.1285	1.01381	0.00821993	0.0991945	0.728187	1.79566	0.0995345
0.1295	1.01384	0.00823381	0.0992462	0.728205	1.79566	0.0995872
0.1305	1.01386	0.00824776	0.099295	0.728223	1.79567	0.099637
0.1315	1.01388	0.00826177	0.099341	0.728241	1.79567	0.099684
0.1325	1.01391	0.00827586	0.0993844	0.728259	1.79568	0.0997283
0.1335	1.01393	0.00829002	0.0994252	0.728276	1.79568	0.0997702
0.1345	1.01395	0.00830426	0.0994635	0.728294	1.79569	0.0998096
0.1355	1.01397	0.00831859	0.0994996	0.728312	1.7957	0.0998468
0.1365	1.01399	0.008333	0.0995335	0.72833	1.7957	0.0998818
0.1375	1.01401	0.00834749	0.0995654	0.728347	1.79571	0.0999147
0.1385	1.01403	0.00836208	0.0995953	0.728365	1.79572	0.0999457
0.1395	1.01405	0.00837676	0.0996234	0.728383	1.79573	0.0999749
0.1405	1.01407	0.00839154	0.0996497	0.728401	1.79574	0.100002
0.1415	1.01408	0.0084064	0.0996743	0.728418	1.79575	0.100028
0.1425	1.0141	0.00842137	0.0996974	0.728436	1.79576	0.100052
0.1435	1.01412	0.00843643	0.0997189	0.728453	1.79578	0.100075
0.1445	1.01414	0.00845159	0.0997391	0.728471	1.79579	0.100097
0.1455	1.01416	0.00846684	0.099758	0.728489	1.7958	0.100117
0.1465	1.01418	0.00848219	0.0997756	0.728506	1.79581	0.100136
0.1475	1.01419	0.00849764	0.0997921	0.728524	1.79582	0.100153
0.1485	1.01421	0.00851319	0.0998075	0.728542	1.79583	0.10017
0.1495	1.01423	0.00852884	0.0998218	0.728559	1.79585	0.100185
0.1505	1.01425	0.00854459	0.0998351	0.728577	1.79586	0.1002
0.1515	1.01426	0.00856043	0.0998476	0.728595	1.79587	0.100214
0.1525	1.01428	0.00857637	0.0998591	0.728612	1.79588	0.100227
0.1535	1.0143	0.00859241	0.0998699	0.72863	1.79589	0.100239
0.1545	1.01432	0.00860854	0.0998799	0.728648	1.79591	0.10025
0.1555	1.01434	0.00862477	0.0998892	0.728666	1.79592	0.100261
0.1565	1.01435	0.00864109	0.0998978	0.728684	1.79593	0.100271
0.1575	1.01437	0.0086575	0.0999058	0.728701	1.79594	0.10028
0.1585	1.01439	0.00867401	0.0999133	0.728719	1.79596	0.100289
0.1595	1.01441	0.00869061	0.0999202	0.728737	1.79597	0.100297
0.1605	1.01442	0.0087073	0.0999265	0.728755	1.79598	0.100305
0.1615	1.01444	0.00872408	0.0999325	0.728773	1.79599	0.100313
0.1625	1.01446	0.00874094	0.0999379	0.728791	1.79601	0.100319
0.1635	1.01448	0.0087579	0.099943	0.728809	1.79602	0.100326
0.1645	1.0145	0.00877494	0.0999476	0.728827	1.79603	0.100332
0.1655	1.01451	0.00879206	0.099952	0.728844	1.79604	0.100338
0.1665	1.01453	0.00880927	0.0999559	0.728863	1.79606	0.100343
0.1675	1.01455	0.00882655	0.0999596	0.728881	1.79607	0.100349
0.1685	1.01457	0.00884392	0.099963	0.728899	1.79608	0.100353
0.1695	1.01459	0.00886137	0.0999661	0.728917	1.79609	0.100358
0.1705	1.0146	0.0088789	0.099969	0.728935	1.79611	0.100363
0.1715	1.01462	0.0088965	0.0999717	0.728953	1.79612	0.100367
0.1725	1.01464	0.00891417	0.0999741	0.728971	1.79613	0.100371
0.1735	1.01466	0.00893192	0.0999763	0.728989	1.79615	0.100375
0.1745	1.01468	0.00894974	0.0999784	0.729007	1.79616	0.100378
0.1755	1.01469	0.00896763	0.0999803	0.729026	1.79617	0.100382
0.1765	1.01471	0.00898559	0.099982	0.729044	1.79618	0.100385
0.1775	1.01473	0.00900361	0.0999836	0.729062	1.7962	0.100388
0.1785	1.01475	0.00902171	0.0999851	0.72908	1.79621	0.100391
0.1795	1.01477	0.00903986	0.0999864	0.729099	1.79622	0.100394
0.1805	1.01478	0.00905808	0.0999876	0.729117	1.79624	0.100397
0.1815	1.0148	0.00907636	0.0999887	0.729135	1.79625	0.1004
0.1825	1.01482	0.00909469	0.0999898	0.729153	1.79626	0.100403
0.1835	1.01484	0.00911309	0.0999907	0.729172	1.79627	0.100405
0.1845	1.01486	0.00913154	0.0999915	0.72919	1.79629	0.100408
0.1855	1.01488	0.00915005	0.0999923	0.729208	1.7963	0.10041
0.1865	1.01489	0.00916861	0.099993	0.729227	1.79631	0.100412
0.1875	1.01491	0.00918722	0.0999937	0.729245	1.79633	0.100415
0.1885	1.01493	0.00920589	0.0999943	0.729264	1.79634	0.100417
0.1895	1.01495	0.0092246	0.0999948	0.729282	1.79635	0.100419
0.1905	1.01497	0.00924336	0.0999953	0.7293	1.79636	0.100422
0.1915	1.01499	0.00926217	0.0999957	0.729319	1.79638	0.100424
0.1925	1.015	0.00928102	0.0999961	0.729337	1.79639	0.100426
0.1935	1.01502	0.00929992	0.0999965	0.729356	1.7964	0.100428
0.1945	1.01504	0.00931885	0.0999968	0.729374	1.79642	0.10043
0.1955	1.01506	0.00933783	0.0999971	0.729393	1.79643	0.100432
0.1965	1.01508	0.00935686	0.0999974	0.729411	1.79644	0.100434
0.1975	1.0151	0.00937592	0.0999977	0.72943	1.79646	0.100436
0.1985	1.01511	0.00939501	0.0999979	0.729448	1.79647	0.100438
0.1995	1.01513	0.00941415	0.0999981	0.729467	1.79648	0.10044
0.2005	1.01515	0.00943332	0.0999983	0.729485	1.79649	0.100442
0.2015	1.01517	0.00945252	0.0999985	0.729503	1.79651	0.100444
0.2025	1.01519	0.00947176	0.0999986	0.729522	1.79652	0.100446
0.2035	1.01521	0.00949103	0.0999987	0.72954	1.79653	0.100448
0.2045	1.01522	0.00951033	0.0999989	0.729559	1.79655	0.10045
0.2055	1.01524	0.00952966	0.099999	0.729577	1.79656	0.100452
0.2065	1.01526	0.00954903	0.0999991	0.729596	1.79657	0.100454
0.2075	1.01528	0.00956842	0.0999992	0.729614	1.79659	0.100456
0.2085	1.0153	0.00958784	0.0999992	0.729633	1.7966	0.100458
0.2095	1.01532	0.00960728	0.0999993	0.729651	1.79661	0.10046
0.2105	1.01533	0.00962675	0.0999994	0.72967	1.79662	0.100462
0.2115	1.01535	0.00964625	0.0999994	0.729688	1.79664	0.100464
0.2125	1.01537	0.00966577	0.0999995	0.729707	1.79665	0.100466
0.2135	1.01539	0.00968531	0.0999995	0.729725	1.79666	0.100467
0.2145	1.01541	0.00970488	0.0999996	0.729744	1.79668	0.100469
0.2155	1.01543	0.00972447	0.0999996	0.729762	1.79669	0.100471
0.2165	1.01544	0.00974408	0.0999997	0.72978	1.7967	0.100473
0.2175	1.01546	0.00976372	0.0999997	0.729799	1.79672	0.100475
0.2185	1.01548	0.00978337	0.0999997	0.729817	1.79673	0.100477
0.2195	1.0155	0.00980304	0.0999997	0.729836	1.79674	0.100479
0.2205	1.01552	0.00982273	0.0999998	0.729854	1.79675	0.100481
0.2215	1.01554	0.00984244	0.0999998	0.729873	1.79677	0.100483
0.2225	1.01555	0.00986217	0.0999998	0.729891	1.79678	0.100485
0.2235	1.01557	0.00988191	0.0999998	0.729909	1.79679	0.100487
0.2245	1.01559	0.00990167	0.0999998	0.729928	1.79681	0.100489
0.2255	1.01561	0.00992145	0.0999998	0.729946	1.79682	0.100491
0.2265	1.01563	0.00994124	0.0999999	0.729965	1.79683	0.100493
0.2275	1.01565	0.00996105	0.0999999	0.729983	1.79684	0.100495
0.2285	1.01566	0.00998088	0.0999999	0.730001	1.79686	0.100497
0.2295	1.01568	0.0100007	0.0999999	0.73002	1.79687	0.100499
0.2305	1.0157	0.0100206	0.0999999	0.730038	1.79688	0.100501
0.2315	1.01572	0.0100404	0.0999999	0.730056	1.7969	0.100503
0.2325	1.01574	0.0100603	0.0999999	0.730075	1.79691	0.100505
0.2335	1.01575	0.0100802	0.0999999	0.730093	1.79692	0.100507
0.2345	1.01577	0.0101001	0.0999999	0.730111	1.79693	0.100509
0.2355	1.01579	0.01012	0.0999999	0.730129	1.79695	0.100511
0.2365	1.01581	0.01014	0.0999999	0.730148	1.79696	0.100513
0.2375	1.01583	0.0101599	0.0999999	0.730166	1.79697	0.100515
0.2385	1.01585	0.0101798	0.0999999	0.730184	1.79699	0.100517
0.2395	1.01586	0.0101998	0.0999999	0.730203	1.797	0.100519
0.2405	1.01588	0.0102198	0.0999999	0.730221	1.79701	0.100521
0.2415	1.0159	0.0102398	0.0999999	0.730239	1.79702	0.100523
0.2425	1.01592	0.0102597	0.0999999	0.730257	1.79704	0.100525
0.2435	1.01594	0.0102797	0.0999999	0.730275	1.79705	0.100527
0.2445	1.01595	0.0102998	0.0999999	0.730294	1.79706	0.100529
0.2455	1.01597	0.0103198	0.0999999	0.730312	1.79708	0.100531
0.2465	1.01599	0.0103398	0.0999999	0.73033	1.79709	0.100533
0.2475	1.01601	0.0103598	0.0999999	0.730348	1.7971	0.100535
0.2485	1.01603	0.0103799	0.0999999	0.730366	1.79711	0.100537
0.2495	1.01604	0.0103999	0.0999999	0.730384	1.79713	0.100539
0.2505	1.01606	0.01042	0.0999999	0.730403	1.79714	0.100541
0.2515	1.01608	0.01044	0.0999999	0.730421	1.79715	0.100543
0.2525	1.0161	0.0104601	0.0999999	0.730439	1.79717	0.100546
0.2535	1.01612	0.0104802	0.0999999	0.730457	1.79718	0.100548
0.2545	1.01613	0.0105003	0.0999999	0.730475	1.79719	0.10055
0.2555	1.01615	0.0105204	0.0999999	0.730493	1.7972	0.100552
0.2565	1.01617	0.0105405	0.0999999	0.730511	1.79722	0.100554
0.2575	1.01619	0.0105606	0.0999999	0.730529	1.79723	0.100556
0.2585	1.01621	0.0105807	0.0999999	0.730547	1.79724	0.100558
0.2595	1.01622	0.0106008	0.0999999	0.730565	1.79725	0.10056
0.2605	1.01624	0.0106209	0.0999999	0.730583	1.79727	0.100562
0.2615	1.01626	0.0106411	0.0999999	0.730601	1.79728	0.100564
0.2625	1.01628	0.0106612	0.0999999	0.730619	1.79729	0.100567
0.2635	1.0163	0.0106813	0.0999999	0.730637	1.7973	0.100569
0.2645	1.01631	0.0107015	0.0999999	0.730655	1.79732	0.100571
0.2655	1.01633	0.0107216	0.0999999	0.730673	1.79733	0.100573
0.2665	1.01635	0.0107418	0.0999999	0.730691	1.79734	0.100575
0.2675	1.01637	0.0107619	0.0999999	0.730709	1.79736	0.100577
0.2685	1.01638	0.0107821	0.0999999	0.730727	1.79737	0.10058
0.2695	1.0164	0.0108023	0.0999999	0.730745	1.79738	0.100582
0.2705	1.01642	0.0108224	0.0999999	0.730763	1.79739	0.100584
0.2715	1.01644	0.0108426	0.0999999	0.730781	1.79741	0.100586
0.2725	1.01646	0.0108628	0.0999999	0.730799	1.79742	0.100588
0.2735	1.01647	0.010883	0.0999999	0.730816	1.79743	0.10059
0.2745	1.01649	0.0109031	0.0999999	0.730834	1.79744	0.100593
0.2755	1.01651	0.0109233	0.0999999	0.730852	1.79746	0.100595
0.2765	1.01653	0.0109435	0.0999999	0.73087	1.79747	0.100597
0.2775	1.01654	0.0109637	0.0999999	0.730888	1.79748	0.100599
0.2785	1.01656	0.0109839	0.0999999	0.730906	1.79749	0.100601
0.2795	1.01658	0.0110041	0.0999999	0.730923	1.79751	0.100604
0.2805	1.0166	0.0110243	0.0999999	0.730941	1.79752	0.100606
0.2815	1.01662	0.0110445	0.0999999	0.730959	1.79753	0.100608
0.2825	1.01663	0.0110647	0.0999999	0.730977	1.79754	0.10061
0.2835	1.01665	0.0110849	0.0999999	0.730995	1.79756	0.100612
0.2845	1.01667	0.0111051	0.0999999	0.731012	1.79757	0.100615
0.2855	1.01669	0.0111253	0.0999999	0.73103	1.79758	0.100617
0.2865	1.0167	0.0111456	0.0999999	0.731048	1.79759	0.100619
0.2875	1.01672	0.0111658	0.0999999	0.731065	1.79761	0.100621
0.2885	1.01674	0.011186	0.0999999	0.731083	1.79762	0.100624
0.2895	1.01676	0.0112062	0.0999999	0.731101	1.79763	0.100626
0.2905	1.01677	0.0112264	0.0999999	0.731119	1.79764	0.100628
0.2915	1.01679	0.0112466	0.0999999	0.731136	1.79766	0.10063
0.2925	1.01681	0.0112669	0.0999999	0.731154	1.79767	0.100633
0.2935	1.01683	0.0112871	0.0999999	0.731171	1.79768	0.100635
0.2945	1.01684	0.0113073	0.0999999	0.731189	1.79769	0.100637
0.2955	1.01686	0.0113275	0.0999999	0.731207	1.7977	0.100639
0.2965	1.01688	0.0113478	0.0999999	0.731224	1.79772	0.100642
0.2975	1.0169	0.011368	0.0999999	0.731242	1.79773	0.100644
0.2985	1.01691	0.0113882	0.0999999	0.731259	1.79774	0.100646
0.2995	1.01693	0.0114085	0.0999999	0.731277	1.79775	0.100649
0.3005	1.01695	0.0114287	0.0999999	0.731295	1.79777	0.100651
0.3015	1.01697	0.0114489	0.0999999	0.731312	1.79778	0.100653
0.3025	1.01698	0.0114692	0.0999999	0.73133	1.79779	0.100655
0.3035	1.017	0.0114894	0.0999999	0.731347	1.7978	0.100658
0.3045	1.01702	0.0115096	0.0999999	0.731365	1.79782	0.10066
0.3055	1.01704	0.0115298	0.0999999	0.731382	1.79783	0.100662
0.3065	1.01705	0.0115501	0.0999999	0.7314	1.79784	0.100665
0.3075	1.01707	0.0115703	0.0999999	0.731417	1.79785	0.100667
0.3085	1.01709	0.0115905	0.0999999	0.731435	1.79786	0.100669
0.3095	1.01711	0.0116108	0.0999999	0.731452	1.79788	0.100672
0.3105	1.01712	0.011631	0.0999999	0.731469	1.79789	0.100674
0.3115	1.01714	0.0116512	0.0999999	0.731487	1.7979	0.100676
0.3125	1.01716	0.0116715	0.0999999	0.731504	1.79791	0.100679
0.3135	1.01717	0.0116917	0.0999999	0.731522	1.79793	0.100681
0.3145	1.01719	0.0117119	0.0999999	0.731539	1.79794	0.100683
0.3155	1.01721	0.0117321	0.0999999	0.731556	1.79795	0.100686
0.3165	1.01723	0.0117524	0.0999999	0.731574	1.79796	0.100688
0.3175	1.01724	0.0117726	0.0999999	0.731591	1.79797	0.100691
0.3185	1.01726	0.0117928	0.0999999	0.731609	1.79799	0.100693
0.3195	1.01728	0.011813	0.0999999	0.731626	1.798	0.100695
0.3205	1.0173	0.0118332	0.0999999	0.731643	1.79801	0.100698
0.3215	1.01731	0.0118535	0.0999999	0.73166	1.79802	0.1007
0.3225	1.01733	0.0118737	0.0999999	0.731678	1.79804	0.100702
0.3235	1.01735	0.0118939	0.0999999	0.731695	1.79805	0.100705
0.3245	1.01736	0.0119141	0.0999999	0.731712	1.79806	0.100707
0.3255	1.01738	0.0119343	0.0999999	0.73173	1.79807	0.10071
0.3265	1.0174	0.0119545	0.0999999	0.731747	1.79808	0.100712
0.3275	1.01742	0.0119747	0.0999999	0.731764	1.7981	0.100714
0.3285	1.01743	0.0119949	0.0999999	0.731781	1.79811	0.100717
0.3295	1.01745	0.0120151	0.0999999	0.731798	1.79812	0.100719
0.3305	1.01747	0.0120353	0.0999999	0.731816	1.79813	0.100722
0.3315	1.01748	0.0120555	0.0999999	0.731833	1.79814	0.100724
0.3325	1.0175	0.0120757	0.0999999	0.73185	1.79816	0.100726
0.3335	1.01752	0.0120959	0.0999999	0.731867	1.79817	0.100729
0.3345	1.01753	0.0121161	0.0999999	0.731884	1.79818	0.100731
0.3355	1.01755	0.0121363	0.0999999	0.731901	1.79819	0.100734
0.3365	1.01757	0.0121565	0.0999999	0.731918	1.7982	0.100736
0.3375	1.01759	0.0121767	0.0999999	0.731936	1.79822	0.100739
0.3385	1.0176	0.0121969	0.0999999	0.731953	1.79823	0.100741
0.3395	1.01762	0.012217	0.0999999	0.73197	1.79824	0.100743
0.3405	1.01764	0.0122372	0.0999999	0.731987	1.79825	0.100746
0.3415	1.01765	0.0122574	0.0999999	0.732004	1.79826	0.100748
0.3425	1.01767	0.0122775	0.0999999	0.732021	1.79828	0.100751
0.3435	1.01769	0.0122977	0.0999999	0.732038	1.79829	0.100753
0.3445	1.0177	0.0123179	0.0999999	0.732055	1.7983	0.100756
0.3455	1.01772	0.012338	0.0999999	0.732072	1.79831	0.100758
0.3465	1.01774	0.0123582	0.0999999	0.732089	1.79832	0.100761
0.3475	1.01775	0.0123783	0.0999999	0.732106	1.79834	0.100763
0.3485	1.01777	0.0123985	0.0999999	0.732123	1.79835	0.100766
0.3495	1.01779	0.0124186	0.0999999	0.73214	1.79836	0.100768
0.3505	1.01781	0.0124387	0.0999999	0.732157	1.79837	0.100771
0.3515	1.01782	0.0124589	0.0999999	0.732174	1.79838	0.100773
0.3525	1.01784	0.012479	0.0999999	0.732191	1.7984	0.100776
0.3535	1.01786	0.0124991	0.0999999	0.732207	1.79841	0.100778
0.3545	1.01787	0.0125193	0.0999999	0.732224	1.79842	0.100781
0.3555	1.01789	0.0125394	0.0999999	0.732241	1.79843	0.100783
0.3565	1.01791	0.0125595	0.0999999	0.732258	1.79844	0.100786
0.3575	1.01792	0.0125796	0.0999999	0.732275	1.79845	0.100788
0.3585	1.01794	0.0125997	0.0999999	0.732292	1.79847	0.100791
0.3595	1.01796	0.0126198	0.0999999	0.732309	1.79848	0.100793
0.3605	1.01797	0.0126399	0.0999999	0.732325	1.79849	0.100796
0.3615	1.01799	0.01266	0.0999999	0.732342	1.7985	0.100798
0.3625	1.01801	0.0126801	0.0999999	0.732359	1.79851	0.100801
0.3635	1.01802	0.0127001	0.0999999	0.732376	1.79853	0.100803
0.3645	1.01804	0.0127202	0.0999999	0.732392	1.79854	0.100806
0.3655	1.01806	0.0127403	0.0999999	0.732409	1.79855	0.100808
0.3665	1.01807	0.0127604	0.0999999	0.732426	1.79856	0.100811
0.3675	1.01809	0.0127804	0.0999999	0.732443	1.79857	0.100813
0.3685	1.01811	0.0128005	0.0999999	0.732459	1.79858	0.100816
0.3695	1.01812	0.0128205	0.0999999	0.732476	1.7986	0.100818
0.3705	1.01814	0.0128406	0.0999999	0.732493	1.79861	0.100821
0.3715	1.01816	0.0128606	0.0999999	0.732509	1.79862	0.100824
0.3725	1.01817	0.0128806	0.0999999	0.732526	1.79863	0.100826
0.3735	1.01819	0.0129007	0.0999999	0.732543	1.79864	0.100829
0.3745	1.0182	0.0129207	0.0999999	0.732559	1.79865	0.100831
0.3755	1.01822	0.0129407	0.0999999	0.732576	1.79867	0.100834
0.3765	1.01824	0.0129607	0.0999999	0.732592	1.79868	0.100836
0.3775	1.01825	0.0129807	0.0999999	0.732609	1.79869	0.100839
0.3785	1.01827	0.0130007	0.0999999	0.732626	1.7987	0.100841
0.3795	1.01829	0.0130207	0.0999999	0.732642	1.79871	0.100844
0.3805	1.0183	0.0130407	0.0999999	0.732659	1.79872	0.100847
0.3815	1.01832	0.0130607	0.0999999	0.732675	1.79874	0.100849
0.3825	1.01834	0.0130806	0.0999999	0.732692	1.79875	0.100852
0.3835	1.01835	0.0131006	0.0999999	0.732708	1.79876	0.100854
0.3845	1.01837	0.0131206	0.0999999	0.732725	1.79877	0.100857
0.3855	1.01839	0.0131405	0.0999999	0.732741	1.79878	0.10086
0.3865	1.0184	0.0131605	0.0999999	0.732758	1.79879	0.100862
0.3875	1.01842	0.0131804	0.0999999	0.732774	1.7988	0.100865
0.3885	1.01843	0.0132003	0.0999999	0.73279	1.79882	0.100867
0.3895	1.01845	0.0132203	0.0999999	0.732807	1.79883	0.10087
0.3905	1.01847	0.0132402	0.0999999	0.732823	1.79884	0.100873
0.3915	1.01848	0.0132601	0.0999999	0.73284	1.79885	0.100875
0.3925	1.0185	0.01328	0.0999999	0.732856	1.79886	0.100878
0.3935	1.01852	0.0132999	0.0999999	0.732872	1.79887	0.10088
0.3945	1.01853	0.0133198	0.0999999	0.732889	1.79889	0.100883
0.3955	1.01855	0.0133397	0.0999999	0.732905	1.7989	0.100886
0.3965	1.01856	0.0133596	0.0999999	0.732921	1.79891	0.100888
0.3975	1.01858	0.0133794	0.0999999	0.732938	1.79892	0.100891
0.3985	1.0186	0.0133993	0.0999999	0.732954	1.79893	0.100894
0.3995	1.01861	0.0134192	0.0999999	0.73297	1.79894	0.100896
0.4005	1.01863	0.013439	0.0999999	0.732986	1.79895	0.100899
0.4015	1.01865	0.0134589	0.0999999	0.733003	1.79896	0.100902
0.4025	1.01866	0.0134787	0.0999999	0.733019	1.79898	0.100904
0.4035	1.01868	0.0134985	0.0999998	0.733035	1.79899	0.100907
0.4045	1.01869	0.0135183	0.0999998	0.733051	1.799	0.100909
0.4055	1.01871	0.0135381	0.0999998	0.733068	1.79901	0.100912
0.4065	1.01873	0.013558	0.0999998	0.733084	1.79902	0.100915
0.4075	1.01874	0.0135777	0.0999998	0.7331	1.79903	0.100917
0.4085	1.01876	0.0135975	0.0999998	0.733116	1.79904	0.10092
0.4095	1.01877	0.0136173	0.0999997	0.733132	1.79906	0.100923
0.4105	1.01879	0.0136371	0.0999997	0.733148	1.79907	0.100925
0.4115	1.01881	0.0136568	0.0999997	0.733164	1.79908	0.100928
0.4125	1.01882	0.0136766	0.0999996	0.73318	1.79909	0.100931
0.4135	1.01884	0.0136963	0.0999996	0.733196	1.7991	0.100933
0.4145	1.01885	0.0137161	0.0999995	0.733212	1.79911	0.100936
0.4155	1.01887	0.0137358	0.0999995	0.733228	1.79912	0.100938
0.4165	1.01889	0.0137555	0.0999994	0.733244	1.79913	0.100941
0.4175	1.0189	0.0137752	0.0999993	0.73326	1.79915	0.100944
0.4185	1.01892	0.0137949	0.0999993	0.733276	1.79916	0.100946
0.4195	1.01893	0.0138146	0.0999992	0.733292	1.79917	0.100949
0.4205	1.01895	0.0138343	0.0999991	0.733308	1.79918	0.100951
0.4215	1.01896	0.013854	0.099999	0.733324	1.79919	0.100954
0.4225	1.01898	0.0138736	0.0999988	0.73334	1.7992	0.100957
0.4235	1.019	0.0138933	0.0999987	0.733356	1.79921	0.100959
0.4245	1.01901	0.013913	0.0999985	0.733372	1.79922	0.100962
0.4255	1.01903	0.0139326	0.0999984	0.733388	1.79924	0.100964
0.4265	1.01904	0.0139522	0.0999982	0.733404	1.79925	0.100967
0.4275	1.01906	0.0139718	0.0999979	0.73342	1.79926	0.100969
0.4285	1.01907	0.0139914	0.0999977	0.733435	1.79927	0.100972
0.4295	1.01909	0.0140111	0.0999974	0.733451	1.79928	0.100974
0.4305	1.01911	0.0140306	0.0999971	0.733467	1.79929	0.100977
0.4315	1.01912	0.0140502	0.0999968	0.733483	1.7993	0.100979
0.4325	1.01914	0.0140698	0.0999964	0.733499	1.79931	0.100981
0.4335	1.01915	0.0140894	0.099996	0.733514	1.79932	0.100984
0.4345	1.01917	0.0141089	0.0999955	0.73353	1.79933	0.100986
0.4355	1.01918	0.0141285	0.099995	0.733546	1.79935	0.100988
0.4365	1.0192	0.014148	0.0999945	0.733561	1.79936	0.10099
0.4375	1.01922	0.0141675	0.0999939	0.733577	1.79937	0.100993
0.4385	1.01923	0.014187	0.0999932	0.733593	1.79938	0.100995
0.4395	1.01925	0.0142065	0.0999924	0.733608	1.79939	0.100997
0.4405	1.01926	0.014226	0.0999916	0.733624	1.7994	0.100999
0.4415	1.01928	0.0142455	0.0999907	0.73364	1.79941	0.101
0.4425	1.01929	0.014265	0.0999898	0.733655	1.79942	0.101002
0.4435	1.01931	0.0142844	0.0999887	0.733671	1.79943	0.101004
0.4445	1.01932	0.0143039	0.0999875	0.733686	1.79944	0.101005
0.4455	1.01934	0.0143233	0.0999863	0.733702	1.79946	0.101007
0.4465	1.01935	0.0143428	0.0999849	0.733717	1.79947	0.101008
0.4475	1.01937	0.0143622	0.0999834	0.733733	1.79948	0.10101
0.4485	1.01938	0.0143816	0.0999818	0.733748	1.79949	0.101011
0.4495	1.0194	0.014401	0.09998	0.733764	1.7995	0.101012
0.4505	1.01942	0.0144204	0.0999781	0.733779	1.79951	0.101013
0.4515	1.01943	0.0144398	0.0999761	0.733794	1.79952	0.101013
0.4525	1.01945	0.0144592	0.0999738	0.73381	1.79953	0.101014
0.4535	1.01946	0.0144785	0.0999714	0.733825	1.79954	0.101014
0.4545	1.01948	0.0144979	0.0999688	0.73384	1.79955	0.101015
0.4555	1.01949	0.0145172	0.099966	0.733856	1.79956	0.101015
0.4565	1.01951	0.0145365	0.0999629	0.733871	1.79957	0.101014
0.4575	1.01952	0.0145559	0.0999596	0.733886	1.79959	0.101014
0.4585	1.01954	0.0145752	0.0999561	0.733901	1.7996	0.101013
0.4595	1.01955	0.0145945	0.0999523	0.733917	1.79961	0.101012
0.4605	1.01957	0.0146137	0.0999483	0.733932	1.79962	0.101011
0.4615	1.01958	0.014633	0.0999439	0.733947	1.79963	0.101009
0.4625	1.0196	0.0146523	0.0999393	0.733962	1.79964	0.101008
0.4635	1.01961	0.0146716	0.0999343	0.733977	1.79965	0.101006
0.4645	1.01963	0.0146908	0.0999289	0.733992	1.79966	0.101003
0.4655	1.01964	0.01471	0.0999233	0.734007	1.79967	0.101
0.4665	1.01965	0.0147293	0.0999173	0.734022	1.79968	0.100997
0.4675	1.01967	0.0147485	0.0999109	0.734037	1.7997	0.100994
0.4685	1.01968	0.0147677	0.0999041	0.734052	1.79971	0.10099
0.4695	1.0197	0.0147869	0.0998969	0.734067	1.79972	0.100985
0.4705	1.01971	0.0148061	0.0998893	0.734082	1.79973	0.100981
0.4715	1.01973	0.0148253	0.0998814	0.734097	1.79974	0.100976
0.4725	1.01974	0.0148445	0.0998731	0.734112	1.79975	0.10097
0.4735	1.01975	0.0148636	0.0998644	0.734127	1.79976	0.100964
0.4745	1.01977	0.0148828	0.0998553	0.734141	1.79978	0.100958
0.4755	1.01978	0.0149019	0.0998459	0.734156	1.79979	0.100952
0.4765	1.01979	0.0149211	0.0998363	0.734171	1.7998	0.100945
0.4775	1.01981	0.0149402	0.0998265	0.734186	1.79981	0.100938
0.4785	1.01982	0.0149593	0.0998168	0.734201	1.79983	0.100931
0.4795	1.01984	0.0149784	0.0998071	0.734216	1.79984	0.100925
0.4805	1.01985	0.0149975	0.0997975	0.734231	1.79985	0.100918
0.4815	1.01986	0.0150166	0.099788	0.734246	1.79987	0.100912
0.4825	1.01988	0.0150356	0.0997786	0.734261	1.79988	0.100905
0.4835	1.01989	0.0150547	0.0997694	0.734277	1.79989	0.100899
0.4845	1.01991	0.0150737	0.0997603	0.734292	1.7999	0.100893
0.4855	1.01992	0.0150927	0.0997514	0.734307	1.79991	0.100887
0.4865	1.01994	0.0151117	0.0997425	0.734323	1.79992	0.100881
0.4875	1.01995	0.0151306	0.0997336	0.734338	1.79994	0.100875
0.4885	1.01997	0.0151495	0.0997244	0.734354	1.79995	0.100869
0.4895	1.01998	0.0151685	0.0997146	0.734369	1.79996	0.100862
0.4905	1.01999	0.0151874	0.099705	0.734385	1.79998	0.100855
0.4915	1.02001	0.0152062	0.0996971	0.734401	1.79999	0.10085
0.4925	1.02002	0.0152253	0.0996916	0.734418	1.80001	0.100848
0.4935	1.02004	0.0152449	0.0996874	0.734435	1.80002	0.100846
0.4945	1.02005	0.015265	0.0996839	0.734451	1.80003	0.100846
0.4955	1.02006	0.0152833	0.0996825	0.734458	1.80003	0.100847
0.4965	1.02005	0.0152916	0.0996849	0.734445	1.80002	0.100851
0.4975	1.01993	0.0152735	0.0996974	0.734321	1.79993	0.100861
0.4985	1.01921	0.0151056	0.0997393	0.733605	1.79944	0.100877
0.4995	1.01363	0.0122519	0.0998666	0.727991	1.79551	0.100615
