x	rho	u	v	p	e	uMax
-0.4995	1.01184	-0.0126213	-0.0999529	0.726189	1.79423	0.100747
-0.4985	1.01751	-0.0149578	-0.0998534	0.731905	1.79827	0.100968
-0.4975	1.01978	-0.0151324	-0.0997762	0.734187	1.79987	0.100917
-0.4965	1.02092	-0.0152153	-0.0997345	0.735335	1.80067	0.100888
-0.4955	1.0215	-0.0152598	-0.099715	0.735914	1.80107	0.100876
-0.4945	1.0218	-0.0152854	-0.0997045	0.736213	1.80127	0.100869
-0.4935	1.02196	-0.0153027	-0.0996967	0.736372	1.80138	0.100864
-0.4925	1.02205	-0.015316	-0.0996927	0.736457	1.80143	0.100862
-0.4915	1.0221	-0.0153272	-0.0996929	0.736505	1.80145	0.100864
-0.4905	1.02213	-0.0153374	-0.0996958	0.736533	1.80147	0.100869
-0.4895	1.02215	-0.0153469	-0.0996997	0.736551	1.80148	0.100874
-0.4885	1.02216	-0.0153561	-0.0997037	0.736563	1.80148	0.100879
-0.4875	1.02217	-0.0153652	-0.0997078	0.736573	1.80149	0.100885
-0.4865	1.02218	-0.0153741	-0.0997118	0.736582	1.80149	0.10089
-0.4855	1.02219	-0.0153831	-0.0997157	0.73659	1.80149	0.100895
-0.4845	1.0222	-0.0153919	-0.0997194	0.736597	1.8015	0.1009
-0.4835	1.02221	-0.0154008	-0.0997229	0.736604	1.8015	0.100905
-0.4825	1.02222	-0.0154096	-0.0997262	0.736611	1.8015	0.10091
-0.4815	1.02222	-0.0154184	-0.0997294	0.736618	1.80151	0.100914
-0.4805	1.02223	-0.0154272	-0.0997323	0.736625	1.80151	0.100918
-0.4795	1.02224	-0.015436	-0.0997351	0.736632	1.80152	0.100923
-0.4785	1.02225	-0.0154448	-0.0997377	0.736638	1.80152	0.100926
-0.4775	1.02225	-0.0154535	-0.0997402	0.736645	1.80152	0.10093
-0.4765	1.02226	-0.0154623	-0.0997425	0.736651	1.80153	0.100934
-0.4755	1.02227	-0.015471	-0.0997446	0.736657	1.80153	0.100937
-0.4745	1.02227	-0.0154797	-0.0997466	0.736663	1.80154	0.100941
-0.4735	1.02228	-0.0154884	-0.0997485	0.736669	1.80154	0.100944
-0.4725	1.02228	-0.0154971	-0.0997502	0.736675	1.80154	0.100947
-0.4715	1.02229	-0.0155058	-0.0997518	0.736681	1.80155	0.10095
-0.4705	1.0223	-0.0155144	-0.0997533	0.736687	1.80155	0.100953
-0.4695	1.0223	-0.0155231	-0.0997547	0.736693	1.80156	0.100955
-0.4685	1.02231	-0.0155317	-0.099756	0.736698	1.80156	0.100958
-0.4675	1.02231	-0.0155403	-0.0997572	0.736704	1.80156	0.10096
-0.4665	1.02232	-0.0155489	-0.0997583	0.73671	1.80157	0.100963
-0.4655	1.02232	-0.0155575	-0.0997593	0.736715	1.80157	0.100965
-0.4645	1.02233	-0.015566	-0.0997601	0.736721	1.80157	0.100967
-0.4635	1.02233	-0.0155746	-0.0997609	0.736726	1.80158	0.100969
-0.4625	1.02234	-0.0155831	-0.0997616	0.736731	1.80158	0.100971
-0.4615	1.02235	-0.0155916	-0.0997623	0.736737	1.80158	0.100973
-0.4605	1.02235	-0.0156002	-0.0997628	0.736742	1.80159	0.100975
-0.4595	1.02236	-0.0156086	-0.0997632	0.736747	1.80159	0.100977
-0.4585	1.02236	-0.0156171	-0.0997635	0.736752	1.8016	0.100979
-0.4575	1.02237	-0.0156256	-0.0997638	0.736758	1.8016	0.10098
-0.4565	1.02237	-0.015634	-0.0997639	0.736763	1.8016	0.100982
-0.4555	1.02238	-0.0156425	-0.099764	0.736768	1.80161	0.100983
-0.4545	1.02238	-0.0156509	-0.099764	0.736773	1.80161	0.100984
-0.4535	1.02239	-0.0156593	-0.0997638	0.736778	1.80161	0.100985
-0.4525	1.02239	-0.0156677	-0.0997636	0.736783	1.80162	0.100986
-0.4515	1.0224	-0.0156761	-0.0997633	0.736788	1.80162	0.100987
-0.4505	1.0224	-0.0156845	-0.0997628	0.736793	1.80162	0.100988
-0.4495	1.02241	-0.0156928	-0.0997623	0.736798	1.80163	0.100989
-0.4485	1.02241	-0.0157012	-0.0997617	0.736803	1.80163	0.10099
-0.4475	1.02242	-0.0157095	-0.099761	0.736808	1.80163	0.10099
-0.4465	1.02242	-0.0157178	-0.0997601	0.736813	1.80164	0.100991
-0.4455	1.02243	-0.0157261	-0.0997592	0.736818	1.80164	0.100991
-0.4445	1.02243	-0.0157344	-0.0997581	0.736822	1.80164	0.100991
-0.4435	1.02244	-0.0157427	-0.099757	0.736827	1.80165	0.100992
-0.4425	1.02244	-0.015751	-0.0997557	0.736832	1.80165	0.100992
-0.4415	1.02245	-0.0157593	-0.0997543	0.736837	1.80165	0.100991
-0.4405	1.02245	-0.0157675	-0.0997528	0.736841	1.80166	0.100991
-0.4395	1.02245	-0.0157757	-0.0997512	0.736846	1.80166	0.100991
-0.4385	1.02246	-0.015784	-0.0997494	0.736851	1.80166	0.100991
-0.4375	1.02246	-0.0157922	-0.0997476	0.736855	1.80167	0.10099
-0.4365	1.02247	-0.0158004	-0.0997456	0.73686	1.80167	0.100989
-0.4355	1.02247	-0.0158086	-0.0997434	0.736864	1.80167	0.100988
-0.4345	1.02248	-0.0158167	-0.0997412	0.736869	1.80168	0.100988
-0.4335	1.02248	-0.0158249	-0.0997388	0.736873	1.80168	0.100986
-0.4325	1.02249	-0.0158331	-0.0997363	0.736878	1.80168	0.100985
-0.4315	1.02249	-0.0158412	-0.0997337	0.736882	1.80168	0.100984
-0.4305	1.02249	-0.0158494	-0.0997309	0.736887	1.80169	0.100982
-0.4295	1.0225	-0.0158575	-0.099728	0.736891	1.80169	0.100981
-0.4285	1.0225	-0.0158656	-0.0997249	0.736895	1.80169	0.100979
-0.4275	1.02251	-0.0158737	-0.0997217	0.7369	1.8017	0.100977
-0.4265	1.02251	-0.0158818	-0.0997184	0.736904	1.8017	0.100975
-0.4255	1.02252	-0.0158899	-0.0997149	0.736908	1.8017	0.100973
-0.4245	1.02252	-0.015898	-0.0997112	0.736912	1.80171	0.100971
-0.4235	1.02252	-0.015906	-0.0997074	0.736917	1.80171	0.100968
-0.4225	1.02253	-0.0159141	-0.0997034	0.736921	1.80171	0.100966
-0.4215	1.02253	-0.0159221	-0.0996993	0.736925	1.80171	0.100963
-0.4205	1.02254	-0.0159302	-0.099695	0.736929	1.80172	0.10096
-0.4195	1.02254	-0.0159382	-0.0996906	0.736933	1.80172	0.100957
-0.4185	1.02255	-0.0159462	-0.099686	0.736937	1.80172	0.100953
-0.4175	1.02255	-0.0159542	-0.0996812	0.736941	1.80173	0.10095
-0.4165	1.02255	-0.0159622	-0.0996763	0.736945	1.80173	0.100946
-0.4155	1.02256	-0.0159702	-0.0996711	0.736949	1.80173	0.100942
-0.4145	1.02256	-0.0159782	-0.0996658	0.736953	1.80173	0.100938
-0.4135	1.02257	-0.0159862	-0.0996603	0.736957	1.80174	0.100934
-0.4125	1.02257	-0.0159942	-0.0996546	0.736961	1.80174	0.10093
-0.4115	1.02257	-0.0160021	-0.0996488	0.736965	1.80174	0.100925
-0.4105	1.02258	-0.0160101	-0.0996427	0.736969	1.80174	0.100921
-0.4095	1.02258	-0.016018	-0.0996365	0.736973	1.80175	0.100916
-0.4085	1.02258	-0.016026	-0.09963	0.736976	1.80175	0.100911
-0.4075	1.02259	-0.0160339	-0.0996234	0.73698	1.80175	0.100905
-0.4065	1.02259	-0.0160418	-0.0996165	0.736984	1.80175	0.1009
-0.4055	1.0226	-0.0160498	-0.0996095	0.736988	1.80176	0.100894
-0.4045	1.0226	-0.0160577	-0.0996022	0.736991	1.80176	0.100888
-0.4035	1.0226	-0.0160656	-0.0995947	0.736995	1.80176	0.100882
-0.4025	1.02261	-0.0160735	-0.099587	0.736999	1.80177	0.100876
-0.4015	1.02261	-0.0160814	-0.0995791	0.737002	1.80177	0.100869
-0.4005	1.02261	-0.0160892	-0.099571	0.737006	1.80177	0.100862
-0.3995	1.02262	-0.0160971	-0.0995626	0.737009	1.80177	0.100855
-0.3985	1.02262	-0.016105	-0.099554	0.737013	1.80178	0.100848
-0.3975	1.02262	-0.0161129	-0.0995452	0.737016	1.80178	0.100841
-0.3965	1.02263	-0.0161207	-0.0995361	0.73702	1.80178	0.100833
-0.3955	1.02263	-0.0161286	-0.0995267	0.737023	1.80178	0.100825
-0.3945	1.02263	-0.0161364	-0.0995172	0.737027	1.80178	0.100817
-0.3935	1.02264	-0.0161443	-0.0995073	0.73703	1.80179	0.100808
-0.3925	1.02264	-0.0161521	-0.0994972	0.737034	1.80179	0.1008
-0.3915	1.02264	-0.0161599	-0.0994869	0.737037	1.80179	0.100791
-0.3905	1.02265	-0.0161678	-0.0994763	0.73704	1.80179	0.100782
-0.3895	1.02265	-0.0161756	-0.0994654	0.737043	1.8018	0.100772
-0.3885	1.02265	-0.0161834	-0.0994542	0.737047	1.8018	0.100762
-0.3875	1.02266	-0.0161912	-0.0994428	0.73705	1.8018	0.100752
-0.3865	1.02266	-0.016199	-0.0994311	0.737053	1.8018	0.100742
-0.3855	1.02266	-0.0162068	-0.099419	0.737056	1.80181	0.100731
-0.3845	1.02267	-0.0162146	-0.0994067	0.737059	1.80181	0.10072
-0.3835	1.02267	-0.0162224	-0.0993941	0.737063	1.80181	0.100709
-0.3825	1.02267	-0.0162302	-0.0993812	0.737066	1.80181	0.100698
-0.3815	1.02268	-0.016238	-0.099368	0.737069	1.80182	0.100686
-0.3805	1.02268	-0.0162457	-0.0993545	0.737072	1.80182	0.100674
-0.3795	1.02268	-0.0162535	-0.0993407	0.737075	1.80182	0.100662
-0.3785	1.02268	-0.0162613	-0.0993265	0.737078	1.80182	0.100649
-0.3775	1.02269	-0.016269	-0.099312	0.737081	1.80182	0.100636
-0.3765	1.02269	-0.0162768	-0.0992972	0.737084	1.80183	0.100622
-0.3755	1.02269	-0.0162846	-0.099282	0.737087	1.80183	0.100609
-0.3745	1.0227	-0.0162923	-0.0992665	0.73709	1.80183	0.100595
-0.3735	1.0227	-0.0163001	-0.0992506	0.737092	1.80183	0.10058
-0.3725	1.0227	-0.0163078	-0.0992344	0.737095	1.80184	0.100565
-0.3715	1.0227	-0.0163156	-0.0992178	0.737098	1.80184	0.10055
-0.3705	1.02271	-0.0163233	-0.0992009	0.737101	1.80184	0.100535
-0.3695	1.02271	-0.0163311	-0.0991836	0.737104	1.80184	0.100519
-0.3685	1.02271	-0.0163388	-0.0991659	0.737106	1.80184	0.100503
-0.3675	1.02271	-0.0163465	-0.0991478	0.737109	1.80185	0.100486
-0.3665	1.02272	-0.0163543	-0.0991293	0.737112	1.80185	0.100469
-0.3655	1.02272	-0.016362	-0.0991105	0.737114	1.80185	0.100452
-0.3645	1.02272	-0.0163697	-0.0990912	0.737117	1.80185	0.100434
-0.3635	1.02272	-0.0163774	-0.0990715	0.73712	1.80186	0.100416
-0.3625	1.02273	-0.0163851	-0.0990514	0.737122	1.80186	0.100397
-0.3615	1.02273	-0.0163929	-0.0990309	0.737125	1.80186	0.100379
-0.3605	1.02273	-0.0164006	-0.09901	0.737127	1.80186	0.100359
-0.3595	1.02273	-0.0164083	-0.0989886	0.73713	1.80186	0.100339
-0.3585	1.02273	-0.016416	-0.0989667	0.737132	1.80187	0.100319
-0.3575	1.02274	-0.0164237	-0.0989445	0.737135	1.80187	0.100298
-0.3565	1.02274	-0.0164314	-0.0989217	0.737137	1.80187	0.100277
-0.3555	1.02274	-0.0164391	-0.0988986	0.73714	1.80187	0.100256
-0.3545	1.02274	-0.0164468	-0.0988749	0.737142	1.80188	0.100233
-0.3535	1.02274	-0.0164545	-0.0988508	0.737144	1.80188	0.100211
-0.3525	1.02275	-0.0164622	-0.0988262	0.737147	1.80188	0.100188
-0.3515	1.02275	-0.0164699	-0.098801	0.737149	1.80188	0.100164
-0.3505	1.02275	-0.0164776	-0.0987754	0.737151	1.80189	0.10014
-0.3495	1.02275	-0.0164853	-0.0987493	0.737153	1.80189	0.100116
-0.3485	1.02275	-0.016493	-0.0987227	0.737156	1.80189	0.100091
-0.3475	1.02276	-0.0165007	-0.0986955	0.737158	1.80189	0.100065
-0.3465	1.02276	-0.0165084	-0.0986679	0.73716	1.80189	0.100039
-0.3455	1.02276	-0.0165161	-0.0986396	0.737162	1.8019	0.100013
-0.3445	1.02276	-0.0165237	-0.0986109	0.737164	1.8019	0.0999857
-0.3435	1.02276	-0.0165314	-0.0985816	0.737166	1.8019	0.0999581
-0.3425	1.02276	-0.0165391	-0.0985517	0.737168	1.8019	0.0999299
-0.3415	1.02276	-0.0165468	-0.0985213	0.73717	1.80191	0.0999011
-0.3405	1.02277	-0.0165545	-0.0984902	0.737172	1.80191	0.0998718
-0.3395	1.02277	-0.0165621	-0.0984586	0.737174	1.80191	0.0998419
-0.3385	1.02277	-0.0165698	-0.0984265	0.737176	1.80192	0.0998114
-0.3375	1.02277	-0.0165775	-0.0983937	0.737178	1.80192	0.0997804
-0.3365	1.02277	-0.0165851	-0.0983603	0.73718	1.80192	0.0997487
-0.3355	1.02277	-0.0165928	-0.0983262	0.737182	1.80192	0.0997165
-0.3345	1.02277	-0.0166005	-0.0982916	0.737184	1.80193	0.0996836
-0.3335	1.02277	-0.0166081	-0.0982563	0.737186	1.80193	0.0996501
-0.3325	1.02277	-0.0166158	-0.0982204	0.737188	1.80193	0.0996159
-0.3315	1.02277	-0.0166234	-0.0981838	0.737189	1.80194	0.0995811
-0.3305	1.02277	-0.0166311	-0.0981466	0.737191	1.80194	0.0995457
-0.3295	1.02277	-0.0166387	-0.0981086	0.737193	1.80194	0.0995096
-0.3285	1.02277	-0.0166464	-0.09807	0.737195	1.80195	0.0994728
-0.3275	1.02277	-0.016654	-0.0980308	0.737196	1.80195	0.0994353
-0.3265	1.02277	-0.0166617	-0.0979908	0.737198	1.80196	0.0993972
-0.3255	1.02277	-0.0166693	-0.0979501	0.7372	1.80196	0.0993584
-0.3245	1.02277	-0.0166769	-0.0979087	0.737201	1.80196	0.0993188
-0.3235	1.02277	-0.0166846	-0.0978665	0.737203	1.80197	0.0992786
-0.3225	1.02277	-0.0166922	-0.0978236	0.737204	1.80197	0.0992376
-0.3215	1.02277	-0.0166998	-0.09778	0.737206	1.80198	0.0991958
-0.3205	1.02277	-0.0167074	-0.0977356	0.737208	1.80198	0.0991534
-0.3195	1.02277	-0.016715	-0.0976905	0.737209	1.80198	0.0991102
-0.3185	1.02277	-0.0167227	-0.0976446	0.737211	1.80199	0.0990662
-0.3175	1.02277	-0.0167303	-0.0975978	0.737212	1.80199	0.0990214
-0.3165	1.02277	-0.0167378	-0.0975503	0.737213	1.802	0.0989759
-0.3155	1.02277	-0.0167454	-0.097502	0.737215	1.802	0.0989295
-0.3145	1.02277	-0.016753	-0.0974529	0.737216	1.80201	0.0988824
-0.3135	1.02277	-0.0167606	-0.0974029	0.737218	1.80201	0.0988344
-0.3125	1.02277	-0.0167682	-0.0973521	0.737219	1.80202	0.0987857
-0.3115	1.02277	-0.0167757	-0.0973005	0.73722	1.80203	0.098736
-0.3105	1.02276	-0.0167833	-0.097248	0.737222	1.80203	0.0986856
-0.3095	1.02276	-0.0167908	-0.0971946	0.737223	1.80204	0.0986343
-0.3085	1.02276	-0.0167984	-0.0971403	0.737224	1.80204	0.0985821
-0.3075	1.02276	-0.0168059	-0.0970852	0.737225	1.80205	0.098529
-0.3065	1.02276	-0.0168134	-0.0970291	0.737227	1.80206	0.0984751
-0.3055	1.02275	-0.0168209	-0.0969722	0.737228	1.80207	0.0984202
-0.3045	1.02275	-0.0168284	-0.0969143	0.737229	1.80207	0.0983645
-0.3035	1.02275	-0.0168359	-0.0968554	0.73723	1.80208	0.0983078
-0.3025	1.02275	-0.0168434	-0.0967957	0.737231	1.80209	0.0982502
-0.3015	1.02274	-0.0168509	-0.096735	0.737232	1.8021	0.0981917
-0.3005	1.02274	-0.0168583	-0.0966733	0.737233	1.80211	0.0981322
-0.2995	1.02274	-0.0168658	-0.0966106	0.737235	1.80211	0.0980717
-0.2985	1.02273	-0.0168732	-0.0965469	0.737236	1.80212	0.0980103
-0.2975	1.02273	-0.0168806	-0.0964822	0.737237	1.80213	0.0979478
-0.2965	1.02272	-0.016888	-0.0964166	0.737238	1.80214	0.0978844
-0.2955	1.02272	-0.0168954	-0.0963499	0.737239	1.80215	0.09782
-0.2945	1.02271	-0.0169028	-0.0962821	0.73724	1.80216	0.0977545
-0.2935	1.02271	-0.0169101	-0.0962133	0.737241	1.80217	0.097688
-0.2925	1.0227	-0.0169174	-0.0961435	0.737241	1.80219	0.0976205
-0.2915	1.0227	-0.0169248	-0.0960725	0.737242	1.8022	0.0975519
-0.2905	1.02269	-0.016932	-0.0960005	0.737243	1.80221	0.0974823
-0.2895	1.02269	-0.0169393	-0.0959274	0.737244	1.80222	0.0974115
-0.2885	1.02268	-0.0169466	-0.0958532	0.737245	1.80224	0.0973397
-0.2875	1.02267	-0.0169538	-0.0957779	0.737246	1.80225	0.0972668
-0.2865	1.02267	-0.016961	-0.0957014	0.737247	1.80226	0.0971928
-0.2855	1.02266	-0.0169682	-0.0956238	0.737248	1.80228	0.0971176
-0.2845	1.02265	-0.0169753	-0.095545	0.737248	1.80229	0.0970413
-0.2835	1.02264	-0.0169824	-0.0954651	0.737249	1.80231	0.0969638
-0.2825	1.02264	-0.0169895	-0.095384	0.73725	1.80233	0.0968852
-0.2815	1.02263	-0.0169966	-0.0953016	0.737251	1.80234	0.0968054
-0.2805	1.02262	-0.0170036	-0.0952181	0.737252	1.80236	0.0967244
-0.2795	1.02261	-0.0170106	-0.0951334	0.737252	1.80238	0.0966423
-0.2785	1.0226	-0.0170176	-0.0950474	0.737253	1.8024	0.0965589
-0.2775	1.02259	-0.0170245	-0.0949602	0.737254	1.80242	0.0964743
-0.2765	1.02258	-0.0170314	-0.0948718	0.737254	1.80244	0.0963884
-0.2755	1.02257	-0.0170383	-0.0947821	0.737255	1.80246	0.0963013
-0.2745	1.02256	-0.0170451	-0.0946911	0.737256	1.80248	0.0962129
-0.2735	1.02254	-0.0170519	-0.0945988	0.737256	1.80251	0.0961233
-0.2725	1.02253	-0.0170586	-0.0945052	0.737257	1.80253	0.0960324
-0.2715	1.02252	-0.0170653	-0.0944102	0.737258	1.80255	0.0959402
-0.2705	1.0225	-0.0170719	-0.094314	0.737258	1.80258	0.0958467
-0.2695	1.02249	-0.0170785	-0.0942164	0.737259	1.80261	0.0957518
-0.2685	1.02248	-0.0170851	-0.0941175	0.73726	1.80263	0.0956556
-0.2675	1.02246	-0.0170916	-0.0940172	0.73726	1.80266	0.0955581
-0.2665	1.02245	-0.017098	-0.0939155	0.737261	1.80269	0.0954592
-0.2655	1.02243	-0.0171044	-0.0938124	0.737262	1.80272	0.0953589
-0.2645	1.02241	-0.0171107	-0.0937079	0.737262	1.80275	0.0952573
-0.2635	1.02239	-0.017117	-0.093602	0.737263	1.80279	0.0951542
-0.2625	1.02238	-0.0171232	-0.0934946	0.737263	1.80282	0.0950497
-0.2615	1.02236	-0.0171294	-0.0933859	0.737264	1.80286	0.0949439
-0.2605	1.02234	-0.0171354	-0.0932756	0.737265	1.80289	0.0948365
-0.2595	1.02232	-0.0171415	-0.0931639	0.737265	1.80293	0.0947278
-0.2585	1.02229	-0.0171474	-0.0930507	0.737266	1.80297	0.0946175
-0.2575	1.02227	-0.0171533	-0.0929361	0.737266	1.80301	0.0945058
-0.2565	1.02225	-0.017159	-0.0928199	0.737267	1.80305	0.0943926
-0.2555	1.02223	-0.0171648	-0.0927022	0.737267	1.80309	0.0942779
-0.2545	1.0222	-0.0171704	-0.0925829	0.737268	1.80314	0.0941617
-0.2535	1.02217	-0.0171759	-0.0924621	0.737269	1.80319	0.0940439
-0.2525	1.02215	-0.0171814	-0.0923398	0.737269	1.80324	0.0939247
-0.2515	1.02212	-0.0171867	-0.0922159	0.73727	1.80329	0.0938038
-0.2505	1.02209	-0.017192	-0.0920904	0.73727	1.80334	0.0936814
-0.2495	1.02206	-0.0171972	-0.0919633	0.737271	1.80339	0.0935574
-0.2485	1.02203	-0.0172023	-0.0918346	0.737272	1.80345	0.0934319
-0.2475	1.022	-0.0172072	-0.0917043	0.737272	1.8035	0.0933047
-0.2465	1.02197	-0.0172121	-0.0915724	0.737273	1.80356	0.0931759
-0.2455	1.02193	-0.0172168	-0.0914388	0.737274	1.80362	0.0930455
-0.2445	1.0219	-0.0172215	-0.0913035	0.737274	1.80369	0.0929135
-0.2435	1.02186	-0.017226	-0.0911666	0.737275	1.80375	0.0927797
-0.2425	1.02182	-0.0172304	-0.091028	0.737276	1.80382	0.0926444
-0.2415	1.02178	-0.0172347	-0.0908877	0.737276	1.80389	0.0925073
-0.2405	1.02174	-0.0172388	-0.0907457	0.737277	1.80397	0.0923686
-0.2395	1.0217	-0.0172428	-0.090602	0.737278	1.80404	0.0922281
-0.2385	1.02166	-0.0172467	-0.0904565	0.737279	1.80412	0.092086
-0.2375	1.02161	-0.0172504	-0.0903093	0.737279	1.8042	0.0919421
-0.2365	1.02157	-0.017254	-0.0901603	0.73728	1.80428	0.0917964
-0.2355	1.02152	-0.0172574	-0.0900096	0.737281	1.80437	0.0916491
-0.2345	1.02147	-0.0172607	-0.0898571	0.737282	1.80446	0.0914999
-0.2335	1.02142	-0.0172638	-0.0897028	0.737283	1.80455	0.091349
-0.2325	1.02137	-0.0172668	-0.0895467	0.737283	1.80465	0.0911963
-0.2315	1.02131	-0.0172696	-0.0893888	0.737284	1.80475	0.0910417
-0.2305	1.02126	-0.0172722	-0.0892291	0.737285	1.80485	0.0908854
-0.2295	1.0212	-0.0172746	-0.0890675	0.737286	1.80495	0.0907272
-0.2285	1.02114	-0.0172768	-0.0889041	0.737287	1.80506	0.0905672
-0.2275	1.02108	-0.0172789	-0.0887388	0.737288	1.80517	0.0904053
-0.2265	1.02101	-0.0172807	-0.0885716	0.737289	1.80529	0.0902416
-0.2255	1.02095	-0.0172824	-0.0884025	0.73729	1.80541	0.090076
-0.2245	1.02088	-0.0172838	-0.0882316	0.737291	1.80553	0.0899085
-0.2235	1.02081	-0.017285	-0.0880587	0.737292	1.80566	0.0897391
-0.2225	1.02073	-0.0172861	-0.087884	0.737294	1.80579	0.0895679
-0.2215	1.02066	-0.0172868	-0.0877073	0.737295	1.80593	0.0893946
-0.2205	1.02058	-0.0172874	-0.0875286	0.737296	1.80607	0.0892195
-0.2195	1.0205	-0.0172877	-0.087348	0.737297	1.80622	0.0890424
-0.2185	1.02042	-0.0172877	-0.0871655	0.737299	1.80637	0.0888633
-0.2175	1.02033	-0.0172875	-0.086981	0.7373	1.80652	0.0886823
-0.2165	1.02024	-0.0172871	-0.0867945	0.737301	1.80668	0.0884993
-0.2155	1.02015	-0.0172864	-0.086606	0.737303	1.80685	0.0883143
-0.2145	1.02006	-0.0172854	-0.0864155	0.737304	1.80702	0.0881273
-0.2135	1.01996	-0.0172841	-0.0862229	0.737306	1.80719	0.0879382
-0.2125	1.01986	-0.0172825	-0.0860284	0.737308	1.80737	0.0877472
-0.2115	1.01976	-0.0172807	-0.0858318	0.737309	1.80756	0.0875541
-0.2105	1.01965	-0.0172785	-0.0856332	0.737311	1.80775	0.087359
-0.2095	1.01954	-0.017276	-0.0854325	0.737313	1.80795	0.0871618
-0.2085	1.01943	-0.0172732	-0.0852298	0.737315	1.80815	0.0869625
-0.2075	1.01931	-0.0172701	-0.085025	0.737316	1.80837	0.0867612
-0.2065	1.01919	-0.0172666	-0.0848181	0.737318	1.80858	0.0865578
-0.2055	1.01907	-0.0172628	-0.0846091	0.73732	1.80881	0.0863522
-0.2045	1.01894	-0.0172586	-0.0843981	0.737323	1.80904	0.0861446
-0.2035	1.01881	-0.0172541	-0.0841849	0.737325	1.80928	0.0859348
-0.2025	1.01867	-0.0172491	-0.0839696	0.737327	1.80952	0.0857229
-0.2015	1.01854	-0.0172438	-0.0837522	0.737329	1.80978	0.0855089
-0.2005	1.01839	-0.0172381	-0.0835326	0.737332	1.81004	0.0852927
-0.1995	1.01824	-0.0172321	-0.0833109	0.737334	1.81031	0.0850744
-0.1985	1.01809	-0.0172255	-0.083087	0.737336	1.81059	0.0848538
-0.1975	1.01793	-0.0172186	-0.082861	0.737339	1.81087	0.0846311
-0.1965	1.01777	-0.0172113	-0.0826328	0.737342	1.81117	0.0844062
-0.1955	1.01761	-0.0172034	-0.0824025	0.737344	1.81147	0.0841791
-0.1945	1.01743	-0.0171952	-0.0821699	0.737347	1.81178	0.0839498
-0.1935	1.01726	-0.0171865	-0.0819352	0.73735	1.8121	0.0837183
-0.1925	1.01708	-0.0171773	-0.0816983	0.737353	1.81243	0.0834846
-0.1915	1.01689	-0.0171676	-0.0814592	0.737356	1.81277	0.0832486
-0.1905	1.0167	-0.0171574	-0.0812178	0.737359	1.81312	0.0830103
-0.1895	1.0165	-0.0171467	-0.0809743	0.737363	1.81349	0.0827698
-0.1885	1.0163	-0.0171355	-0.0807285	0.737366	1.81386	0.0825271
-0.1875	1.01609	-0.0171237	-0.0804805	0.737369	1.81424	0.082282
-0.1865	1.01587	-0.0171114	-0.0802303	0.737373	1.81463	0.0820347
-0.1855	1.01565	-0.0170986	-0.0799778	0.737377	1.81504	0.0817851
-0.1845	1.01542	-0.0170851	-0.079723	0.73738	1.81545	0.0815332
-0.1835	1.01519	-0.0170711	-0.079466	0.737384	1.81588	0.081279
-0.1825	1.01495	-0.0170565	-0.0792068	0.737388	1.81632	0.0810225
-0.1815	1.0147	-0.0170413	-0.0789453	0.737392	1.81678	0.0807636
-0.1805	1.01444	-0.0170255	-0.0786815	0.737396	1.81724	0.0805025
-0.1795	1.01418	-0.017009	-0.0784154	0.737401	1.81772	0.0802389
-0.1785	1.01391	-0.0169919	-0.0781471	0.737405	1.81822	0.0799731
-0.1775	1.01364	-0.0169741	-0.0778765	0.73741	1.81872	0.0797049
-0.1765	1.01335	-0.0169556	-0.0776036	0.737414	1.81925	0.0794343
-0.1755	1.01306	-0.0169365	-0.0773284	0.737419	1.81978	0.0791614
-0.1745	1.01276	-0.0169166	-0.0770509	0.737424	1.82033	0.0788861
-0.1735	1.01245	-0.0168961	-0.0767711	0.737429	1.8209	0.0786084
-0.1725	1.01214	-0.0168748	-0.076489	0.737434	1.82148	0.0783283
-0.1715	1.01181	-0.0168527	-0.0762046	0.737439	1.82208	0.0780459
-0.1705	1.01148	-0.0168299	-0.0759179	0.737444	1.82269	0.077761
-0.1695	1.01113	-0.0168063	-0.0756289	0.73745	1.82332	0.0774737
-0.1685	1.01078	-0.0167819	-0.0753375	0.737455	1.82397	0.077184
-0.1675	1.01042	-0.0167567	-0.0750439	0.737461	1.82464	0.076892
-0.1665	1.01005	-0.0167307	-0.0747479	0.737467	1.82532	0.0765974
-0.1655	1.00967	-0.0167039	-0.0744496	0.737473	1.82602	0.0763005
-0.1645	1.00928	-0.0166762	-0.074149	0.737479	1.82674	0.0760011
-0.1635	1.00888	-0.0166476	-0.0738461	0.737485	1.82748	0.0756993
-0.1625	1.00847	-0.0166181	-0.0735408	0.737491	1.82824	0.075395
-0.1615	1.00805	-0.0165878	-0.0732332	0.737498	1.82902	0.0750883
-0.1605	1.00762	-0.0165565	-0.0729233	0.737504	1.82982	0.0747792
-0.1595	1.00718	-0.0165243	-0.0726111	0.737511	1.83064	0.0744676
-0.1585	1.00672	-0.0164912	-0.0722965	0.737518	1.83148	0.0741535
-0.1575	1.00626	-0.016457	-0.0719796	0.737525	1.83234	0.073837
-0.1565	1.00578	-0.0164219	-0.0716604	0.737532	1.83323	0.0735179
-0.1555	1.0053	-0.0163858	-0.0713388	0.737539	1.83414	0.0731965
-0.1545	1.0048	-0.0163487	-0.0710149	0.737546	1.83507	0.0728725
-0.1535	1.00428	-0.0163106	-0.0706887	0.737554	1.83602	0.0725461
-0.1525	1.00376	-0.0162714	-0.0703602	0.737562	1.837	0.0722172
-0.1515	1.00322	-0.0162312	-0.0700294	0.737569	1.838	0.0718858
-0.1505	1.00267	-0.0161899	-0.0696962	0.737577	1.83903	0.0715519
-0.1495	1.00211	-0.0161474	-0.0693607	0.737585	1.84008	0.0712155
-0.1485	1.00153	-0.0161039	-0.0690229	0.737593	1.84116	0.0708766
-0.1475	1.00094	-0.0160593	-0.0686828	0.737602	1.84227	0.0705353
-0.1465	1.00034	-0.0160135	-0.0683404	0.73761	1.8434	0.0701914
-0.1455	0.999722	-0.0159666	-0.0679956	0.737619	1.84456	0.0698451
-0.1445	0.99909	-0.0159184	-0.0676486	0.737627	1.84575	0.0694962
-0.1435	0.998444	-0.0158692	-0.0672992	0.737636	1.84696	0.0691449
-0.1425	0.997784	-0.0158187	-0.0669476	0.737645	1.84821	0.0687911
-0.1415	0.997108	-0.0157669	-0.0665937	0.737654	1.84948	0.0684347
-0.1405	0.996418	-0.015714	-0.0662374	0.737663	1.85079	0.0680759
-0.1395	0.995713	-0.0156598	-0.0658789	0.737672	1.85212	0.0677146
-0.1385	0.994992	-0.0156044	-0.0655181	0.737681	1.85349	0.0673507
-0.1375	0.994256	-0.0155476	-0.0651551	0.737691	1.85488	0.0669844
-0.1365	0.993504	-0.0154896	-0.0647897	0.7377	1.85631	0.0666156
-0.1355	0.992736	-0.0154303	-0.0644221	0.73771	1.85777	0.0662443
-0.1345	0.991952	-0.0153697	-0.0640523	0.73772	1.85926	0.0658705
-0.1335	0.991152	-0.0153078	-0.0636802	0.737729	1.86079	0.0654942
-0.1325	0.990335	-0.0152445	-0.0633058	0.737739	1.86235	0.0651154
-0.1315	0.989502	-0.0151799	-0.0629292	0.737749	1.86394	0.0647342
-0.1305	0.988651	-0.0151139	-0.0625504	0.737759	1.86557	0.0643505
-0.1295	0.987784	-0.0150465	-0.0621693	0.737769	1.86723	0.0639643
-0.1285	0.9869	-0.0149778	-0.0617861	0.737779	1.86893	0.0635756
-0.1275	0.985999	-0.0149076	-0.0614006	0.73779	1.87067	0.0631844
-0.1265	0.98508	-0.0148361	-0.0610129	0.7378	1.87244	0.0627908
-0.1255	0.984144	-0.0147632	-0.0606231	0.73781	1.87424	0.0623948
-0.1245	0.98319	-0.0146888	-0.060231	0.73782	1.87609	0.0619962
-0.1235	0.982218	-0.014613	-0.0598368	0.737831	1.87797	0.0615953
-0.1225	0.981229	-0.0145358	-0.0594404	0.737841	1.87989	0.0611919
-0.1215	0.980221	-0.0144572	-0.0590419	0.737851	1.88185	0.0607861
-0.1205	0.979196	-0.0143771	-0.0586412	0.737862	1.88385	0.0603779
-0.1195	0.978153	-0.0142956	-0.0582384	0.737872	1.88588	0.0599672
-0.1185	0.977091	-0.0142126	-0.0578334	0.737882	1.88796	0.0595542
-0.1175	0.976011	-0.0141282	-0.0574264	0.737892	1.89007	0.0591388
-0.1165	0.974914	-0.0140423	-0.0570172	0.737903	1.89223	0.0587209
-0.1155	0.973798	-0.013955	-0.0566059	0.737913	1.89442	0.0583007
-0.1145	0.972663	-0.0138662	-0.0561926	0.737923	1.89666	0.0578782
-0.1135	0.971511	-0.013776	-0.0557772	0.737933	1.89893	0.0574532
-0.1125	0.970341	-0.0136843	-0.0553597	0.737943	1.90125	0.057026
-0.1115	0.969152	-0.0135912	-0.0549402	0.737953	1.90361	0.0565964
-0.1105	0.967945	-0.0134966	-0.0545187	0.737963	1.906	0.0561645
-0.1095	0.96672	-0.0134006	-0.0540952	0.737973	1.90844	0.0557303
-0.1085	0.965477	-0.0133031	-0.0536696	0.737982	1.91093	0.0552938
-0.1075	0.964217	-0.0132042	-0.0532421	0.737992	1.91345	0.054855
-0.1065	0.962938	-0.0131039	-0.0528125	0.738001	1.91601	0.0544139
-0.1055	0.961642	-0.0130022	-0.0523811	0.738011	1.91862	0.0539707
-0.1045	0.960328	-0.0128991	-0.0519476	0.73802	1.92127	0.0535252
-0.1035	0.958997	-0.0127946	-0.0515123	0.738029	1.92396	0.0530774
-0.1025	0.957649	-0.0126887	-0.051075	0.738037	1.92669	0.0526275
-0.1015	0.956283	-0.0125814	-0.0506358	0.738046	1.92946	0.0521754
-0.1005	0.954901	-0.0124728	-0.0501947	0.738054	1.93228	0.0517212
-0.0995	0.953502	-0.0123629	-0.0497518	0.738062	1.93514	0.0512648
-0.0985	0.952087	-0.0122517	-0.049307	0.73807	1.93803	0.0508063
-0.0975	0.950655	-0.0121391	-0.0488603	0.738078	1.94097	0.0503457
-0.0965	0.949207	-0.0120253	-0.0484118	0.738085	1.94395	0.049883
-0.0955	0.947744	-0.0119102	-0.0479616	0.738092	1.94697	0.0494182
-0.0945	0.946265	-0.0117938	-0.0475095	0.738099	1.95003	0.0489515
-0.0935	0.944772	-0.0116762	-0.0470556	0.738106	1.95313	0.0484827
-0.0925	0.943263	-0.0115575	-0.0466	0.738112	1.95627	0.0480119
-0.0915	0.94174	-0.0114375	-0.0461427	0.738118	1.95945	0.0475391
-0.0905	0.940203	-0.0113164	-0.0456837	0.738124	1.96267	0.0470644
-0.0895	0.938651	-0.0111942	-0.0452229	0.73813	1.96593	0.0465878
-0.0885	0.937087	-0.0110709	-0.0447604	0.738135	1.96923	0.0461093
-0.0875	0.935509	-0.0109466	-0.0442963	0.73814	1.97256	0.0456289
-0.0865	0.933919	-0.0108211	-0.0438306	0.738144	1.97593	0.0451466
-0.0855	0.932316	-0.0106947	-0.0433632	0.738148	1.97934	0.0446626
-0.0845	0.930702	-0.0105673	-0.0428942	0.738152	1.98278	0.0441767
-0.0835	0.929076	-0.010439	-0.0424236	0.738155	1.98626	0.0436891
-0.0825	0.927439	-0.0103097	-0.0419514	0.738158	1.98978	0.0431997
-0.0815	0.925792	-0.0101796	-0.0414777	0.738161	1.99332	0.0427086
-0.0805	0.924134	-0.0100486	-0.0410025	0.738163	1.99691	0.0422159
-0.0795	0.922467	-0.00991682	-0.0405257	0.738165	2.00052	0.0417214
-0.0785	0.92079	-0.00978425	-0.0400475	0.738167	2.00417	0.0412254
-0.0775	0.919105	-0.00965094	-0.0395678	0.738168	2.00784	0.0407278
-0.0765	0.917411	-0.00951692	-0.0390866	0.738168	2.01155	0.0402285
-0.0755	0.91571	-0.00938225	-0.038604	0.738169	2.01529	0.0397278
-0.0745	0.914001	-0.00924694	-0.03812	0.738169	2.01906	0.0392255
-0.0735	0.912286	-0.00911105	-0.0376346	0.738168	2.02285	0.0387218
-0.0725	0.910564	-0.0089746	-0.0371478	0.738167	2.02668	0.0382166
-0.0715	0.908837	-0.00883765	-0.0366597	0.738166	2.03052	0.0377099
-0.0705	0.907104	-0.00870021	-0.0361703	0.738164	2.0344	0.0372019
-0.0695	0.905367	-0.00856235	-0.0356795	0.738162	2.0383	0.0366925
-0.0685	0.903626	-0.0084241	-0.0351875	0.73816	2.04222	0.0361818
-0.0675	0.90188	-0.00828549	-0.0346942	0.738157	2.04616	0.0356698
-0.0665	0.900132	-0.00814657	-0.0341996	0.738153	2.05013	0.0351565
-0.0655	0.89838	-0.00800738	-0.0337038	0.73815	2.05411	0.034642
-0.0645	0.896626	-0.00786795	-0.0332069	0.738146	2.05812	0.0341263
-0.0635	0.894868	-0.00772833	-0.0327087	0.738141	2.06215	0.0336094
-0.0625	0.89311	-0.00758858	-0.0322094	0.738136	2.0662	0.0330913
-0.0615	0.891351	-0.00744873	-0.031709	0.73813	2.07026	0.0325721
-0.0605	0.889595	-0.00730882	-0.0312074	0.738125	2.07433	0.0320519
-0.0595	0.88784	-0.00716887	-0.0307047	0.738118	2.07841	0.0315305
-0.0585	0.886088	-0.00702894	-0.030201	0.738112	2.0825	0.0310081
-0.0575	0.884337	-0.00688905	-0.0296961	0.738105	2.08661	0.0304847
-0.0565	0.882587	-0.00674925	-0.0291902	0.738098	2.09072	0.0299603
-0.0555	0.880837	-0.00660957	-0.0286833	0.73809	2.09485	0.029435
-0.0545	0.879087	-0.00647004	-0.0281754	0.738083	2.099	0.0289087
-0.0535	0.877336	-0.00633069	-0.0276666	0.738075	2.10317	0.0283816
-0.0525	0.875583	-0.00619157	-0.0271568	0.738066	2.10736	0.0278537
-0.0515	0.873829	-0.00605273	-0.0266461	0.738057	2.11156	0.0273249
-0.0505	0.872076	-0.0059142	-0.0261345	0.738048	2.11578	0.0267953
-0.0495	0.870327	-0.00577601	-0.025622	0.738038	2.12	0.026265
-0.0485	0.868583	-0.0056382	-0.0251086	0.738028	2.12423	0.0257339
-0.0475	0.866846	-0.00550083	-0.0245944	0.738018	2.12846	0.0252021
-0.0465	0.865118	-0.00536392	-0.0240794	0.738008	2.13268	0.0246696
-0.0455	0.8634	-0.00522753	-0.0235637	0.737997	2.13689	0.0241366
-0.0445	0.861694	-0.00509169	-0.0230471	0.737986	2.14109	0.0236029
-0.0435	0.86	-0.00495646	-0.0225299	0.737975	2.14528	0.0230687
-0.0425	0.858319	-0.00482188	-0.022012	0.737962	2.14944	0.022534
-0.0415	0.856653	-0.00468801	-0.0214936	0.73795	2.15358	0.0219989
-0.0405	0.855	-0.00455488	-0.0209745	0.737937	2.15771	0.0214634
-0.0395	0.853361	-0.00442254	-0.020455	0.737923	2.16182	0.0209277
-0.0385	0.851735	-0.00429104	-0.0199351	0.737909	2.1659	0.0203917
-0.0375	0.850123	-0.00416042	-0.0194149	0.737896	2.16997	0.0198557
-0.0365	0.848525	-0.00403073	-0.0188945	0.737881	2.17401	0.0193196
-0.0355	0.84694	-0.00390201	-0.0183738	0.737866	2.17804	0.0187836
-0.0345	0.845368	-0.00377429	-0.017853	0.737851	2.18204	0.0182476
-0.0335	0.84381	-0.00364764	-0.0173322	0.737835	2.18602	0.0177119
-0.0325	0.842267	-0.0035221	-0.0168113	0.737819	2.18998	0.0171763
-0.0315	0.840739	-0.0033977	-0.0162905	0.737803	2.19391	0.0166411
-0.0305	0.839229	-0.0032745	-0.0157698	0.737787	2.19781	0.0161061
-0.0295	0.837737	-0.00315252	-0.0152492	0.73777	2.20168	0.0155716
-0.0285	0.836265	-0.00303178	-0.0147288	0.737754	2.2055	0.0150376
-0.0275	0.834817	-0.00291231	-0.0142086	0.737737	2.20928	0.014504
-0.0265	0.833395	-0.00279412	-0.0136886	0.737721	2.213	0.0139709
-0.0255	0.832001	-0.00267723	-0.013169	0.737705	2.21666	0.0134383
-0.0245	0.830639	-0.00256165	-0.0126496	0.737689	2.22025	0.0129064
-0.0235	0.829312	-0.00244737	-0.0121306	0.737674	2.22375	0.012375
-0.0225	0.828024	-0.00233438	-0.0116119	0.737659	2.22717	0.0118442
-0.0215	0.826777	-0.00222268	-0.0110935	0.737644	2.23048	0.011314
-0.0205	0.825574	-0.00211224	-0.0105755	0.73763	2.23369	0.0107844
-0.0195	0.82442	-0.00200303	-0.0100579	0.737616	2.23677	0.0102554
-0.0185	0.823316	-0.00189503	-0.00954059	0.737603	2.23973	0.00972697
-0.0175	0.822266	-0.0017882	-0.00902364	0.737591	2.24256	0.00919912
-0.0165	0.821271	-0.00168249	-0.00850703	0.737579	2.24524	0.00867181
-0.0155	0.820335	-0.00157786	-0.00799073	0.737568	2.24776	0.00814503
-0.0145	0.819459	-0.00147426	-0.00747473	0.737557	2.25013	0.00761873
-0.0135	0.818645	-0.00137163	-0.006959	0.737547	2.25234	0.00709289
-0.0125	0.817894	-0.00126992	-0.00644351	0.737538	2.25438	0.00656746
-0.0115	0.817207	-0.00116904	-0.00592822	0.737529	2.25625	0.00604239
-0.0105	0.816584	-0.00106894	-0.00541309	0.737522	2.25795	0.00551762
-0.0095	0.816028	-0.000969501	-0.00489806	0.737516	2.25947	0.00499309
-0.0085	0.815537	-0.000870628	-0.00438307	0.737511	2.26081	0.0044687
-0.0075	0.815112	-0.000772191	-0.00386803	0.737509	2.26199	0.00394436
-0.0065	0.814752	-0.000674047	-0.00335286	0.737509	2.26299	0.00341994
-0.0055	0.814455	-0.000576036	-0.00283738	0.737511	2.26382	0.00289527
-0.0045	0.81422	-0.000477996	-0.00232144	0.737516	2.26449	0.00237014
-0.0035	0.814043	-0.000379786	-0.0018048	0.737522	2.265	0.00184433
-0.0025	0.813919	-0.000281266	-0.00128718	0.737528	2.26536	0.00131755
-0.0015	0.813841	-0.0001823	-0.000768083	0.737534	2.26559	0.000789421
-0.0005	0.813801	-8.26502e-05	-0.000246493	0.737537	2.26572	0.00025998
0.0005	0.813788	1.78443e-05	0.000277817	0.737537	2.26575	0.000278389
0.0015	0.813791	0.000117859	0.000800548	0.737534	2.26574	0.000809178
0.0025	0.813814	0.000215486	0.00131662	0.737519	2.26563	0.00133414
0.0035	0.813896	0.000310669	0.0018268	0.737496	2.26533	0.00185303
0.0045	0.814075	0.000405805	0.0023374	0.73748	2.26478	0.00237237
0.0055	0.814362	0.000502867	0.00285007	0.737478	2.26397	0.00289409
0.0065	0.814748	0.000599934	0.00336397	0.737488	2.26294	0.00341705
0.0075	0.81522	0.000697323	0.00387836	0.737504	2.26167	0.00394055
0.0085	0.815768	0.000795443	0.0043931	0.737519	2.2602	0.00446453
0.0095	0.816386	0.000894495	0.00490815	0.737531	2.25852	0.004989
0.0105	0.817068	0.000994474	0.00542354	0.737541	2.25667	0.00551396
0.0115	0.817809	0.00109535	0.00593927	0.73755	2.25465	0.00603943
0.0125	0.818607	0.00119713	0.00645537	0.73756	2.25249	0.00656544
0.0135	0.819455	0.00129985	0.00697187	0.737571	2.25019	0.00709201
0.0145	0.820352	0.00140354	0.00748877	0.737582	2.24776	0.00761916
0.0155	0.821293	0.00150826	0.0080061	0.737594	2.24522	0.00814693
0.0165	0.822276	0.00161407	0.00852384	0.737607	2.24258	0.00867532
0.0175	0.823299	0.001721	0.00904201	0.73762	2.23983	0.00920434
0.0185	0.82436	0.00182909	0.0095606	0.737634	2.23699	0.00973399
0.0195	0.825459	0.00193835	0.0100796	0.737648	2.23405	0.0102643
0.0205	0.826595	0.00204882	0.0105989	0.737663	2.23103	0.0107952
0.0215	0.827766	0.00216049	0.0111187	0.737678	2.22792	0.0113266
0.0225	0.828973	0.00227338	0.0116387	0.737693	2.22472	0.0118587
0.0235	0.830214	0.00238749	0.0121591	0.737708	2.22144	0.0123912
0.0245	0.831489	0.00250282	0.0126797	0.737723	2.21808	0.0129243
0.0255	0.832797	0.00261937	0.0132005	0.737739	2.21464	0.0134579
0.0265	0.834136	0.00273713	0.0137215	0.737755	2.21113	0.0139918
0.0275	0.835506	0.00285608	0.0142426	0.73777	2.20755	0.0145262
0.0285	0.836905	0.00297622	0.0147638	0.737786	2.20391	0.0150608
0.0295	0.838331	0.00309751	0.0152851	0.737801	2.20021	0.0155958
0.0305	0.839783	0.00321995	0.0158064	0.737817	2.19645	0.016131
0.0315	0.841259	0.00334349	0.0163276	0.737832	2.19264	0.0166664
0.0325	0.842758	0.00346813	0.0168487	0.737847	2.18879	0.0172019
0.0335	0.844279	0.00359382	0.0173697	0.737862	2.18489	0.0177375
0.0345	0.84582	0.00372054	0.0178904	0.737877	2.18095	0.0182732
0.0355	0.847379	0.00384824	0.018411	0.737892	2.17698	0.0188089
0.0365	0.848956	0.0039769	0.0189313	0.737906	2.17298	0.0193445
0.0375	0.850549	0.00410646	0.0194512	0.73792	2.16895	0.01988
0.0385	0.852157	0.00423688	0.0199708	0.737933	2.1649	0.0204153
0.0395	0.85378	0.00436814	0.02049	0.737946	2.16082	0.0209505
0.0405	0.855416	0.00450019	0.0210088	0.737959	2.15673	0.0214854
0.0415	0.857064	0.00463299	0.021527	0.737972	2.15262	0.0220199
0.0425	0.858724	0.00476651	0.0220447	0.737985	2.14849	0.0225541
0.0435	0.860394	0.00490073	0.0225618	0.737998	2.14436	0.0230879
0.0445	0.862074	0.0050356	0.0230783	0.73801	2.14022	0.0236213
0.0455	0.863764	0.00517108	0.0235941	0.738022	2.13606	0.0241541
0.0465	0.865462	0.00530713	0.0241092	0.738033	2.13191	0.0246864
0.0475	0.867168	0.00544371	0.0246236	0.738045	2.12774	0.0252182
0.0485	0.868881	0.00558079	0.0251372	0.738056	2.12358	0.0257493
0.0495	0.870601	0.00571831	0.0256501	0.738066	2.11941	0.0262798
0.0505	0.872328	0.00585625	0.0261621	0.738076	2.11525	0.0268095
0.0515	0.874059	0.00599456	0.0266733	0.738086	2.11109	0.0273386
0.0525	0.875796	0.00613321	0.0271836	0.738096	2.10693	0.0278669
0.0535	0.877538	0.00627214	0.027693	0.738105	2.10277	0.0283944
0.0545	0.879283	0.00641133	0.0282015	0.738114	2.09862	0.0289211
0.0555	0.881032	0.00655073	0.0287091	0.738122	2.09448	0.029447
0.0565	0.882783	0.00669031	0.0292157	0.73813	2.09035	0.0299719
0.0575	0.884536	0.00683	0.0297213	0.738138	2.08623	0.030496
0.0585	0.886292	0.0069698	0.0302259	0.738146	2.08212	0.0310191
0.0595	0.888048	0.00710964	0.0307294	0.738153	2.07802	0.0315411
0.0605	0.889805	0.00724949	0.0312318	0.738159	2.07394	0.0320622
0.0615	0.891562	0.00738932	0.0317332	0.738166	2.06987	0.0325822
0.0625	0.893319	0.00752908	0.0322334	0.738172	2.06581	0.0331011
0.0635	0.895075	0.00766875	0.0327325	0.738177	2.06177	0.0336188
0.0645	0.89683	0.00780827	0.0332304	0.738182	2.05775	0.0341355
0.0655	0.898583	0.00794759	0.0337272	0.738187	2.05375	0.0346509
0.0665	0.900334	0.00808667	0.0342227	0.738191	2.04977	0.0351651
0.0675	0.902082	0.00822548	0.034717	0.738195	2.04581	0.0356781
0.0685	0.903827	0.00836396	0.0352101	0.738198	2.04187	0.0361898
0.0695	0.905568	0.00850208	0.0357019	0.738201	2.03795	0.0367002
0.0705	0.907305	0.00863981	0.0361924	0.738203	2.03406	0.0372093
0.0715	0.909036	0.00877709	0.0366815	0.738205	2.03019	0.037717
0.0725	0.910763	0.00891389	0.0371694	0.738207	2.02634	0.0382233
0.0735	0.912483	0.00905017	0.0376559	0.738208	2.02252	0.0387282
0.0745	0.914198	0.00918589	0.038141	0.738209	2.01873	0.0392316
0.0755	0.915905	0.00932102	0.0386248	0.73821	2.01497	0.0397335
0.0765	0.917605	0.0094555	0.0391071	0.73821	2.01124	0.0402339
0.0775	0.919297	0.00958931	0.039588	0.738209	2.00754	0.0407328
0.0785	0.920981	0.00972241	0.0400674	0.738208	2.00387	0.0412301
0.0795	0.922655	0.00985477	0.0405453	0.738207	2.00022	0.0417258
0.0805	0.924321	0.00998633	0.0410218	0.738206	1.99662	0.0422198
0.0815	0.925977	0.0101171	0.0414967	0.738204	1.99304	0.0427122
0.0825	0.927622	0.010247	0.0419701	0.738201	1.9895	0.0432029
0.0835	0.929257	0.010376	0.0424419	0.738199	1.98599	0.0436918
0.0845	0.930881	0.0105041	0.0429122	0.738196	1.98252	0.0441791
0.0855	0.932493	0.0106312	0.0433808	0.738192	1.97908	0.0446645
0.0865	0.934094	0.0107573	0.0438479	0.738188	1.97568	0.0451481
0.0875	0.935682	0.0108825	0.0443133	0.738184	1.97232	0.04563
0.0885	0.937257	0.0110066	0.044777	0.73818	1.96899	0.0461099
0.0895	0.938819	0.0111296	0.0452391	0.738175	1.9657	0.046588
0.0905	0.940368	0.0112515	0.0456995	0.73817	1.96245	0.0470642
0.0915	0.941902	0.0113723	0.0461582	0.738164	1.95924	0.0475385
0.0925	0.943423	0.0114919	0.0466151	0.738159	1.95607	0.0480108
0.0935	0.944929	0.0116103	0.0470703	0.738153	1.95293	0.0484811
0.0945	0.94642	0.0117276	0.0475238	0.738146	1.94984	0.0489494
0.0955	0.947896	0.0118436	0.0479755	0.73814	1.94678	0.0494158
0.0965	0.949357	0.0119584	0.0484254	0.738133	1.94377	0.04988
0.0975	0.950802	0.0120719	0.0488734	0.738126	1.9408	0.0503423
0.0985	0.95223	0.0121841	0.0493197	0.738119	1.93787	0.0508024
0.0995	0.953643	0.012295	0.0497641	0.738111	1.93498	0.0512604
0.1005	0.955039	0.0124046	0.0502066	0.738103	1.93213	0.0517164
0.1015	0.956419	0.0125129	0.0506473	0.738095	1.92932	0.0521701
0.1025	0.957782	0.0126198	0.0510861	0.738087	1.92655	0.0526217
0.1035	0.959127	0.0127253	0.051523	0.738079	1.92383	0.0530712
0.1045	0.960456	0.0128294	0.0519579	0.73807	1.92115	0.0535184
0.1055	0.961767	0.0129322	0.052391	0.738061	1.9185	0.0539635
0.1065	0.96306	0.0130336	0.052822	0.738053	1.9159	0.0544063
0.1075	0.964336	0.0131335	0.0532512	0.738044	1.91335	0.0548468
0.1085	0.965594	0.013232	0.0536783	0.738034	1.91083	0.0552851
0.1095	0.966835	0.0133291	0.0541034	0.738025	1.90835	0.0557212
0.1105	0.968057	0.0134248	0.0545266	0.738016	1.90592	0.0561549
0.1115	0.969261	0.013519	0.0549477	0.738006	1.90353	0.0565863
0.1125	0.970447	0.0136118	0.0553668	0.737997	1.90118	0.0570155
0.1135	0.971616	0.0137031	0.0557838	0.737987	1.89887	0.0574423
0.1145	0.972766	0.013793	0.0561988	0.737978	1.8966	0.0578667
0.1155	0.973897	0.0138814	0.0566118	0.737968	1.89437	0.0582888
0.1165	0.975011	0.0139684	0.0570226	0.737958	1.89218	0.0587086
0.1175	0.976107	0.0140539	0.0574314	0.737948	1.89003	0.0591259
0.1185	0.977184	0.014138	0.0578381	0.737938	1.88792	0.0595409
0.1195	0.978244	0.0142206	0.0582426	0.737928	1.88585	0.0599535
0.1205	0.979285	0.0143018	0.058645	0.737918	1.88382	0.0603638
0.1215	0.980308	0.0143815	0.0590453	0.737909	1.88183	0.0607715
0.1225	0.981314	0.0144598	0.0594435	0.737899	1.87987	0.0611769
0.1235	0.982302	0.0145367	0.0598395	0.737889	1.87796	0.0615799
0.1245	0.983272	0.0146121	0.0602334	0.737879	1.87608	0.0619805
0.1255	0.984224	0.0146862	0.0606251	0.737869	1.87424	0.0623785
0.1265	0.985159	0.0147588	0.0610145	0.737859	1.87244	0.0627742
0.1275	0.986076	0.01483	0.0614018	0.737849	1.87067	0.0631673
0.1285	0.986976	0.0148998	0.061787	0.73784	1.86894	0.0635581
0.1295	0.987859	0.0149682	0.0621699	0.73783	1.86725	0.0639464
0.1305	0.988725	0.0150352	0.0625506	0.73782	1.86559	0.0643322
0.1315	0.989574	0.0151009	0.062929	0.737811	1.86396	0.0647155
0.1325	0.990406	0.0151652	0.0633053	0.737801	1.86237	0.0650964
0.1335	0.991221	0.0152282	0.0636793	0.737792	1.86081	0.0654748
0.1345	0.992021	0.0152898	0.0640511	0.737782	1.85929	0.0658508
0.1355	0.992804	0.0153501	0.0644206	0.737773	1.8578	0.0662242
0.1365	0.993571	0.0154092	0.0647879	0.737764	1.85635	0.0665952
0.1375	0.994322	0.0154669	0.0651529	0.737755	1.85492	0.0669636
0.1385	0.995057	0.0155233	0.0655157	0.737746	1.85353	0.0673296
0.1395	0.995777	0.0155784	0.0658762	0.737737	1.85216	0.0676931
0.1405	0.996481	0.0156323	0.0662344	0.737728	1.85083	0.0680541
0.1415	0.997171	0.015685	0.0665903	0.73772	1.84953	0.0684127
0.1425	0.997846	0.0157364	0.066944	0.737711	1.84826	0.0687687
0.1435	0.998505	0.0157866	0.0672954	0.737703	1.84702	0.0691222
0.1445	0.999151	0.0158357	0.0676444	0.737694	1.8458	0.0694733
0.1455	0.999782	0.0158835	0.0679912	0.737686	1.84462	0.0698219
0.1465	1.0004	0.0159302	0.0683357	0.737678	1.84346	0.0701679
0.1475	1.001	0.0159757	0.0686779	0.73767	1.84233	0.0705115
0.1485	1.00159	0.0160201	0.0690177	0.737662	1.84123	0.0708526
0.1495	1.00217	0.0160633	0.0693553	0.737654	1.84015	0.0711912
0.1505	1.00273	0.0161055	0.0696906	0.737647	1.8391	0.0715273
0.1515	1.00328	0.0161465	0.0700235	0.737639	1.83807	0.071861
0.1525	1.00382	0.0161865	0.0703541	0.737632	1.83707	0.0721921
0.1535	1.00434	0.0162255	0.0706824	0.737625	1.83609	0.0725208
0.1545	1.00485	0.0162633	0.0710084	0.737618	1.83514	0.072847
0.1555	1.00535	0.0163002	0.0713321	0.737611	1.83421	0.0731708
0.1565	1.00584	0.016336	0.0716535	0.737604	1.8333	0.0734921
0.1575	1.00632	0.0163709	0.0719725	0.737597	1.83242	0.0738109
0.1585	1.00678	0.0164048	0.0722892	0.737591	1.83155	0.0741272
0.1595	1.00724	0.0164377	0.0726036	0.737584	1.83071	0.0744411
0.1605	1.00768	0.0164697	0.0729156	0.737578	1.82989	0.0747525
0.1615	1.00811	0.0165007	0.0732254	0.737572	1.8291	0.0750615
0.1625	1.00853	0.0165308	0.0735328	0.737566	1.82832	0.0753681
0.1635	1.00894	0.0165601	0.0738379	0.73756	1.82756	0.0756722
0.1645	1.00934	0.0165884	0.0741407	0.737554	1.82682	0.0759738
0.1655	1.00973	0.0166159	0.0744412	0.737548	1.8261	0.076273
0.1665	1.01011	0.0166425	0.0747393	0.737543	1.8254	0.0765698
0.1675	1.01048	0.0166683	0.0750352	0.737537	1.82472	0.0768642
0.1685	1.01084	0.0166933	0.0753287	0.737532	1.82405	0.0771562
0.1695	1.01119	0.0167174	0.0756199	0.737527	1.8234	0.0774457
0.1705	1.01154	0.0167408	0.0759088	0.737522	1.82277	0.0777329
0.1715	1.01187	0.0167634	0.0761954	0.737517	1.82216	0.0780176
0.1725	1.0122	0.0167852	0.0764797	0.737512	1.82156	0.0783
0.1735	1.01251	0.0168063	0.0767617	0.737507	1.82098	0.0785799
0.1745	1.01282	0.0168267	0.0770414	0.737503	1.82042	0.0788575
0.1755	1.01312	0.0168463	0.0773188	0.737498	1.81987	0.0791327
0.1765	1.01341	0.0168653	0.0775939	0.737494	1.81933	0.0794056
0.1775	1.0137	0.0168835	0.0778667	0.73749	1.81881	0.0796761
0.1785	1.01398	0.0169011	0.0781372	0.737486	1.8183	0.0799442
0.1795	1.01425	0.016918	0.0784055	0.737482	1.81781	0.08021
0.1805	1.01451	0.0169342	0.0786715	0.737478	1.81733	0.0804734
0.1815	1.01476	0.0169499	0.0789352	0.737474	1.81686	0.0807345
0.1825	1.01501	0.0169649	0.0791966	0.73747	1.81641	0.0809933
0.1835	1.01525	0.0169793	0.0794558	0.737467	1.81597	0.0812498
0.1845	1.01549	0.0169931	0.0797128	0.737463	1.81554	0.0815039
0.1855	1.01572	0.0170063	0.0799675	0.73746	1.81512	0.0817558
0.1865	1.01594	0.017019	0.0802199	0.737457	1.81472	0.0820053
0.1875	1.01615	0.0170311	0.0804701	0.737453	1.81432	0.0822526
0.1885	1.01636	0.0170426	0.0807181	0.73745	1.81394	0.0824976
0.1895	1.01657	0.0170536	0.0809638	0.737447	1.81357	0.0827403
0.1905	1.01677	0.0170641	0.0812073	0.737444	1.81321	0.0829808
0.1915	1.01696	0.0170741	0.0814486	0.737441	1.81286	0.083219
0.1925	1.01715	0.0170836	0.0816877	0.737439	1.81252	0.083455
0.1935	1.01733	0.0170926	0.0819246	0.737436	1.81218	0.0836887
0.1945	1.01751	0.0171011	0.0821594	0.737433	1.81186	0.0839203
0.1955	1.01768	0.0171092	0.0823919	0.737431	1.81155	0.0841496
0.1965	1.01785	0.0171168	0.0826222	0.737429	1.81125	0.0843766
0.1975	1.01801	0.017124	0.0828504	0.737426	1.81095	0.0846015
0.1985	1.01817	0.0171307	0.0830764	0.737424	1.81067	0.0848242
0.1995	1.01832	0.017137	0.0833003	0.737422	1.81039	0.0850448
0.2005	1.01847	0.0171429	0.083522	0.73742	1.81012	0.0852631
0.2015	1.01861	0.0171484	0.0837415	0.737418	1.80986	0.0854793
0.2025	1.01875	0.0171535	0.083959	0.737416	1.80961	0.0856934
0.2035	1.01889	0.0171583	0.0841743	0.737414	1.80936	0.0859053
0.2045	1.01902	0.0171626	0.0843875	0.737412	1.80912	0.086115
0.2055	1.01915	0.0171666	0.0845986	0.73741	1.80889	0.0863227
0.2065	1.01927	0.0171702	0.0848076	0.737408	1.80866	0.0865283
0.2075	1.01939	0.0171735	0.0850145	0.737407	1.80845	0.0867317
0.2085	1.01951	0.0171764	0.0852193	0.737405	1.80824	0.0869331
0.2095	1.01962	0.0171791	0.085422	0.737404	1.80803	0.0871324
0.2105	1.01973	0.0171814	0.0856227	0.737402	1.80783	0.0873296
0.2115	1.01984	0.0171833	0.0858214	0.737401	1.80764	0.0875247
0.2125	1.01994	0.017185	0.086018	0.737399	1.80745	0.0877178
0.2135	1.02004	0.0171864	0.0862126	0.737398	1.80727	0.0879089
0.2145	1.02014	0.0171875	0.0864051	0.737397	1.8071	0.088098
0.2155	1.02024	0.0171883	0.0865957	0.737396	1.80692	0.088285
0.2165	1.02033	0.0171888	0.0867842	0.737394	1.80676	0.0884701
0.2175	1.02042	0.0171891	0.0869708	0.737393	1.8066	0.0886531
0.2185	1.0205	0.0171891	0.0871553	0.737392	1.80645	0.0888342
0.2195	1.02059	0.0171888	0.0873379	0.737391	1.80629	0.0890133
0.2205	1.02067	0.0171884	0.0875186	0.73739	1.80615	0.0891904
0.2215	1.02074	0.0171876	0.0876972	0.737389	1.80601	0.0893657
0.2225	1.02082	0.0171866	0.087874	0.737388	1.80587	0.0895389
0.2235	1.02089	0.0171854	0.0880488	0.737387	1.80574	0.0897103
0.2245	1.02096	0.0171841	0.0882217	0.737387	1.80561	0.0898797
0.2255	1.02103	0.0171824	0.0883927	0.737386	1.80549	0.0900473
0.2265	1.0211	0.0171806	0.0885618	0.737385	1.80537	0.0902129
0.2275	1.02116	0.0171786	0.088729	0.737384	1.80525	0.0903767
0.2285	1.02123	0.0171763	0.0888944	0.737383	1.80514	0.0905386
0.2295	1.02129	0.0171739	0.0890579	0.737383	1.80503	0.0906987
0.2305	1.02135	0.0171713	0.0892195	0.737382	1.80493	0.0908569
0.2315	1.0214	0.0171685	0.0893793	0.737381	1.80482	0.0910133
0.2325	1.02146	0.0171655	0.0895373	0.737381	1.80473	0.0911679
0.2335	1.02151	0.0171624	0.0896935	0.73738	1.80463	0.0913207
0.2345	1.02156	0.0171591	0.0898478	0.73738	1.80454	0.0914717
0.2355	1.02161	0.0171557	0.0900004	0.737379	1.80445	0.0916209
0.2365	1.02166	0.017152	0.0901512	0.737378	1.80436	0.0917683
0.2375	1.02171	0.0171483	0.0903002	0.737378	1.80428	0.091914
0.2385	1.02175	0.0171444	0.0904475	0.737377	1.8042	0.092058
0.2395	1.0218	0.0171403	0.090593	0.737377	1.80412	0.0922002
0.2405	1.02184	0.0171361	0.0907368	0.737376	1.80404	0.0923407
0.2415	1.02188	0.0171318	0.0908789	0.737376	1.80397	0.0924795
0.2425	1.02192	0.0171274	0.0910192	0.737375	1.8039	0.0926167
0.2435	1.02196	0.0171228	0.0911579	0.737375	1.80383	0.0927521
0.2445	1.02199	0.0171181	0.0912949	0.737375	1.80377	0.0928859
0.2455	1.02203	0.0171133	0.0914302	0.737374	1.8037	0.093018
0.2465	1.02206	0.0171083	0.0915639	0.737374	1.80364	0.0931485
0.2475	1.0221	0.0171033	0.0916959	0.737373	1.80358	0.0932773
0.2485	1.02213	0.0170982	0.0918263	0.737373	1.80352	0.0934046
0.2495	1.02216	0.0170929	0.0919551	0.737373	1.80347	0.0935302
0.2505	1.02219	0.0170876	0.0920822	0.737372	1.80341	0.0936543
0.2515	1.02222	0.0170821	0.0922078	0.737372	1.80336	0.0937767
0.2525	1.02225	0.0170766	0.0923318	0.737371	1.80331	0.0938976
0.2535	1.02227	0.017071	0.0924542	0.737371	1.80326	0.094017
0.2545	1.0223	0.0170652	0.0925751	0.737371	1.80322	0.0941348
0.2555	1.02232	0.0170594	0.0926944	0.73737	1.80317	0.0942511
0.2565	1.02235	0.0170536	0.0928122	0.73737	1.80313	0.0943659
0.2575	1.02237	0.0170476	0.0929284	0.73737	1.80309	0.0944792
0.2585	1.02239	0.0170416	0.0930432	0.737369	1.80305	0.0945909
0.2595	1.02242	0.0170355	0.0931564	0.737369	1.80301	0.0947013
0.2605	1.02244	0.0170293	0.0932682	0.737369	1.80297	0.0948101
0.2615	1.02246	0.017023	0.0933785	0.737368	1.80293	0.0949175
0.2625	1.02248	0.0170167	0.0934874	0.737368	1.8029	0.0950235
0.2635	1.0225	0.0170104	0.0935948	0.737367	1.80286	0.095128
0.2645	1.02251	0.0170039	0.0937008	0.737367	1.80283	0.0952311
0.2655	1.02253	0.0169974	0.0938053	0.737367	1.8028	0.0953329
0.2665	1.02255	0.0169909	0.0939085	0.737366	1.80277	0.0954332
0.2675	1.02256	0.0169843	0.0940103	0.737366	1.80274	0.0955322
0.2685	1.02258	0.0169776	0.0941107	0.737365	1.80271	0.0956298
0.2695	1.02259	0.0169709	0.0942097	0.737365	1.80268	0.095726
0.2705	1.02261	0.0169641	0.0943073	0.737364	1.80266	0.095821
0.2715	1.02262	0.0169573	0.0944037	0.737364	1.80263	0.0959146
0.2725	1.02264	0.0169505	0.0944987	0.737364	1.80261	0.0960069
0.2735	1.02265	0.0169436	0.0945923	0.737363	1.80258	0.0960978
0.2745	1.02266	0.0169366	0.0946847	0.737363	1.80256	0.0961875
0.2755	1.02267	0.0169296	0.0947758	0.737362	1.80254	0.096276
0.2765	1.02268	0.0169226	0.0948656	0.737362	1.80252	0.0963632
0.2775	1.02269	0.0169156	0.0949541	0.737361	1.8025	0.0964491
0.2785	1.0227	0.0169085	0.0950414	0.737361	1.80248	0.0965338
0.2795	1.02271	0.0169013	0.0951275	0.73736	1.80246	0.0966172
0.2805	1.02272	0.0168942	0.0952123	0.73736	1.80244	0.0966995
0.2815	1.02273	0.016887	0.0952959	0.737359	1.80242	0.0967805
0.2825	1.02274	0.0168798	0.0953782	0.737358	1.8024	0.0968604
0.2835	1.02275	0.0168725	0.0954594	0.737358	1.80239	0.0969391
0.2845	1.02276	0.0168653	0.0955394	0.737357	1.80237	0.0970166
0.2855	1.02277	0.0168579	0.0956183	0.737357	1.80236	0.097093
0.2865	1.02277	0.0168506	0.095696	0.737356	1.80234	0.0971682
0.2875	1.02278	0.0168433	0.0957725	0.737355	1.80233	0.0972423
0.2885	1.02279	0.0168359	0.0958479	0.737355	1.80231	0.0973153
0.2895	1.02279	0.0168285	0.0959222	0.737354	1.8023	0.0973872
0.2905	1.0228	0.0168211	0.0959954	0.737353	1.80229	0.097458
0.2915	1.02281	0.0168136	0.0960675	0.737352	1.80228	0.0975278
0.2925	1.02281	0.0168062	0.0961385	0.737352	1.80226	0.0975964
0.2935	1.02282	0.0167987	0.0962084	0.737351	1.80225	0.097664
0.2945	1.02282	0.0167912	0.0962773	0.73735	1.80224	0.0977306
0.2955	1.02283	0.0167837	0.0963451	0.737349	1.80223	0.0977961
0.2965	1.02283	0.0167761	0.0964119	0.737348	1.80222	0.0978606
0.2975	1.02284	0.0167686	0.0964777	0.737348	1.80221	0.0979241
0.2985	1.02284	0.016761	0.0965424	0.737347	1.8022	0.0979866
0.2995	1.02285	0.0167535	0.0966062	0.737346	1.80219	0.0980481
0.3005	1.02285	0.0167459	0.0966689	0.737345	1.80218	0.0981086
0.3015	1.02285	0.0167383	0.0967307	0.737344	1.80218	0.0981682
0.3025	1.02286	0.0167307	0.0967915	0.737343	1.80217	0.0982268
0.3035	1.02286	0.016723	0.0968513	0.737342	1.80216	0.0982845
0.3045	1.02286	0.0167154	0.0969102	0.737341	1.80215	0.0983412
0.3055	1.02286	0.0167078	0.0969682	0.73734	1.80215	0.0983971
0.3065	1.02287	0.0167001	0.0970252	0.737339	1.80214	0.098452
0.3075	1.02287	0.0166925	0.0970814	0.737338	1.80213	0.098506
0.3085	1.02287	0.0166848	0.0971366	0.737337	1.80212	0.0985591
0.3095	1.02287	0.0166771	0.0971909	0.737336	1.80212	0.0986114
0.3105	1.02288	0.0166694	0.0972444	0.737335	1.80211	0.0986627
0.3115	1.02288	0.0166617	0.097297	0.737334	1.80211	0.0987133
0.3125	1.02288	0.016654	0.0973487	0.737332	1.8021	0.098763
0.3135	1.02288	0.0166463	0.0973995	0.737331	1.80209	0.0988118
0.3145	1.02288	0.0166386	0.0974496	0.73733	1.80209	0.0988598
0.3155	1.02288	0.0166309	0.0974988	0.737329	1.80208	0.098907
0.3165	1.02288	0.0166232	0.0975472	0.737327	1.80208	0.0989534
0.3175	1.02289	0.0166154	0.0975948	0.737326	1.80207	0.098999
0.3185	1.02289	0.0166077	0.0976416	0.737325	1.80207	0.0990439
0.3195	1.02289	0.0166	0.0976876	0.737324	1.80206	0.0990879
0.3205	1.02289	0.0165922	0.0977328	0.737322	1.80206	0.0991312
0.3215	1.02289	0.0165845	0.0977772	0.737321	1.80206	0.0991738
0.3225	1.02289	0.0165767	0.0978209	0.737319	1.80205	0.0992155
0.3235	1.02289	0.016569	0.0978639	0.737318	1.80205	0.0992566
0.3245	1.02289	0.0165612	0.0979061	0.737317	1.80204	0.0992969
0.3255	1.02289	0.0165534	0.0979476	0.737315	1.80204	0.0993365
0.3265	1.02289	0.0165457	0.0979884	0.737314	1.80204	0.0993755
0.3275	1.02289	0.0165379	0.0980284	0.737312	1.80203	0.0994137
0.3285	1.02289	0.0165301	0.0980678	0.73731	1.80203	0.0994512
0.3295	1.02289	0.0165224	0.0981065	0.737309	1.80203	0.099488
0.3305	1.02289	0.0165146	0.0981445	0.737307	1.80202	0.0995242
0.3315	1.02289	0.0165068	0.0981818	0.737306	1.80202	0.0995597
0.3325	1.02289	0.016499	0.0982184	0.737304	1.80202	0.0995946
0.3335	1.02289	0.0164912	0.0982544	0.737302	1.80201	0.0996288
0.3345	1.02289	0.0164835	0.0982898	0.737301	1.80201	0.0996624
0.3355	1.02289	0.0164757	0.0983245	0.737299	1.80201	0.0996953
0.3365	1.02289	0.0164679	0.0983586	0.737297	1.802	0.0997277
0.3375	1.02288	0.0164601	0.0983921	0.737295	1.802	0.0997594
0.3385	1.02288	0.0164523	0.098425	0.737293	1.802	0.0997905
0.3395	1.02288	0.0164445	0.0984572	0.737292	1.80199	0.0998211
0.3405	1.02288	0.0164367	0.0984889	0.73729	1.80199	0.099851
0.3415	1.02288	0.0164289	0.09852	0.737288	1.80199	0.0998804
0.3425	1.02288	0.0164211	0.0985505	0.737286	1.80199	0.0999092
0.3435	1.02288	0.0164133	0.0985805	0.737284	1.80198	0.0999375
0.3445	1.02288	0.0164055	0.0986099	0.737282	1.80198	0.0999652
0.3455	1.02288	0.0163977	0.0986387	0.73728	1.80198	0.0999924
0.3465	1.02287	0.0163899	0.098667	0.737278	1.80198	0.100019
0.3475	1.02287	0.0163821	0.0986947	0.737276	1.80198	0.100045
0.3485	1.02287	0.0163743	0.098722	0.737274	1.80197	0.100071
0.3495	1.02287	0.0163665	0.0987487	0.737272	1.80197	0.100096
0.3505	1.02287	0.0163587	0.0987749	0.73727	1.80197	0.10012
0.3515	1.02287	0.0163509	0.0988006	0.737268	1.80197	0.100144
0.3525	1.02286	0.0163431	0.0988257	0.737265	1.80196	0.100168
0.3535	1.02286	0.0163353	0.0988504	0.737263	1.80196	0.100191
0.3545	1.02286	0.0163275	0.0988747	0.737261	1.80196	0.100214
0.3555	1.02286	0.0163197	0.0988984	0.737259	1.80196	0.100236
0.3565	1.02286	0.0163118	0.0989217	0.737256	1.80195	0.100258
0.3575	1.02285	0.016304	0.0989445	0.737254	1.80195	0.100279
0.3585	1.02285	0.0162962	0.0989668	0.737252	1.80195	0.1003
0.3595	1.02285	0.0162884	0.0989888	0.737249	1.80195	0.10032
0.3605	1.02285	0.0162806	0.0990102	0.737247	1.80195	0.10034
0.3615	1.02285	0.0162727	0.0990312	0.737245	1.80194	0.100359
0.3625	1.02284	0.0162649	0.0990519	0.737242	1.80194	0.100378
0.3635	1.02284	0.0162571	0.099072	0.73724	1.80194	0.100397
0.3645	1.02284	0.0162493	0.0990918	0.737237	1.80194	0.100415
0.3655	1.02284	0.0162414	0.0991112	0.737235	1.80193	0.100433
0.3665	1.02284	0.0162336	0.0991301	0.737232	1.80193	0.100451
0.3675	1.02283	0.0162258	0.0991487	0.73723	1.80193	0.100468
0.3685	1.02283	0.0162179	0.0991668	0.737227	1.80193	0.100484
0.3695	1.02283	0.0162101	0.0991846	0.737224	1.80193	0.100501
0.3705	1.02283	0.0162022	0.099202	0.737222	1.80192	0.100516
0.3715	1.02282	0.0161944	0.0992191	0.737219	1.80192	0.100532
0.3725	1.02282	0.0161866	0.0992357	0.737216	1.80192	0.100547
0.3735	1.02282	0.0161787	0.099252	0.737214	1.80192	0.100562
0.3745	1.02282	0.0161708	0.099268	0.737211	1.80192	0.100577
0.3755	1.02281	0.016163	0.0992836	0.737208	1.80191	0.100591
0.3765	1.02281	0.0161551	0.0992989	0.737205	1.80191	0.100604
0.3775	1.02281	0.0161473	0.0993138	0.737202	1.80191	0.100618
0.3785	1.0228	0.0161394	0.0993284	0.7372	1.80191	0.100631
0.3795	1.0228	0.0161315	0.0993427	0.737197	1.8019	0.100644
0.3805	1.0228	0.0161237	0.0993566	0.737194	1.8019	0.100656
0.3815	1.0228	0.0161158	0.0993702	0.737191	1.8019	0.100669
0.3825	1.02279	0.0161079	0.0993835	0.737188	1.8019	0.10068
0.3835	1.02279	0.0161	0.0993965	0.737185	1.8019	0.100692
0.3845	1.02279	0.0160921	0.0994092	0.737182	1.80189	0.100703
0.3855	1.02278	0.0160842	0.0994217	0.737179	1.80189	0.100714
0.3865	1.02278	0.0160763	0.0994338	0.737176	1.80189	0.100725
0.3875	1.02278	0.0160684	0.0994456	0.737173	1.80189	0.100735
0.3885	1.02278	0.0160605	0.0994571	0.737169	1.80188	0.100746
0.3895	1.02277	0.0160526	0.0994684	0.737166	1.80188	0.100755
0.3905	1.02277	0.0160447	0.0994794	0.737163	1.80188	0.100765
0.3915	1.02277	0.0160368	0.0994901	0.73716	1.80188	0.100774
0.3925	1.02276	0.0160289	0.0995006	0.737157	1.80188	0.100783
0.3935	1.02276	0.0160209	0.0995108	0.737153	1.80187	0.100792
0.3945	1.02276	0.016013	0.0995207	0.73715	1.80187	0.100801
0.3955	1.02275	0.0160051	0.0995304	0.737147	1.80187	0.100809
0.3965	1.02275	0.0159971	0.0995399	0.737143	1.80187	0.100817
0.3975	1.02275	0.0159892	0.0995491	0.73714	1.80186	0.100825
0.3985	1.02274	0.0159812	0.099558	0.737137	1.80186	0.100833
0.3995	1.02274	0.0159733	0.0995668	0.737133	1.80186	0.10084
0.4005	1.02274	0.0159653	0.0995753	0.73713	1.80186	0.100847
0.4015	1.02273	0.0159573	0.0995835	0.737126	1.80185	0.100854
0.4025	1.02273	0.0159493	0.0995916	0.737123	1.80185	0.100861
0.4035	1.02273	0.0159414	0.0995994	0.737119	1.80185	0.100867
0.4045	1.02272	0.0159334	0.099607	0.737116	1.80185	0.100873
0.4055	1.02272	0.0159254	0.0996144	0.737112	1.80184	0.100879
0.4065	1.02272	0.0159174	0.0996216	0.737108	1.80184	0.100885
0.4075	1.02271	0.0159093	0.0996286	0.737105	1.80184	0.100891
0.4085	1.02271	0.0159013	0.0996353	0.737101	1.80184	0.100896
0.4095	1.0227	0.0158933	0.0996419	0.737097	1.80183	0.100901
0.4105	1.0227	0.0158853	0.0996483	0.737094	1.80183	0.100907
0.4115	1.0227	0.0158772	0.0996545	0.73709	1.80183	0.100911
0.4125	1.02269	0.0158692	0.0996605	0.737086	1.80183	0.100916
0.4135	1.02269	0.0158611	0.0996663	0.737082	1.80182	0.10092
0.4145	1.02269	0.0158531	0.0996719	0.737078	1.80182	0.100925
0.4155	1.02268	0.015845	0.0996774	0.737074	1.80182	0.100929
0.4165	1.02268	0.0158369	0.0996826	0.737071	1.80182	0.100933
0.4175	1.02267	0.0158288	0.0996877	0.737067	1.80181	0.100937
0.4185	1.02267	0.0158207	0.0996927	0.737063	1.80181	0.10094
0.4195	1.02267	0.0158126	0.0996974	0.737059	1.80181	0.100944
0.4205	1.02266	0.0158045	0.099702	0.737055	1.8018	0.100947
0.4215	1.02266	0.0157964	0.0997065	0.737051	1.8018	0.10095
0.4225	1.02265	0.0157883	0.0997107	0.737046	1.8018	0.100953
0.4235	1.02265	0.0157801	0.0997148	0.737042	1.8018	0.100956
0.4245	1.02265	0.015772	0.0997188	0.737038	1.80179	0.100958
0.4255	1.02264	0.0157638	0.0997226	0.737034	1.80179	0.100961
0.4265	1.02264	0.0157557	0.0997263	0.73703	1.80179	0.100963
0.4275	1.02263	0.0157475	0.0997298	0.737026	1.80178	0.100965
0.4285	1.02263	0.0157393	0.0997331	0.737021	1.80178	0.100967
0.4295	1.02262	0.0157311	0.0997364	0.737017	1.80178	0.100969
0.4305	1.02262	0.0157229	0.0997395	0.737013	1.80178	0.100971
0.4315	1.02262	0.0157147	0.0997424	0.737009	1.80177	0.100973
0.4325	1.02261	0.0157064	0.0997452	0.737004	1.80177	0.100974
0.4335	1.02261	0.0156982	0.0997479	0.737	1.80177	0.100976
0.4345	1.0226	0.01569	0.0997504	0.736995	1.80176	0.100977
0.4355	1.0226	0.0156817	0.0997529	0.736991	1.80176	0.100978
0.4365	1.02259	0.0156734	0.0997552	0.736987	1.80176	0.100979
0.4375	1.02259	0.0156652	0.0997573	0.736982	1.80175	0.10098
0.4385	1.02258	0.0156569	0.0997594	0.736978	1.80175	0.100981
0.4395	1.02258	0.0156486	0.0997613	0.736973	1.80175	0.100981
0.4405	1.02258	0.0156403	0.0997631	0.736968	1.80175	0.100982
0.4415	1.02257	0.0156319	0.0997648	0.736964	1.80174	0.100982
0.4425	1.02257	0.0156236	0.0997664	0.736959	1.80174	0.100982
0.4435	1.02256	0.0156153	0.0997678	0.736955	1.80174	0.100982
0.4445	1.02256	0.0156069	0.0997692	0.73695	1.80173	0.100983
0.4455	1.02255	0.0155985	0.0997705	0.736945	1.80173	0.100982
0.4465	1.02255	0.0155902	0.0997716	0.73694	1.80173	0.100982
0.4475	1.02254	0.0155818	0.0997726	0.736936	1.80172	0.100982
0.4485	1.02254	0.0155734	0.0997736	0.736931	1.80172	0.100982
0.4495	1.02253	0.0155649	0.0997744	0.736926	1.80172	0.100981
0.4505	1.02253	0.0155565	0.0997751	0.736921	1.80171	0.100981
0.4515	1.02252	0.0155481	0.0997758	0.736916	1.80171	0.10098
0.4525	1.02252	0.0155396	0.0997763	0.736911	1.80171	0.100979
0.4535	1.02251	0.0155311	0.0997767	0.736906	1.8017	0.100978
0.4545	1.02251	0.0155227	0.0997771	0.736901	1.8017	0.100977
0.4555	1.0225	0.0155142	0.0997774	0.736896	1.8017	0.100976
0.4565	1.0225	0.0155056	0.0997775	0.736891	1.80169	0.100975
0.4575	1.02249	0.0154971	0.0997776	0.736886	1.80169	0.100974
0.4585	1.02249	0.0154886	0.0997776	0.736881	1.80169	0.100973
0.4595	1.02248	0.01548	0.0997775	0.736876	1.80168	0.100971
0.4605	1.02248	0.0154715	0.0997773	0.736871	1.80168	0.10097
0.4615	1.02247	0.0154629	0.0997771	0.736866	1.80167	0.100968
0.4625	1.02247	0.0154543	0.0997767	0.73686	1.80167	0.100966
0.4635	1.02246	0.0154457	0.0997763	0.736855	1.80167	0.100965
0.4645	1.02246	0.0154371	0.0997758	0.73685	1.80166	0.100963
0.4655	1.02245	0.0154284	0.0997752	0.736844	1.80166	0.100961
0.4665	1.02245	0.0154198	0.0997745	0.736839	1.80166	0.100959
0.4675	1.02244	0.0154111	0.0997737	0.736834	1.80165	0.100957
0.4685	1.02244	0.0154024	0.0997729	0.736828	1.80165	0.100955
0.4695	1.02243	0.0153937	0.0997719	0.736823	1.80165	0.100952
0.4705	1.02242	0.015385	0.0997709	0.736817	1.80164	0.10095
0.4715	1.02242	0.0153763	0.0997697	0.736812	1.80164	0.100948
0.4725	1.02241	0.0153676	0.0997684	0.736806	1.80163	0.100945
0.4735	1.02241	0.0153588	0.099767	0.736801	1.80163	0.100942
0.4745	1.0224	0.01535	0.0997655	0.736795	1.80163	0.100939
0.4755	1.0224	0.0153412	0.0997638	0.736789	1.80162	0.100936
0.4765	1.02239	0.0153324	0.0997619	0.736783	1.80162	0.100933
0.4775	1.02238	0.0153236	0.0997598	0.736778	1.80162	0.10093
0.4785	1.02238	0.0153148	0.0997576	0.736772	1.80161	0.100926
0.4795	1.02237	0.0153059	0.0997551	0.736766	1.80161	0.100922
0.4805	1.02237	0.0152971	0.0997524	0.73676	1.8016	0.100918
0.4815	1.02236	0.0152882	0.0997494	0.736753	1.8016	0.100914
0.4825	1.02235	0.0152793	0.0997462	0.736747	1.8016	0.10091
0.4835	1.02235	0.0152704	0.0997428	0.736741	1.80159	0.100905
0.4845	1.02234	0.0152615	0.099739	0.736734	1.80159	0.1009
0.4855	1.02233	0.0152526	0.0997351	0.736728	1.80159	0.100895
0.4865	1.02232	0.0152437	0.0997309	0.736721	1.80158	0.100889
0.4875	1.02232	0.0152347	0.0997266	0.736714	1.80158	0.100884
0.4885	1.02231	0.0152258	0.0997221	0.736708	1.80158	0.100878
0.4895	1.0223	0.0152169	0.0997179	0.736702	1.80158	0.100872
0.4905	1.02229	0.015208	0.0997144	0.736695	1.80158	0.100868
0.4915	1.02228	0.0151994	0.0997122	0.736687	1.80158	0.100864
0.4925	1.02227	0.0151909	0.0997112	0.736675	1.80157	0.100862
0.4935	1.02224	0.0151829	0.0997116	0.736653	1.80156	0.100861
0.4945	1.02219	0.0151744	0.0997135	0.736607	1.80153	0.100862
0.4955	1.02209	0.0151643	0.0997172	0.736503	1.80146	0.100864
0.4965	1.02182	0.0151488	0.099724	0.736234	1.80128	0.100868
0.4975	1.02112	0.01511	0.0997481	0.735529	1.80079	0.100886
0.4985	1.01898	0.0149682	0.0998266	0.733361	1.79926	0.100943
0.4995	1.01228	0.0128233	0.0999432	0.726623	1.79452	0.100762
