x	rho	u	v	p	e	uMax
-0.4995	0.999492	0.000455747	-0.1	0.713778	1.78535	0.100001
-0.4985	0.999305	0.000608921	-0.0999988	0.713593	1.78522	0.100001
-0.4975	0.999287	0.000623967	-0.0999962	0.713576	1.78521	0.0999981
-0.4965	0.999282	0.000629835	-0.099992	0.713571	1.78521	0.099994
-0.4955	0.999278	0.00063468	-0.0999863	0.713568	1.78521	0.0999883
-0.4945	0.999274	0.000639145	-0.0999793	0.713564	1.78521	0.0999813
-0.4935	0.999271	0.000643297	-0.0999717	0.713561	1.7852	0.0999738
-0.4925	0.999268	0.000647153	-0.0999645	0.713558	1.7852	0.0999666
-0.4915	0.999265	0.000650712	-0.099958	0.713555	1.7852	0.0999601
-0.4905	0.999262	0.00065398	-0.0999524	0.713552	1.7852	0.0999545
-0.4895	0.99926	0.000656961	-0.0999478	0.71355	1.7852	0.0999499
-0.4885	0.999258	0.000659659	-0.0999443	0.713548	1.7852	0.0999465
-0.4875	0.999256	0.000662073	-0.099942	0.713546	1.78519	0.0999442
-0.4865	0.999255	0.000664215	-0.099941	0.713545	1.78519	0.0999432
-0.4855	0.999254	0.000666114	-0.0999408	0.713544	1.78519	0.099943
-0.4845	0.999254	0.000667739	-0.0999415	0.713544	1.78519	0.0999437
-0.4835	0.999254	0.000669052	-0.0999425	0.713544	1.78519	0.0999447
-0.4825	0.999254	0.000670114	-0.099943	0.713544	1.78519	0.0999453
-0.4815	0.999254	0.000670895	-0.0999434	0.713544	1.78519	0.0999457
-0.4805	0.999255	0.000671325	-0.0999449	0.713545	1.78519	0.0999472
-0.4795	0.999257	0.000671462	-0.0999478	0.713546	1.78519	0.09995
-0.4785	0.999258	0.000671414	-0.0999514	0.713548	1.78519	0.0999537
-0.4775	0.999261	0.000671139	-0.0999557	0.71355	1.78519	0.0999579
-0.4765	0.999264	0.000670574	-0.0999604	0.713552	1.78519	0.0999626
-0.4755	0.999267	0.000669762	-0.0999654	0.713555	1.7852	0.0999676
-0.4745	0.99927	0.00066869	-0.0999704	0.713558	1.7852	0.0999726
-0.4735	0.999274	0.000667364	-0.0999751	0.713562	1.7852	0.0999773
-0.4725	0.999278	0.000665788	-0.0999795	0.713566	1.7852	0.0999817
-0.4715	0.999282	0.000663963	-0.0999835	0.71357	1.78521	0.0999857
-0.4705	0.999287	0.000661892	-0.0999872	0.713574	1.78521	0.0999894
-0.4695	0.999292	0.000659575	-0.0999904	0.713579	1.78521	0.0999926
-0.4685	0.999297	0.000657019	-0.0999932	0.713584	1.78522	0.0999953
-0.4675	0.999302	0.000654226	-0.0999956	0.71359	1.78522	0.0999977
-0.4665	0.999308	0.000651199	-0.0999976	0.713596	1.78522	0.0999997
-0.4655	0.999314	0.000647944	-0.0999992	0.713602	1.78523	0.100001
-0.4645	0.99932	0.000644463	-0.100001	0.713608	1.78523	0.100003
-0.4635	0.999327	0.000640762	-0.100001	0.713614	1.78524	0.100004
-0.4625	0.999334	0.000636843	-0.100002	0.713621	1.78524	0.100004
-0.4615	0.999341	0.000632711	-0.100003	0.713628	1.78525	0.100005
-0.4605	0.999348	0.000628369	-0.100003	0.713635	1.78525	0.100005
-0.4595	0.999355	0.000623821	-0.100003	0.713643	1.78526	0.100005
-0.4585	0.999363	0.000619068	-0.100003	0.713651	1.78526	0.100005
-0.4575	0.999371	0.000614113	-0.100003	0.713659	1.78527	0.100005
-0.4565	0.99938	0.000608957	-0.100003	0.713667	1.78528	0.100005
-0.4555	0.999388	0.000603604	-0.100002	0.713675	1.78528	0.100004
-0.4545	0.999397	0.000598057	-0.100002	0.713684	1.78529	0.100004
-0.4535	0.999406	0.000592319	-0.100002	0.713693	1.78529	0.100004
-0.4525	0.999415	0.000586391	-0.100002	0.713702	1.7853	0.100003
-0.4515	0.999425	0.000580279	-0.100001	0.713712	1.78531	0.100003
-0.4505	0.999434	0.00057399	-0.100001	0.713722	1.78531	0.100003
-0.4495	0.999444	0.000567525	-0.100001	0.713732	1.78532	0.100003
-0.4485	0.999454	0.000560888	-0.100001	0.713742	1.78533	0.100002
-0.4475	0.999465	0.00055408	-0.100001	0.713752	1.78534	0.100002
-0.4465	0.999475	0.000547103	-0.1	0.713763	1.78534	0.100002
-0.4455	0.999486	0.000539958	-0.1	0.713774	1.78535	0.100002
-0.4445	0.999497	0.000532647	-0.1	0.713785	1.78536	0.100002
-0.4435	0.999509	0.000525169	-0.1	0.713796	1.78537	0.100002
-0.4425	0.99952	0.000517529	-0.1	0.713808	1.78538	0.100001
-0.4415	0.999532	0.000509728	-0.1	0.713819	1.78538	0.100001
-0.4405	0.999544	0.000501772	-0.1	0.713831	1.78539	0.100001
-0.4395	0.999556	0.000493663	-0.1	0.713843	1.7854	0.100001
-0.4385	0.999568	0.000485406	-0.1	0.713856	1.78541	0.100001
-0.4375	0.999581	0.000477005	-0.1	0.713868	1.78542	0.100001
-0.4365	0.999594	0.000468465	-0.1	0.713881	1.78543	0.100001
-0.4355	0.999607	0.00045979	-0.1	0.713894	1.78544	0.100001
-0.4345	0.99962	0.000450984	-0.1	0.713907	1.78545	0.100001
-0.4335	0.999633	0.000442051	-0.1	0.713921	1.78546	0.100001
-0.4325	0.999647	0.000432994	-0.1	0.713934	1.78547	0.100001
-0.4315	0.99966	0.000423816	-0.1	0.713948	1.78548	0.100001
-0.4305	0.999674	0.000414521	-0.1	0.713962	1.78549	0.100001
-0.4295	0.999688	0.000405112	-0.1	0.713976	1.7855	0.100001
-0.4285	0.999702	0.000395591	-0.1	0.71399	1.78551	0.100001
-0.4275	0.999717	0.000385961	-0.1	0.714004	1.78552	0.100001
-0.4265	0.999731	0.000376223	-0.1	0.714019	1.78553	0.100001
-0.4255	0.999746	0.00036638	-0.1	0.714033	1.78554	0.100001
-0.4245	0.999761	0.000356434	-0.1	0.714048	1.78555	0.100001
-0.4235	0.999776	0.000346386	-0.1	0.714063	1.78556	0.100001
-0.4225	0.999791	0.000336239	-0.1	0.714078	1.78557	0.100001
-0.4215	0.999806	0.000325995	-0.1	0.714094	1.78558	0.100001
-0.4205	0.999822	0.000315656	-0.1	0.714109	1.78559	0.100001
-0.4195	0.999837	0.000305224	-0.1	0.714125	1.7856	0.100001
-0.4185	0.999853	0.000294702	-0.1	0.714141	1.78561	0.100001
-0.4175	0.999869	0.000284093	-0.1	0.714156	1.78562	0.1
-0.4165	0.999885	0.000273402	-0.1	0.714172	1.78564	0.1
-0.4155	0.999901	0.000262632	-0.1	0.714189	1.78565	0.1
-0.4145	0.999918	0.000251787	-0.1	0.714205	1.78566	0.1
-0.4135	0.999934	0.000240871	-0.1	0.714221	1.78567	0.1
-0.4125	0.999951	0.00022989	-0.1	0.714238	1.78568	0.1
-0.4115	0.999967	0.000218846	-0.1	0.714255	1.7857	0.1
-0.4105	0.999984	0.000207746	-0.1	0.714271	1.78571	0.1
-0.4095	1	0.000196593	-0.1	0.714288	1.78572	0.1
-0.4085	1.00002	0.00018539	-0.1	0.714305	1.78573	0.1
-0.4075	1.00004	0.00017414	-0.1	0.714322	1.78574	0.1
-0.4065	1.00005	0.000162848	-0.1	0.71434	1.78576	0.1
-0.4055	1.00007	0.000151514	-0.1	0.714357	1.78577	0.1
-0.4045	1.00009	0.000140141	-0.1	0.714374	1.78578	0.1
-0.4035	1.0001	0.000128729	-0.1	0.714392	1.78579	0.1
-0.4025	1.00012	0.000117281	-0.1	0.714409	1.78581	0.1
-0.4015	1.00014	0.000105796	-0.1	0.714427	1.78582	0.1
-0.4005	1.00016	9.42744e-05	-0.1	0.714445	1.78583	0.1
-0.3995	1.00018	8.27171e-05	-0.1	0.714463	1.78584	0.1
-0.3985	1.00019	7.11245e-05	-0.1	0.714481	1.78586	0.1
-0.3975	1.00021	5.94972e-05	-0.1	0.714499	1.78587	0.1
-0.3965	1.00023	4.78367e-05	-0.1	0.714517	1.78588	0.1
-0.3955	1.00025	3.61444e-05	-0.1	0.714535	1.7859	0.1
-0.3945	1.00027	2.44229e-05	-0.1	0.714553	1.78591	0.1
-0.3935	1.00028	1.26749e-05	-0.1	0.714572	1.78592	0.1
-0.3925	1.0003	9.0391e-07	-0.1	0.71459	1.78593	0.1
-0.3915	1.00032	-1.0886e-05	-0.1	0.714609	1.78595	0.1
-0.3905	1.00034	-2.26906e-05	-0.1	0.714627	1.78596	0.1
-0.3895	1.00036	-3.45053e-05	-0.1	0.714646	1.78597	0.1
-0.3885	1.00038	-4.63256e-05	-0.1	0.714665	1.78599	0.1
-0.3875	1.0004	-5.81466e-05	-0.1	0.714684	1.786	0.1
-0.3865	1.00041	-6.99636e-05	-0.1	0.714702	1.78601	0.1
-0.3855	1.00043	-8.17726e-05	-0.1	0.714721	1.78603	0.1
-0.3845	1.00045	-9.35709e-05	-0.1	0.71474	1.78604	0.1
-0.3835	1.00047	-0.000105356	-0.1	0.714759	1.78606	0.1
-0.3825	1.00049	-0.000117127	-0.1	0.714778	1.78607	0.1
-0.3815	1.00051	-0.000128883	-0.1	0.714797	1.78608	0.1
-0.3805	1.00053	-0.000140623	-0.1	0.714816	1.7861	0.1
-0.3795	1.00055	-0.000152348	-0.1	0.714835	1.78611	0.1
-0.3785	1.00057	-0.000164058	-0.1	0.714854	1.78612	0.1
-0.3775	1.00059	-0.000175755	-0.1	0.714874	1.78614	0.1
-0.3765	1.00061	-0.00018744	-0.1	0.714893	1.78615	0.1
-0.3755	1.00062	-0.00019911	-0.1	0.714912	1.78616	0.1
-0.3745	1.00064	-0.000210769	-0.1	0.714931	1.78618	0.1
-0.3735	1.00066	-0.000222415	-0.1	0.714951	1.78619	0.1
-0.3725	1.00068	-0.000234045	-0.1	0.71497	1.78621	0.1
-0.3715	1.0007	-0.000245659	-0.1	0.714989	1.78622	0.1
-0.3705	1.00072	-0.000257253	-0.1	0.715009	1.78623	0.1
-0.3695	1.00074	-0.000268822	-0.1	0.715028	1.78625	0.1
-0.3685	1.00076	-0.000280364	-0.1	0.715048	1.78626	0.1
-0.3675	1.00078	-0.000291872	-0.1	0.715067	1.78628	0.100001
-0.3665	1.0008	-0.000303343	-0.1	0.715086	1.78629	0.100001
-0.3655	1.00082	-0.000314769	-0.1	0.715106	1.7863	0.100001
-0.3645	1.00084	-0.000326148	-0.1	0.715125	1.78632	0.100001
-0.3635	1.00086	-0.000337474	-0.1	0.715145	1.78633	0.100001
-0.3625	1.00088	-0.000348746	-0.1	0.715164	1.78634	0.100001
-0.3615	1.0009	-0.000359962	-0.1	0.715184	1.78636	0.100001
-0.3605	1.00092	-0.00037112	-0.1	0.715203	1.78637	0.100001
-0.3595	1.00093	-0.000382222	-0.1	0.715223	1.78639	0.100001
-0.3585	1.00095	-0.000393266	-0.1	0.715242	1.7864	0.100001
-0.3575	1.00097	-0.000404256	-0.1	0.715261	1.78641	0.100001
-0.3565	1.00099	-0.000415192	-0.1	0.715281	1.78643	0.100001
-0.3555	1.00101	-0.000426076	-0.1	0.7153	1.78644	0.100001
-0.3545	1.00103	-0.00043691	-0.1	0.715319	1.78646	0.100001
-0.3535	1.00105	-0.000447696	-0.1	0.715339	1.78647	0.100001
-0.3525	1.00107	-0.000458435	-0.1	0.715358	1.78648	0.100001
-0.3515	1.00109	-0.000469127	-0.1	0.715378	1.7865	0.100001
-0.3505	1.00111	-0.000479772	-0.1	0.715397	1.78651	0.100001
-0.3495	1.00113	-0.00049037	-0.1	0.715416	1.78652	0.100001
-0.3485	1.00115	-0.000500919	-0.1	0.715436	1.78654	0.100001
-0.3475	1.00117	-0.000511415	-0.1	0.715455	1.78655	0.100001
-0.3465	1.00119	-0.000521857	-0.1	0.715474	1.78657	0.100001
-0.3455	1.00121	-0.00053224	-0.1	0.715494	1.78658	0.100001
-0.3445	1.00123	-0.00054256	-0.1	0.715513	1.78659	0.100002
-0.3435	1.00124	-0.000552813	-0.1	0.715532	1.78661	0.100002
-0.3425	1.00126	-0.000562994	-0.1	0.715551	1.78662	0.100002
-0.3415	1.00128	-0.000573101	-0.1	0.71557	1.78663	0.100002
-0.3405	1.0013	-0.000583128	-0.1	0.71559	1.78665	0.100002
-0.3395	1.00132	-0.000593073	-0.1	0.715609	1.78666	0.100002
-0.3385	1.00134	-0.000602934	-0.1	0.715628	1.78668	0.100002
-0.3375	1.00136	-0.000612709	-0.1	0.715647	1.78669	0.100002
-0.3365	1.00138	-0.000622397	-0.1	0.715666	1.7867	0.100002
-0.3355	1.0014	-0.000631997	-0.1	0.715685	1.78672	0.100002
-0.3345	1.00142	-0.00064151	-0.1	0.715703	1.78673	0.100002
-0.3335	1.00143	-0.000650937	-0.1	0.715722	1.78674	0.100002
-0.3325	1.00145	-0.000660278	-0.1	0.715741	1.78676	0.100002
-0.3315	1.00147	-0.000669535	-0.1	0.71576	1.78677	0.100002
-0.3305	1.00149	-0.00067871	-0.1	0.715778	1.78678	0.100002
-0.3295	1.00151	-0.000687804	-0.1	0.715797	1.7868	0.100002
-0.3285	1.00153	-0.000696818	-0.1	0.715815	1.78681	0.100002
-0.3275	1.00155	-0.000705753	-0.1	0.715834	1.78682	0.100003
-0.3265	1.00156	-0.000714612	-0.1	0.715852	1.78684	0.100003
-0.3255	1.00158	-0.000723393	-0.1	0.715871	1.78685	0.100003
-0.3245	1.0016	-0.000732097	-0.1	0.715889	1.78686	0.100003
-0.3235	1.00162	-0.000740725	-0.1	0.715907	1.78687	0.100003
-0.3225	1.00164	-0.000749276	-0.1	0.715926	1.78689	0.100003
-0.3215	1.00166	-0.00075775	-0.1	0.715944	1.7869	0.100003
-0.3205	1.00167	-0.000766145	-0.1	0.715962	1.78691	0.100003
-0.3195	1.00169	-0.000774461	-0.1	0.71598	1.78693	0.100003
-0.3185	1.00171	-0.000782697	-0.1	0.715998	1.78694	0.100003
-0.3175	1.00173	-0.000790851	-0.1	0.716016	1.78695	0.100003
-0.3165	1.00175	-0.000798923	-0.1	0.716034	1.78697	0.100003
-0.3155	1.00176	-0.000806909	-0.1	0.716052	1.78698	0.100003
-0.3145	1.00178	-0.00081481	-0.1	0.71607	1.78699	0.100003
-0.3135	1.0018	-0.000822622	-0.1	0.716088	1.787	0.100003
-0.3125	1.00182	-0.000830344	-0.1	0.716106	1.78702	0.100004
-0.3115	1.00184	-0.000837974	-0.1	0.716123	1.78703	0.100004
-0.3105	1.00185	-0.000845508	-0.1	0.716141	1.78704	0.100004
-0.3095	1.00187	-0.000852945	-0.1	0.716159	1.78705	0.100004
-0.3085	1.00189	-0.000860283	-0.1	0.716176	1.78707	0.100004
-0.3075	1.00191	-0.000867518	-0.1	0.716193	1.78708	0.100004
-0.3065	1.00192	-0.00087465	-0.1	0.716211	1.78709	0.100004
-0.3055	1.00194	-0.000881676	-0.1	0.716228	1.7871	0.100004
-0.3045	1.00196	-0.000888594	-0.1	0.716245	1.78712	0.100004
-0.3035	1.00197	-0.000895405	-0.1	0.716262	1.78713	0.100004
-0.3025	1.00199	-0.000902108	-0.1	0.716279	1.78714	0.100004
-0.3015	1.00201	-0.000908704	-0.1	0.716296	1.78715	0.100004
-0.3005	1.00202	-0.000915193	-0.1	0.716313	1.78716	0.100004
-0.2995	1.00204	-0.000921579	-0.1	0.71633	1.78718	0.100004
-0.2985	1.00206	-0.000927864	-0.1	0.716346	1.78719	0.100004
-0.2975	1.00207	-0.00093405	-0.1	0.716363	1.7872	0.100004
-0.2965	1.00209	-0.000940143	-0.1	0.716379	1.78721	0.100004
-0.2955	1.00211	-0.000946145	-0.1	0.716396	1.78722	0.100005
-0.2945	1.00212	-0.00095206	-0.1	0.716412	1.78723	0.100005
-0.2935	1.00214	-0.000957893	-0.1	0.716428	1.78725	0.100005
-0.2925	1.00216	-0.000963646	-0.1	0.716445	1.78726	0.100005
-0.2915	1.00217	-0.000969321	-0.1	0.716461	1.78727	0.100005
-0.2905	1.00219	-0.00097492	-0.1	0.716477	1.78728	0.100005
-0.2895	1.0022	-0.000980442	-0.1	0.716493	1.78729	0.100005
-0.2885	1.00222	-0.000985887	-0.1	0.716509	1.7873	0.100005
-0.2875	1.00224	-0.000991251	-0.1	0.716525	1.78732	0.100005
-0.2865	1.00225	-0.000996533	-0.1	0.716541	1.78733	0.100005
-0.2855	1.00227	-0.00100173	-0.1	0.716557	1.78734	0.100005
-0.2845	1.00228	-0.00100682	-0.1	0.716572	1.78735	0.100005
-0.2835	1.0023	-0.00101182	-0.1	0.716588	1.78736	0.100005
-0.2825	1.00232	-0.00101672	-0.1	0.716604	1.78737	0.100005
-0.2815	1.00233	-0.0010215	-0.1	0.716619	1.78738	0.100005
-0.2805	1.00235	-0.00102617	-0.1	0.716635	1.78739	0.100005
-0.2795	1.00236	-0.00103072	-0.1	0.71665	1.7874	0.100005
-0.2785	1.00238	-0.00103514	-0.1	0.716665	1.78741	0.100005
-0.2775	1.00239	-0.00103945	-0.1	0.71668	1.78743	0.100005
-0.2765	1.00241	-0.00104362	-0.1	0.716695	1.78744	0.100005
-0.2755	1.00242	-0.00104768	-0.1	0.71671	1.78745	0.100006
-0.2745	1.00244	-0.00105162	-0.1	0.716724	1.78746	0.100006
-0.2735	1.00245	-0.00105545	-0.1	0.716739	1.78747	0.100006
-0.2725	1.00246	-0.00105916	-0.1	0.716754	1.78748	0.100006
-0.2715	1.00248	-0.00106278	-0.1	0.716768	1.78749	0.100006
-0.2705	1.00249	-0.00106631	-0.1	0.716782	1.7875	0.100006
-0.2695	1.00251	-0.00106975	-0.1	0.716797	1.78751	0.100006
-0.2685	1.00252	-0.00107311	-0.1	0.716811	1.78752	0.100006
-0.2675	1.00254	-0.0010764	-0.1	0.716825	1.78753	0.100006
-0.2665	1.00255	-0.00107961	-0.1	0.716839	1.78754	0.100006
-0.2655	1.00256	-0.00108276	-0.1	0.716853	1.78755	0.100006
-0.2645	1.00258	-0.00108585	-0.1	0.716867	1.78756	0.100006
-0.2635	1.00259	-0.00108886	-0.1	0.716881	1.78757	0.100006
-0.2625	1.00261	-0.00109181	-0.1	0.716895	1.78758	0.100006
-0.2615	1.00262	-0.00109468	-0.1	0.716909	1.78759	0.100006
-0.2605	1.00263	-0.00109747	-0.1	0.716922	1.7876	0.100006
-0.2595	1.00265	-0.00110018	-0.1	0.716936	1.78761	0.100006
-0.2585	1.00266	-0.00110279	-0.1	0.716949	1.78762	0.100006
-0.2575	1.00267	-0.0011053	-0.1	0.716963	1.78763	0.100006
-0.2565	1.00269	-0.00110772	-0.1	0.716976	1.78764	0.100006
-0.2555	1.0027	-0.00111002	-0.1	0.71699	1.78765	0.100006
-0.2545	1.00271	-0.00111221	-0.1	0.717003	1.78766	0.100006
-0.2535	1.00273	-0.00111428	-0.1	0.717016	1.78766	0.100006
-0.2525	1.00274	-0.00111625	-0.1	0.717029	1.78767	0.100006
-0.2515	1.00275	-0.0011181	-0.1	0.717041	1.78768	0.100006
-0.2505	1.00277	-0.00111985	-0.1	0.717054	1.78769	0.100006
-0.2495	1.00278	-0.00112149	-0.1	0.717067	1.7877	0.100006
-0.2485	1.00279	-0.00112303	-0.1	0.717079	1.78771	0.100006
-0.2475	1.0028	-0.00112449	-0.1	0.717092	1.78772	0.100006
-0.2465	1.00281	-0.00112586	-0.1	0.717104	1.78773	0.100006
-0.2455	1.00283	-0.00112715	-0.1	0.717116	1.78774	0.100006
-0.2445	1.00284	-0.00112837	-0.1	0.717129	1.78775	0.100006
-0.2435	1.00285	-0.00112952	-0.1	0.717141	1.78775	0.100006
-0.2425	1.00286	-0.0011306	-0.1	0.717153	1.78776	0.100006
-0.2415	1.00288	-0.00113162	-0.1	0.717165	1.78777	0.100006
-0.2405	1.00289	-0.00113258	-0.1	0.717177	1.78778	0.100006
-0.2395	1.0029	-0.00113347	-0.1	0.717189	1.78779	0.100006
-0.2385	1.00291	-0.00113428	-0.1	0.7172	1.7878	0.100006
-0.2375	1.00292	-0.00113502	-0.1	0.717212	1.7878	0.100006
-0.2365	1.00293	-0.00113568	-0.1	0.717224	1.78781	0.100006
-0.2355	1.00295	-0.00113625	-0.1	0.717235	1.78782	0.100006
-0.2345	1.00296	-0.00113672	-0.1	0.717247	1.78783	0.100006
-0.2335	1.00297	-0.00113708	-0.1	0.717258	1.78784	0.100006
-0.2325	1.00298	-0.00113733	-0.1	0.717269	1.78785	0.100006
-0.2315	1.00299	-0.00113746	-0.1	0.71728	1.78785	0.100006
-0.2305	1.003	-0.00113749	-0.1	0.717291	1.78786	0.100006
-0.2295	1.00301	-0.00113744	-0.1	0.717302	1.78787	0.100006
-0.2285	1.00302	-0.00113728	-0.1	0.717313	1.78788	0.100006
-0.2275	1.00303	-0.001137	-0.1	0.717324	1.78788	0.100006
-0.2265	1.00304	-0.00113662	-0.1	0.717334	1.78789	0.100006
-0.2255	1.00306	-0.00113615	-0.1	0.717345	1.7879	0.100006
-0.2245	1.00307	-0.0011356	-0.1	0.717355	1.78791	0.100006
-0.2235	1.00308	-0.00113498	-0.1	0.717365	1.78791	0.100006
-0.2225	1.00309	-0.00113429	-0.1	0.717376	1.78792	0.100006
-0.2215	1.0031	-0.00113354	-0.1	0.717386	1.78793	0.100006
-0.2205	1.00311	-0.00113274	-0.1	0.717396	1.78794	0.100006
-0.2195	1.00312	-0.00113189	-0.1	0.717406	1.78794	0.100006
-0.2185	1.00313	-0.001131	-0.1	0.717416	1.78795	0.100006
-0.2175	1.00314	-0.00113008	-0.1	0.717426	1.78796	0.100006
-0.2165	1.00315	-0.00112911	-0.1	0.717436	1.78796	0.100006
-0.2155	1.00316	-0.0011281	-0.1	0.717445	1.78797	0.100006
-0.2145	1.00317	-0.00112704	-0.1	0.717455	1.78798	0.100006
-0.2135	1.00318	-0.00112592	-0.1	0.717465	1.78798	0.100006
-0.2125	1.00318	-0.00112474	-0.1	0.717475	1.78799	0.100006
-0.2115	1.00319	-0.00112347	-0.1	0.717484	1.788	0.100006
-0.2105	1.0032	-0.00112212	-0.1	0.717493	1.78801	0.100006
-0.2095	1.00321	-0.00112066	-0.1	0.717503	1.78801	0.100006
-0.2085	1.00322	-0.0011191	-0.1	0.717512	1.78802	0.100006
-0.2075	1.00323	-0.00111742	-0.1	0.717521	1.78802	0.100006
-0.2065	1.00324	-0.00111562	-0.1	0.71753	1.78803	0.100006
-0.2055	1.00325	-0.0011137	-0.1	0.717539	1.78804	0.100006
-0.2045	1.00326	-0.00111166	-0.1	0.717548	1.78804	0.100006
-0.2035	1.00327	-0.0011095	-0.1	0.717556	1.78805	0.100006
-0.2025	1.00327	-0.00110724	-0.1	0.717564	1.78806	0.100006
-0.2015	1.00328	-0.00110488	-0.1	0.717573	1.78806	0.100006
-0.2005	1.00329	-0.00110243	-0.1	0.717581	1.78807	0.100006
-0.1995	1.0033	-0.0010999	-0.1	0.717589	1.78807	0.100006
-0.1985	1.00331	-0.00109731	-0.1	0.717597	1.78808	0.100006
-0.1975	1.00332	-0.00109468	-0.1	0.717605	1.78808	0.100006
-0.1965	1.00332	-0.00109201	-0.1	0.717613	1.78809	0.100006
-0.1955	1.00333	-0.00108931	-0.1	0.717621	1.7881	0.100006
-0.1945	1.00334	-0.00108661	-0.1	0.717629	1.7881	0.100006
-0.1935	1.00335	-0.0010839	-0.1	0.717636	1.78811	0.100006
-0.1925	1.00335	-0.00108119	-0.1	0.717644	1.78811	0.100006
-0.1915	1.00336	-0.00107849	-0.1	0.717652	1.78812	0.100006
-0.1905	1.00337	-0.00107578	-0.1	0.71766	1.78812	0.100006
-0.1895	1.00338	-0.00107307	-0.1	0.717668	1.78813	0.100006
-0.1885	1.00339	-0.00107033	-0.1	0.717675	1.78813	0.100006
-0.1875	1.00339	-0.00106757	-0.1	0.717683	1.78814	0.100006
-0.1865	1.0034	-0.00106475	-0.1	0.71769	1.78815	0.100006
-0.1855	1.00341	-0.00106188	-0.1	0.717698	1.78815	0.100006
-0.1845	1.00342	-0.00105892	-0.1	0.717705	1.78816	0.100006
-0.1835	1.00342	-0.00105587	-0.1	0.717713	1.78816	0.100006
-0.1825	1.00343	-0.00105271	-0.1	0.71772	1.78817	0.100006
-0.1815	1.00344	-0.00104943	-0.1	0.717727	1.78817	0.100006
-0.1805	1.00344	-0.00104603	-0.1	0.717734	1.78818	0.100005
-0.1795	1.00345	-0.00104251	-0.1	0.71774	1.78818	0.100005
-0.1785	1.00346	-0.00103885	-0.1	0.717747	1.78819	0.100005
-0.1775	1.00346	-0.00103507	-0.1	0.717753	1.78819	0.100005
-0.1765	1.00347	-0.00103115	-0.1	0.71776	1.78819	0.100005
-0.1755	1.00348	-0.00102713	-0.1	0.717766	1.7882	0.100005
-0.1745	1.00348	-0.00102299	-0.1	0.717772	1.7882	0.100005
-0.1735	1.00349	-0.00101876	-0.1	0.717777	1.78821	0.100005
-0.1725	1.00349	-0.00101447	-0.1	0.717783	1.78821	0.100005
-0.1715	1.0035	-0.00101012	-0.1	0.717789	1.78822	0.100005
-0.1705	1.0035	-0.00100575	-0.1	0.717794	1.78822	0.100005
-0.1695	1.00351	-0.00100138	-0.1	0.7178	1.78822	0.100005
-0.1685	1.00352	-0.000997031	-0.1	0.717806	1.78823	0.100005
-0.1675	1.00352	-0.000992726	-0.1	0.717811	1.78823	0.100005
-0.1665	1.00353	-0.000988474	-0.1	0.717817	1.78824	0.100005
-0.1655	1.00353	-0.000984282	-0.1	0.717822	1.78824	0.100005
-0.1645	1.00354	-0.000980153	-0.1	0.717828	1.78824	0.100005
-0.1635	1.00354	-0.000976079	-0.1	0.717834	1.78825	0.100005
-0.1625	1.00355	-0.000972044	-0.1	0.717839	1.78825	0.100005
-0.1615	1.00355	-0.000968025	-0.1	0.717845	1.78826	0.100005
-0.1605	1.00356	-0.000964001	-0.1	0.717851	1.78826	0.100005
-0.1595	1.00357	-0.000959951	-0.1	0.717856	1.78826	0.100005
-0.1585	1.00357	-0.000955848	-0.1	0.717862	1.78827	0.100005
-0.1575	1.00358	-0.000951671	-0.1	0.717867	1.78827	0.100005
-0.1565	1.00358	-0.000947399	-0.1	0.717873	1.78828	0.100004
-0.1555	1.00359	-0.000943011	-0.1	0.717878	1.78828	0.100004
-0.1545	1.00359	-0.000938491	-0.1	0.717883	1.78828	0.100004
-0.1535	1.0036	-0.000933824	-0.1	0.717888	1.78829	0.100004
-0.1525	1.0036	-0.000928999	-0.1	0.717892	1.78829	0.100004
-0.1515	1.00361	-0.000924012	-0.1	0.717897	1.78829	0.100004
-0.1505	1.00361	-0.000918865	-0.1	0.717901	1.7883	0.100004
-0.1495	1.00361	-0.000913567	-0.1	0.717905	1.7883	0.100004
-0.1485	1.00362	-0.000908141	-0.1	0.717909	1.7883	0.100004
-0.1475	1.00362	-0.000902618	-0.1	0.717912	1.7883	0.100004
-0.1465	1.00363	-0.000897038	-0.1	0.717916	1.78831	0.100004
-0.1455	1.00363	-0.000891447	-0.1	0.71792	1.78831	0.100004
-0.1445	1.00363	-0.000885891	-0.1	0.717923	1.78831	0.100004
-0.1435	1.00364	-0.000880404	-0.1	0.717927	1.78831	0.100004
-0.1425	1.00364	-0.000875022	-0.1	0.71793	1.78832	0.100004
-0.1415	1.00364	-0.000869773	-0.1	0.717934	1.78832	0.100004
-0.1405	1.00365	-0.000864674	-0.1	0.717938	1.78832	0.100004
-0.1395	1.00365	-0.000859734	-0.1	0.717942	1.78832	0.100004
-0.1385	1.00366	-0.000854948	-0.1	0.717946	1.78833	0.100004
-0.1375	1.00366	-0.000850301	-0.1	0.71795	1.78833	0.100004
-0.1365	1.00366	-0.000845773	-0.1	0.717954	1.78833	0.100004
-0.1355	1.00367	-0.000841337	-0.1	0.717959	1.78834	0.100004
-0.1345	1.00367	-0.000836963	-0.1	0.717963	1.78834	0.100004
-0.1335	1.00368	-0.000832615	-0.1	0.717967	1.78834	0.100003
-0.1325	1.00368	-0.000828268	-0.1	0.717972	1.78835	0.100003
-0.1315	1.00369	-0.000823896	-0.1	0.717976	1.78835	0.100003
-0.1305	1.00369	-0.000819471	-0.1	0.71798	1.78835	0.100003
-0.1295	1.00369	-0.000814965	-0.1	0.717984	1.78835	0.100003
-0.1285	1.0037	-0.000810355	-0.1	0.717988	1.78836	0.100003
-0.1275	1.0037	-0.000805626	-0.1	0.717992	1.78836	0.100003
-0.1265	1.0037	-0.00080078	-0.1	0.717995	1.78836	0.100003
-0.1255	1.00371	-0.00079584	-0.1	0.717998	1.78837	0.100003
-0.1245	1.00371	-0.000790849	-0.1	0.718002	1.78837	0.100003
-0.1235	1.00371	-0.000785873	-0.1	0.718005	1.78837	0.100003
-0.1225	1.00372	-0.000780981	-0.1	0.718008	1.78837	0.100003
-0.1215	1.00372	-0.000776246	-0.1	0.718012	1.78837	0.100003
-0.1205	1.00372	-0.000771747	-0.1	0.718015	1.78838	0.100003
-0.1195	1.00373	-0.000767562	-0.1	0.718019	1.78838	0.100003
-0.1185	1.00373	-0.000763757	-0.1	0.718023	1.78838	0.100003
-0.1175	1.00374	-0.000760381	-0.1	0.718027	1.78839	0.100003
-0.1165	1.00374	-0.000757462	-0.1	0.718032	1.78839	0.100003
-0.1155	1.00375	-0.000755004	-0.1	0.718037	1.78839	0.100003
-0.1145	1.00375	-0.000752991	-0.1	0.718043	1.7884	0.100003
-0.1135	1.00376	-0.000751383	-0.1	0.718049	1.7884	0.100003
-0.1125	1.00376	-0.000750129	-0.1	0.718055	1.78841	0.100003
-0.1115	1.00377	-0.000749161	-0.1	0.718062	1.78841	0.100003
-0.1105	1.00378	-0.000748401	-0.1	0.718069	1.78842	0.100003
-0.1095	1.00378	-0.000747755	-0.100001	0.718075	1.78842	0.100003
-0.1085	1.00379	-0.000747133	-0.100001	0.718082	1.78842	0.100004
-0.1075	1.0038	-0.00074646	-0.100001	0.718089	1.78843	0.100004
-0.1065	1.0038	-0.000745664	-0.100001	0.718095	1.78843	0.100004
-0.1055	1.00381	-0.00074468	-0.100001	0.718101	1.78844	0.100004
-0.1045	1.00382	-0.000743454	-0.100002	0.718107	1.78844	0.100004
-0.1035	1.00382	-0.00074195	-0.100002	0.718113	1.78845	0.100005
-0.1025	1.00383	-0.00074016	-0.100002	0.718118	1.78845	0.100005
-0.1015	1.00383	-0.000738102	-0.100002	0.718123	1.78845	0.100005
-0.1005	1.00384	-0.000735829	-0.100002	0.718127	1.78846	0.100004
-0.0995	1.00384	-0.000733425	-0.100001	0.718131	1.78846	0.100004
-0.0985	1.00384	-0.00073101	-0.1	0.718135	1.78846	0.100003
-0.0975	1.00385	-0.000728699	-0.0999984	0.718139	1.78847	0.100001
-0.0965	1.00385	-0.000726576	-0.099996	0.718143	1.78847	0.0999987
-0.0955	1.00386	-0.000724709	-0.0999928	0.718148	1.78847	0.0999954
-0.0945	1.00386	-0.000723146	-0.0999885	0.718152	1.78847	0.0999911
-0.0935	1.00387	-0.00072191	-0.0999832	0.718157	1.78848	0.0999858
-0.0925	1.00387	-0.000720991	-0.0999768	0.718162	1.78848	0.0999794
-0.0915	1.00388	-0.000720369	-0.0999698	0.718167	1.78849	0.0999724
-0.0905	1.00388	-0.000720035	-0.0999626	0.718172	1.78849	0.0999652
-0.0895	1.00389	-0.00071994	-0.0999552	0.718179	1.7885	0.0999578
-0.0885	1.00389	-0.000720003	-0.0999475	0.718185	1.7885	0.0999501
-0.0875	1.0039	-0.000720153	-0.0999389	0.718191	1.7885	0.0999415
-0.0865	1.00391	-0.000720264	-0.0999285	0.718198	1.78851	0.0999311
-0.0855	1.00391	-0.000720266	-0.0999171	0.718203	1.78851	0.0999197
-0.0845	1.00392	-0.000720013	-0.0999077	0.718209	1.78851	0.0999103
-0.0835	1.00393	-0.000719324	-0.0999035	0.718216	1.78851	0.099906
-0.0825	1.00394	-0.000718231	-0.0999064	0.718225	1.78852	0.099909
-0.0815	1.00394	-0.000716662	-0.0999226	0.718234	1.78853	0.0999252
-0.0805	1.00395	-0.000714241	-0.099954	0.718244	1.78854	0.0999565
-0.0795	1.00396	-0.000710716	-0.100001	0.718254	1.78856	0.100003
-0.0785	1.00396	-0.000706781	-0.100068	0.718263	1.78858	0.100071
-0.0775	1.00396	-0.000702919	-0.100161	0.718273	1.7886	0.100163
-0.0765	1.00395	-0.000697431	-0.100284	0.718286	1.78865	0.100286
-0.0755	1.00392	-0.000688986	-0.100444	0.718299	1.78873	0.100446
-0.0745	1.00386	-0.000678676	-0.100646	0.718311	1.78887	0.100648
-0.0735	1.00375	-0.0006671	-0.100894	0.718323	1.78909	0.100897
-0.0725	1.00358	-0.000653857	-0.101191	0.718335	1.78942	0.101193
-0.0715	1.00334	-0.000638922	-0.10153	0.718343	1.78988	0.101532
-0.0705	1.00301	-0.000622172	-0.101895	0.718347	1.79048	0.101897
-0.0695	1.0026	-0.000602643	-0.102266	0.718338	1.79119	0.102267
-0.0685	1.00217	-0.000584916	-0.102636	0.718313	1.7919	0.102638
-0.0675	1.00177	-0.000570796	-0.10301	0.718282	1.79254	0.103011
-0.0665	1.00145	-0.000554257	-0.103402	0.718251	1.79303	0.103403
-0.0655	1.00127	-0.000528924	-0.103849	0.718224	1.79329	0.103851
-0.0645	1.00121	-0.000497668	-0.104365	0.718201	1.79334	0.104366
-0.0635	1.00123	-0.000477041	-0.104829	0.718165	1.7932	0.10483
-0.0625	1.00139	-0.000466978	-0.105045	0.718087	1.79273	0.105046
-0.0615	1.00187	-0.000454437	-0.104987	0.717919	1.79145	0.104988
-0.0605	1.00247	-0.000448218	-0.104504	0.71743	1.78916	0.104505
-0.0595	1.00261	-0.000583568	-0.103557	0.716841	1.78743	0.103558
-0.0585	1.00131	-0.000703721	-0.102284	0.716675	1.78934	0.102286
-0.0575	0.995951	-0.000376072	-0.100877	0.716424	1.79834	0.100878
-0.0565	0.984019	0.000202098	-0.0995932	0.715873	1.81875	0.0995934
-0.0555	0.964695	0.000906123	-0.0985506	0.715652	1.85461	0.0985547
-0.0545	0.938556	0.00194019	-0.0978585	0.715866	1.90683	0.0978777
-0.0535	0.907802	0.00329276	-0.0976682	0.716102	1.97208	0.0977237
-0.0525	0.875916	0.00470951	-0.097901	0.716217	2.04419	0.0980142
-0.0515	0.845878	0.00612265	-0.0983041	0.716379	2.11726	0.0984946
-0.0505	0.81914	0.00757238	-0.0987611	0.716524	2.18682	0.099051
-0.0495	0.796288	0.00899022	-0.0992227	0.716565	2.24971	0.0996292
-0.0485	0.777409	0.0102906	-0.0996502	0.716523	2.3042	0.10018
-0.0475	0.762259	0.0114191	-0.100015	0.716431	2.3497	0.100664
-0.0465	0.750452	0.0123475	-0.100301	0.71632	2.38629	0.101058
-0.0455	0.741577	0.013067	-0.100502	0.716204	2.41446	0.101348
-0.0445	0.735262	0.013578	-0.100616	0.71609	2.43481	0.101528
-0.0435	0.731243	0.0139411	-0.100643	0.716061	2.4481	0.101604
-0.0425	0.729395	0.0143014	-0.100597	0.716316	2.45517	0.101609
-0.0415	0.729092	0.0146417	-0.100539	0.716144	2.4556	0.1016
-0.0405	0.730257	0.0145948	-0.100394	0.715623	2.4499	0.101449
-0.0395	0.733334	0.0143238	-0.100074	0.71561	2.43958	0.101093
-0.0385	0.737998	0.0139574	-0.0996166	0.71568	2.4244	0.10059
-0.0375	0.744088	0.0135543	-0.0990187	0.71568	2.40455	0.0999421
-0.0365	0.751593	0.0130769	-0.0982585	0.71568	2.38054	0.0991248
-0.0355	0.760461	0.012529	-0.0973135	0.715697	2.35284	0.0981167
-0.0345	0.770617	0.0119238	-0.0961742	0.715727	2.32193	0.0969106
-0.0335	0.781978	0.0112747	-0.0948459	0.715767	2.28832	0.0955137
-0.0325	0.794459	0.0105972	-0.0933656	0.715816	2.25253	0.093965
-0.0315	0.807977	0.0099036	-0.0917445	0.715871	2.21501	0.0922775
-0.0305	0.822411	0.00920115	-0.0899282	0.715936	2.17633	0.0903977
-0.0295	0.837592	0.00849927	-0.0879144	0.71601	2.13711	0.0883243
-0.0285	0.85332	0.00781355	-0.085743	0.716089	2.09795	0.0860982
-0.0275	0.869394	0.00716538	-0.0834287	0.716187	2.05944	0.0837358
-0.0265	0.885561	0.00657284	-0.0809896	0.716278	2.0221	0.0812559
-0.0255	0.901533	0.00602503	-0.0784446	0.71634	1.98645	0.0786757
-0.0245	0.917079	0.00554407	-0.0758101	0.716412	1.95297	0.0760126
-0.0235	0.931959	0.00516377	-0.073107	0.716495	1.92201	0.0732892
-0.0225	0.945806	0.00481487	-0.0703471	0.716522	1.89395	0.0705117
-0.0215	0.958342	0.0044637	-0.0675136	0.716515	1.86915	0.067661
-0.0205	0.969501	0.00417206	-0.0645963	0.716534	1.84769	0.0647309
-0.0195	0.97915	0.00388898	-0.0616082	0.71656	1.82955	0.0617308
-0.0185	0.987126	0.00365785	-0.0585556	0.716579	1.81481	0.0586697
-0.0175	0.993362	0.00345903	-0.0554363	0.716595	1.80346	0.0555441
-0.0165	0.997878	0.00327806	-0.0522571	0.716617	1.79535	0.0523598
-0.0155	1.00079	0.00310406	-0.0490308	0.716655	1.79022	0.049129
-0.0145	1.00236	0.00292982	-0.0457658	0.716717	1.78757	0.0458595
-0.0135	1.00297	0.00276534	-0.0424649	0.71682	1.78673	0.0425549
-0.0125	1.00313	0.00264957	-0.039142	0.717	1.78691	0.0392315
-0.0115	1.00321	0.00259901	-0.0358387	0.717166	1.78719	0.0359328
-0.0105	1.00349	0.00253638	-0.0325944	0.717248	1.78689	0.0326929
-0.0095	1.00441	0.00243774	-0.0294136	0.717351	1.7855	0.0295144
-0.0085	1.0062	0.00232894	-0.0262891	0.717462	1.78261	0.026392
-0.0075	1.00875	0.00219441	-0.0232165	0.717536	1.77828	0.02332
-0.0065	1.01191	0.0020299	-0.0201883	0.717606	1.77289	0.0202901
-0.0055	1.01539	0.00185034	-0.0171925	0.717674	1.76698	0.0172918
-0.0045	1.01873	0.00164989	-0.0142139	0.717704	1.76127	0.0143093
-0.0035	1.02152	0.00140517	-0.0112214	0.717698	1.75645	0.0113091
-0.0025	1.02352	0.00110337	-0.00816088	0.71768	1.75296	0.00823513
-0.0015	1.02467	0.000742675	-0.00495691	0.717655	1.75095	0.00501223
-0.0005	1.02507	0.000334702	-0.00158299	0.717637	1.75021	0.00161798
0.0005	1.02505	-7.54436e-05	0.0017322	0.717643	1.75026	0.00173385
0.0015	1.02448	-0.000430529	0.00467731	0.717678	1.75132	0.00469708
0.0025	1.02261	-0.000717218	0.00731045	0.717708	1.7546	0.00734555
0.0035	1.01945	-0.000975286	0.010026	0.717691	1.76	0.0100733
0.0045	1.0157	-0.00123772	0.0129295	0.717626	1.76633	0.0129886
0.0055	1.01193	-0.00150721	0.0159835	0.717557	1.77274	0.0160544
0.0065	1.00856	-0.00173986	0.0191448	0.717521	1.77857	0.0192237
0.0075	1.00585	-0.00191017	0.0223987	0.717484	1.78327	0.02248
0.0085	1.00398	-0.00201706	0.0257366	0.717435	1.78648	0.0258156
0.0095	1.00295	-0.00206401	0.0291436	0.717375	1.78817	0.0292166
0.0105	1.00259	-0.00208481	0.032589	0.717285	1.78858	0.0326556
0.0115	1.00255	-0.00211528	0.0360304	0.717123	1.78825	0.0360925
0.0125	1.00255	-0.0022079	0.0394331	0.716987	1.78791	0.0394949
0.0135	1.00236	-0.0023028	0.0427824	0.716954	1.78817	0.0428443
0.0145	1.00173	-0.00237304	0.0460643	0.71689	1.78912	0.0461254
0.0155	1.00016	-0.00248626	0.0492582	0.716795	1.7917	0.0493209
0.0165	0.996598	-0.00264711	0.0523763	0.716742	1.79797	0.0524432
0.0175	0.990549	-0.00284201	0.0554461	0.716692	1.80883	0.0555189
0.0185	0.982349	-0.00308392	0.0584744	0.716642	1.8238	0.0585557
0.0195	0.972354	-0.00337374	0.0614622	0.716598	1.84243	0.0615547
0.0205	0.960867	-0.00368896	0.0644049	0.71657	1.86438	0.0645104
0.0215	0.948072	-0.00404233	0.0672993	0.716533	1.88945	0.0674206
0.0225	0.934122	-0.00448355	0.0701463	0.716463	1.91748	0.0702894
0.0235	0.919316	-0.00495002	0.0729347	0.716383	1.94814	0.0731025
0.0245	0.903905	-0.00553346	0.0756443	0.71633	1.98121	0.0758464
0.0255	0.888023	-0.00614998	0.0782617	0.716276	2.01649	0.078503
0.0265	0.871885	-0.00681128	0.0807761	0.716184	2.05355	0.0810628
0.0275	0.855803	-0.00753054	0.0831647	0.716097	2.09189	0.083505
0.0285	0.840058	-0.00827581	0.0854058	0.716033	2.1309	0.0858058
0.0295	0.824865	-0.00902521	0.0874845	0.715974	2.16997	0.0879488
0.0305	0.810412	-0.00976682	0.0893884	0.715919	2.2085	0.0899204
0.0315	0.796851	-0.0104903	0.0911108	0.715868	2.24593	0.0917127
0.0325	0.784297	-0.0111886	0.0926541	0.71582	2.28172	0.0933272
0.0335	0.772837	-0.0118553	0.0940426	0.715777	2.31542	0.0947869
0.0345	0.762549	-0.0124779	0.0952653	0.715744	2.34655	0.096079
0.0355	0.753504	-0.0130433	0.096288	0.715721	2.37464	0.0971674
0.0365	0.745761	-0.0135448	0.0971212	0.715707	2.39925	0.0980612
0.0375	0.739366	-0.0139838	0.0977938	0.71569	2.41995	0.0987885
0.0385	0.734377	-0.0143592	0.0983221	0.715671	2.43632	0.0993651
0.0395	0.730948	-0.0145923	0.0987028	0.715763	2.44807	0.0997757
0.0405	0.729354	-0.0145661	0.0989036	0.716241	2.45506	0.0999705
0.0415	0.729179	-0.0142298	0.099045	0.716183	2.45544	0.100062
0.0425	0.730714	-0.0140784	0.0991953	0.71564	2.44843	0.100189
0.0435	0.735012	-0.0139647	0.0992097	0.7157	2.43431	0.100188
0.0445	0.742291	-0.0135421	0.0990749	0.715922	2.41119	0.0999962
0.0455	0.752969	-0.0127867	0.098857	0.716043	2.3774	0.0996805
0.0465	0.767767	-0.0117596	0.0985924	0.716168	2.33198	0.0992913
0.0475	0.78725	-0.0104514	0.0983334	0.716294	2.27467	0.0988872
0.0485	0.811635	-0.00888228	0.09815	0.7164	2.20666	0.0985511
0.0495	0.840457	-0.00709579	0.0981266	0.716463	2.13117	0.0983828
0.0505	0.87231	-0.00512691	0.0983341	0.716677	2.05396	0.0984677
0.0515	0.904294	-0.00304992	0.0988263	0.716791	1.98163	0.0988733
0.0525	0.933322	-0.00131534	0.0995118	0.716609	1.91951	0.0995205
0.0535	0.957428	-0.000158085	0.100264	0.716463	1.8708	0.100264
0.0545	0.975621	0.00047349	0.101039	0.716479	1.83596	0.101041
0.0555	0.988086	0.000723353	0.101772	0.716655	1.81324	0.101775
0.0565	0.995838	0.000770092	0.102401	0.716925	1.7998	0.102404
0.0575	1.0002	0.00073013	0.102883	0.717222	1.7927	0.102886
0.0585	1.00238	0.000658862	0.103201	0.717488	1.78946	0.103203
0.0595	1.00329	0.000596971	0.103361	0.717696	1.78836	0.103363
0.0605	1.00355	0.000546817	0.103407	0.717849	1.78827	0.103408
0.0615	1.00356	0.000522227	0.103374	0.717987	1.7886	0.103375
0.0625	1.00348	0.000524005	0.103245	0.718089	1.789	0.103247
0.0635	1.00338	0.000529094	0.103026	0.718143	1.78931	0.103027
0.0645	1.00333	0.000537912	0.102751	0.718185	1.78951	0.102752
0.0655	1.00331	0.000548639	0.102446	0.718211	1.78961	0.102447
0.0665	1.00331	0.00056116	0.102158	0.718225	1.78964	0.10216
0.0675	1.00334	0.00057202	0.101921	0.718241	1.78962	0.101922
0.0685	1.00343	0.000580215	0.101716	0.718263	1.78951	0.101717
0.0695	1.00354	0.000587932	0.101504	0.71828	1.78936	0.101506
0.0705	1.00364	0.000595756	0.101283	0.718284	1.78919	0.101285
0.0715	1.00372	0.000602128	0.10107	0.718281	1.78904	0.101072
0.0725	1.00379	0.000607475	0.100882	0.718276	1.78891	0.100883
0.0735	1.00384	0.000612068	0.100719	0.71827	1.78881	0.100721
0.0745	1.00387	0.0006161	0.10058	0.718263	1.78873	0.100582
0.0755	1.0039	0.000619765	0.100464	0.718257	1.78867	0.100466
0.0765	1.00391	0.000623205	0.100367	0.718251	1.78863	0.100369
0.0775	1.00392	0.000626435	0.100286	0.718245	1.7886	0.100288
0.0785	1.00393	0.00062938	0.100221	0.718239	1.78858	0.100223
0.0795	1.00393	0.00063216	0.100168	0.718233	1.78856	0.10017
0.0805	1.00393	0.000635194	0.100125	0.718228	1.78855	0.100127
0.0815	1.00393	0.000638165	0.100091	0.718223	1.78853	0.100093
0.0825	1.00393	0.000640939	0.100065	0.718218	1.78852	0.100067
0.0835	1.00392	0.000643547	0.100045	0.718214	1.78852	0.100047
0.0845	1.00392	0.000645973	0.100029	0.718209	1.78852	0.100031
0.0855	1.00391	0.000648224	0.100018	0.718204	1.78851	0.10002
0.0865	1.00391	0.000650299	0.10001	0.7182	1.78851	0.100012
0.0875	1.0039	0.000652199	0.100004	0.718195	1.78851	0.100006
0.0885	1.0039	0.000653919	0.0999995	0.71819	1.7885	0.100002
0.0895	1.00389	0.000655449	0.0999968	0.718185	1.7885	0.0999989
0.0905	1.00389	0.000656774	0.0999951	0.71818	1.78849	0.0999973
0.0915	1.00388	0.000657878	0.0999943	0.718174	1.78849	0.0999964
0.0925	1.00388	0.00065875	0.0999939	0.718169	1.78849	0.0999961
0.0935	1.00387	0.000659387	0.099994	0.718163	1.78848	0.0999962
0.0945	1.00387	0.000659804	0.0999943	0.718157	1.78848	0.0999964
0.0955	1.00386	0.000660031	0.0999947	0.718151	1.78847	0.0999969
0.0965	1.00385	0.000660115	0.0999952	0.718144	1.78847	0.0999974
0.0975	1.00385	0.000660127	0.0999958	0.718137	1.78846	0.099998
0.0985	1.00384	0.000660132	0.0999964	0.718131	1.78846	0.0999985
0.0995	1.00383	0.000660204	0.0999969	0.718124	1.78845	0.0999991
0.1005	1.00383	0.000660425	0.0999974	0.718117	1.78845	0.0999996
0.1015	1.00382	0.000660854	0.0999978	0.718111	1.78845	0.1
0.1025	1.00381	0.000661541	0.0999981	0.718105	1.78844	0.1
0.1035	1.00381	0.000662532	0.0999985	0.718099	1.78844	0.100001
0.1045	1.0038	0.000663855	0.0999988	0.718093	1.78843	0.100001
0.1055	1.0038	0.000665522	0.0999991	0.718088	1.78843	0.100001
0.1065	1.00379	0.000667533	0.0999993	0.718082	1.78842	0.100002
0.1075	1.00379	0.000669875	0.0999995	0.718077	1.78842	0.100002
0.1085	1.00378	0.000672525	0.0999996	0.718073	1.78842	0.100002
0.1095	1.00378	0.000675453	0.0999997	0.718068	1.78841	0.100002
0.1105	1.00377	0.000678622	0.0999998	0.718064	1.78841	0.100002
0.1115	1.00377	0.000681994	0.0999998	0.71806	1.78841	0.100002
0.1125	1.00376	0.000685532	0.0999999	0.718056	1.78841	0.100002
0.1135	1.00376	0.000689196	0.0999999	0.718052	1.7884	0.100002
0.1145	1.00376	0.000692951	0.1	0.718048	1.7884	0.100002
0.1155	1.00375	0.000696766	0.1	0.718044	1.7884	0.100002
0.1165	1.00375	0.000700609	0.1	0.718039	1.78839	0.100002
0.1175	1.00374	0.000704448	0.1	0.718035	1.78839	0.100002
0.1185	1.00374	0.000708261	0.1	0.718031	1.78839	0.100003
0.1195	1.00374	0.000712044	0.1	0.718027	1.78839	0.100003
0.1205	1.00373	0.0007158	0.1	0.718022	1.78838	0.100003
0.1215	1.00373	0.000719545	0.1	0.718018	1.78838	0.100003
0.1225	1.00372	0.000723305	0.1	0.718014	1.78838	0.100003
0.1235	1.00372	0.000727117	0.1	0.718009	1.78837	0.100003
0.1245	1.00371	0.000731024	0.1	0.718005	1.78837	0.100003
0.1255	1.00371	0.000735061	0.1	0.718	1.78837	0.100003
0.1265	1.00371	0.000739258	0.1	0.717996	1.78836	0.100003
0.1275	1.0037	0.000743635	0.1	0.717992	1.78836	0.100003
0.1285	1.0037	0.000748204	0.1	0.717988	1.78836	0.100003
0.1295	1.00369	0.000752965	0.1	0.717984	1.78835	0.100003
0.1305	1.00369	0.000757912	0.1	0.717981	1.78835	0.100003
0.1315	1.00369	0.000763028	0.1	0.717977	1.78835	0.100003
0.1325	1.00368	0.000768292	0.1	0.717973	1.78835	0.100003
0.1335	1.00368	0.000773679	0.1	0.71797	1.78834	0.100003
0.1345	1.00368	0.000779161	0.1	0.717967	1.78834	0.100003
0.1355	1.00367	0.000784711	0.1	0.717963	1.78834	0.100003
0.1365	1.00367	0.000790303	0.1	0.71796	1.78834	0.100003
0.1375	1.00367	0.000795905	0.1	0.717957	1.78834	0.100003
0.1385	1.00366	0.000801483	0.1	0.717953	1.78833	0.100003
0.1395	1.00366	0.000807009	0.1	0.71795	1.78833	0.100003
0.1405	1.00366	0.000812461	0.1	0.717946	1.78833	0.100003
0.1415	1.00365	0.00081782	0.1	0.717942	1.78832	0.100003
0.1425	1.00365	0.000823074	0.1	0.717938	1.78832	0.100003
0.1435	1.00364	0.000828218	0.1	0.717934	1.78832	0.100003
0.1445	1.00364	0.000833252	0.1	0.71793	1.78832	0.100003
0.1455	1.00364	0.000838186	0.1	0.717925	1.78831	0.100004
0.1465	1.00363	0.000843034	0.1	0.717921	1.78831	0.100004
0.1475	1.00363	0.000847816	0.1	0.717916	1.78831	0.100004
0.1485	1.00362	0.000852552	0.1	0.717912	1.7883	0.100004
0.1495	1.00362	0.000857267	0.1	0.717907	1.7883	0.100004
0.1505	1.00361	0.00086198	0.1	0.717902	1.7883	0.100004
0.1515	1.00361	0.00086671	0.1	0.717897	1.78829	0.100004
0.1525	1.0036	0.000871473	0.1	0.717892	1.78829	0.100004
0.1535	1.0036	0.000876281	0.1	0.717888	1.78829	0.100004
0.1545	1.00359	0.000881136	0.1	0.717883	1.78828	0.100004
0.1555	1.00359	0.000886035	0.1	0.717878	1.78828	0.100004
0.1565	1.00358	0.000890971	0.1	0.717873	1.78828	0.100004
0.1575	1.00358	0.000895934	0.1	0.717868	1.78827	0.100004
0.1585	1.00357	0.000900905	0.1	0.717864	1.78827	0.100004
0.1595	1.00357	0.000905863	0.1	0.717859	1.78827	0.100004
0.1605	1.00356	0.000910784	0.1	0.717854	1.78826	0.100004
0.1615	1.00356	0.000915647	0.1	0.717849	1.78826	0.100004
0.1625	1.00355	0.000920431	0.1	0.717844	1.78825	0.100004
0.1635	1.00355	0.000925119	0.1	0.717838	1.78825	0.100004
0.1645	1.00354	0.000929694	0.1	0.717833	1.78825	0.100004
0.1655	1.00354	0.000934147	0.1	0.717827	1.78824	0.100004
0.1665	1.00353	0.000938471	0.1	0.717822	1.78824	0.100004
0.1675	1.00353	0.000942668	0.1	0.717816	1.78823	0.100004
0.1685	1.00352	0.00094674	0.1	0.71781	1.78823	0.100004
0.1695	1.00351	0.000950699	0.1	0.717803	1.78823	0.100005
0.1705	1.00351	0.000954559	0.1	0.717797	1.78822	0.100005
0.1715	1.0035	0.000958336	0.1	0.717791	1.78822	0.100005
0.1725	1.00349	0.000962049	0.1	0.717784	1.78821	0.100005
0.1735	1.00349	0.000965716	0.1	0.717778	1.78821	0.100005
0.1745	1.00348	0.000969357	0.1	0.717771	1.7882	0.100005
0.1755	1.00347	0.000972985	0.1	0.717764	1.7882	0.100005
0.1765	1.00347	0.000976613	0.1	0.717758	1.78819	0.100005
0.1775	1.00346	0.000980248	0.1	0.717751	1.78819	0.100005
0.1785	1.00345	0.000983897	0.1	0.717744	1.78818	0.100005
0.1795	1.00345	0.000987561	0.1	0.717738	1.78818	0.100005
0.1805	1.00344	0.000991236	0.1	0.717731	1.78817	0.100005
0.1815	1.00343	0.000994912	0.1	0.717724	1.78817	0.100005
0.1825	1.00343	0.000998576	0.1	0.717717	1.78816	0.100005
0.1835	1.00342	0.00100221	0.1	0.71771	1.78816	0.100005
0.1845	1.00341	0.0010058	0.1	0.717703	1.78815	0.100005
0.1855	1.00341	0.00100934	0.1	0.717696	1.78815	0.100005
0.1865	1.0034	0.00101279	0.1	0.717689	1.78814	0.100005
0.1875	1.00339	0.00101616	0.1	0.717682	1.78814	0.100005
0.1885	1.00338	0.00101942	0.1	0.717675	1.78813	0.100005
0.1895	1.00338	0.00102257	0.1	0.717667	1.78813	0.100005
0.1905	1.00337	0.0010256	0.1	0.71766	1.78812	0.100005
0.1915	1.00336	0.00102851	0.1	0.717652	1.78812	0.100005
0.1925	1.00335	0.0010313	0.1	0.717644	1.78811	0.100005
0.1935	1.00335	0.00103397	0.1	0.717636	1.78811	0.100005
0.1945	1.00334	0.00103654	0.1	0.717628	1.7881	0.100005
0.1955	1.00333	0.00103902	0.1	0.717619	1.78809	0.100005
0.1965	1.00332	0.00104141	0.1	0.717611	1.78809	0.100005
0.1975	1.00331	0.00104373	0.1	0.717603	1.78808	0.100005
0.1985	1.0033	0.001046	0.1	0.717594	1.78808	0.100005
0.1995	1.0033	0.00104821	0.1	0.717585	1.78807	0.100005
0.2005	1.00329	0.00105039	0.1	0.717577	1.78806	0.100006
0.2015	1.00328	0.00105254	0.1	0.717568	1.78806	0.100006
0.2025	1.00327	0.00105466	0.1	0.717559	1.78805	0.100006
0.2035	1.00326	0.00105676	0.1	0.717551	1.78805	0.100006
0.2045	1.00325	0.00105882	0.1	0.717542	1.78804	0.100006
0.2055	1.00324	0.00106085	0.1	0.717533	1.78803	0.100006
0.2065	1.00323	0.00106284	0.1	0.717524	1.78803	0.100006
0.2075	1.00323	0.00106478	0.1	0.717515	1.78802	0.100006
0.2085	1.00322	0.00106665	0.1	0.717506	1.78801	0.100006
0.2095	1.00321	0.00106845	0.1	0.717497	1.78801	0.100006
0.2105	1.0032	0.00107017	0.1	0.717487	1.788	0.100006
0.2115	1.00319	0.00107179	0.1	0.717478	1.78799	0.100006
0.2125	1.00318	0.00107332	0.1	0.717469	1.78799	0.100006
0.2135	1.00317	0.00107474	0.1	0.717459	1.78798	0.100006
0.2145	1.00316	0.00107606	0.1	0.717449	1.78797	0.100006
0.2155	1.00315	0.00107727	0.1	0.717439	1.78797	0.100006
0.2165	1.00314	0.00107837	0.1	0.717429	1.78796	0.100006
0.2175	1.00313	0.00107938	0.1	0.717419	1.78795	0.100006
0.2185	1.00312	0.00108029	0.1	0.717409	1.78795	0.100006
0.2195	1.00311	0.00108111	0.1	0.717399	1.78794	0.100006
0.2205	1.0031	0.00108186	0.1	0.717389	1.78793	0.100006
0.2215	1.00309	0.00108253	0.1	0.717378	1.78792	0.100006
0.2225	1.00308	0.00108314	0.1	0.717368	1.78792	0.100006
0.2235	1.00307	0.00108369	0.1	0.717357	1.78791	0.100006
0.2245	1.00306	0.00108419	0.1	0.717346	1.7879	0.100006
0.2255	1.00305	0.00108463	0.1	0.717336	1.78789	0.100006
0.2265	1.00304	0.00108502	0.1	0.717325	1.78789	0.100006
0.2275	1.00302	0.00108535	0.1	0.717314	1.78788	0.100006
0.2285	1.00301	0.00108562	0.1	0.717303	1.78787	0.100006
0.2295	1.003	0.00108582	0.1	0.717292	1.78786	0.100006
0.2305	1.00299	0.00108594	0.1	0.717281	1.78785	0.100006
0.2315	1.00298	0.001086	0.1	0.71727	1.78785	0.100006
0.2325	1.00297	0.00108598	0.1	0.717259	1.78784	0.100006
0.2335	1.00296	0.00108585	0.1	0.717248	1.78783	0.100006
0.2345	1.00295	0.00108559	0.1	0.717236	1.78782	0.100006
0.2355	1.00294	0.00108523	0.1	0.717225	1.78781	0.100006
0.2365	1.00292	0.00108475	0.1	0.717213	1.78781	0.100006
0.2375	1.00291	0.00108416	0.1	0.717201	1.7878	0.100006
0.2385	1.0029	0.00108344	0.1	0.717189	1.78779	0.100006
0.2395	1.00289	0.00108262	0.1	0.717177	1.78778	0.100006
0.2405	1.00288	0.00108168	0.1	0.717165	1.78777	0.100006
0.2415	1.00286	0.00108064	0.1	0.717153	1.78776	0.100006
0.2425	1.00285	0.0010795	0.1	0.717141	1.78775	0.100006
0.2435	1.00284	0.00107828	0.1	0.717128	1.78774	0.100006
0.2445	1.00283	0.00107698	0.1	0.717116	1.78774	0.100006
0.2455	1.00281	0.00107562	0.1	0.717103	1.78773	0.100006
0.2465	1.0028	0.00107419	0.1	0.71709	1.78772	0.100006
0.2475	1.00279	0.0010727	0.1	0.717078	1.78771	0.100006
0.2485	1.00278	0.00107115	0.1	0.717065	1.7877	0.100006
0.2495	1.00276	0.00106956	0.1	0.717052	1.78769	0.100006
0.2505	1.00275	0.0010679	0.1	0.717039	1.78768	0.100006
0.2515	1.00274	0.00106618	0.1	0.717026	1.78767	0.100006
0.2525	1.00272	0.0010644	0.1	0.717013	1.78766	0.100006
0.2535	1.00271	0.00106254	0.1	0.717	1.78765	0.100006
0.2545	1.0027	0.0010606	0.1	0.716987	1.78764	0.100006
0.2555	1.00269	0.00105856	0.1	0.716974	1.78764	0.100006
0.2565	1.00267	0.00105642	0.1	0.716961	1.78763	0.100006
0.2575	1.00266	0.00105417	0.1	0.716947	1.78762	0.100006
0.2585	1.00264	0.0010518	0.1	0.716934	1.78761	0.100006
0.2595	1.00263	0.0010493	0.1	0.71692	1.7876	0.100006
0.2605	1.00262	0.00104669	0.1	0.716906	1.78759	0.100006
0.2615	1.0026	0.00104394	0.1	0.716893	1.78758	0.100005
0.2625	1.00259	0.00104107	0.1	0.716879	1.78757	0.100005
0.2635	1.00258	0.00103807	0.1	0.716864	1.78756	0.100005
0.2645	1.00256	0.00103495	0.1	0.71685	1.78755	0.100005
0.2655	1.00255	0.00103173	0.1	0.716836	1.78754	0.100005
0.2665	1.00253	0.00102839	0.1	0.716821	1.78753	0.100005
0.2675	1.00252	0.00102496	0.1	0.716807	1.78752	0.100005
0.2685	1.0025	0.00102143	0.1	0.716792	1.78751	0.100005
0.2695	1.00249	0.00101782	0.1	0.716778	1.7875	0.100005
0.2705	1.00247	0.00101413	0.1	0.716763	1.78748	0.100005
0.2715	1.00246	0.00101037	0.1	0.716748	1.78747	0.100005
0.2725	1.00244	0.00100653	0.1	0.716733	1.78746	0.100005
0.2735	1.00243	0.00100261	0.1	0.716718	1.78745	0.100005
0.2745	1.00241	0.000998624	0.1	0.716703	1.78744	0.100005
0.2755	1.0024	0.000994557	0.1	0.716688	1.78743	0.100005
0.2765	1.00238	0.000990409	0.1	0.716673	1.78742	0.100005
0.2775	1.00237	0.000986174	0.1	0.716658	1.78741	0.100005
0.2785	1.00235	0.000981848	0.1	0.716642	1.7874	0.100005
0.2795	1.00234	0.000977424	0.1	0.716627	1.78739	0.100005
0.2805	1.00232	0.000972898	0.1	0.716612	1.78738	0.100005
0.2815	1.00231	0.000968264	0.1	0.716596	1.78737	0.100005
0.2825	1.00229	0.00096352	0.1	0.71658	1.78735	0.100005
0.2835	1.00228	0.000958661	0.1	0.716565	1.78734	0.100005
0.2845	1.00226	0.000953688	0.1	0.716549	1.78733	0.100005
0.2855	1.00224	0.0009486	0.1	0.716533	1.78732	0.100005
0.2865	1.00223	0.000943398	0.1	0.716517	1.78731	0.100004
0.2875	1.00221	0.000938083	0.1	0.716501	1.7873	0.100004
0.2885	1.0022	0.00093266	0.1	0.716484	1.78729	0.100004
0.2895	1.00218	0.000927131	0.1	0.716468	1.78727	0.100004
0.2905	1.00216	0.0009215	0.1	0.716452	1.78726	0.100004
0.2915	1.00215	0.000915771	0.1	0.716435	1.78725	0.100004
0.2925	1.00213	0.000909947	0.1	0.716419	1.78724	0.100004
0.2935	1.00211	0.000904031	0.1	0.716402	1.78723	0.100004
0.2945	1.0021	0.000898026	0.1	0.716385	1.78722	0.100004
0.2955	1.00208	0.000891933	0.1	0.716369	1.7872	0.100004
0.2965	1.00206	0.000885752	0.1	0.716352	1.78719	0.100004
0.2975	1.00205	0.000879484	0.1	0.716335	1.78718	0.100004
0.2985	1.00203	0.000873128	0.1	0.716318	1.78717	0.100004
0.2995	1.00201	0.000866683	0.1	0.716301	1.78716	0.100004
0.3005	1.002	0.000860147	0.1	0.716284	1.78714	0.100004
0.3015	1.00198	0.000853519	0.1	0.716267	1.78713	0.100004
0.3025	1.00196	0.000846798	0.1	0.716249	1.78712	0.100004
0.3035	1.00194	0.000839981	0.1	0.716232	1.78711	0.100004
0.3045	1.00193	0.000833069	0.1	0.716215	1.78709	0.100004
0.3055	1.00191	0.000826061	0.1	0.716197	1.78708	0.100003
0.3065	1.00189	0.000818957	0.1	0.71618	1.78707	0.100003
0.3075	1.00187	0.000811759	0.1	0.716162	1.78706	0.100003
0.3085	1.00186	0.000804468	0.1	0.716144	1.78704	0.100003
0.3095	1.00184	0.000797084	0.1	0.716127	1.78703	0.100003
0.3105	1.00182	0.000789611	0.1	0.716109	1.78702	0.100003
0.3115	1.0018	0.00078205	0.1	0.716091	1.78701	0.100003
0.3125	1.00179	0.000774403	0.1	0.716073	1.78699	0.100003
0.3135	1.00177	0.00076667	0.1	0.716055	1.78698	0.100003
0.3145	1.00175	0.000758853	0.1	0.716037	1.78697	0.100003
0.3155	1.00173	0.000750953	0.1	0.716019	1.78695	0.100003
0.3165	1.00171	0.000742968	0.1	0.716001	1.78694	0.100003
0.3175	1.00169	0.000734898	0.1	0.715983	1.78693	0.100003
0.3185	1.00168	0.000726742	0.1	0.715965	1.78692	0.100003
0.3195	1.00166	0.000718498	0.1	0.715946	1.7869	0.100003
0.3205	1.00164	0.000710163	0.1	0.715928	1.78689	0.100003
0.3215	1.00162	0.000701736	0.1	0.715909	1.78688	0.100003
0.3225	1.0016	0.000693216	0.1	0.715891	1.78686	0.100002
0.3235	1.00158	0.0006846	0.1	0.715872	1.78685	0.100002
0.3245	1.00157	0.000675887	0.1	0.715854	1.78684	0.100002
0.3255	1.00155	0.000667078	0.1	0.715835	1.78682	0.100002
0.3265	1.00153	0.000658174	0.1	0.715816	1.78681	0.100002
0.3275	1.00151	0.000649175	0.1	0.715797	1.7868	0.100002
0.3285	1.00149	0.000640084	0.1	0.715779	1.78678	0.100002
0.3295	1.00147	0.000630904	0.1	0.71576	1.78677	0.100002
0.3305	1.00145	0.000621639	0.1	0.715741	1.78676	0.100002
0.3315	1.00143	0.000612293	0.1	0.715722	1.78674	0.100002
0.3325	1.00141	0.000602869	0.1	0.715703	1.78673	0.100002
0.3335	1.0014	0.000593373	0.1	0.715684	1.78672	0.100002
0.3345	1.00138	0.000583807	0.1	0.715664	1.7867	0.100002
0.3355	1.00136	0.000574176	0.1	0.715645	1.78669	0.100002
0.3365	1.00134	0.000564481	0.1	0.715626	1.78667	0.100002
0.3375	1.00132	0.000554725	0.1	0.715607	1.78666	0.100002
0.3385	1.0013	0.000544908	0.1	0.715588	1.78665	0.100002
0.3395	1.00128	0.00053503	0.1	0.715568	1.78663	0.100002
0.3405	1.00126	0.00052509	0.1	0.715549	1.78662	0.100001
0.3415	1.00124	0.000515087	0.1	0.71553	1.78661	0.100001
0.3425	1.00122	0.000505019	0.1	0.71551	1.78659	0.100001
0.3435	1.0012	0.000494882	0.1	0.715491	1.78658	0.100001
0.3445	1.00118	0.000484674	0.1	0.715472	1.78656	0.100001
0.3455	1.00116	0.000474393	0.1	0.715452	1.78655	0.100001
0.3465	1.00115	0.000464036	0.1	0.715433	1.78654	0.100001
0.3475	1.00113	0.000453602	0.1	0.715413	1.78652	0.100001
0.3485	1.00111	0.000443092	0.1	0.715394	1.78651	0.100001
0.3495	1.00109	0.000432504	0.1	0.715374	1.78649	0.100001
0.3505	1.00107	0.00042184	0.1	0.715355	1.78648	0.100001
0.3515	1.00105	0.000411104	0.1	0.715335	1.78647	0.100001
0.3525	1.00103	0.000400297	0.1	0.715315	1.78645	0.100001
0.3535	1.00101	0.000389425	0.1	0.715296	1.78644	0.100001
0.3545	1.00099	0.000378491	0.1	0.715276	1.78642	0.100001
0.3555	1.00097	0.0003675	0.1	0.715256	1.78641	0.100001
0.3565	1.00095	0.000356459	0.1	0.715236	1.7864	0.100001
0.3575	1.00093	0.000345372	0.1	0.715217	1.78638	0.100001
0.3585	1.00091	0.000334244	0.1	0.715197	1.78637	0.100001
0.3595	1.00089	0.00032308	0.1	0.715177	1.78635	0.100001
0.3605	1.00087	0.000311882	0.1	0.715158	1.78634	0.100001
0.3615	1.00085	0.000300653	0.1	0.715138	1.78633	0.100001
0.3625	1.00083	0.000289393	0.1	0.715118	1.78631	0.100001
0.3635	1.00081	0.000278103	0.1	0.715098	1.7863	0.1
0.3645	1.00079	0.000266783	0.1	0.715079	1.78628	0.1
0.3655	1.00077	0.00025543	0.1	0.715059	1.78627	0.1
0.3665	1.00075	0.000244045	0.1	0.71504	1.78626	0.1
0.3675	1.00073	0.000232626	0.1	0.71502	1.78624	0.1
0.3685	1.00071	0.000221171	0.1	0.715	1.78623	0.1
0.3695	1.00069	0.00020968	0.1	0.714981	1.78621	0.1
0.3705	1.00067	0.000198151	0.1	0.714961	1.7862	0.1
0.3715	1.00065	0.000186585	0.1	0.714942	1.78619	0.1
0.3725	1.00063	0.000174983	0.1	0.714922	1.78617	0.1
0.3735	1.00061	0.000163346	0.1	0.714902	1.78616	0.1
0.3745	1.0006	0.000151678	0.1	0.714883	1.78614	0.1
0.3755	1.00058	0.000139981	0.1	0.714863	1.78613	0.1
0.3765	1.00056	0.000128257	0.1	0.714844	1.78612	0.1
0.3775	1.00054	0.000116513	0.1	0.714824	1.7861	0.1
0.3785	1.00052	0.000104752	0.1	0.714805	1.78609	0.1
0.3795	1.0005	9.29776e-05	0.1	0.714786	1.78607	0.1
0.3805	1.00048	8.11942e-05	0.1	0.714766	1.78606	0.1
0.3815	1.00046	6.94053e-05	0.1	0.714747	1.78605	0.1
0.3825	1.00044	5.76139e-05	0.1	0.714728	1.78603	0.1
0.3835	1.00042	4.58228e-05	0.1	0.714709	1.78602	0.1
0.3845	1.0004	3.40339e-05	0.1	0.714689	1.78601	0.1
0.3855	1.00038	2.22486e-05	0.1	0.71467	1.78599	0.1
0.3865	1.00036	1.0468e-05	0.1	0.714651	1.78598	0.1
0.3875	1.00034	-1.30693e-06	0.1	0.714632	1.78596	0.1
0.3885	1.00033	-1.30754e-05	0.1	0.714613	1.78595	0.1
0.3895	1.00031	-2.48364e-05	0.1	0.714594	1.78594	0.1
0.3905	1.00029	-3.65889e-05	0.1	0.714576	1.78592	0.1
0.3915	1.00027	-4.83317e-05	0.1	0.714557	1.78591	0.1
0.3925	1.00025	-6.0063e-05	0.1	0.714538	1.7859	0.1
0.3935	1.00023	-7.17807e-05	0.1	0.71452	1.78588	0.1
0.3945	1.00021	-8.34823e-05	0.1	0.714501	1.78587	0.1
0.3955	1.0002	-9.5165e-05	0.1	0.714483	1.78586	0.1
0.3965	1.00018	-0.000106825	0.1	0.714464	1.78584	0.1
0.3975	1.00016	-0.00011846	0.1	0.714446	1.78583	0.1
0.3985	1.00014	-0.000130065	0.1	0.714428	1.78582	0.1
0.3995	1.00012	-0.000141636	0.1	0.71441	1.78581	0.1
0.4005	1.0001	-0.00015317	0.1	0.714392	1.78579	0.1
0.4015	1.00009	-0.000164663	0.1	0.714374	1.78578	0.1
0.4025	1.00007	-0.000176112	0.1	0.714356	1.78577	0.1
0.4035	1.00005	-0.000187514	0.1	0.714338	1.78575	0.1
0.4045	1.00003	-0.000198867	0.1	0.71432	1.78574	0.1
0.4055	1.00002	-0.000210167	0.1	0.714303	1.78573	0.1
0.4065	0.999998	-0.000221413	0.1	0.714285	1.78572	0.1
0.4075	0.999981	-0.000232603	0.1	0.714268	1.7857	0.1
0.4085	0.999964	-0.000243737	0.1	0.714251	1.78569	0.1
0.4095	0.999947	-0.000254812	0.1	0.714234	1.78568	0.1
0.4105	0.99993	-0.000265828	0.1	0.714217	1.78567	0.1
0.4115	0.999913	-0.000276783	0.1	0.7142	1.78566	0.1
0.4125	0.999896	-0.000287676	0.1	0.714183	1.78564	0.1
0.4135	0.999879	-0.000298505	0.1	0.714167	1.78563	0.100001
0.4145	0.999863	-0.000309268	0.1	0.71415	1.78562	0.100001
0.4155	0.999847	-0.000319963	0.1	0.714134	1.78561	0.100001
0.4165	0.99983	-0.000330586	0.1	0.714118	1.7856	0.100001
0.4175	0.999814	-0.000341134	0.1	0.714102	1.78559	0.100001
0.4185	0.999798	-0.000351603	0.1	0.714086	1.78557	0.100001
0.4195	0.999783	-0.00036199	0.1	0.71407	1.78556	0.100001
0.4205	0.999767	-0.000372291	0.1	0.714054	1.78555	0.100001
0.4215	0.999751	-0.0003825	0.1	0.714039	1.78554	0.100001
0.4225	0.999736	-0.000392614	0.1	0.714023	1.78553	0.100001
0.4235	0.999721	-0.000402628	0.1	0.714008	1.78552	0.100001
0.4245	0.999706	-0.000412538	0.1	0.713993	1.78551	0.100001
0.4255	0.999691	-0.000422341	0.1	0.713978	1.7855	0.100001
0.4265	0.999676	-0.000432032	0.1	0.713963	1.78549	0.100001
0.4275	0.999662	-0.000441609	0.1	0.713949	1.78548	0.100001
0.4285	0.999647	-0.000451069	0.1	0.713935	1.78547	0.100001
0.4295	0.999633	-0.00046041	0.1	0.71392	1.78546	0.100001
0.4305	0.999619	-0.000469629	0.1	0.713906	1.78545	0.100001
0.4315	0.999605	-0.000478724	0.1	0.713893	1.78544	0.100001
0.4325	0.999592	-0.000487694	0.1	0.713879	1.78543	0.100001
0.4335	0.999578	-0.000496537	0.1	0.713866	1.78542	0.100001
0.4345	0.999565	-0.000505251	0.1	0.713852	1.78541	0.100001
0.4355	0.999552	-0.000513835	0.1	0.713839	1.7854	0.100001
0.4365	0.999539	-0.000522285	0.1	0.713826	1.78539	0.100001
0.4375	0.999526	-0.000530599	0.0999999	0.713814	1.78538	0.100001
0.4385	0.999514	-0.000538772	0.0999999	0.713801	1.78537	0.100001
0.4395	0.999501	-0.000546801	0.0999998	0.713789	1.78536	0.100001
0.4405	0.999489	-0.000554683	0.0999998	0.713777	1.78535	0.100001
0.4415	0.999478	-0.000562414	0.0999997	0.713765	1.78535	0.100001
0.4425	0.999466	-0.000569992	0.0999997	0.713753	1.78534	0.100001
0.4435	0.999454	-0.000577413	0.0999996	0.713742	1.78533	0.100001
0.4445	0.999443	-0.000584676	0.0999996	0.713731	1.78532	0.100001
0.4455	0.999432	-0.000591776	0.0999997	0.71372	1.78531	0.100001
0.4465	0.999421	-0.00059871	0.0999998	0.713709	1.7853	0.100002
0.4475	0.999411	-0.000605472	0.1	0.713698	1.7853	0.100002
0.4485	0.999401	-0.000612055	0.1	0.713688	1.78529	0.100002
0.4495	0.99939	-0.000618454	0.100001	0.713678	1.78528	0.100003
0.4505	0.999381	-0.000624664	0.100001	0.713668	1.78528	0.100003
0.4515	0.999371	-0.000630679	0.100002	0.713658	1.78527	0.100004
0.4525	0.999362	-0.000636501	0.100002	0.713649	1.78526	0.100004
0.4535	0.999353	-0.00064213	0.100003	0.71364	1.78526	0.100005
0.4545	0.999344	-0.000647568	0.100004	0.713631	1.78525	0.100006
0.4555	0.999335	-0.000652813	0.100004	0.713622	1.78524	0.100006
0.4565	0.999327	-0.000657868	0.100005	0.713614	1.78524	0.100007
0.4575	0.999318	-0.000662731	0.100005	0.713606	1.78523	0.100007
0.4585	0.999311	-0.000667396	0.100006	0.713598	1.78523	0.100008
0.4595	0.999303	-0.000671854	0.100006	0.71359	1.78522	0.100009
0.4605	0.999296	-0.0006761	0.100007	0.713583	1.78522	0.100009
0.4615	0.999288	-0.000680145	0.100007	0.713576	1.78521	0.10001
0.4625	0.999282	-0.000683992	0.100008	0.713569	1.78521	0.10001
0.4635	0.999275	-0.000687622	0.100007	0.713562	1.7852	0.100009
0.4645	0.999269	-0.000691021	0.100006	0.713556	1.7852	0.100008
0.4655	0.999263	-0.000694196	0.100004	0.71355	1.78519	0.100006
0.4665	0.999257	-0.000697148	0.100002	0.713544	1.78519	0.100004
0.4675	0.999252	-0.00069987	0.099999	0.713538	1.78518	0.100001
0.4685	0.999246	-0.000702358	0.0999955	0.713533	1.78518	0.099998
0.4695	0.999241	-0.000704608	0.0999913	0.713528	1.78517	0.0999938
0.4705	0.999236	-0.000706616	0.0999866	0.713523	1.78517	0.0999891
0.4715	0.999231	-0.000708381	0.0999812	0.713518	1.78517	0.0999837
0.4725	0.999226	-0.0007099	0.0999754	0.713514	1.78517	0.0999779
0.4735	0.999222	-0.000711176	0.0999692	0.71351	1.78517	0.0999717
0.4745	0.999218	-0.000712199	0.099963	0.713507	1.78516	0.0999655
0.4755	0.999214	-0.000712962	0.0999571	0.713504	1.78516	0.0999597
0.4765	0.999211	-0.000713477	0.0999519	0.713502	1.78516	0.0999544
0.4775	0.99921	-0.000713727	0.0999471	0.7135	1.78516	0.0999497
0.4785	0.999209	-0.000713778	0.099943	0.713498	1.78516	0.0999456
0.4795	0.999208	-0.000713578	0.0999396	0.713497	1.78516	0.0999422
0.4805	0.999209	-0.000713017	0.0999369	0.713496	1.78515	0.0999394
0.4815	0.99921	-0.000712161	0.0999347	0.713496	1.78515	0.0999372
0.4825	0.999212	-0.000711022	0.0999328	0.713496	1.78515	0.0999354
0.4835	0.999213	-0.000709662	0.0999311	0.713496	1.78515	0.0999336
0.4845	0.999213	-0.000708084	0.0999294	0.713496	1.78515	0.099932
0.4855	0.999214	-0.000706173	0.0999286	0.713497	1.78515	0.0999311
0.4865	0.999214	-0.000703966	0.099929	0.713498	1.78515	0.0999315
0.4875	0.999215	-0.000701486	0.0999326	0.713501	1.78515	0.099935
0.4885	0.999215	-0.000698788	0.0999385	0.713503	1.78516	0.099941
0.4895	0.999216	-0.000695806	0.099945	0.713506	1.78516	0.0999474
0.4905	0.999217	-0.000692513	0.099952	0.713508	1.78517	0.0999544
0.4915	0.999218	-0.000688923	0.0999592	0.713511	1.78517	0.0999616
0.4925	0.99922	-0.000685028	0.0999661	0.713514	1.78518	0.0999685
0.4935	0.999223	-0.000680826	0.0999723	0.713517	1.78518	0.0999746
0.4945	0.999226	-0.0006763	0.0999777	0.71352	1.78518	0.09998
0.4955	0.999229	-0.000671495	0.0999825	0.713523	1.78518	0.0999848
0.4965	0.999233	-0.000666661	0.0999869	0.713526	1.78519	0.0999891
0.4975	0.999239	-0.000660592	0.099991	0.713531	1.78519	0.0999932
0.4985	0.999257	-0.000646413	0.0999957	0.713547	1.78519	0.0999977
0.4995	0.999458	-0.000484593	0.0999997	0.713746	1.78533	0.100001
