x	y	rho	u	v	w	A11	A12	A13	A21	A22	A23	A31	A32	A33	omega	curlynorm	rho-rho0detA
-0.49875 	0 	1.01106 	-0.00971941 	-0.0998938 	0	1.00381	-0.000426256	0	0.000437276	1.00348	0	0	0	1.00368	0.0345401	0.104075	4.20364e-05

-0.49625 	0 	1.01569 	-0.0135273 	-0.0998273 	0	1.00521	-0.000833075	0	0.000843999	1.00509	0	0	0	1.00528	0.0154583	0.0391548	2.50106e-05

-0.49375 	0 	1.016 	-0.0137259 	-0.0998165 	0	1.0053	-0.00109852	0	0.00110404	1.00529	0	0	0	1.00531	0.00168525	0.0101556	1.50415e-05

-0.49125 	0 	1.01596 	-0.0136686 	-0.0998189 	0	1.00529	-0.00129665	0	0.00130136	1.00529	0	0	0	1.00529	-0.00184236	0.00687324	2.5732e-06

-0.48875 	0 	1.01589 	-0.0135739 	-0.0998257 	0	1.00527	-0.00143899	0	0.00144334	1.00527	0	0	0	1.00527	-0.00324441	0.00480137	1.65104e-07

-0.48625 	0 	1.01582 	-0.0134889 	-0.0998351 	0	1.00524	-0.00153053	0	0.00153441	1.00524	0	0	0	1.00524	-0.00449712	0.00295372	-8.40049e-08

-0.48375 	0 	1.01575 	-0.0134051 	-0.0998482 	0	1.00522	-0.00157835	0	0.00158133	1.00522	0	0	0	1.00522	-0.00561364	0.00157492	-2.57981e-07

-0.48125 	0 	1.01568 	-0.0133212 	-0.0998632 	0	1.0052	-0.00159428	0	0.00159632	1.0052	0	0	0	1.0052	-0.00581195	0.000960776	-5.29952e-07

-0.47875 	0 	1.01561 	-0.0132374 	-0.0998773 	0	1.00518	-0.00159056	0	0.00159309	1.00518	0	0	0	1.00518	-0.00526313	0.00121356	-7.79675e-07

-0.47625 	0 	1.01554 	-0.0131534 	-0.0998895 	0	1.00515	-0.00155737	0	0.0015609	1.00515	0	0	0	1.00515	-0.00481513	0.00242636	-7.86491e-07

-0.47375 	0 	1.01546 	-0.0130693 	-0.0999013 	0	1.00513	-0.00148053	0	0.0014834	1.00513	0	0	0	1.00513	-0.00499055	0.00390606	-6.96564e-07

-0.47125 	0 	1.01539 	-0.012985 	-0.0999144 	0	1.0051	-0.00136992	0	0.00137146	1.0051	0	0	0	1.0051	-0.00546995	0.00491628	-6.72246e-07

-0.46875 	0 	1.01532 	-0.0129005 	-0.0999287 	0	1.00508	-0.00124156	0	0.00124198	1.00508	0	0	0	1.00508	-0.00565901	0.0053441	-6.88094e-07

-0.46625 	0 	1.01524 	-0.012816 	-0.0999427 	0	1.00505	-0.00110925	0	0.00110883	1.00506	0	0	0	1.00506	-0.00534312	0.00529479	-7.29996e-07

-0.46375 	0 	1.01517 	-0.0127314 	-0.0999554 	0	1.00503	-0.000983346	0	0.000982536	1.00503	0	0	0	1.00503	-0.00471452	0.004952	-7.68974e-07

-0.46125 	0 	1.0151 	-0.0126468 	-0.0999663 	0	1.00501	-0.000868369	0	0.000867392	1.00501	0	0	0	1.00501	-0.00400375	0.00448862	-7.90913e-07

-0.45875 	0 	1.01502 	-0.0125621 	-0.0999754 	0	1.00498	-0.000765981	0	0.000764959	1.00498	0	0	0	1.00498	-0.00337499	0.00398733	-7.95609e-07

-0.45625 	0 	1.01495 	-0.0124773 	-0.0999832 	0	1.00496	-0.000676582	0	0.000675587	1.00496	0	0	0	1.00496	-0.00289611	0.00348696	-7.93156e-07

-0.45375 	0 	1.01488 	-0.0123925 	-0.0999899 	0	1.00493	-0.000599948	0	0.000598972	1.00493	0	0	0	1.00493	-0.00238165	0.00300112	-7.88871e-07

-0.45125 	0 	1.0148 	-0.0123075 	-0.0999951 	0	1.00491	-0.000535892	0	0.000534934	1.00491	0	0	0	1.00491	-0.0017463	0.00253645	-7.81423e-07

-0.44875 	0 	1.01473 	-0.0122225 	-0.0999986 	0	1.00489	-0.000484013	0	0.000483134	1.00489	0	0	0	1.00489	-0.00118668	0.00211323	-7.6706e-07

-0.44625 	0 	1.01465 	-0.0121375 	-0.100001 	0	1.00486	-0.000443284	0	0.000442523	1.00486	0	0	0	1.00486	-0.000766584	0.00175498	-7.47627e-07

-0.44375 	0 	1.01458 	-0.0120523 	-0.100002 	0	1.00484	-0.000412273	0	0.000411644	1.00484	0	0	0	1.00484	-0.000432092	0.00147481	-7.26758e-07

-0.44125 	0 	1.0145 	-0.011967 	-0.100003 	0	1.00481	-0.000389394	0	0.000388899	1.00481	0	0	0	1.00481	-0.000178863	0.00127468	-7.0641e-07

-0.43875 	0 	1.01443 	-0.0118817 	-0.100003 	0	1.00479	-0.000373067	0	0.000372699	1.00479	0	0	0	1.00479	1.29298e-06	0.00114622	-6.87714e-07

-0.43625 	0 	1.01435 	-0.0117962 	-0.100003 	0	1.00476	-0.000361815	0	0.00036156	1.00476	0	0	0	1.00476	0.000119273	0.00107309	-6.71369e-07

-0.43375 	0 	1.01428 	-0.0117106 	-0.100003 	0	1.00474	-0.000354326	0	0.000354167	1.00474	0	0	0	1.00474	0.000187035	0.00103642	-6.57717e-07

-0.43125 	0 	1.0142 	-0.011625 	-0.100002 	0	1.00471	-0.000349487	0	0.000349408	1.00471	0	0	0	1.00471	0.000214969	0.00102038	-6.46824e-07

-0.42875 	0 	1.01413 	-0.0115394 	-0.100002 	0	1.00469	-0.000346392	0	0.000346375	1.00469	0	0	0	1.00469	0.000212239	0.00101441	-6.38598e-07

-0.42625 	0 	1.01405 	-0.0114536 	-0.100001 	0	1.00466	-0.000344341	0	0.000344369	1.00466	0	0	0	1.00466	0.000190486	0.00101268	-6.32839e-07

-0.42375 	0 	1.01398 	-0.0113679 	-0.100001 	0	1.00464	-0.000342827	0	0.000342885	1.00464	0	0	0	1.00464	0.000161068	0.00101247	-6.29217e-07

-0.42125 	0 	1.0139 	-0.0112822 	-0.1 	0	1.00461	-0.000341523	0	0.000341599	1.00461	0	0	0	1.00461	0.000130886	0.00101274	-6.274e-07

-0.41875 	0 	1.01383 	-0.0111964 	-0.1 	0	1.00459	-0.000340244	0	0.000340331	1.00459	0	0	0	1.00459	0.000103416	0.00101319	-6.26911e-07

-0.41625 	0 	1.01375 	-0.0111107 	-0.0999999 	0	1.00456	-0.00033887	0	0.000338965	1.00456	0	0	0	1.00456	7.94861e-05	0.00101383	-6.26921e-07

-0.41375 	0 	1.01368 	-0.011025 	-0.0999997 	0	1.00454	-0.000337299	0	0.000337399	1.00454	0	0	0	1.00454	5.8566e-05	0.00101472	-6.26931e-07

-0.41125 	0 	1.0136 	-0.0109393 	-0.0999996 	0	1.00451	-0.000335481	0	0.000335581	1.00451	0	0	0	1.00451	4.06141e-05	0.00101585	-6.26886e-07

-0.40875 	0 	1.01352 	-0.0108536 	-0.0999995 	0	1.00449	-0.000333413	0	0.000333511	1.00449	0	0	0	1.00449	2.60272e-05	0.00101714	-6.26829e-07

-0.40625 	0 	1.01345 	-0.0107679 	-0.0999994 	0	1.00446	-0.000331125	0	0.000331219	1.00446	0	0	0	1.00446	1.50263e-05	0.00101855	-6.26797e-07

-0.40375 	0 	1.01337 	-0.0106822 	-0.0999994 	0	1.00444	-0.000328662	0	0.000328752	1.00444	0	0	0	1.00444	7.39938e-06	0.00102002	-6.26839e-07

-0.40125 	0 	1.0133 	-0.0105964 	-0.0999994 	0	1.00441	-0.000326072	0	0.000326158	1.00441	0	0	0	1.00441	2.36954e-06	0.00102152	-6.26982e-07

-0.39875 	0 	1.01322 	-0.0105105 	-0.0999994 	0	1.00439	-0.0003234	0	0.000323483	1.00439	0	0	0	1.00439	-8.79235e-07	0.00102303	-6.27242e-07

-0.39625 	0 	1.01314 	-0.0104246 	-0.0999994 	0	1.00436	-0.000320679	0	0.00032076	1.00436	0	0	0	1.00436	-2.64359e-06	0.0010245	-6.27612e-07

-0.39375 	0 	1.01307 	-0.0103386 	-0.0999994 	0	1.00434	-0.000317935	0	0.000318015	1.00434	0	0	0	1.00434	-3.18412e-06	0.00102587	-6.28078e-07

-0.39125 	0 	1.01299 	-0.0102525 	-0.0999994 	0	1.00431	-0.000315186	0	0.000315265	1.00431	0	0	0	1.00431	-2.91165e-06	0.00102706	-6.28614e-07

-0.38875 	0 	1.01291 	-0.0101664 	-0.0999994 	0	1.00429	-0.000312442	0	0.000312522	1.00429	0	0	0	1.00429	-2.25648e-06	0.00102797	-6.29125e-07

-0.38625 	0 	1.01284 	-0.0100802 	-0.0999994 	0	1.00426	-0.000309707	0	0.000309786	1.00426	0	0	0	1.00426	-1.53345e-06	0.00102848	-6.29269e-07

-0.38375 	0 	1.01276 	-0.00999404 	-0.0999994 	0	1.00424	-0.000306979	0	0.000307059	1.00424	0	0	0	1.00424	-8.78564e-07	0.00102835	-6.27859e-07

-0.38125 	0 	1.01269 	-0.00990792 	-0.0999994 	0	1.00421	-0.00030426	0	0.00030434	1.00421	0	0	0	1.00421	-5.63175e-07	0.00102758	-6.26512e-07

-0.37875 	0 	1.01261 	-0.00982189 	-0.0999994 	0	1.00419	-0.000301549	0	0.000301628	1.00419	0	0	0	1.00419	-6.13129e-07	0.00102667	-6.49324e-07

-0.37625 	0 	1.01253 	-0.009736 	-0.0999994 	0	1.00416	-0.000298848	0	0.000298927	1.00416	0	0	0	1.00416	-5.51773e-07	0.00102556	-6.3168e-07

-0.37375 	0 	1.01246 	-0.00965022 	-0.0999994 	0	1.00414	-0.000296154	0	0.000296234	1.00414	0	0	0	1.00413	-2.90606e-07	0.00102391	-6.17679e-07

-0.37125 	0 	1.01238 	-0.00956457 	-0.0999994 	0	1.00411	-0.000293467	0	0.000293546	1.00411	0	0	0	1.00411	-1.8783e-07	0.0010223	-6.20787e-07

-0.36875 	0 	1.0123 	-0.00947906 	-0.0999994 	0	1.00408	-0.000290783	0	0.000290862	1.00408	0	0	0	1.00408	-2.21894e-07	0.00102116	-6.27495e-07

-0.36625 	0 	1.01223 	-0.00939364 	-0.0999994 	0	1.00406	-0.000288102	0	0.000288182	1.00406	0	0	0	1.00406	-2.13859e-07	0.00102039	-6.24185e-07

-0.36375 	0 	1.01215 	-0.00930831 	-0.0999994 	0	1.00403	-0.000285424	0	0.000285503	1.00403	0	0	0	1.00403	-1.83808e-07	0.00102	-6.23074e-07

-0.36125 	0 	1.01208 	-0.00922302 	-0.0999994 	0	1.00401	-0.000282747	0	0.000282826	1.00401	0	0	0	1.00401	-1.53646e-07	0.00102001	-6.2233e-07

-0.35875 	0 	1.012 	-0.00913775 	-0.0999994 	0	1.00398	-0.00028007	0	0.000280149	1.00398	0	0	0	1.00398	-1.10273e-07	0.00102041	-6.21997e-07

-0.35625 	0 	1.01192 	-0.00905248 	-0.0999994 	0	1.00396	-0.000277392	0	0.000277472	1.00396	0	0	0	1.00396	-5.84179e-08	0.00102121	-6.21763e-07

-0.35375 	0 	1.01185 	-0.00896717 	-0.0999994 	0	1.00393	-0.000274713	0	0.000274793	1.00393	0	0	0	1.00393	-1.31832e-08	0.00102236	-6.21724e-07

-0.35125 	0 	1.01177 	-0.0088818 	-0.0999994 	0	1.00391	-0.000272032	0	0.000272112	1.00391	0	0	0	1.00391	1.23384e-08	0.00102375	-6.21879e-07

-0.34875 	0 	1.01169 	-0.00879637 	-0.0999994 	0	1.00388	-0.000269348	0	0.000269428	1.00388	0	0	0	1.00388	5.08786e-09	0.00102522	-6.22194e-07

-0.34625 	0 	1.01162 	-0.00871087 	-0.0999994 	0	1.00386	-0.000266662	0	0.000266742	1.00386	0	0	0	1.00386	-3.96429e-08	0.00102655	-6.22595e-07

-0.34375 	0 	1.01154 	-0.00862533 	-0.0999994 	0	1.00383	-0.000263974	0	0.000264054	1.00383	0	0	0	1.00383	-1.43924e-07	0.00102749	-6.23112e-07

-0.34125 	0 	1.01146 	-0.00853979 	-0.0999994 	0	1.00381	-0.000261285	0	0.000261365	1.00381	0	0	0	1.00381	-3.22407e-07	0.00102773	-6.23457e-07

-0.33875 	0 	1.01139 	-0.00845431 	-0.0999994 	0	1.00378	-0.000258597	0	0.000258677	1.00378	0	0	0	1.00378	-5.13984e-07	0.00102705	-6.2338e-07

-0.33625 	0 	1.01131 	-0.00836897 	-0.0999994 	0	1.00376	-0.000255913	0	0.000255993	1.00376	0	0	0	1.00376	-6.64404e-07	0.00102555	-6.22874e-07

-0.33375 	0 	1.01123 	-0.00828381 	-0.0999994 	0	1.00373	-0.000253234	0	0.000253314	1.00373	0	0	0	1.00373	-7.75066e-07	0.0010234	-6.21928e-07

-0.33125 	0 	1.01116 	-0.00819888 	-0.0999994 	0	1.00371	-0.000250562	0	0.000250641	1.00371	0	0	0	1.00371	-8.4414e-07	0.00102081	-6.20585e-07

-0.32875 	0 	1.01108 	-0.00811418 	-0.0999994 	0	1.00368	-0.000247897	0	0.000247976	1.00368	0	0	0	1.00368	-8.63324e-07	0.00101802	-6.18927e-07

-0.32625 	0 	1.01101 	-0.00802974 	-0.0999994 	0	1.00366	-0.000245239	0	0.000245318	1.00366	0	0	0	1.00366	-8.33275e-07	0.00101529	-6.17068e-07

-0.32375 	0 	1.01093 	-0.00794552 	-0.0999994 	0	1.00363	-0.000242589	0	0.000242668	1.00363	0	0	0	1.00363	-7.59209e-07	0.00101287	-6.15146e-07

-0.32125 	0 	1.01086 	-0.0078615 	-0.0999994 	0	1.00361	-0.000239945	0	0.000240024	1.00361	0	0	0	1.00361	-6.44749e-07	0.00101097	-6.13318e-07

-0.31875 	0 	1.01078 	-0.00777764 	-0.0999995 	0	1.00358	-0.000237306	0	0.000237385	1.00358	0	0	0	1.00358	-5.11885e-07	0.00100974	-6.11664e-07

-0.31625 	0 	1.0107 	-0.00769388 	-0.0999995 	0	1.00356	-0.00023467	0	0.000234749	1.00356	0	0	0	1.00356	-4.02876e-07	0.00100917	-6.10179e-07

-0.31375 	0 	1.01063 	-0.00761018 	-0.0999995 	0	1.00353	-0.000232037	0	0.000232116	1.00353	0	0	0	1.00353	-3.19014e-07	0.00100918	-6.0921e-07

-0.31125 	0 	1.01055 	-0.00752651 	-0.0999995 	0	1.00351	-0.000229404	0	0.000229483	1.00351	0	0	0	1.00351	-2.29702e-07	0.0010097	-6.08743e-07

-0.30875 	0 	1.01048 	-0.00744283 	-0.0999995 	0	1.00348	-0.000226771	0	0.00022685	1.00348	0	0	0	1.00348	-1.44026e-07	0.00101067	-6.08448e-07

-0.30625 	0 	1.0104 	-0.00735912 	-0.0999995 	0	1.00346	-0.000224137	0	0.000224217	1.00346	0	0	0	1.00346	-9.37193e-08	0.00101196	-6.08391e-07

-0.30375 	0 	1.01033 	-0.00727536 	-0.0999995 	0	1.00343	-0.000221502	0	0.000221582	1.00343	0	0	0	1.00343	-9.85937e-08	0.00101334	-6.08515e-07

-0.30125 	0 	1.01025 	-0.00719156 	-0.0999995 	0	1.00341	-0.000218865	0	0.000218945	1.00341	0	0	0	1.00341	-1.64033e-07	0.00101451	-6.08768e-07

-0.29875 	0 	1.01018 	-0.00710776 	-0.0999995 	0	1.00338	-0.000216227	0	0.000216307	1.00338	0	0	0	1.00338	-3.33674e-07	0.00101503	-6.09125e-07

-0.29625 	0 	1.0101 	-0.00702404 	-0.0999995 	0	1.00336	-0.00021359	0	0.00021367	1.00336	0	0	0	1.00336	-6.02947e-07	0.00101447	-6.09125e-07

-0.29375 	0 	1.01002 	-0.00694048 	-0.0999995 	0	1.00333	-0.000210958	0	0.000211037	1.00333	0	0	0	1.00333	-8.60413e-07	0.00101271	-6.08498e-07

-0.29125 	0 	1.00995 	-0.00685717 	-0.0999995 	0	1.00331	-0.000208333	0	0.000208412	1.00331	0	0	0	1.0033	-1.06849e-06	0.00100984	-6.07362e-07

-0.28875 	0 	1.00987 	-0.00677419 	-0.0999995 	0	1.00328	-0.000205718	0	0.000205796	1.00328	0	0	0	1.00328	-1.23732e-06	0.00100602	-6.05609e-07

-0.28625 	0 	1.0098 	-0.0066916 	-0.0999995 	0	1.00326	-0.000203114	0	0.000203192	1.00326	0	0	0	1.00326	-1.34551e-06	0.00100149	-6.03283e-07

-0.28375 	0 	1.00972 	-0.00660942 	-0.0999995 	0	1.00323	-0.000200523	0	0.000200601	1.00323	0	0	0	1.00323	-1.3795e-06	0.000996608	-6.0048e-07

-0.28125 	0 	1.00965 	-0.00652768 	-0.0999995 	0	1.00321	-0.000197946	0	0.000198023	1.00321	0	0	0	1.00321	-1.33537e-06	0.000991755	-5.97364e-07

-0.27875 	0 	1.00957 	-0.00644634 	-0.0999995 	0	1.00318	-0.000195381	0	0.000195457	1.00318	0	0	0	1.00318	-1.22303e-06	0.000987326	-5.94135e-07

-0.27625 	0 	1.0095 	-0.00636536 	-0.0999995 	0	1.00316	-0.000192827	0	0.000192903	1.00316	0	0	0	1.00316	-1.05173e-06	0.000983663	-5.91017e-07

-0.27375 	0 	1.00943 	-0.00628466 	-0.0999995 	0	1.00313	-0.000190282	0	0.000190358	1.00313	0	0	0	1.00313	-8.29915e-07	0.000981015	-5.88222e-07

-0.27125 	0 	1.00935 	-0.00620418 	-0.0999995 	0	1.00311	-0.000187743	0	0.00018782	1.00311	0	0	0	1.00311	-6.1612e-07	0.000979493	-5.85764e-07

-0.26875 	0 	1.00928 	-0.00612382 	-0.0999995 	0	1.00308	-0.000185209	0	0.000185286	1.00308	0	0	0	1.00308	-4.59836e-07	0.000978991	-5.83974e-07

-0.26625 	0 	1.00921 	-0.00604352 	-0.0999995 	0	1.00306	-0.000182677	0	0.000182754	1.00306	0	0	0	1.00306	-3.26163e-07	0.000979311	-5.82949e-07

-0.26375 	0 	1.00913 	-0.00596324 	-0.0999995 	0	1.00304	-0.000180146	0	0.000180223	1.00304	0	0	0	1.00304	-1.9701e-07	0.000980357	-5.82368e-07

-0.26125 	0 	1.00906 	-0.00588291 	-0.0999995 	0	1.00301	-0.000177614	0	0.000177691	1.00301	0	0	0	1.00301	-9.10003e-08	0.000981995	-5.8205e-07

-0.25875 	0 	1.00899 	-0.00580253 	-0.0999995 	0	1.00299	-0.00017508	0	0.000175157	1.00299	0	0	0	1.00299	-3.48915e-09	0.000983919	-5.81607e-07

-0.25625 	0 	1.00891 	-0.00572206 	-0.0999995 	0	1.00296	-0.000172543	0	0.000172621	1.00296	0	0	0	1.00296	-1.39457e-08	0.000985761	-5.80707e-07

-0.25375 	0 	1.00884 	-0.00564156 	-0.0999995 	0	1.00294	-0.000170004	0	0.000170082	1.00294	0	0	0	1.00294	-2.89502e-07	0.000987326	-5.99769e-07

-0.25125 	0 	1.00877 	-0.00556107 	-0.0999995 	0	1.00291	-0.000167464	0	0.000167542	1.00291	0	0	0	1.00291	-6.69058e-07	0.000988023	-5.85546e-07

-0.24875 	0 	1.00869 	-0.0054807 	-0.0999995 	0	1.00289	-0.000164929	0	0.000165006	1.00289	0	0	0	1.00289	-8.61782e-07	0.000987078	-5.77117e-07

-0.24625 	0 	1.00862 	-0.00540056 	-0.0999995 	0	1.00287	-0.000162401	0	0.000162478	1.00287	0	0	0	1.00286	-1.01735e-06	0.000984648	-5.77025e-07

-0.24375 	0 	1.00855 	-0.00532075 	-0.0999995 	0	1.00284	-0.000159882	0	0.000159958	1.00284	0	0	0	1.00284	-1.29378e-06	0.000981039	-5.81105e-07

-0.24125 	0 	1.00847 	-0.00524137 	-0.0999995 	0	1.00282	-0.000157375	0	0.000157451	1.00282	0	0	0	1.00282	-1.57797e-06	0.000976231	-5.78556e-07

-0.23875 	0 	1.0084 	-0.0051625 	-0.0999995 	0	1.00279	-0.000154885	0	0.00015496	1.00279	0	0	0	1.00279	-1.78766e-06	0.000970442	-5.75464e-07

-0.23625 	0 	1.00833 	-0.0050842 	-0.0999995 	0	1.00277	-0.000152412	0	0.000152486	1.00277	0	0	0	1.00277	-1.89578e-06	0.000964066	-5.7177e-07

-0.23375 	0 	1.00825 	-0.00500648 	-0.0999995 	0	1.00274	-0.000149957	0	0.000150031	1.00274	0	0	0	1.00274	-1.87596e-06	0.000957571	-5.67626e-07

-0.23125 	0 	1.00818 	-0.00492934 	-0.0999995 	0	1.00272	-0.000147519	0	0.000147593	1.00272	0	0	0	1.00272	-1.71783e-06	0.00095146	-5.63254e-07

-0.22875 	0 	1.00811 	-0.00485272 	-0.0999995 	0	1.0027	-0.000145097	0	0.000145171	1.0027	0	0	0	1.0027	-1.42671e-06	0.0009462	-5.58927e-07

-0.22625 	0 	1.00804 	-0.00477654 	-0.0999995 	0	1.00267	-0.000142687	0	0.000142761	1.00267	0	0	0	1.00267	-1.02072e-06	0.000942154	-5.5493e-07

-0.22375 	0 	1.00797 	-0.00470069 	-0.0999995 	0	1.00265	-0.000140285	0	0.000140359	1.00265	0	0	0	1.00265	-5.64021e-07	0.00093952	-5.51489e-07

-0.22125 	0 	1.0079 	-0.00462509 	-0.0999995 	0	1.00263	-0.000137887	0	0.000137961	1.00263	0	0	0	1.00263	-1.9093e-07	0.000938258	-5.48658e-07

-0.21875 	0 	1.00783 	-0.00454962 	-0.0999995 	0	1.0026	-0.000135491	0	0.000135565	1.0026	0	0	0	1.0026	2.0607e-08	0.000938099	-5.46716e-07

-0.21625 	0 	1.00776 	-0.00447424 	-0.0999995 	0	1.00258	-0.000133096	0	0.00013317	1.00258	0	0	0	1.00258	7.14926e-08	0.00093876	-5.4561e-07

-0.21375 	0 	1.00769 	-0.00439889 	-0.0999995 	0	1.00256	-0.000130703	0	0.000130777	1.00256	0	0	0	1.00256	-9.99232e-08	0.000939984	-5.44955e-07

-0.21125 	0 	1.00762 	-0.00432354 	-0.0999995 	0	1.00253	-0.000128317	0	0.000128391	1.00253	0	0	0	1.00253	-4.97248e-07	0.000941391	-5.44644e-07

-0.20875 	0 	1.00755 	-0.00424821 	-0.0999995 	0	1.00251	-0.00012594	0	0.000126014	1.00251	0	0	0	1.00251	-1.14971e-06	0.000942518	-5.44566e-07

-0.20625 	0 	1.00748 	-0.00417297 	-0.0999995 	0	1.00249	-0.000123579	0	0.000123652	1.00249	0	0	0	1.00249	-2.10349e-06	0.000942828	-5.44382e-07

-0.20375 	0 	1.00741 	-0.00409789 	-0.0999995 	0	1.00246	-0.000121238	0	0.000121311	1.00246	0	0	0	1.00246	-3.15574e-06	0.0009419	-5.43725e-07

-0.20125 	0 	1.00734 	-0.00402309 	-0.0999995 	0	1.00244	-0.000118921	0	0.000118994	1.00244	0	0	0	1.00244	-4.15516e-06	0.000939738	-5.42434e-07

-0.19875 	0 	1.00727 	-0.00394865 	-0.0999996 	0	1.00242	-0.00011663	0	0.000116702	1.00242	0	0	0	1.00242	-5.10484e-06	0.000936526	-5.40396e-07

-0.19625 	0 	1.0072 	-0.00387464 	-0.0999996 	0	1.00239	-0.00011436	0	0.000114433	1.00239	0	0	0	1.00239	-5.94916e-06	0.000932391	-5.37678e-07

-0.19375 	0 	1.00713 	-0.00380114 	-0.0999996 	0	1.00237	-0.000112106	0	0.000112179	1.00237	0	0	0	1.00237	-6.5319e-06	0.000927441	-5.34374e-07

-0.19125 	0 	1.00706 	-0.00372821 	-0.0999996 	0	1.00235	-0.000109857	0	0.000109931	1.00235	0	0	0	1.00235	-6.53926e-06	0.000921762	-5.3058e-07

-0.18875 	0 	1.00699 	-0.00365592 	-0.0999996 	0	1.00232	-0.000107602	0	0.000107677	1.00232	0	0	0	1.00232	-5.5331e-06	0.000915473	-5.26336e-07

-0.18625 	0 	1.00692 	-0.00358431 	-0.0999996 	0	1.0023	-0.000105318	0	0.000105395	1.0023	0	0	0	1.0023	-3.04576e-06	0.00090878	-5.21651e-07

-0.18375 	0 	1.00685 	-0.00351342 	-0.0999996 	0	1.00228	-0.000102972	0	0.000103052	1.00228	0	0	0	1.00228	1.4615e-06	0.000901999	-5.16583e-07

-0.18125 	0 	1.00679 	-0.00344326 	-0.0999996 	0	1.00226	-0.000100523	0	0.000100606	1.00226	0	0	0	1.00226	8.72781e-06	0.000895552	-5.11254e-07

-0.17875 	0 	1.00672 	-0.0033738 	-0.0999996 	0	1.00224	-9.79182e-05	0	9.80059e-05	1.00224	0	0	0	1.00223	1.95297e-05	0.00088992	-5.05857e-07

-0.17625 	0 	1.00665 	-0.00330499 	-0.0999995 	0	1.00221	-9.51006e-05	0	9.51929e-05	1.00221	0	0	0	1.00221	3.35422e-05	0.000885555	-5.00623e-07

-0.17375 	0 	1.00659 	-0.00323674 	-0.0999994 	0	1.00219	-9.20106e-05	0	9.21076e-05	1.00219	0	0	0	1.00219	4.97877e-05	0.000882793	-4.95788e-07

-0.17125 	0 	1.00652 	-0.00316896 	-0.0999993 	0	1.00217	-8.85897e-05	0	8.8691e-05	1.00217	0	0	0	1.00217	6.80164e-05	0.000881795	-4.91527e-07

-0.16875 	0 	1.00646 	-0.00310157 	-0.0999991 	0	1.00215	-8.47891e-05	0	8.48926e-05	1.00215	0	0	0	1.00215	8.6623e-05	0.000882408	-4.87932e-07

-0.16625 	0 	1.00639 	-0.00303449 	-0.0999988 	0	1.00213	-8.05939e-05	0	8.06927e-05	1.00213	0	0	0	1.00213	0.000101335	0.000883809	-4.85307e-07

-0.16375 	0 	1.00633 	-0.0029677 	-0.0999986 	0	1.0021	-7.60907e-05	0	7.61663e-05	1.0021	0	0	0	1.0021	0.000109162	0.000883932	-4.85116e-07

-0.16125 	0 	1.00626 	-0.00290123 	-0.0999983 	0	1.00208	-7.16073e-05	0	7.16494e-05	1.00208	0	0	0	1.00208	0.000113327	0.00088057	-4.87508e-07

-0.15875 	0 	1.0062 	-0.00283516 	-0.099998 	0	1.00206	-6.758e-05	0	6.75882e-05	1.00206	0	0	0	1.00206	0.000121017	0.000873387	-4.90447e-07

-0.15625 	0 	1.00613 	-0.0027696 	-0.0999977 	0	1.00204	-6.44019e-05	0	6.43761e-05	1.00204	0	0	0	1.00204	0.000141064	0.000863777	-4.91609e-07

-0.15375 	0 	1.00607 	-0.00270471 	-0.0999973 	0	1.00202	-6.24072e-05	0	6.23677e-05	1.00202	0	0	0	1.00202	0.000176673	0.000854197	-4.86598e-07

-0.15125 	0 	1.006 	-0.00264064 	-0.0999968 	0	1.002	-6.16354e-05	0	6.16109e-05	1.002	0	0	0	1.002	0.000194605	0.000845873	-4.69694e-07

-0.14875 	0 	1.00594 	-0.00257747 	-0.0999963 	0	1.00198	-6.17632e-05	0	6.17102e-05	1.00198	0	0	0	1.00198	0.000130987	0.000837911	-4.46523e-07

-0.14625 	0 	1.00588 	-0.00251527 	-0.0999962 	0	1.00196	-6.32669e-05	0	6.3065e-05	1.00196	0	0	0	1.00196	-4.43217e-05	0.000837402	-4.33019e-07

-0.14375 	0 	1.00582 	-0.0024541 	-0.0999966 	0	1.00194	-6.83293e-05	0	6.78965e-05	1.00194	0	0	0	1.00193	-0.000290301	0.000880091	-4.3454e-07

-0.14125 	0 	1.00576 	-0.00239395 	-0.0999976 	0	1.00191	-7.97419e-05	0	7.91523e-05	1.00191	0	0	0	1.00191	-0.000562346	0.00101484	-4.38543e-07

-0.13875 	0 	1.00569 	-0.00233481 	-0.0999994 	0	1.00189	-9.91943e-05	0	9.85099e-05	1.0019	0	0	0	1.00189	-0.000900736	0.00124964	-4.36982e-07

-0.13625 	0 	1.00564 	-0.00227663 	-0.100002 	0	1.00188	-0.000127914	0	0.000127044	1.00188	0	0	0	1.00187	-0.00137716	0.00159244	-4.35864e-07

-0.13375 	0 	1.00558 	-0.00221938 	-0.100006 	0	1.00186	-0.000168401	0	0.000167161	1.00186	0	0	0	1.00186	-0.00191606	0.00210042	-4.36918e-07

-0.13125 	0 	1.00552 	-0.00216303 	-0.100012 	0	1.00184	-0.00022542	0	0.000223537	1.00184	0	0	0	1.00184	-0.00249118	0.00287166	-4.38464e-07

-0.12875 	0 	1.00546 	-0.00210761 	-0.100019 	0	1.00182	-0.000306664	0	0.000303963	1.00182	0	0	0	1.00182	-0.00361046	0.00399778	-4.56366e-07

-0.12625 	0 	1.0054 	-0.00205315 	-0.10003 	0	1.0018	-0.000421554	0	0.000417894	1.0018	0	0	0	1.0018	-0.00561638	0.00551246	-4.39618e-07

-0.12375 	0 	1.00535 	-0.0019997 	-0.100047 	0	1.00178	-0.000579553	0	0.000575249	1.00178	0	0	0	1.00178	-0.00825495	0.00746231	-4.21635e-07

-0.12125 	0 	1.00529 	-0.00194729 	-0.100071 	0	1.00176	-0.000792548	0	0.00078716	1.00176	0	0	0	1.00176	-0.01157	0.00987311	-4.08784e-07

-0.11875 	0 	1.00524 	-0.00189591 	-0.100105 	0	1.00174	-0.00107137	0	0.00106507	1.00174	0	0	0	1.00174	-0.0157598	0.0127008	-3.74002e-07

-0.11625 	0 	1.00518 	-0.00184548 	-0.10015 	0	1.00172	-0.00142572	0	0.00141889	1.00172	0	0	0	1.00172	-0.0206608	0.0158138	-3.30165e-07

-0.11375 	0 	1.00513 	-0.00179597 	-0.100208 	0	1.0017	-0.00185984	0	0.00185352	1.0017	0	0	0	1.00171	-0.0258011	0.0188189	-2.53058e-07

-0.11125 	0 	1.00507 	-0.00174722 	-0.100279 	0	1.00168	-0.00236375	0	0.00236036	1.00168	0	0	0	1.00169	-0.0307629	0.0207873	-2.53139e-08

-0.10875 	0 	1.00501 	-0.00169898 	-0.100362 	0	1.00166	-0.00289533	0	0.00289725	1.00166	0	0	0	1.00167	-0.0360327	0.0205154	5.14271e-07

-0.10625 	0 	1.00495 	-0.00165115 	-0.100459 	0	1.00164	-0.00338472	0	0.00339227	1.00164	0	0	0	1.00165	-0.0433069	0.0175072	1.36091e-06

-0.10375 	0 	1.00488 	-0.00160356 	-0.100578 	0	1.00162	-0.00376533	0	0.00377736	1.00162	0	0	0	1.00162	-0.0544534	0.0122305	1.98705e-06

-0.10125 	0 	1.00481 	-0.00155579 	-0.100731 	0	1.00159	-0.00399088	0	0.00400503	1.00159	0	0	0	1.0016	-0.0692536	0.00596768	1.41922e-06

-0.09875 	0 	1.00475 	-0.00150874 	-0.100925 	0	1.00157	-0.00405822	0	0.00407538	1.00157	0	0	0	1.00158	-0.0806091	0.00128152	-7.05116e-07

-0.09625 	0 	1.00468 	-0.0014634 	-0.101134 	0	1.00155	-0.0039437	0	0.00397797	1.00155	0	0	0	1.00156	-0.0745507	0.0132761	-3.93234e-06

-0.09375 	0 	1.0046 	-0.0014193 	-0.101297 	0	1.00153	-0.00340345	0	0.00348087	1.00153	0	0	0	1.00154	-0.0463445	0.0429048	-6.63994e-06

-0.09125 	0 	1.0045 	-0.00137431 	-0.101366 	0	1.0015	-0.0018269	0	0.00200143	1.00149	0	0	0	1.0015	-0.00453811	0.109703	-2.60029e-06

-0.08875 	0 	1.00432 	-0.00132833 	-0.10132 	0	1.00143	0.00200634	0	-0.0017401	1.00143	0	0	0	1.00144	0.0535148	0.222659	9.08522e-06

-0.08625 	0 	1.00396 	-0.00127956 	-0.101098 	0	1.00128	0.00915747	0	-0.00883317	1.00126	0	0	0	1.00133	0.134314	0.370156	1.85531e-05

-0.08375 	0 	1.00316 	-0.00120173 	-0.100648 	0	1.00085	0.020301	0	-0.0198962	1.0008	0	0	0	1.00107	0.227398	0.548879	2.24308e-05

-0.08125 	0 	1.00129 	-0.0010437 	-0.0999615 	0	0.999796	0.036378	0	-0.0358844	0.999696	0	0	0	1.00048	0.32047	0.764458	7.02497e-06

-0.07875 	0 	0.997242 	-0.000777302 	-0.0990461 	0	0.997424	0.0583706	0	-0.057801	0.997246	0	0	0	0.999169	0.403129	1.01396	2.03873e-05

-0.07625 	0 	0.98959 	-0.000389041 	-0.0979458 	0	0.992778	0.0870542	0	-0.0864397	0.992499	0	0	0	0.996641	0.462659	1.28678	6.94203e-05

-0.07375 	0 	0.976774 	0.000194031 	-0.0967328 	0	0.984673	0.122767	0	-0.122155	0.984286	0	0	0	0.992354	0.488239	1.56687	0.000102709

-0.07125 	0 	0.957593 	0.00108015 	-0.0955046 	0	0.971844	0.165238	0	-0.16468	0.971368	0	0	0	0.985837	0.477009	1.83527	0.000119494

-0.06875 	0 	0.931975 	0.00236684 	-0.0943477 	0	0.953329	0.213541	0	-0.213082	0.95281	0	0	0	0.976969	0.433134	2.07267	0.00010011

-0.06625 	0 	0.901247 	0.00404671 	-0.093339 	0	0.928742	0.266218	0	-0.265889	0.928234	0	0	0	0.96612	0.352968	2.26248	-2.11075e-05

-0.06375 	0 	0.867963 	0.00589191 	-0.0925829 	0	0.898403	0.321488	0	-0.321319	0.897967	0	0	0	0.954073	0.264605	2.38918	-0.000276936

-0.06125 	0 	0.835495 	0.00772472 	-0.0920159 	0	0.863381	0.377257	0	-0.377234	0.863046	0	0	0	0.942021	0.22849	2.44487	-0.000502958

-0.05875 	0 	0.80638 	0.00954688 	-0.0914405 	0	0.824979	0.431753	0	-0.431818	0.82473	0	0	0	0.930981	0.255748	2.44277	-0.000616532

-0.05625 	0 	0.781718 	0.0112842 	-0.0907372 	0	0.784195	0.484018	0	-0.484137	0.784013	0	0	0	0.921436	0.326633	2.40279	-0.000720021

-0.05375 	0 	0.761995 	0.0128215 	-0.0898073 	0	0.741791	0.533531	0	-0.533685	0.741662	0	0	0	0.913676	0.432946	2.33521	-0.000828683

-0.05125 	0 	0.747213 	0.0140598 	-0.0885725 	0	0.698362	0.579991	0	-0.580168	0.698274	0	0	0	0.907784	0.567163	2.24667	-0.000928808

-0.04875 	0 	0.737132 	0.0149877 	-0.0869715 	0	0.654363	0.623287	0	-0.62347	0.654306	0	0	0	0.90372	0.718433	2.14408	-0.000986551

-0.04625 	0 	0.731516 	0.0157694 	-0.0849803 	0	0.610102	0.663491	0	-0.663663	0.610057	0	0	0	0.901467	0.859999	2.03625	-0.000954062

-0.04375 	0 	0.729666 	0.0164527 	-0.0826715 	0	0.565633	0.700771	0	-0.700928	0.565582	0	0	0	0.900748	0.973164	1.9312	-0.000932087

-0.04125 	0 	0.730571 	0.0167393 	-0.0801145 	0	0.520838	0.735288	0	-0.735441	0.520796	0	0	0	0.901117	1.1046	1.82713	-0.00114623

-0.03875 	0 	0.734786 	0.0163403 	-0.0771485 	0	0.475913	0.767228	0	-0.767401	0.475901	0	0	0	0.902868	1.28412	1.71132	-0.00128631

-0.03625 	0 	0.74229 	0.015618 	-0.0736939 	0	0.431243	0.796579	0	-0.796768	0.431267	0	0	0	0.905944	1.46204	1.58023	-0.00119109

-0.03375 	0 	0.751975 	0.014825 	-0.0698383 	0	0.387147	0.823196	0	-0.823392	0.387207	0	0	0	0.909839	1.61501	1.43882	-0.00111473

-0.03125 	0 	0.763495 	0.0139176 	-0.0656188 	0	0.343988	0.847077	0	-0.84728	0.344086	0	0	0	0.914435	1.75109	1.28957	-0.00103927

-0.02875 	0 	0.776381 	0.0128925 	-0.0610829 	0	0.302171	0.868234	0	-0.868441	0.302311	0	0	0	0.919517	1.86659	1.13467	-0.000940597

-0.02625 	0 	0.790102 	0.0118011 	-0.0562859 	0	0.262143	0.886691	0	-0.886898	0.262326	0	0	0	0.924863	1.95838	0.977171	-0.000814508

-0.02375 	0 	0.804081 	0.0106992 	-0.051291 	0	0.224378	0.902508	0	-0.90271	0.224605	0	0	0	0.930238	2.0253	0.820748	-0.000667316

-0.02125 	0 	0.817753 	0.00960973 	-0.0461594 	0	0.18937	0.915793	0	-0.915984	0.189642	0	0	0	0.935427	2.07069	0.669035	-0.000524503

-0.01875 	0 	0.830642 	0.00851721 	-0.0409375 	0	0.157625	0.9267	0	-0.926879	0.157939	0	0	0	0.940266	2.10082	0.525383	-0.000397098

-0.01625 	0 	0.842317 	0.00741283 	-0.0356553 	0	0.129637	0.935418	0	-0.935583	0.129992	0	0	0	0.944604	2.12241	0.393135	-0.000280969

-0.01375 	0 	0.852401 	0.00629686 	-0.0303255 	0	0.105863	0.942157	0	-0.942306	0.10625	0	0	0	0.948316	2.14274	0.275716	-0.000180924

-0.01125 	0 	0.860615 	0.00516663 	-0.0249416 	0	0.0866684	0.94715	0	-0.947281	0.0870775	0	0	0	0.951315	2.16989	0.176466	-0.000101236

-0.00875 	0 	0.866797 	0.00401311 	-0.019476 	0	0.0722667	0.950632	0	-0.950745	0.0726792	0	0	0	0.953557	2.21253	0.0983656	-4.41757e-05

-0.00625 	0 	0.870927 	0.00281802 	-0.0138789 	0	0.0626308	0.952835	0	-0.952931	0.0630182	0	0	0	0.955043	2.27834	0.0435279	-9.36895e-06

-0.00375 	0 	0.873163 	0.00155681 	-0.00808433 	0	0.0573769	0.954001	0	-0.954076	0.0576924	0	0	0	0.955835	2.35331	0.0122018	8.07861e-06

-0.00125 	0 	0.873931 	0.000227436 	-0.00211237 	0	0.0555584	0.954411	0	-0.954463	0.0557799	0	0	0	0.956095	2.36897	0.00077682	1.40786e-05

0.00125 	0 	0.873881 	-0.00108812 	0.00376051 	0	0.0556779	0.954384	0	-0.954436	0.0559049	0	0	0	0.956086	2.26484	0.00233447	7.77254e-06

0.00375 	0 	0.872804 	-0.00226671 	0.00921185 	0	0.0582179	0.953793	0	-0.953901	0.0586951	0	0	0	0.955747	2.12201	0.0223461	-2.30936e-05

0.00625 	0 	0.869122 	-0.00333104 	0.0143706 	0	0.0668097	0.951862	0	-0.952009	0.0674026	0	0	0	0.95444	2.0749	0.0738328	-7.26409e-05

0.00875 	0 	0.862364 	-0.00441241 	0.0195864 	0	0.0825842	0.948166	0	-0.948312	0.0830649	0	0	0	0.951972	2.10836	0.152597	-0.0001387

0.01125 	0 	0.853301 	-0.00555498 	0.0249123 	0	0.103867	0.942736	0	-0.942892	0.104271	0	0	0	0.948655	2.13963	0.249261	-0.000230842

0.01375 	0 	0.842338 	-0.00674269 	0.0302845 	0	0.129824	0.935428	0	-0.935598	0.130175	0	0	0	0.944614	2.14892	0.361947	-0.000337604

0.01625 	0 	0.829847 	-0.00794726 	0.0356569 	0	0.159828	0.926049	0	-0.926233	0.160131	0	0	0	0.939964	2.14126	0.4882	-0.00045303

0.01875 	0 	0.816245 	-0.00916259 	0.0409908 	0	0.19331	0.914414	0	-0.91461	0.193568	0	0	0	0.934847	2.11735	0.625236	-0.000577146

0.02125 	0 	0.801979 	-0.0104042 	0.0462437 	0	0.229736	0.900361	0	-0.900564	0.229948	0	0	0	0.929415	2.07377	0.769987	-0.00071989

0.02375 	0 	0.787635 	-0.0116662 	0.0513597 	0	0.268591	0.883791	0	-0.883995	0.268758	0	0	0	0.92388	2.00636	0.918926	-0.000852194

0.02625 	0 	0.77384 	-0.0128865 	0.0562755 	0	0.309381	0.864652	0	-0.864854	0.309506	0	0	0	0.918487	1.91467	1.06837	-0.000952299

0.02875 	0 	0.761104 	-0.0140171 	0.060933 	0	0.351648	0.842912	0	-0.84311	0.351734	0	0	0	0.913451	1.80056	1.21546	-0.00103691

0.03125 	0 	0.749902 	-0.0150351 	0.0652783 	0	0.394993	0.818547	0	-0.818741	0.395047	0	0	0	0.908974	1.66697	1.35847	-0.00110943

0.03375 	0 	0.740671 	-0.015937 	0.0692679 	0	0.439097	0.791526	0	-0.791718	0.439128	0	0	0	0.905244	1.52008	1.49729	-0.00116292

0.03625 	0 	0.733938 	-0.0165121 	0.0728787 	0	0.483749	0.761802	0	-0.761994	0.483772	0	0	0	0.902471	1.36981	1.63327	-0.00113572

0.03875 	0 	0.730411 	-0.0166015 	0.0761169 	0	0.528899	0.729247	0	-0.72946	0.528925	0	0	0	0.901045	1.24554	1.7708	-0.000971014

0.04125 	0 	0.729656 	-0.0162084 	0.0791064 	0	0.574532	0.693437	0	-0.693675	0.574558	0	0	0	0.900721	1.14673	1.91511	-0.000938342

0.04375 	0 	0.731942 	-0.0157797 	0.0818506 	0	0.62063	0.654047	0	-0.654274	0.620614	0	0	0	0.901607	1.00791	2.05909	-0.00115229

0.04625 	0 	0.739016 	-0.0154196 	0.0841459 	0	0.666831	0.611246	0	-0.611434	0.666746	0	0	0	0.904499	0.830539	2.18198	-0.00117476

0.04875 	0 	0.751122 	-0.0145961 	0.0860033 	0	0.712377	0.565345	0	-0.565486	0.712234	0	0	0	0.909362	0.68343	2.27268	-0.00098747

0.05125 	0 	0.768008 	-0.0132317 	0.0875631 	0	0.756569	0.51673	0	-0.516812	0.756367	0	0	0	0.916063	0.581817	2.32931	-0.000839841

0.05375 	0 	0.789704 	-0.0115199 	0.0889123 	0	0.798693	0.466028	0	-0.466025	0.798414	0	0	0	0.924561	0.513865	2.3441	-0.000673563

0.05625 	0 	0.815546 	-0.00957349 	0.0901324 	0	0.837827	0.414227	0	-0.414106	0.837467	0	0	0	0.934497	0.470716	2.30465	-0.000443962

0.05875 	0 	0.844207 	-0.00749722 	0.0912659 	0	0.872986	0.362786	0	-0.362556	0.87257	0	0	0	0.9453	0.438574	2.20762	-0.000202388

0.06125 	0 	0.873749 	-0.0053573 	0.0923253 	0	0.903466	0.313094	0	-0.312782	0.903029	0	0	0	0.956183	0.412517	2.06491	2.23237e-06

0.06375 	0 	0.902041 	-0.00338268 	0.0933285 	0	0.928951	0.266186	0	-0.265809	0.928519	0	0	0	0.966369	0.393585	1.89026	0.000125698

0.06625 	0 	0.927404 	-0.00179701 	0.0942932 	0	0.949453	0.222963	0	-0.222542	0.94905	0	0	0	0.975329	0.378452	1.69413	0.000161539

0.06875 	0 	0.948764 	-0.000640067 	0.0952208 	0	0.965297	0.184086	0	-0.183646	0.964942	0	0	0	0.982745	0.360998	1.48767	0.000157147

0.07125 	0 	0.965685 	0.000135461 	0.0960982 	0	0.977051	0.149926	0	-0.149488	0.976756	0	0	0	0.988534	0.336798	1.2815	0.000131192

0.07375 	0 	0.97836 	0.000619629 	0.0969048 	0	0.985433	0.120563	0	-0.120147	0.985203	0	0	0	0.99282	0.304507	1.08445	9.72926e-05

0.07625 	0 	0.987402 	0.00090627 	0.0976207 	0	0.991199	0.0958238	0	-0.0954435	0.991028	0	0	0	0.99585	0.265648	0.902927	6.45112e-05

0.07875 	0 	0.993592 	0.00107188 	0.098233 	0	0.99504	0.0753503	0	-0.075014	0.994919	0	0	0	0.99791	0.223408	0.740797	3.74988e-05

0.08125 	0 	0.997691 	0.00116972 	0.0987377 	0	0.997528	0.0586701	0	-0.0583809	0.997446	0	0	0	0.999266	0.181299	0.599757	1.76565e-05

0.08375 	0 	1.00034 	0.00123283 	0.0991395 	0	0.999105	0.0452636	0	-0.0450206	0.999051	0	0	0	1.00014	0.1422	0.479805	4.47724e-06

0.08625 	0 	1.00201 	0.00127992 	0.0994487 	0	1.00009	0.0346141	0	-0.0344137	1.00005	0	0	0	1.00069	0.107941	0.379753	-3.38595e-06

0.08875 	0 	1.00307 	0.00132088 	0.0996792 	0	1.00069	0.0262408	0	-0.0260781	1.00067	0	0	0	1.00104	0.0793202	0.297681	-7.43835e-06

0.09125 	0 	1.00373 	0.00136046 	0.0998454 	0	1.00106	0.0197164	0	-0.0195861	1.00104	0	0	0	1.00125	0.0563363	0.231311	-8.99498e-06

0.09375 	0 	1.00415 	0.00140064 	0.0999609 	0	1.00128	0.0146742	0	-0.0145709	1.00127	0	0	0	1.00139	0.0384867	0.178289	-9.06028e-06

0.09625 	0 	1.00442 	0.00144218 	0.100038 	0	1.00142	0.0108071	0	-0.0107259	1.00141	0	0	0	1.00148	0.0250234	0.136368	-8.33322e-06

0.09875 	0 	1.00461 	0.00148521 	0.100086 	0	1.00151	0.00786306	0	-0.00779977	1.0015	0	0	0	1.00154	0.0151362	0.103512	-7.26277e-06

0.10125 	0 	1.00474 	0.00152951 	0.100113 	0	1.00157	0.00563869	0	-0.00558965	1.00156	0	0	0	1.00158	0.00805822	0.0779505	-6.11425e-06

0.10375 	0 	1.00484 	0.00157481 	0.100126 	0	1.00161	0.00397174	0	-0.00393396	1.00161	0	0	0	1.00161	0.00311717	0.0581937	-5.02671e-06

0.10625 	0 	1.00493 	0.00162087 	0.100129 	0	1.00164	0.00273398	0	-0.00270505	1.00164	0	0	0	1.00164	-0.000183222	0.0430266	-4.06101e-06

0.10875 	0 	1.005 	0.00166766 	0.100125 	0	1.00166	0.00182425	0	-0.00180233	1.00166	0	0	0	1.00167	-0.00205139	0.0314819	-3.24143e-06

0.11125 	0 	1.00507 	0.00171527 	0.100119 	0	1.00169	0.00116284	0	-0.00114636	1.00169	0	0	0	1.00169	-0.00306928	0.0227669	-2.57727e-06

0.11375 	0 	1.00513 	0.0017639 	0.10011 	0	1.00171	0.000688292	0	-0.000675879	1.00171	0	0	0	1.00171	-0.00392729	0.016217	-2.05434e-06

0.11625 	0 	1.00519 	0.0018138 	0.100099 	0	1.00173	0.000354092	0	-0.000344818	1.00173	0	0	0	1.00173	-0.00444215	0.0113195	-1.64501e-06

0.11875 	0 	1.00525 	0.00186516 	0.100088 	0	1.00175	0.000124431	0	-0.000117587	1.00175	0	0	0	1.00175	-0.00447242	0.00769913	-1.32788e-06

0.12125 	0 	1.00531 	0.00191804 	0.100077 	0	1.00177	-2.83522e-05	0	3.33529e-05	1.00177	0	0	0	1.00177	-0.00428831	0.00506604	-1.09423e-06

0.12375 	0 	1.00538 	0.00197235 	0.100066 	0	1.00179	-0.000125422	0	0.000129083	1.00179	0	0	0	1.00179	-0.00404495	0.00319831	-8.94829e-07

0.12625 	0 	1.00544 	0.0020279 	0.100057 	0	1.00181	-0.000182973	0	0.00018536	1.00181	0	0	0	1.00181	-0.00376717	0.0019266	-7.29756e-07

0.12875 	0 	1.0055 	0.00208447 	0.100048 	0	1.00183	-0.000212793	0	0.000214429	1.00183	0	0	0	1.00183	-0.00343447	0.0011717	-6.06331e-07

0.13125 	0 	1.00556 	0.00214187 	0.100039 	0	1.00185	-0.000225275	0	0.00022624	1.00185	0	0	0	1.00185	-0.00303837	0.000868241	-5.13141e-07

0.13375 	0 	1.00562 	0.00219998 	0.100032 	0	1.00187	-0.000228296	0	0.000228928	1.00187	0	0	0	1.00187	-0.00264591	0.000812825	-4.20928e-07

0.13625 	0 	1.00568 	0.00225873 	0.100026 	0	1.00189	-0.000225361	0	0.000226089	1.00189	0	0	0	1.00189	-0.00224851	0.00086154	-3.81235e-07

0.13875 	0 	1.00574 	0.00231807 	0.100021 	0	1.00191	-0.000214486	0	0.000215077	1.00191	0	0	0	1.00191	-0.00181128	0.000996824	-4.00481e-07

0.14125 	0 	1.0058 	0.00237799 	0.100017 	0	1.00193	-0.000196942	0	0.000197116	1.00193	0	0	0	1.00193	-0.0015189	0.00109808	-4.19609e-07

0.14375 	0 	1.00587 	0.00243853 	0.100014 	0	1.00195	-0.000178002	0	0.000177953	1.00195	0	0	0	1.00195	-0.00134973	0.00110006	-4.19609e-07

0.14625 	0 	1.00593 	0.0024997 	0.10001 	0	1.00197	-0.000160408	0	0.000160297	1.00197	0	0	0	1.00197	-0.00115358	0.00105749	-4.17754e-07

0.14875 	0 	1.00599 	0.00256148 	0.100008 	0	1.00199	-0.000144923	0	0.000144796	1.00199	0	0	0	1.00199	-0.000949088	0.00100751	-4.19711e-07

0.15125 	0 	1.00605 	0.00262385 	0.100006 	0	1.00201	-0.000131722	0	0.000131591	1.00201	0	0	0	1.00201	-0.000763424	0.000961195	-4.24365e-07

0.15375 	0 	1.00611 	0.00268681 	0.100004 	0	1.00203	-0.000120839	0	0.000120714	1.00203	0	0	0	1.00203	-0.00060161	0.00092266	-4.30828e-07

0.15625 	0 	1.00618 	0.00275037 	0.100003 	0	1.00206	-0.000112188	0	0.000112077	1.00206	0	0	0	1.00205	-0.000463134	0.00089433	-4.38906e-07

0.15875 	0 	1.00624 	0.00281461 	0.100002 	0	1.00208	-0.000105594	0	0.000105503	1.00208	0	0	0	1.00208	-0.000347311	0.000876753	-4.48348e-07

0.16125 	0 	1.00631 	0.0028796 	0.100001 	0	1.0021	-0.000100823	0	0.000100756	1.0021	0	0	0	1.0021	-0.000252723	0.000868924	-4.58816e-07

0.16375 	0 	1.00637 	0.00294541 	0.1 	0	1.00212	-9.76054e-05	0	9.75623e-05	1.00212	0	0	0	1.00212	-0.000176702	0.000868829	-4.69896e-07

0.16625 	0 	1.00643 	0.00301214 	0.1 	0	1.00214	-9.56513e-05	0	9.56338e-05	1.00214	0	0	0	1.00214	-0.000116452	0.000874014	-4.81203e-07

0.16875 	0 	1.0065 	0.00307983 	0.0999998 	0	1.00216	-9.46657e-05	0	9.46741e-05	1.00216	0	0	0	1.00216	-7.25372e-05	0.000882034	-4.92891e-07

0.17125 	0 	1.00657 	0.00314845 	0.0999996 	0	1.00218	-9.43455e-05	0	9.43727e-05	1.00218	0	0	0	1.00218	-4.93309e-05	0.000890704	-5.05333e-07

0.17375 	0 	1.00663 	0.00321796 	0.0999995 	0	1.00221	-9.44541e-05	0	9.44646e-05	1.00221	0	0	0	1.00221	-4.24496e-05	0.0008987	-5.14715e-07

0.17625 	0 	1.0067 	0.00328824 	0.0999994 	0	1.00223	-9.52821e-05	0	9.52852e-05	1.00223	0	0	0	1.00223	-3.3705e-05	0.000906208	-5.17531e-07

0.17875 	0 	1.00677 	0.00335917 	0.0999993 	0	1.00225	-9.697e-05	0	9.70021e-05	1.00225	0	0	0	1.00225	-1.45272e-05	0.000912778	-5.18536e-07

0.18125 	0 	1.00684 	0.0034306 	0.0999993 	0	1.00227	-9.9137e-05	0	9.91901e-05	1.00228	0	0	0	1.00227	4.30497e-06	0.000917138	-5.20125e-07

0.18375 	0 	1.00691 	0.00350239 	0.0999994 	0	1.0023	-0.000101548	0	0.000101613	1.0023	0	0	0	1.0023	1.4108e-05	0.000919381	-5.21398e-07

0.18625 	0 	1.00698 	0.00357444 	0.0999994 	0	1.00232	-0.000104064	0	0.000104136	1.00232	0	0	0	1.00232	1.62444e-05	0.000920032	-5.2236e-07

0.18875 	0 	1.00705 	0.00364667 	0.0999995 	0	1.00234	-0.000106593	0	0.000106668	1.00234	0	0	0	1.00234	1.42213e-05	0.000919748	-5.23239e-07

0.19125 	0 	1.00711 	0.00371905 	0.0999995 	0	1.00237	-0.000109093	0	0.000109168	1.00237	0	0	0	1.00237	1.10092e-05	0.000919182	-5.24259e-07

0.19375 	0 	1.00718 	0.00379156 	0.0999995 	0	1.00239	-0.000111558	0	0.000111634	1.00239	0	0	0	1.00239	8.08424e-06	0.000918728	-5.25348e-07

0.19625 	0 	1.00725 	0.00386421 	0.0999995 	0	1.00241	-0.000113992	0	0.000114068	1.00241	0	0	0	1.00241	5.67362e-06	0.000918577	-5.26811e-07

0.19875 	0 	1.00732 	0.00393703 	0.0999995 	0	1.00243	-0.0001164	0	0.000116475	1.00243	0	0	0	1.00243	3.65967e-06	0.000918925	-5.28725e-07

0.20125 	0 	1.00739 	0.00401005 	0.0999995 	0	1.00246	-0.000118788	0	0.000118862	1.00246	0	0	0	1.00246	1.84838e-06	0.000920009	-5.30995e-07

0.20375 	0 	1.00746 	0.00408334 	0.0999995 	0	1.00248	-0.000121161	0	0.000121235	1.00248	0	0	0	1.00248	4.40668e-07	0.000922008	-5.33794e-07

0.20625 	0 	1.00753 	0.00415694 	0.0999995 	0	1.0025	-0.000123528	0	0.000123602	1.0025	0	0	0	1.0025	-4.98799e-07	0.000925001	-5.37139e-07

0.20875 	0 	1.0076 	0.00423093 	0.0999995 	0	1.00253	-0.000125894	0	0.000125967	1.00253	0	0	0	1.00253	-1.15822e-06	0.00092897	-5.40955e-07

0.21125 	0 	1.00767 	0.00430539 	0.0999995 	0	1.00255	-0.000128265	0	0.000128338	1.00255	0	0	0	1.00255	-1.59316e-06	0.000933792	-5.45081e-07

0.21375 	0 	1.00774 	0.00438035 	0.0999995 	0	1.00257	-0.000130645	0	0.000130718	1.00257	0	0	0	1.00257	-1.81615e-06	0.00093923	-5.49309e-07

0.21625 	0 	1.00781 	0.00445586 	0.0999995 	0	1.0026	-0.000133039	0	0.000133113	1.0026	0	0	0	1.0026	-1.86575e-06	0.000944955	-5.53416e-07

0.21875 	0 	1.00788 	0.00453193 	0.0999995 	0	1.00262	-0.000135448	0	0.000135522	1.00262	0	0	0	1.00262	-1.78801e-06	0.000950589	-5.57192e-07

0.22125 	0 	1.00795 	0.00460852 	0.0999995 	0	1.00264	-0.000137872	0	0.000137947	1.00264	0	0	0	1.00264	-1.61922e-06	0.000955766	-5.60466e-07

0.22375 	0 	1.00802 	0.0046856 	0.0999995 	0	1.00267	-0.00014031	0	0.000140385	1.00267	0	0	0	1.00267	-1.39261e-06	0.000960177	-5.63131e-07

0.22625 	0 	1.00809 	0.0047631 	0.0999995 	0	1.00269	-0.00014276	0	0.000142835	1.00269	0	0	0	1.00269	-1.14195e-06	0.000963611	-5.65157e-07

0.22875 	0 	1.00817 	0.00484093 	0.0999995 	0	1.00271	-0.00014522	0	0.000145295	1.00271	0	0	0	1.00271	-8.97814e-07	0.000965981	-5.66596e-07

0.23125 	0 	1.00824 	0.00491902 	0.0999995 	0	1.00274	-0.000147687	0	0.000147763	1.00274	0	0	0	1.00274	-6.86893e-07	0.000967332	-5.676e-07

0.23375 	0 	1.00831 	0.00499729 	0.0999995 	0	1.00276	-0.000150158	0	0.000150234	1.00276	0	0	0	1.00276	-5.31301e-07	0.000967816	-5.68264e-07

0.23625 	0 	1.00838 	0.00507567 	0.0999995 	0	1.00279	-0.000152633	0	0.000152709	1.00279	0	0	0	1.00279	-4.56117e-07	0.000967707	-5.68626e-07

0.23875 	0 	1.00846 	0.00515413 	0.0999995 	0	1.00281	-0.00015511	0	0.000155186	1.00281	0	0	0	1.00281	-4.91338e-07	0.000967373	-5.68723e-07

0.24125 	0 	1.00853 	0.00523267 	0.0999995 	0	1.00283	-0.000157589	0	0.000157665	1.00283	0	0	0	1.00283	-6.27995e-07	0.00096715	-5.68691e-07

0.24375 	0 	1.0086 	0.00531128 	0.0999995 	0	1.00286	-0.000160071	0	0.000160147	1.00286	0	0	0	1.00286	-7.54731e-07	0.000967199	-5.70589e-07

0.24625 	0 	1.00867 	0.00538999 	0.0999995 	0	1.00288	-0.000162558	0	0.000162634	1.00288	0	0	0	1.00288	-6.61271e-07	0.000967383	-5.99464e-07

0.24875 	0 	1.00874 	0.00546883 	0.0999995 	0	1.00291	-0.00016505	0	0.000165126	1.00291	0	0	0	1.00291	-4.54636e-07	0.000967881	-5.85582e-07

0.25125 	0 	1.00882 	0.00554784 	0.0999995 	0	1.00293	-0.000167545	0	0.000167621	1.00293	0	0	0	1.00293	-6.13801e-07	0.000969406	-5.56978e-07

0.25375 	0 	1.00889 	0.00562707 	0.0999995 	0	1.00295	-0.000170046	0	0.000170122	1.00295	0	0	0	1.00295	-1.07644e-06	0.000971914	-5.60865e-07

0.25625 	0 	1.00896 	0.00570657 	0.0999995 	0	1.00298	-0.000172556	0	0.000172632	1.00298	0	0	0	1.00298	-1.32559e-06	0.000974812	-5.82797e-07

0.25875 	0 	1.00904 	0.00578639 	0.0999995 	0	1.003	-0.000175078	0	0.000175154	1.003	0	0	0	1.003	-1.31135e-06	0.00097809	-5.84127e-07

0.26125 	0 	1.00911 	0.00586656 	0.0999995 	0	1.00303	-0.00017761	0	0.000177687	1.00303	0	0	0	1.00303	-1.25699e-06	0.000981791	-5.86449e-07

0.26375 	0 	1.00918 	0.0059471 	0.0999995 	0	1.00305	-0.000180154	0	0.000180231	1.00305	0	0	0	1.00305	-1.20279e-06	0.000985625	-5.89055e-07

0.26625 	0 	1.00926 	0.006028 	0.0999995 	0	1.00308	-0.000182709	0	0.000182786	1.00308	0	0	0	1.00308	-1.11243e-06	0.000989298	-5.9149e-07

0.26875 	0 	1.00933 	0.00610925 	0.0999995 	0	1.0031	-0.000185274	0	0.000185352	1.0031	0	0	0	1.0031	-9.84223e-07	0.000992575	-5.93543e-07

0.27125 	0 	1.0094 	0.0061908 	0.0999995 	0	1.00313	-0.000187847	0	0.000187925	1.00313	0	0	0	1.00312	-8.33949e-07	0.000995268	-5.95149e-07

0.27375 	0 	1.00948 	0.0062726 	0.0999995 	0	1.00315	-0.000190428	0	0.000190506	1.00315	0	0	0	1.00315	-6.78018e-07	0.000997258	-5.96331e-07

0.27625 	0 	1.00955 	0.0063546 	0.0999995 	0	1.00317	-0.000193013	0	0.000193091	1.00317	0	0	0	1.00317	-5.3116e-07	0.000998515	-5.97137e-07

0.27875 	0 	1.00963 	0.00643673 	0.0999995 	0	1.0032	-0.000195602	0	0.00019568	1.0032	0	0	0	1.0032	-4.11881e-07	0.000999098	-5.97702e-07

0.28125 	0 	1.0097 	0.00651896 	0.0999995 	0	1.00322	-0.000198192	0	0.000198271	1.00322	0	0	0	1.00322	-3.44843e-07	0.000999168	-5.97965e-07

0.28375 	0 	1.00978 	0.00660124 	0.0999995 	0	1.00325	-0.000200784	0	0.000200863	1.00325	0	0	0	1.00325	-3.34837e-07	0.000998982	-5.98127e-07

0.28625 	0 	1.00985 	0.00668357 	0.0999995 	0	1.00327	-0.000203377	0	0.000203456	1.00327	0	0	0	1.00327	-3.59433e-07	0.000998772	-5.98524e-07

0.28875 	0 	1.00993 	0.00676594 	0.0999995 	0	1.0033	-0.000205972	0	0.00020605	1.0033	0	0	0	1.0033	-4.02448e-07	0.00099868	-5.99031e-07

0.29125 	0 	1.01 	0.00684837 	0.0999995 	0	1.00332	-0.000208568	0	0.000208647	1.00332	0	0	0	1.00332	-4.68035e-07	0.000998816	-5.99901e-07

0.29375 	0 	1.01008 	0.00693088 	0.0999995 	0	1.00335	-0.000211168	0	0.000211246	1.00335	0	0	0	1.00335	-5.63218e-07	0.000999306	-6.01134e-07

0.29625 	0 	1.01015 	0.0070135 	0.0999995 	0	1.00337	-0.000213771	0	0.000213849	1.00337	0	0	0	1.00337	-6.7164e-07	0.00100026	-6.02526e-07

0.29875 	0 	1.01023 	0.00709628 	0.0999995 	0	1.0034	-0.000216378	0	0.000216456	1.0034	0	0	0	1.0034	-7.70514e-07	0.00100171	-6.04188e-07

0.30125 	0 	1.0103 	0.00717924 	0.0999995 	0	1.00342	-0.000218992	0	0.00021907	1.00342	0	0	0	1.00342	-8.48113e-07	0.00100361	-6.06053e-07

0.30375 	0 	1.01038 	0.00726242 	0.0999995 	0	1.00345	-0.000221613	0	0.000221691	1.00345	0	0	0	1.00345	-8.94122e-07	0.00100588	-6.0803e-07

0.30625 	0 	1.01045 	0.00734584 	0.0999995 	0	1.00347	-0.000224241	0	0.00022432	1.00347	0	0	0	1.00347	-9.01585e-07	0.00100838	-6.10013e-07

0.30875 	0 	1.01053 	0.00742951 	0.0999995 	0	1.0035	-0.000226877	0	0.000226956	1.0035	0	0	0	1.0035	-8.69683e-07	0.00101093	-6.11892e-07

0.31125 	0 	1.0106 	0.00751344 	0.0999995 	0	1.00352	-0.000229521	0	0.0002296	1.00352	0	0	0	1.00352	-8.03727e-07	0.00101335	-6.13566e-07

0.31375 	0 	1.01068 	0.0075976 	0.0999994 	0	1.00355	-0.000232171	0	0.00023225	1.00355	0	0	0	1.00355	-7.13754e-07	0.00101549	-6.14953e-07

0.31625 	0 	1.01075 	0.00768196 	0.0999994 	0	1.00357	-0.000234827	0	0.000234906	1.00357	0	0	0	1.00357	-6.09047e-07	0.00101718	-6.16029e-07

0.31875 	0 	1.01083 	0.00776649 	0.0999994 	0	1.0036	-0.000237488	0	0.000237567	1.0036	0	0	0	1.0036	-4.96947e-07	0.00101835	-6.1678e-07

0.32125 	0 	1.01091 	0.00785113 	0.0999994 	0	1.00362	-0.000240152	0	0.000240231	1.00362	0	0	0	1.00362	-3.89408e-07	0.00101894	-6.17271e-07

0.32375 	0 	1.01098 	0.00793586 	0.0999994 	0	1.00365	-0.000242817	0	0.000242897	1.00365	0	0	0	1.00365	-3.0956e-07	0.00101901	-6.17372e-07

0.32625 	0 	1.01106 	0.00802061 	0.0999994 	0	1.00367	-0.000245484	0	0.000245564	1.00367	0	0	0	1.00367	-2.68077e-07	0.00101872	-6.1729e-07

0.32875 	0 	1.01113 	0.00810538 	0.0999994 	0	1.0037	-0.00024815	0	0.00024823	1.0037	0	0	0	1.0037	-2.4528e-07	0.00101824	-6.17335e-07

0.33125 	0 	1.01121 	0.00819015 	0.0999994 	0	1.00372	-0.000250816	0	0.000250896	1.00372	0	0	0	1.00372	-2.25791e-07	0.00101773	-6.17432e-07

0.33375 	0 	1.01129 	0.00827492 	0.0999994 	0	1.00375	-0.000253482	0	0.000253561	1.00375	0	0	0	1.00375	-2.07281e-07	0.00101729	-6.17587e-07

0.33625 	0 	1.01136 	0.0083597 	0.0999994 	0	1.00377	-0.000256147	0	0.000256226	1.00377	0	0	0	1.00377	-1.86708e-07	0.00101702	-6.17874e-07

0.33875 	0 	1.01144 	0.00844449 	0.0999994 	0	1.0038	-0.000258812	0	0.000258891	1.0038	0	0	0	1.0038	-1.67502e-07	0.00101695	-6.18275e-07

0.34125 	0 	1.01151 	0.00852934 	0.0999994 	0	1.00382	-0.000261477	0	0.000261556	1.00382	0	0	0	1.00382	-1.63176e-07	0.00101712	-6.18991e-07

0.34375 	0 	1.01159 	0.00861424 	0.0999994 	0	1.00385	-0.000264143	0	0.000264223	1.00385	0	0	0	1.00385	-1.93048e-07	0.00101756	-6.19955e-07

0.34625 	0 	1.01167 	0.00869923 	0.0999994 	0	1.00387	-0.000266813	0	0.000266892	1.00387	0	0	0	1.00387	-2.76336e-07	0.00101828	-6.20914e-07

0.34875 	0 	1.01174 	0.00878433 	0.0999994 	0	1.0039	-0.000269486	0	0.000269565	1.0039	0	0	0	1.0039	-4.25992e-07	0.00101922	-6.21953e-07

0.35125 	0 	1.01182 	0.00886955 	0.0999994 	0	1.00392	-0.000272165	0	0.000272244	1.00392	0	0	0	1.00392	-6.44388e-07	0.00102027	-6.22998e-07

0.35375 	0 	1.01189 	0.00895491 	0.0999994 	0	1.00395	-0.000274852	0	0.000274931	1.00395	0	0	0	1.00395	-9.14289e-07	0.00102132	-6.23987e-07

0.35625 	0 	1.01197 	0.00904039 	0.0999994 	0	1.00397	-0.000277547	0	0.000277627	1.00397	0	0	0	1.00397	-1.1771e-06	0.00102226	-6.24882e-07

0.35875 	0 	1.01205 	0.00912599 	0.0999994 	0	1.004	-0.000280251	0	0.00028033	1.004	0	0	0	1.004	-1.3169e-06	0.00102299	-6.25663e-07

0.36125 	0 	1.01212 	0.00921169 	0.0999994 	0	1.00402	-0.000282961	0	0.000283041	1.00403	0	0	0	1.00402	-1.22842e-06	0.00102347	-6.26324e-07

0.36375 	0 	1.0122 	0.00929747 	0.0999994 	0	1.00405	-0.000285672	0	0.000285752	1.00405	0	0	0	1.00405	-9.23938e-07	0.00102366	-6.26071e-07

0.36625 	0 	1.01228 	0.00938331 	0.0999994 	0	1.00408	-0.000288375	0	0.000288455	1.00408	0	0	0	1.00407	-5.25592e-07	0.00102373	-6.25333e-07

0.36875 	0 	1.01235 	0.00946918 	0.0999994 	0	1.0041	-0.000291066	0	0.000291147	1.0041	0	0	0	1.0041	2.49954e-07	0.00102371	-6.27751e-07

0.37125 	0 	1.01243 	0.00955507 	0.0999994 	0	1.00413	-0.000293742	0	0.000293823	1.00413	0	0	0	1.00413	1.62061e-06	0.00102322	-6.59271e-07

0.37375 	0 	1.0125 	0.00964096 	0.0999994 	0	1.00415	-0.000296397	0	0.000296479	1.00415	0	0	0	1.00415	2.83839e-06	0.00102247	-6.40223e-07

0.37625 	0 	1.01258 	0.00972685 	0.0999994 	0	1.00418	-0.000299033	0	0.000299114	1.00418	0	0	0	1.00418	3.90499e-06	0.00102211	-6.08929e-07

0.37875 	0 	1.01266 	0.00981276 	0.0999994 	0	1.0042	-0.000301658	0	0.000301738	1.0042	0	0	0	1.0042	5.48875e-06	0.00102184	-6.09058e-07

0.38125 	0 	1.01273 	0.00989867 	0.0999995 	0	1.00423	-0.000304281	0	0.00030436	1.00423	0	0	0	1.00423	6.89085e-06	0.0010214	-6.268e-07

0.38375 	0 	1.01281 	0.00998459 	0.0999995 	0	1.00425	-0.000306914	0	0.000306991	1.00425	0	0	0	1.00425	6.94567e-06	0.00102115	-6.27587e-07

0.38625 	0 	1.01288 	0.0100705 	0.0999995 	0	1.00428	-0.000309578	0	0.000309653	1.00428	0	0	0	1.00428	4.89175e-06	0.0010213	-6.27863e-07

0.38875 	0 	1.01296 	0.0101565 	0.0999995 	0	1.0043	-0.000312303	0	0.000312375	1.0043	0	0	0	1.0043	2.97609e-08	0.00102187	-6.28158e-07

0.39125 	0 	1.01304 	0.0102425 	0.0999995 	0	1.00433	-0.000315127	0	0.000315195	1.00433	0	0	0	1.00433	-8.18353e-06	0.00102285	-6.286e-07

0.39375 	0 	1.01311 	0.0103285 	0.0999995 	0	1.00435	-0.000318093	0	0.000318157	1.00435	0	0	0	1.00435	-1.94782e-05	0.00102415	-6.28925e-07

0.39625 	0 	1.01319 	0.0104145 	0.0999994 	0	1.00438	-0.000321238	0	0.0003213	1.00438	0	0	0	1.00438	-3.13577e-05	0.00102543	-6.28856e-07

0.39875 	0 	1.01327 	0.0105005 	0.0999993 	0	1.0044	-0.000324587	0	0.00032465	1.0044	0	0	0	1.0044	-3.90936e-05	0.00102623	-6.28575e-07

0.40125 	0 	1.01334 	0.0105864 	0.0999992 	0	1.00443	-0.000328115	0	0.000328189	1.00443	0	0	0	1.00443	-3.94583e-05	0.00102593	-6.29346e-07

0.40375 	0 	1.01342 	0.0106724 	0.0999991 	0	1.00445	-0.000331659	0	0.000331751	1.00445	0	0	0	1.00445	-3.24615e-05	0.0010239	-6.31466e-07

0.40625 	0 	1.01349 	0.0107582 	0.099999 	0	1.00448	-0.00033497	0	0.000335082	1.00448	0	0	0	1.00448	-1.91643e-05	0.00102021	-6.34055e-07

0.40875 	0 	1.01357 	0.0108441 	0.099999 	0	1.0045	-0.00033782	0	0.00033795	1.0045	0	0	0	1.0045	-1.40413e-06	0.00101558	-6.36371e-07

0.41125 	0 	1.01364 	0.0109299 	0.099999 	0	1.00453	-0.000340005	0	0.00034015	1.00453	0	0	0	1.00453	1.67963e-05	0.00101101	-6.37667e-07

0.41375 	0 	1.01372 	0.0110156 	0.0999991 	0	1.00455	-0.000341396	0	0.000341542	1.00455	0	0	0	1.00455	3.1411e-05	0.00100745	-6.36669e-07

0.41625 	0 	1.01379 	0.0111013 	0.0999992 	0	1.00458	-0.000342008	0	0.000342142	1.00458	0	0	0	1.00458	4.90115e-05	0.00100552	-6.31003e-07

0.41875 	0 	1.01387 	0.0111869 	0.0999993 	0	1.0046	-0.000342078	0	0.000342215	1.0046	0	0	0	1.0046	9.42305e-05	0.00100531	-6.224e-07

0.42125 	0 	1.01395 	0.0112726 	0.0999997 	0	1.00463	-0.000341528	0	0.000341732	1.00463	0	0	0	1.00463	0.000184365	0.001008	-6.19236e-07

0.42375 	0 	1.01402 	0.0113582 	0.1 	0	1.00465	-0.000339411	0	0.000339652	1.00465	0	0	0	1.00465	0.000292521	0.00101694	-6.23227e-07

0.42625 	0 	1.0141 	0.0114438 	0.100001 	0	1.00468	-0.000335361	0	0.00033555	1.00468	0	0	0	1.00468	0.00037714	0.00102959	-6.2483e-07

0.42875 	0 	1.01417 	0.0115293 	0.100002 	0	1.0047	-0.000330159	0	0.000330247	1.0047	0	0	0	1.0047	0.000436722	0.00103512	-6.17866e-07

0.43125 	0 	1.01425 	0.0116149 	0.100003 	0	1.00473	-0.000325132	0	0.000325109	1.00473	0	0	0	1.00473	0.0005097	0.00102819	-6.04641e-07

0.43375 	0 	1.01432 	0.0117005 	0.100005 	0	1.00475	-0.000321568	0	0.000321486	1.00475	0	0	0	1.00475	0.000629827	0.0010157	-5.97922e-07

0.43625 	0 	1.0144 	0.011786 	0.100006 	0	1.00478	-0.00032001	0	0.000319922	1.00478	0	0	0	1.00478	0.000748189	0.00100591	-6.16286e-07

0.43875 	0 	1.01447 	0.0118715 	0.100008 	0	1.0048	-0.000320095	0	0.00031993	1.0048	0	0	0	1.0048	0.000710721	0.000999713	-6.52306e-07

0.44125 	0 	1.01455 	0.0119569 	0.10001 	0	1.00483	-0.000322891	0	0.00032242	1.00483	0	0	0	1.00483	0.000395996	0.00102219	-6.71317e-07

0.44375 	0 	1.01462 	0.0120423 	0.10001 	0	1.00485	-0.00033299	0	0.000332008	1.00485	0	0	0	1.00485	-0.000119804	0.00119294	-6.54021e-07

0.44625 	0 	1.01469 	0.0121276 	0.100009 	0	1.00487	-0.000356675	0	0.000355359	1.00487	0	0	0	1.00487	-0.000692085	0.0016246	-6.26387e-07

0.44875 	0 	1.01477 	0.0122128 	0.100007 	0	1.0049	-0.000397538	0	0.000396094	1.0049	0	0	0	1.0049	-0.0013357	0.00224397	-6.1416e-07

0.45125 	0 	1.01484 	0.0122979 	0.100003 	0	1.00492	-0.000457082	0	0.00045541	1.00492	0	0	0	1.00492	-0.00206449	0.00299386	-6.09817e-07

0.45375 	0 	1.01491 	0.0123828 	0.0999966 	0	1.00495	-0.000538088	0	0.000536113	1.00495	0	0	0	1.00495	-0.00273712	0.00388847	-6.11568e-07

0.45625 	0 	1.01498 	0.0124677 	0.0999891 	0	1.00497	-0.000643889	0	0.000641693	1.00497	0	0	0	1.00497	-0.00352815	0.00490451	-6.19361e-07

0.45875 	0 	1.01506 	0.0125524 	0.099979 	0	1.00499	-0.000776527	0	0.000774418	1.00499	0	0	0	1.00499	-0.00461467	0.00594514	-6.30704e-07

0.46125 	0 	1.01513 	0.0126371 	0.099966 	0	1.00502	-0.000934731	0	0.000933004	1.00502	0	0	0	1.00502	-0.00555607	0.0068622	-6.43379e-07

0.46375 	0 	1.01521 	0.0127216 	0.0999512 	0	1.00504	-0.00111333	0	0.0011124	1.00504	0	0	0	1.00504	-0.00603794	0.00746545	-6.73154e-07

0.46625 	0 	1.01529 	0.0128061 	0.0999358 	0	1.00507	-0.00130171	0	0.00130197	1.00507	0	0	0	1.00507	-0.00615882	0.00754705	-7.62202e-07

0.46875 	0 	1.01536 	0.0128905 	0.0999204 	0	1.00509	-0.00148442	0	0.00148577	1.00509	0	0	0	1.0051	-0.00611669	0.00705358	-8.93329e-07

0.47125 	0 	1.01544 	0.0129747 	0.0999052 	0	1.00512	-0.00164821	0	0.00165036	1.00512	0	0	0	1.00512	-0.00609046	0.00611372	-1.01202e-06

0.47375 	0 	1.01551 	0.0130589 	0.09989 	0	1.00514	-0.00178395	0	0.00178677	1.00514	0	0	0	1.00514	-0.00615211	0.00485563	-1.10105e-06

0.47625 	0 	1.01558 	0.0131429 	0.0998744 	0	1.00517	-0.00188456	0	0.0018878	1.00517	0	0	0	1.00517	-0.00642358	0.00340602	-1.13613e-06

0.47875 	0 	1.01565 	0.0132269 	0.0998579 	0	1.00519	-0.00194671	0	0.00194985	1.00519	0	0	0	1.00519	-0.00699356	0.00199939	-1.06861e-06

0.48125 	0 	1.01572 	0.0133106 	0.0998395 	0	1.00521	-0.0019733	0	0.00197574	1.00521	0	0	0	1.00521	-0.00724788	0.00105868	-7.99379e-07

0.48375 	0 	1.01578 	0.0133942 	0.0998216 	0	1.00523	-0.00197613	0	0.0019786	1.00523	0	0	0	1.00523	-0.00612619	0.000977017	-4.03691e-07

0.48625 	0 	1.01585 	0.0134777 	0.0998088 	0	1.00525	-0.00195243	0	0.00195773	1.00525	0	0	0	1.00525	-0.00413678	0.00253324	-2.82145e-07

0.48875 	0 	1.01592 	0.0135638 	0.0998009 	0	1.00528	-0.00185929	0	0.00186699	1.00528	0	0	0	1.00528	-0.00216036	0.00577152	-4.38221e-07

0.49125 	0 	1.016 	0.01366 	0.099798 	0	1.0053	-0.00167043	0	0.00167774	1.0053	0	0	0	1.00531	-4.42268e-05	0.00942113	-1.66797e-07

0.49375 	0 	1.01605 	0.0137204 	0.0998007 	0	1.00532	-0.00139286	0	0.00140051	1.00531	0	0	0	1.00533	0.00293977	0.0135861	1.54281e-06

0.49625 	0 	1.0158 	0.0135622 	0.0998127 	0	1.00525	-0.0010166	0	0.00102869	1.00514	0	0	0	1.00532	0.0173837	0.0411495	8.63207e-06

0.49875 	0 	1.01111 	0.00974961 	0.0998876 	0	1.00384	-0.000485653	0	0.00049278	1.00349	0	0	0	1.0037	0.0374516	0.105651	4.23366e-05

